[2023-01-27T17:55:55.566+0000] {taskinstance.py:1083} INFO - Dependencies all met for <TaskInstance: my_second_dagV2.save_new_data manual__2023-01-27T17:55:53.931382+00:00 [queued]>
[2023-01-27T17:55:55.580+0000] {taskinstance.py:1083} INFO - Dependencies all met for <TaskInstance: my_second_dagV2.save_new_data manual__2023-01-27T17:55:53.931382+00:00 [queued]>
[2023-01-27T17:55:55.580+0000] {taskinstance.py:1279} INFO - 
--------------------------------------------------------------------------------
[2023-01-27T17:55:55.581+0000] {taskinstance.py:1280} INFO - Starting attempt 1 of 1
[2023-01-27T17:55:55.581+0000] {taskinstance.py:1281} INFO - 
--------------------------------------------------------------------------------
[2023-01-27T17:55:55.601+0000] {taskinstance.py:1300} INFO - Executing <Task(PostgresOperator): save_new_data> on 2023-01-27 17:55:53.931382+00:00
[2023-01-27T17:55:55.608+0000] {standard_task_runner.py:55} INFO - Started process 2897 to run task
[2023-01-27T17:55:55.611+0000] {standard_task_runner.py:82} INFO - Running: ['***', 'tasks', 'run', 'my_second_dagV2', 'save_new_data', 'manual__2023-01-27T17:55:53.931382+00:00', '--job-id', '12', '--raw', '--subdir', 'DAGS_FOLDER/dag2.py', '--cfg-path', '/tmp/tmpq5a_7vf3']
[2023-01-27T17:55:55.612+0000] {standard_task_runner.py:83} INFO - Job 12: Subtask save_new_data
[2023-01-27T17:55:55.711+0000] {task_command.py:388} INFO - Running <TaskInstance: my_second_dagV2.save_new_data manual__2023-01-27T17:55:53.931382+00:00 [running]> on host 9763ece73850
[2023-01-27T17:55:55.788+0000] {taskinstance.py:1509} INFO - Exporting the following env vars:
AIRFLOW_CTX_DAG_OWNER=***
AIRFLOW_CTX_DAG_ID=my_second_dagV2
AIRFLOW_CTX_TASK_ID=save_new_data
AIRFLOW_CTX_EXECUTION_DATE=2023-01-27T17:55:53.931382+00:00
AIRFLOW_CTX_TRY_NUMBER=1
AIRFLOW_CTX_DAG_RUN_ID=manual__2023-01-27T17:55:53.931382+00:00
[2023-01-27T17:55:55.789+0000] {sql.py:254} INFO - Executing: 
            CREATE TABLE IF NOT EXISTS dag_runs (
                dt date, 
                dag_id character varying,
                PRIMARY KEY (dt, dag_id)
            )
          
[2023-01-27T17:55:55.798+0000] {base.py:73} INFO - Using connection ID 'postgres_localhost' for task execution.
[2023-01-27T17:55:56.047+0000] {base.py:73} INFO - Using connection ID 'postgres_localhost' for task execution.
[2023-01-27T17:55:56.051+0000] {sql.py:375} INFO - Running statement: 
            CREATE TABLE IF NOT EXISTS dag_runs (
                dt date, 
                dag_id character varying,
                PRIMARY KEY (dt, dag_id)
            )
          , parameters: None
[2023-01-27T17:55:56.061+0000] {taskinstance.py:1323} INFO - Marking task as SUCCESS. dag_id=my_second_dagV2, task_id=save_new_data, execution_date=20230127T175553, start_date=20230127T175555, end_date=20230127T175556
[2023-01-27T17:55:56.106+0000] {local_task_job.py:208} INFO - Task exited with return code 0
[2023-01-27T17:55:56.147+0000] {taskinstance.py:2578} INFO - 1 downstream tasks scheduled from follow-on schedule check
