[2023-05-17T14:36:48.571+0000] {taskinstance.py:1083} INFO - Dependencies all met for <TaskInstance: my_third_dagV5.fo manual__2023-05-17T14:36:47.313558+00:00 [queued]>
[2023-05-17T14:36:48.583+0000] {taskinstance.py:1083} INFO - Dependencies all met for <TaskInstance: my_third_dagV5.fo manual__2023-05-17T14:36:47.313558+00:00 [queued]>
[2023-05-17T14:36:48.583+0000] {taskinstance.py:1279} INFO - 
--------------------------------------------------------------------------------
[2023-05-17T14:36:48.583+0000] {taskinstance.py:1280} INFO - Starting attempt 1 of 1
[2023-05-17T14:36:48.583+0000] {taskinstance.py:1281} INFO - 
--------------------------------------------------------------------------------
[2023-05-17T14:36:48.624+0000] {taskinstance.py:1300} INFO - Executing <Task(PythonOperator): fo> on 2023-05-17 14:36:47.313558+00:00
[2023-05-17T14:36:48.630+0000] {standard_task_runner.py:55} INFO - Started process 12509 to run task
[2023-05-17T14:36:48.632+0000] {standard_task_runner.py:82} INFO - Running: ['***', 'tasks', 'run', 'my_third_dagV5', 'fo', 'manual__2023-05-17T14:36:47.313558+00:00', '--job-id', '174', '--raw', '--subdir', 'DAGS_FOLDER/dag3.py', '--cfg-path', '/tmp/tmpta91je3c']
[2023-05-17T14:36:48.633+0000] {standard_task_runner.py:83} INFO - Job 174: Subtask fo
[2023-05-17T14:36:48.708+0000] {task_command.py:388} INFO - Running <TaskInstance: my_third_dagV5.fo manual__2023-05-17T14:36:47.313558+00:00 [running]> on host 031cfb56e8fb
[2023-05-17T14:36:48.796+0000] {taskinstance.py:1509} INFO - Exporting the following env vars:
AIRFLOW_CTX_DAG_OWNER=***
AIRFLOW_CTX_DAG_ID=my_third_dagV5
AIRFLOW_CTX_TASK_ID=fo
AIRFLOW_CTX_EXECUTION_DATE=2023-05-17T14:36:47.313558+00:00
AIRFLOW_CTX_TRY_NUMBER=1
AIRFLOW_CTX_DAG_RUN_ID=manual__2023-05-17T14:36:47.313558+00:00
[2023-05-17T14:37:03.074+0000] {warnings.py:110} WARNING - /home/***/.local/lib/python3.7/site-packages/pyspark/context.py:317: FutureWarning: Python 3.7 support is deprecated in Spark 3.4.
  warnings.warn("Python 3.7 support is deprecated in Spark 3.4.", FutureWarning)

[2023-05-17T14:37:03.342+0000] {logging_mixin.py:137} INFO - Hello
[2023-05-17T14:37:03.342+0000] {logging_mixin.py:137} INFO - <pyspark.sql.session.SparkSession object at 0x7fd6b7109d50>
[2023-05-17T14:37:03.343+0000] {logging_mixin.py:137} INFO - Bye
[2023-05-17T14:37:09.231+0000] {logging_mixin.py:137} INFO - 0
[2023-05-17T14:37:13.736+0000] {logging_mixin.py:137} INFO - <class 'pyspark.sql.dataframe.DataFrame'>
[2023-05-17T14:37:15.260+0000] {logging_mixin.py:137} INFO - 1.5239310619999742
[2023-05-17T14:37:15.280+0000] {logging_mixin.py:137} INFO - 1
[2023-05-17T14:37:18.217+0000] {logging_mixin.py:137} INFO - <class 'pyspark.sql.dataframe.DataFrame'>
[2023-05-17T14:37:19.134+0000] {logging_mixin.py:137} INFO - 0.9167179229989415
[2023-05-17T14:37:19.137+0000] {logging_mixin.py:137} INFO - 2
[2023-05-17T14:37:20.988+0000] {logging_mixin.py:137} INFO - <class 'pyspark.sql.dataframe.DataFrame'>
[2023-05-17T14:37:21.641+0000] {logging_mixin.py:137} INFO - 0.6531248699993739
[2023-05-17T14:37:21.644+0000] {logging_mixin.py:137} INFO - 3
[2023-05-17T14:37:23.433+0000] {logging_mixin.py:137} INFO - <class 'pyspark.sql.dataframe.DataFrame'>
[2023-05-17T14:37:23.964+0000] {logging_mixin.py:137} INFO - 0.5311781199998222
[2023-05-17T14:37:23.968+0000] {logging_mixin.py:137} INFO - 26.411377629996423
[2023-05-17T14:37:24.164+0000] {logging_mixin.py:137} INFO -    df_binary     h_vec  optimization        sum
0   0.234439  4.504526      6.030557  10.769522
1   0.206631  2.937037      3.855473   6.999141
2   0.100966  1.850652      2.505738   4.457356
3   0.075281  1.788577      2.321501   4.185359
[2023-05-17T14:37:24.164+0000] {python.py:177} INFO - Done. Returned value was: 2
[2023-05-17T14:37:24.188+0000] {taskinstance.py:1323} INFO - Marking task as SUCCESS. dag_id=my_third_dagV5, task_id=fo, execution_date=20230517T143647, start_date=20230517T143648, end_date=20230517T143724
[2023-05-17T14:37:24.233+0000] {local_task_job.py:208} INFO - Task exited with return code 0
[2023-05-17T14:37:24.291+0000] {taskinstance.py:2578} INFO - 0 downstream tasks scheduled from follow-on schedule check
