[2023-02-09T16:44:21.703+0000] {taskinstance.py:1083} INFO - Dependencies all met for <TaskInstance: my_third_dagV1.fo manual__2023-02-09T16:44:20.798847+00:00 [queued]>
[2023-02-09T16:44:21.737+0000] {taskinstance.py:1083} INFO - Dependencies all met for <TaskInstance: my_third_dagV1.fo manual__2023-02-09T16:44:20.798847+00:00 [queued]>
[2023-02-09T16:44:21.737+0000] {taskinstance.py:1279} INFO - 
--------------------------------------------------------------------------------
[2023-02-09T16:44:21.738+0000] {taskinstance.py:1280} INFO - Starting attempt 1 of 1
[2023-02-09T16:44:21.738+0000] {taskinstance.py:1281} INFO - 
--------------------------------------------------------------------------------
[2023-02-09T16:44:21.794+0000] {taskinstance.py:1300} INFO - Executing <Task(PythonOperator): fo> on 2023-02-09 16:44:20.798847+00:00
[2023-02-09T16:44:21.798+0000] {standard_task_runner.py:55} INFO - Started process 11382 to run task
[2023-02-09T16:44:21.805+0000] {standard_task_runner.py:82} INFO - Running: ['***', 'tasks', 'run', 'my_third_dagV1', 'fo', 'manual__2023-02-09T16:44:20.798847+00:00', '--job-id', '40', '--raw', '--subdir', 'DAGS_FOLDER/dag3.py', '--cfg-path', '/tmp/tmpve826yz5']
[2023-02-09T16:44:21.805+0000] {standard_task_runner.py:83} INFO - Job 40: Subtask fo
[2023-02-09T16:44:21.918+0000] {task_command.py:388} INFO - Running <TaskInstance: my_third_dagV1.fo manual__2023-02-09T16:44:20.798847+00:00 [running]> on host 47e55e08a495
[2023-02-09T16:44:22.027+0000] {taskinstance.py:1509} INFO - Exporting the following env vars:
AIRFLOW_CTX_DAG_OWNER=***
AIRFLOW_CTX_DAG_ID=my_third_dagV1
AIRFLOW_CTX_TASK_ID=fo
AIRFLOW_CTX_EXECUTION_DATE=2023-02-09T16:44:20.798847+00:00
AIRFLOW_CTX_TRY_NUMBER=1
AIRFLOW_CTX_DAG_RUN_ID=manual__2023-02-09T16:44:20.798847+00:00
[2023-02-09T16:44:25.554+0000] {warnings.py:110} WARNING - /opt/***/dags/dag3.py:102: SettingWithCopyWarning: 
A value is trying to be set on a copy of a slice from a DataFrame.
Try using .loc[row_indexer,col_indexer] = value instead

See the caveats in the documentation: https://pandas.pydata.org/pandas-docs/stable/user_guide/indexing.html#returning-a-view-versus-a-copy
  df_binary['product_name'] = pd.Series([product_name]*df_binary.shape[0])

[2023-02-09T16:44:25.556+0000] {warnings.py:110} WARNING - /home/***/.local/lib/python3.7/site-packages/pandas/util/_decorators.py:311: SettingWithCopyWarning: 
A value is trying to be set on a copy of a slice from a DataFrame

See the caveats in the documentation: https://pandas.pydata.org/pandas-docs/stable/user_guide/indexing.html#returning-a-view-versus-a-copy
  return func(*args, **kwargs)

[2023-02-09T16:44:25.557+0000] {logging_mixin.py:137} INFO - 0.10140537322855869
[2023-02-09T16:44:25.557+0000] {logging_mixin.py:137} INFO - y = 103053.879*x-1963587.1
[2023-02-09T16:44:25.674+0000] {warnings.py:110} WARNING - /opt/***/dags/dag3.py:102: SettingWithCopyWarning: 
A value is trying to be set on a copy of a slice from a DataFrame.
Try using .loc[row_indexer,col_indexer] = value instead

See the caveats in the documentation: https://pandas.pydata.org/pandas-docs/stable/user_guide/indexing.html#returning-a-view-versus-a-copy
  df_binary['product_name'] = pd.Series([product_name]*df_binary.shape[0])

[2023-02-09T16:44:25.676+0000] {warnings.py:110} WARNING - /home/***/.local/lib/python3.7/site-packages/pandas/util/_decorators.py:311: SettingWithCopyWarning: 
A value is trying to be set on a copy of a slice from a DataFrame

See the caveats in the documentation: https://pandas.pydata.org/pandas-docs/stable/user_guide/indexing.html#returning-a-view-versus-a-copy
  return func(*args, **kwargs)

[2023-02-09T16:44:25.677+0000] {logging_mixin.py:137} INFO - 0.009475179328822136
[2023-02-09T16:44:25.677+0000] {logging_mixin.py:137} INFO - y = -176.983*x+4371.3
[2023-02-09T16:44:25.681+0000] {logging_mixin.py:137} INFO - a = -176.9830 ± 325.0047, доверительный интервал α=5% [-839.8346 ; 485.8685]
[2023-02-09T16:44:25.681+0000] {logging_mixin.py:137} INFO - b = 4371.2685 ± 6563.9852, доверительный интервал α=5% [-9016.0675 ; 17758.6046]
[2023-02-09T16:44:26.363+0000] {legend.py:1218} WARNING - No artists with labels found to put in legend.  Note that artists whose label start with an underscore are ignored when legend() is called with no argument.
[2023-02-09T16:44:27.747+0000] {logging_mixin.py:137} INFO - [-2.1840339659690287 -2.1840339659690287 -3.679445951406886
 -3.679445951406886 -3.679445951406886 -3.679445951406886
 -3.679445951406886 -3.679445951406886 -3.679445951406886
 -3.679445951406886 7.933766103952881 7.933766103952881 7.933766103952881
 7.933766103952881 7.933766103952881 7.933766103952881 7.933766103952881
 7.933766103952881 7.933766103952881 -3.679445951406886 7.933766103952881
 7.933766103952881 4.353959227868664 7.933766103952881 7.933766103952881
 7.933766103952881 7.933766103952881 7.933766103952881 7.933766103952881
 7.933766103952881 4.353959227868664 7.933766103952881 7.933766103952881]
[2023-02-09T16:44:27.760+0000] {python.py:177} INFO - Done. Returned value was: 2
[2023-02-09T16:44:27.783+0000] {taskinstance.py:1323} INFO - Marking task as SUCCESS. dag_id=my_third_dagV1, task_id=fo, execution_date=20230209T164420, start_date=20230209T164421, end_date=20230209T164427
[2023-02-09T16:44:27.840+0000] {local_task_job.py:208} INFO - Task exited with return code 0
[2023-02-09T16:44:27.854+0000] {taskinstance.py:2578} INFO - 0 downstream tasks scheduled from follow-on schedule check
