[2023-02-10T09:15:08.534+0000] {taskinstance.py:1083} INFO - Dependencies all met for <TaskInstance: my_first_dag.save_new_data manual__2023-02-10T09:15:01.954841+00:00 [queued]>
[2023-02-10T09:15:08.543+0000] {taskinstance.py:1083} INFO - Dependencies all met for <TaskInstance: my_first_dag.save_new_data manual__2023-02-10T09:15:01.954841+00:00 [queued]>
[2023-02-10T09:15:08.544+0000] {taskinstance.py:1279} INFO - 
--------------------------------------------------------------------------------
[2023-02-10T09:15:08.544+0000] {taskinstance.py:1280} INFO - Starting attempt 1 of 1
[2023-02-10T09:15:08.544+0000] {taskinstance.py:1281} INFO - 
--------------------------------------------------------------------------------
[2023-02-10T09:15:08.564+0000] {taskinstance.py:1300} INFO - Executing <Task(PostgresOperator): save_new_data> on 2023-02-10 09:15:01.954841+00:00
[2023-02-10T09:15:08.568+0000] {standard_task_runner.py:55} INFO - Started process 28218 to run task
[2023-02-10T09:15:08.571+0000] {standard_task_runner.py:82} INFO - Running: ['***', 'tasks', 'run', 'my_first_dag', 'save_new_data', 'manual__2023-02-10T09:15:01.954841+00:00', '--job-id', '52', '--raw', '--subdir', 'DAGS_FOLDER/dag1.py', '--cfg-path', '/tmp/tmpw6vh_b6_']
[2023-02-10T09:15:08.572+0000] {standard_task_runner.py:83} INFO - Job 52: Subtask save_new_data
[2023-02-10T09:15:08.671+0000] {task_command.py:388} INFO - Running <TaskInstance: my_first_dag.save_new_data manual__2023-02-10T09:15:01.954841+00:00 [running]> on host 47e55e08a495
[2023-02-10T09:15:08.763+0000] {taskinstance.py:1509} INFO - Exporting the following env vars:
AIRFLOW_CTX_DAG_OWNER=***
AIRFLOW_CTX_DAG_ID=my_first_dag
AIRFLOW_CTX_TASK_ID=save_new_data
AIRFLOW_CTX_EXECUTION_DATE=2023-02-10T09:15:01.954841+00:00
AIRFLOW_CTX_TRY_NUMBER=1
AIRFLOW_CTX_DAG_RUN_ID=manual__2023-02-10T09:15:01.954841+00:00
[2023-02-10T09:15:08.763+0000] {sql.py:254} INFO - Executing: 
            
          
[2023-02-10T09:15:08.773+0000] {base.py:73} INFO - Using connection ID 'postgres_localhost' for task execution.
[2023-02-10T09:15:08.972+0000] {taskinstance.py:1768} ERROR - Task failed with exception
Traceback (most recent call last):
  File "/home/airflow/.local/lib/python3.7/site-packages/airflow/providers/common/sql/operators/sql.py", line 266, in execute
    **extra_kwargs,
  File "/home/airflow/.local/lib/python3.7/site-packages/airflow/providers/common/sql/hooks/sql.py", line 340, in run
    raise ValueError("List of SQL statements is empty")
ValueError: List of SQL statements is empty
[2023-02-10T09:15:09.018+0000] {taskinstance.py:1323} INFO - Marking task as FAILED. dag_id=my_first_dag, task_id=save_new_data, execution_date=20230210T091501, start_date=20230210T091508, end_date=20230210T091509
[2023-02-10T09:15:09.031+0000] {standard_task_runner.py:105} ERROR - Failed to execute job 52 for task save_new_data (List of SQL statements is empty; 28218)
[2023-02-10T09:15:09.067+0000] {local_task_job.py:208} INFO - Task exited with return code 1
[2023-02-10T09:15:09.106+0000] {taskinstance.py:2578} INFO - 0 downstream tasks scheduled from follow-on schedule check
