[2023-02-10T09:17:15.788+0000] {taskinstance.py:1083} INFO - Dependencies all met for <TaskInstance: my_first_dag.save_new_data manual__2023-02-10T09:15:01.954841+00:00 [queued]>
[2023-02-10T09:17:15.802+0000] {taskinstance.py:1083} INFO - Dependencies all met for <TaskInstance: my_first_dag.save_new_data manual__2023-02-10T09:15:01.954841+00:00 [queued]>
[2023-02-10T09:17:15.802+0000] {taskinstance.py:1279} INFO - 
--------------------------------------------------------------------------------
[2023-02-10T09:17:15.802+0000] {taskinstance.py:1280} INFO - Starting attempt 2 of 2
[2023-02-10T09:17:15.803+0000] {taskinstance.py:1281} INFO - 
--------------------------------------------------------------------------------
[2023-02-10T09:17:15.825+0000] {taskinstance.py:1300} INFO - Executing <Task(PostgresOperator): save_new_data> on 2023-02-10 09:15:01.954841+00:00
[2023-02-10T09:17:15.828+0000] {standard_task_runner.py:55} INFO - Started process 28340 to run task
[2023-02-10T09:17:15.831+0000] {standard_task_runner.py:82} INFO - Running: ['***', 'tasks', 'run', 'my_first_dag', 'save_new_data', 'manual__2023-02-10T09:15:01.954841+00:00', '--job-id', '54', '--raw', '--subdir', 'DAGS_FOLDER/dag1.py', '--cfg-path', '/tmp/tmp1ah50_g_']
[2023-02-10T09:17:15.832+0000] {standard_task_runner.py:83} INFO - Job 54: Subtask save_new_data
[2023-02-10T09:17:15.922+0000] {task_command.py:388} INFO - Running <TaskInstance: my_first_dag.save_new_data manual__2023-02-10T09:15:01.954841+00:00 [running]> on host 47e55e08a495
[2023-02-10T09:17:16.007+0000] {taskinstance.py:1509} INFO - Exporting the following env vars:
AIRFLOW_CTX_DAG_OWNER=***
AIRFLOW_CTX_DAG_ID=my_first_dag
AIRFLOW_CTX_TASK_ID=save_new_data
AIRFLOW_CTX_EXECUTION_DATE=2023-02-10T09:15:01.954841+00:00
AIRFLOW_CTX_TRY_NUMBER=2
AIRFLOW_CTX_DAG_RUN_ID=manual__2023-02-10T09:15:01.954841+00:00
[2023-02-10T09:17:16.008+0000] {sql.py:254} INFO - Executing: 
            CREATE TABLE IF NOT EXISTS pet (
            pet_id SERIAL PRIMARY KEY,
            name VARCHAR NOT NULL,
            pet_type VARCHAR NOT NULL,
            birth_date DATE NOT NULL,
            OWNER VARCHAR NOT NULL);
          
[2023-02-10T09:17:16.016+0000] {base.py:73} INFO - Using connection ID 'postgres_localhost' for task execution.
[2023-02-10T09:17:16.214+0000] {base.py:73} INFO - Using connection ID 'postgres_localhost' for task execution.
[2023-02-10T09:17:16.217+0000] {sql.py:375} INFO - Running statement: 
            CREATE TABLE IF NOT EXISTS pet (
            pet_id SERIAL PRIMARY KEY,
            name VARCHAR NOT NULL,
            pet_type VARCHAR NOT NULL,
            birth_date DATE NOT NULL,
            OWNER VARCHAR NOT NULL);
          , parameters: None
[2023-02-10T09:17:16.347+0000] {taskinstance.py:1323} INFO - Marking task as SUCCESS. dag_id=my_first_dag, task_id=save_new_data, execution_date=20230210T091501, start_date=20230210T091715, end_date=20230210T091716
[2023-02-10T09:17:16.370+0000] {local_task_job.py:208} INFO - Task exited with return code 0
[2023-02-10T09:17:16.396+0000] {taskinstance.py:2578} INFO - 1 downstream tasks scheduled from follow-on schedule check
