[2023-01-31T09:00:41.929+0000] {taskinstance.py:1083} INFO - Dependencies all met for <TaskInstance: my_second_dagV5.save_new_data manual__2023-01-31T09:00:39.512152+00:00 [queued]>
[2023-01-31T09:00:41.944+0000] {taskinstance.py:1083} INFO - Dependencies all met for <TaskInstance: my_second_dagV5.save_new_data manual__2023-01-31T09:00:39.512152+00:00 [queued]>
[2023-01-31T09:00:41.944+0000] {taskinstance.py:1279} INFO - 
--------------------------------------------------------------------------------
[2023-01-31T09:00:41.944+0000] {taskinstance.py:1280} INFO - Starting attempt 1 of 1
[2023-01-31T09:00:41.944+0000] {taskinstance.py:1281} INFO - 
--------------------------------------------------------------------------------
[2023-01-31T09:00:42.005+0000] {taskinstance.py:1300} INFO - Executing <Task(PostgresOperator): save_new_data> on 2023-01-31 09:00:39.512152+00:00
[2023-01-31T09:00:42.019+0000] {standard_task_runner.py:55} INFO - Started process 590 to run task
[2023-01-31T09:00:42.045+0000] {standard_task_runner.py:82} INFO - Running: ['***', 'tasks', 'run', 'my_second_dagV5', 'save_new_data', 'manual__2023-01-31T09:00:39.512152+00:00', '--job-id', '9', '--raw', '--subdir', 'DAGS_FOLDER/dag2.py', '--cfg-path', '/tmp/tmp9rjwm1ie']
[2023-01-31T09:00:42.045+0000] {standard_task_runner.py:83} INFO - Job 9: Subtask save_new_data
[2023-01-31T09:00:42.305+0000] {task_command.py:388} INFO - Running <TaskInstance: my_second_dagV5.save_new_data manual__2023-01-31T09:00:39.512152+00:00 [running]> on host ab5131891604
[2023-01-31T09:00:42.574+0000] {taskinstance.py:1509} INFO - Exporting the following env vars:
AIRFLOW_CTX_DAG_OWNER=***
AIRFLOW_CTX_DAG_ID=my_second_dagV5
AIRFLOW_CTX_TASK_ID=save_new_data
AIRFLOW_CTX_EXECUTION_DATE=2023-01-31T09:00:39.512152+00:00
AIRFLOW_CTX_TRY_NUMBER=1
AIRFLOW_CTX_DAG_RUN_ID=manual__2023-01-31T09:00:39.512152+00:00
[2023-01-31T09:00:42.575+0000] {sql.py:254} INFO - Executing: 
            CREATE TABLE IF NOT EXISTS dag_runs (
                dt date, 
                dag_id character varying,
                PRIMARY KEY (dt, dag_id)
            )
          
[2023-01-31T09:00:42.608+0000] {base.py:73} INFO - Using connection ID 'postgres_localhost' for task execution.
[2023-01-31T09:00:43.447+0000] {base.py:73} INFO - Using connection ID 'postgres_localhost' for task execution.
[2023-01-31T09:00:43.456+0000] {sql.py:375} INFO - Running statement: 
            CREATE TABLE IF NOT EXISTS dag_runs (
                dt date, 
                dag_id character varying,
                PRIMARY KEY (dt, dag_id)
            )
          , parameters: None
[2023-01-31T09:00:43.465+0000] {taskinstance.py:1768} ERROR - Task failed with exception
Traceback (most recent call last):
  File "/home/airflow/.local/lib/python3.7/site-packages/airflow/providers/common/sql/operators/sql.py", line 266, in execute
    **extra_kwargs,
  File "/home/airflow/.local/lib/python3.7/site-packages/airflow/providers/common/sql/hooks/sql.py", line 349, in run
    self._run_command(cur, sql_statement, parameters)
  File "/home/airflow/.local/lib/python3.7/site-packages/airflow/providers/common/sql/hooks/sql.py", line 380, in _run_command
    cur.execute(sql_statement)
psycopg2.errors.UniqueViolation: duplicate key value violates unique constraint "pg_type_typname_nsp_index"
DETAIL:  Key (typname, typnamespace)=(dag_runs, 2200) already exists.

[2023-01-31T09:00:43.477+0000] {taskinstance.py:1323} INFO - Marking task as FAILED. dag_id=my_second_dagV5, task_id=save_new_data, execution_date=20230131T090039, start_date=20230131T090041, end_date=20230131T090043
[2023-01-31T09:00:43.651+0000] {standard_task_runner.py:105} ERROR - Failed to execute job 9 for task save_new_data (duplicate key value violates unique constraint "pg_type_typname_nsp_index"
DETAIL:  Key (typname, typnamespace)=(dag_runs, 2200) already exists.
; 590)
[2023-01-31T09:00:43.668+0000] {local_task_job.py:208} INFO - Task exited with return code 1
[2023-01-31T09:00:43.701+0000] {taskinstance.py:2578} INFO - 0 downstream tasks scheduled from follow-on schedule check
