[2023-05-16T12:53:04.574+0000] {taskinstance.py:1083} INFO - Dependencies all met for <TaskInstance: my_third_dagV4.fo scheduled__2023-05-07T00:00:00+00:00 [queued]>
[2023-05-16T12:53:04.603+0000] {taskinstance.py:1083} INFO - Dependencies all met for <TaskInstance: my_third_dagV4.fo scheduled__2023-05-07T00:00:00+00:00 [queued]>
[2023-05-16T12:53:04.603+0000] {taskinstance.py:1279} INFO - 
--------------------------------------------------------------------------------
[2023-05-16T12:53:04.603+0000] {taskinstance.py:1280} INFO - Starting attempt 1 of 1
[2023-05-16T12:53:04.603+0000] {taskinstance.py:1281} INFO - 
--------------------------------------------------------------------------------
[2023-05-16T12:53:04.615+0000] {taskinstance.py:1300} INFO - Executing <Task(PythonOperator): fo> on 2023-05-07 00:00:00+00:00
[2023-05-16T12:53:04.621+0000] {standard_task_runner.py:55} INFO - Started process 12114 to run task
[2023-05-16T12:53:04.626+0000] {standard_task_runner.py:82} INFO - Running: ['***', 'tasks', 'run', 'my_third_dagV4', 'fo', 'scheduled__2023-05-07T00:00:00+00:00', '--job-id', '146', '--raw', '--subdir', 'DAGS_FOLDER/dag3.py', '--cfg-path', '/tmp/tmp95kya76e']
[2023-05-16T12:53:04.626+0000] {standard_task_runner.py:83} INFO - Job 146: Subtask fo
[2023-05-16T12:53:04.784+0000] {task_command.py:388} INFO - Running <TaskInstance: my_third_dagV4.fo scheduled__2023-05-07T00:00:00+00:00 [running]> on host d1c47018cb38
[2023-05-16T12:53:04.966+0000] {taskinstance.py:1509} INFO - Exporting the following env vars:
AIRFLOW_CTX_DAG_OWNER=***
AIRFLOW_CTX_DAG_ID=my_third_dagV4
AIRFLOW_CTX_TASK_ID=fo
AIRFLOW_CTX_EXECUTION_DATE=2023-05-07T00:00:00+00:00
AIRFLOW_CTX_TRY_NUMBER=1
AIRFLOW_CTX_DAG_RUN_ID=scheduled__2023-05-07T00:00:00+00:00
[2023-05-16T12:53:24.938+0000] {logging_mixin.py:137} INFO - Hello
[2023-05-16T12:53:24.938+0000] {logging_mixin.py:137} INFO - <pyspark.sql.session.SparkSession object at 0x7fcf2a4f7bd0>
[2023-05-16T12:53:24.938+0000] {logging_mixin.py:137} INFO - Bye
[2023-05-16T12:53:26.107+0000] {taskinstance.py:1768} ERROR - Task failed with exception
Traceback (most recent call last):
  File "/home/airflow/.local/lib/python3.7/site-packages/airflow/operators/python.py", line 175, in execute
    return_value = self.execute_callable()
  File "/home/airflow/.local/lib/python3.7/site-packages/airflow/operators/python.py", line 192, in execute_callable
    return self.python_callable(*self.op_args, **self.op_kwargs)
  File "/opt/airflow/dags/dag3.py", line 84, in foo1
    .option("url", url) \
NameError: name 'url' is not defined
[2023-05-16T12:53:26.282+0000] {taskinstance.py:1323} INFO - Marking task as FAILED. dag_id=my_third_dagV4, task_id=fo, execution_date=20230507T000000, start_date=20230516T125304, end_date=20230516T125326
[2023-05-16T12:53:26.552+0000] {standard_task_runner.py:105} ERROR - Failed to execute job 146 for task fo (name 'url' is not defined; 12114)
[2023-05-16T12:53:26.584+0000] {local_task_job.py:208} INFO - Task exited with return code 1
[2023-05-16T12:53:26.606+0000] {taskinstance.py:2578} INFO - 0 downstream tasks scheduled from follow-on schedule check
