[2023-05-15T09:46:23.001+0000] {taskinstance.py:1083} INFO - Dependencies all met for <TaskInstance: my_first_dagV2.send_optimal_prices scheduled__2023-05-07T00:00:00+00:00 [queued]>
[2023-05-15T09:46:23.012+0000] {taskinstance.py:1083} INFO - Dependencies all met for <TaskInstance: my_first_dagV2.send_optimal_prices scheduled__2023-05-07T00:00:00+00:00 [queued]>
[2023-05-15T09:46:23.012+0000] {taskinstance.py:1279} INFO - 
--------------------------------------------------------------------------------
[2023-05-15T09:46:23.012+0000] {taskinstance.py:1280} INFO - Starting attempt 1 of 1
[2023-05-15T09:46:23.012+0000] {taskinstance.py:1281} INFO - 
--------------------------------------------------------------------------------
[2023-05-15T09:46:23.045+0000] {taskinstance.py:1300} INFO - Executing <Task(PythonOperator): send_optimal_prices> on 2023-05-07 00:00:00+00:00
[2023-05-15T09:46:23.051+0000] {standard_task_runner.py:55} INFO - Started process 184 to run task
[2023-05-15T09:46:23.054+0000] {standard_task_runner.py:82} INFO - Running: ['***', 'tasks', 'run', 'my_first_dagV2', 'send_optimal_prices', 'scheduled__2023-05-07T00:00:00+00:00', '--job-id', '131', '--raw', '--subdir', 'DAGS_FOLDER/dag1.py', '--cfg-path', '/tmp/tmprgrvxam2']
[2023-05-15T09:46:23.055+0000] {standard_task_runner.py:83} INFO - Job 131: Subtask send_optimal_prices
[2023-05-15T09:46:23.127+0000] {task_command.py:388} INFO - Running <TaskInstance: my_first_dagV2.send_optimal_prices scheduled__2023-05-07T00:00:00+00:00 [running]> on host 725972ab8e3a
[2023-05-15T09:46:23.253+0000] {taskinstance.py:1509} INFO - Exporting the following env vars:
AIRFLOW_CTX_DAG_OWNER=***
AIRFLOW_CTX_DAG_ID=my_first_dagV2
AIRFLOW_CTX_TASK_ID=send_optimal_prices
AIRFLOW_CTX_EXECUTION_DATE=2023-05-07T00:00:00+00:00
AIRFLOW_CTX_TRY_NUMBER=1
AIRFLOW_CTX_DAG_RUN_ID=scheduled__2023-05-07T00:00:00+00:00
[2023-05-15T09:46:23.254+0000] {python.py:177} INFO - Done. Returned value was: 3
[2023-05-15T09:46:23.280+0000] {taskinstance.py:1323} INFO - Marking task as SUCCESS. dag_id=my_first_dagV2, task_id=send_optimal_prices, execution_date=20230507T000000, start_date=20230515T094623, end_date=20230515T094623
[2023-05-15T09:46:23.314+0000] {local_task_job.py:208} INFO - Task exited with return code 0
[2023-05-15T09:46:23.331+0000] {taskinstance.py:2578} INFO - 0 downstream tasks scheduled from follow-on schedule check
