[2023-05-17T14:27:42.532+0000] {taskinstance.py:1083} INFO - Dependencies all met for <TaskInstance: my_third_dagV5.fo manual__2023-05-17T14:27:41.295585+00:00 [queued]>
[2023-05-17T14:27:42.556+0000] {taskinstance.py:1083} INFO - Dependencies all met for <TaskInstance: my_third_dagV5.fo manual__2023-05-17T14:27:41.295585+00:00 [queued]>
[2023-05-17T14:27:42.556+0000] {taskinstance.py:1279} INFO - 
--------------------------------------------------------------------------------
[2023-05-17T14:27:42.556+0000] {taskinstance.py:1280} INFO - Starting attempt 1 of 1
[2023-05-17T14:27:42.556+0000] {taskinstance.py:1281} INFO - 
--------------------------------------------------------------------------------
[2023-05-17T14:27:42.569+0000] {taskinstance.py:1300} INFO - Executing <Task(PythonOperator): fo> on 2023-05-17 14:27:41.295585+00:00
[2023-05-17T14:27:42.583+0000] {standard_task_runner.py:55} INFO - Started process 10672 to run task
[2023-05-17T14:27:42.586+0000] {standard_task_runner.py:82} INFO - Running: ['***', 'tasks', 'run', 'my_third_dagV5', 'fo', 'manual__2023-05-17T14:27:41.295585+00:00', '--job-id', '171', '--raw', '--subdir', 'DAGS_FOLDER/dag3.py', '--cfg-path', '/tmp/tmpj2oc7024']
[2023-05-17T14:27:42.586+0000] {standard_task_runner.py:83} INFO - Job 171: Subtask fo
[2023-05-17T14:27:42.761+0000] {task_command.py:388} INFO - Running <TaskInstance: my_third_dagV5.fo manual__2023-05-17T14:27:41.295585+00:00 [running]> on host 031cfb56e8fb
[2023-05-17T14:27:42.893+0000] {taskinstance.py:1509} INFO - Exporting the following env vars:
AIRFLOW_CTX_DAG_OWNER=***
AIRFLOW_CTX_DAG_ID=my_third_dagV5
AIRFLOW_CTX_TASK_ID=fo
AIRFLOW_CTX_EXECUTION_DATE=2023-05-17T14:27:41.295585+00:00
AIRFLOW_CTX_TRY_NUMBER=1
AIRFLOW_CTX_DAG_RUN_ID=manual__2023-05-17T14:27:41.295585+00:00
[2023-05-17T14:27:58.687+0000] {warnings.py:110} WARNING - /home/***/.local/lib/python3.7/site-packages/pyspark/context.py:317: FutureWarning: Python 3.7 support is deprecated in Spark 3.4.
  warnings.warn("Python 3.7 support is deprecated in Spark 3.4.", FutureWarning)

[2023-05-17T14:27:58.953+0000] {logging_mixin.py:137} INFO - Hello
[2023-05-17T14:27:58.953+0000] {logging_mixin.py:137} INFO - <pyspark.sql.session.SparkSession object at 0x7fd6b7109d90>
[2023-05-17T14:27:58.953+0000] {logging_mixin.py:137} INFO - Bye
[2023-05-17T14:28:06.276+0000] {logging_mixin.py:137} INFO - 0
[2023-05-17T14:28:14.701+0000] {logging_mixin.py:137} INFO - <class 'pyspark.sql.dataframe.DataFrame'>
[2023-05-17T14:28:16.294+0000] {logging_mixin.py:137} INFO - 1.5929834969992953
[2023-05-17T14:28:16.480+0000] {logging_mixin.py:137} INFO - 1
[2023-05-17T14:28:19.508+0000] {logging_mixin.py:137} INFO - <class 'pyspark.sql.dataframe.DataFrame'>
[2023-05-17T14:28:20.914+0000] {logging_mixin.py:137} INFO - 1.4060866159998113
[2023-05-17T14:28:21.254+0000] {logging_mixin.py:137} INFO - 2
[2023-05-17T14:28:25.581+0000] {logging_mixin.py:137} INFO - <class 'pyspark.sql.dataframe.DataFrame'>
[2023-05-17T14:28:27.923+0000] {logging_mixin.py:137} INFO - 2.3419829020003817
[2023-05-17T14:28:28.537+0000] {logging_mixin.py:137} INFO - 3
[2023-05-17T14:28:30.611+0000] {logging_mixin.py:137} INFO - <class 'pyspark.sql.dataframe.DataFrame'>
[2023-05-17T14:28:31.269+0000] {logging_mixin.py:137} INFO - 0.6582828680002422
[2023-05-17T14:28:31.667+0000] {logging_mixin.py:137} INFO - 4
[2023-05-17T14:28:33.285+0000] {logging_mixin.py:137} INFO - <class 'pyspark.sql.dataframe.DataFrame'>
[2023-05-17T14:28:33.979+0000] {logging_mixin.py:137} INFO - 0.6934613680004986
[2023-05-17T14:28:33.984+0000] {logging_mixin.py:137} INFO - 46.769902454992916
[2023-05-17T14:28:33.984+0000] {python.py:177} INFO - Done. Returned value was: 2
[2023-05-17T14:28:34.287+0000] {taskinstance.py:1323} INFO - Marking task as SUCCESS. dag_id=my_third_dagV5, task_id=fo, execution_date=20230517T142741, start_date=20230517T142742, end_date=20230517T142834
[2023-05-17T14:28:34.639+0000] {local_task_job.py:208} INFO - Task exited with return code 0
[2023-05-17T14:28:34.667+0000] {taskinstance.py:2578} INFO - 0 downstream tasks scheduled from follow-on schedule check
