[2023-02-09T20:44:01.691+0000] {taskinstance.py:1083} INFO - Dependencies all met for <TaskInstance: my_second_dagV6.save_new_data manual__2023-02-09T20:43:59.366928+00:00 [queued]>
[2023-02-09T20:44:01.728+0000] {taskinstance.py:1083} INFO - Dependencies all met for <TaskInstance: my_second_dagV6.save_new_data manual__2023-02-09T20:43:59.366928+00:00 [queued]>
[2023-02-09T20:44:01.728+0000] {taskinstance.py:1279} INFO - 
--------------------------------------------------------------------------------
[2023-02-09T20:44:01.728+0000] {taskinstance.py:1280} INFO - Starting attempt 1 of 1
[2023-02-09T20:44:01.728+0000] {taskinstance.py:1281} INFO - 
--------------------------------------------------------------------------------
[2023-02-09T20:44:01.959+0000] {taskinstance.py:1300} INFO - Executing <Task(PostgresOperator): save_new_data> on 2023-02-09 20:43:59.366928+00:00
[2023-02-09T20:44:01.966+0000] {standard_task_runner.py:55} INFO - Started process 20091 to run task
[2023-02-09T20:44:01.971+0000] {standard_task_runner.py:82} INFO - Running: ['***', 'tasks', 'run', 'my_second_dagV6', 'save_new_data', 'manual__2023-02-09T20:43:59.366928+00:00', '--job-id', '41', '--raw', '--subdir', 'DAGS_FOLDER/dag2.py', '--cfg-path', '/tmp/tmp1s5t7a4s']
[2023-02-09T20:44:01.972+0000] {standard_task_runner.py:83} INFO - Job 41: Subtask save_new_data
[2023-02-09T20:44:02.130+0000] {task_command.py:388} INFO - Running <TaskInstance: my_second_dagV6.save_new_data manual__2023-02-09T20:43:59.366928+00:00 [running]> on host 47e55e08a495
[2023-02-09T20:44:02.264+0000] {taskinstance.py:1509} INFO - Exporting the following env vars:
AIRFLOW_CTX_DAG_OWNER=***
AIRFLOW_CTX_DAG_ID=my_second_dagV6
AIRFLOW_CTX_TASK_ID=save_new_data
AIRFLOW_CTX_EXECUTION_DATE=2023-02-09T20:43:59.366928+00:00
AIRFLOW_CTX_TRY_NUMBER=1
AIRFLOW_CTX_DAG_RUN_ID=manual__2023-02-09T20:43:59.366928+00:00
[2023-02-09T20:44:02.266+0000] {sql.py:254} INFO - Executing: 
            CREATE TABLE IF NOT EXISTS tutor (
                tutor_id serial primary key, 
                name VARCHAR(20),
                speciality VARCHAR(20)
            )
          
[2023-02-09T20:44:02.293+0000] {base.py:73} INFO - Using connection ID 'postgres_localhost' for task execution.
[2023-02-09T20:44:05.915+0000] {base.py:73} INFO - Using connection ID 'postgres_localhost' for task execution.
[2023-02-09T20:44:05.921+0000] {sql.py:375} INFO - Running statement: 
            CREATE TABLE IF NOT EXISTS tutor (
                tutor_id serial primary key, 
                name VARCHAR(20),
                speciality VARCHAR(20)
            )
          , parameters: None
[2023-02-09T20:44:06.050+0000] {taskinstance.py:1323} INFO - Marking task as SUCCESS. dag_id=my_second_dagV6, task_id=save_new_data, execution_date=20230209T204359, start_date=20230209T204401, end_date=20230209T204406
[2023-02-09T20:44:06.101+0000] {local_task_job.py:208} INFO - Task exited with return code 0
[2023-02-09T20:44:06.119+0000] {taskinstance.py:2578} INFO - 0 downstream tasks scheduled from follow-on schedule check
