[2023-05-17T15:19:57.903+0000] {taskinstance.py:1083} INFO - Dependencies all met for <TaskInstance: my_third_dagV5.fo manual__2023-05-17T15:17:28.988755+00:00 [queued]>
[2023-05-17T15:19:57.913+0000] {taskinstance.py:1083} INFO - Dependencies all met for <TaskInstance: my_third_dagV5.fo manual__2023-05-17T15:17:28.988755+00:00 [queued]>
[2023-05-17T15:19:57.913+0000] {taskinstance.py:1279} INFO - 
--------------------------------------------------------------------------------
[2023-05-17T15:19:57.913+0000] {taskinstance.py:1280} INFO - Starting attempt 2 of 2
[2023-05-17T15:19:57.913+0000] {taskinstance.py:1281} INFO - 
--------------------------------------------------------------------------------
[2023-05-17T15:19:57.926+0000] {taskinstance.py:1300} INFO - Executing <Task(PythonOperator): fo> on 2023-05-17 15:17:28.988755+00:00
[2023-05-17T15:19:57.931+0000] {standard_task_runner.py:55} INFO - Started process 16286 to run task
[2023-05-17T15:19:57.934+0000] {standard_task_runner.py:82} INFO - Running: ['***', 'tasks', 'run', 'my_third_dagV5', 'fo', 'manual__2023-05-17T15:17:28.988755+00:00', '--job-id', '178', '--raw', '--subdir', 'DAGS_FOLDER/dag3.py', '--cfg-path', '/tmp/tmp6soisdno']
[2023-05-17T15:19:57.935+0000] {standard_task_runner.py:83} INFO - Job 178: Subtask fo
[2023-05-17T15:19:58.053+0000] {task_command.py:388} INFO - Running <TaskInstance: my_third_dagV5.fo manual__2023-05-17T15:17:28.988755+00:00 [running]> on host 031cfb56e8fb
[2023-05-17T15:19:58.170+0000] {taskinstance.py:1509} INFO - Exporting the following env vars:
AIRFLOW_CTX_DAG_OWNER=***
AIRFLOW_CTX_DAG_ID=my_third_dagV5
AIRFLOW_CTX_TASK_ID=fo
AIRFLOW_CTX_EXECUTION_DATE=2023-05-17T15:17:28.988755+00:00
AIRFLOW_CTX_TRY_NUMBER=2
AIRFLOW_CTX_DAG_RUN_ID=manual__2023-05-17T15:17:28.988755+00:00
[2023-05-17T15:20:12.308+0000] {warnings.py:110} WARNING - /home/***/.local/lib/python3.7/site-packages/pyspark/context.py:317: FutureWarning: Python 3.7 support is deprecated in Spark 3.4.
  warnings.warn("Python 3.7 support is deprecated in Spark 3.4.", FutureWarning)

[2023-05-17T15:20:13.096+0000] {warnings.py:110} WARNING - /home/***/.local/lib/python3.7/site-packages/pyspark/context.py:317: FutureWarning: Python 3.7 support is deprecated in Spark 3.4.
  warnings.warn("Python 3.7 support is deprecated in Spark 3.4.", FutureWarning)

[2023-05-17T15:20:13.107+0000] {taskinstance.py:1768} ERROR - Task failed with exception
Traceback (most recent call last):
  File "/home/airflow/.local/lib/python3.7/site-packages/airflow/operators/python.py", line 175, in execute
    return_value = self.execute_callable()
  File "/home/airflow/.local/lib/python3.7/site-packages/airflow/operators/python.py", line 192, in execute_callable
    return self.python_callable(*self.op_args, **self.op_kwargs)
  File "/opt/airflow/dags/dag3.py", line 72, in foo1
    spark.sparkContext = pyspark.SparkContext(conf=conf)
AttributeError: can't set attribute
[2023-05-17T15:20:13.118+0000] {taskinstance.py:1323} INFO - Marking task as FAILED. dag_id=my_third_dagV5, task_id=fo, execution_date=20230517T151728, start_date=20230517T151957, end_date=20230517T152013
[2023-05-17T15:20:13.148+0000] {standard_task_runner.py:105} ERROR - Failed to execute job 178 for task fo (can't set attribute; 16286)
[2023-05-17T15:20:13.196+0000] {local_task_job.py:208} INFO - Task exited with return code 1
[2023-05-17T15:20:13.213+0000] {taskinstance.py:2578} INFO - 0 downstream tasks scheduled from follow-on schedule check
