[2023-01-28T10:02:52.757+0000] {taskinstance.py:1083} INFO - Dependencies all met for <TaskInstance: my_second_dagV4.calculate_optimal_prices manual__2023-01-28T10:02:51.367643+00:00 [queued]>
[2023-01-28T10:02:52.767+0000] {taskinstance.py:1083} INFO - Dependencies all met for <TaskInstance: my_second_dagV4.calculate_optimal_prices manual__2023-01-28T10:02:51.367643+00:00 [queued]>
[2023-01-28T10:02:52.768+0000] {taskinstance.py:1279} INFO - 
--------------------------------------------------------------------------------
[2023-01-28T10:02:52.768+0000] {taskinstance.py:1280} INFO - Starting attempt 1 of 1
[2023-01-28T10:02:52.768+0000] {taskinstance.py:1281} INFO - 
--------------------------------------------------------------------------------
[2023-01-28T10:02:52.817+0000] {taskinstance.py:1300} INFO - Executing <Task(PythonOperator): calculate_optimal_prices> on 2023-01-28 10:02:51.367643+00:00
[2023-01-28T10:02:52.827+0000] {standard_task_runner.py:55} INFO - Started process 10762 to run task
[2023-01-28T10:02:52.833+0000] {standard_task_runner.py:82} INFO - Running: ['***', 'tasks', 'run', 'my_second_dagV4', 'calculate_optimal_prices', 'manual__2023-01-28T10:02:51.367643+00:00', '--job-id', '39', '--raw', '--subdir', 'DAGS_FOLDER/dag2.py', '--cfg-path', '/tmp/tmprxxpxj5k']
[2023-01-28T10:02:52.834+0000] {standard_task_runner.py:83} INFO - Job 39: Subtask calculate_optimal_prices
[2023-01-28T10:02:52.903+0000] {task_command.py:388} INFO - Running <TaskInstance: my_second_dagV4.calculate_optimal_prices manual__2023-01-28T10:02:51.367643+00:00 [running]> on host 9763ece73850
[2023-01-28T10:02:52.980+0000] {taskinstance.py:1509} INFO - Exporting the following env vars:
AIRFLOW_CTX_DAG_OWNER=***
AIRFLOW_CTX_DAG_ID=my_second_dagV4
AIRFLOW_CTX_TASK_ID=calculate_optimal_prices
AIRFLOW_CTX_EXECUTION_DATE=2023-01-28T10:02:51.367643+00:00
AIRFLOW_CTX_TRY_NUMBER=1
AIRFLOW_CTX_DAG_RUN_ID=manual__2023-01-28T10:02:51.367643+00:00
[2023-01-28T10:02:52.981+0000] {python.py:177} INFO - Done. Returned value was: dag is dag not a dag22
[2023-01-28T10:02:53.002+0000] {taskinstance.py:1323} INFO - Marking task as SUCCESS. dag_id=my_second_dagV4, task_id=calculate_optimal_prices, execution_date=20230128T100251, start_date=20230128T100252, end_date=20230128T100253
[2023-01-28T10:02:53.083+0000] {local_task_job.py:208} INFO - Task exited with return code 0
[2023-01-28T10:02:53.109+0000] {taskinstance.py:2578} INFO - 0 downstream tasks scheduled from follow-on schedule check
