[2023-02-09T20:44:18.478+0000] {taskinstance.py:1083} INFO - Dependencies all met for <TaskInstance: my_second_dagV6.calculate_optimal_prices scheduled__2023-01-29T00:00:00+00:00 [queued]>
[2023-02-09T20:44:18.532+0000] {taskinstance.py:1083} INFO - Dependencies all met for <TaskInstance: my_second_dagV6.calculate_optimal_prices scheduled__2023-01-29T00:00:00+00:00 [queued]>
[2023-02-09T20:44:18.532+0000] {taskinstance.py:1279} INFO - 
--------------------------------------------------------------------------------
[2023-02-09T20:44:18.532+0000] {taskinstance.py:1280} INFO - Starting attempt 1 of 1
[2023-02-09T20:44:18.532+0000] {taskinstance.py:1281} INFO - 
--------------------------------------------------------------------------------
[2023-02-09T20:44:18.673+0000] {taskinstance.py:1300} INFO - Executing <Task(PythonOperator): calculate_optimal_prices> on 2023-01-29 00:00:00+00:00
[2023-02-09T20:44:18.678+0000] {standard_task_runner.py:55} INFO - Started process 20107 to run task
[2023-02-09T20:44:18.680+0000] {standard_task_runner.py:82} INFO - Running: ['***', 'tasks', 'run', 'my_second_dagV6', 'calculate_optimal_prices', 'scheduled__2023-01-29T00:00:00+00:00', '--job-id', '43', '--raw', '--subdir', 'DAGS_FOLDER/dag2.py', '--cfg-path', '/tmp/tmpwh2kk92i']
[2023-02-09T20:44:18.681+0000] {standard_task_runner.py:83} INFO - Job 43: Subtask calculate_optimal_prices
[2023-02-09T20:44:18.837+0000] {task_command.py:388} INFO - Running <TaskInstance: my_second_dagV6.calculate_optimal_prices scheduled__2023-01-29T00:00:00+00:00 [running]> on host 47e55e08a495
[2023-02-09T20:44:19.202+0000] {taskinstance.py:1509} INFO - Exporting the following env vars:
AIRFLOW_CTX_DAG_OWNER=***
AIRFLOW_CTX_DAG_ID=my_second_dagV6
AIRFLOW_CTX_TASK_ID=calculate_optimal_prices
AIRFLOW_CTX_EXECUTION_DATE=2023-01-29T00:00:00+00:00
AIRFLOW_CTX_TRY_NUMBER=1
AIRFLOW_CTX_DAG_RUN_ID=scheduled__2023-01-29T00:00:00+00:00
[2023-02-09T20:44:19.204+0000] {taskinstance.py:1768} ERROR - Task failed with exception
Traceback (most recent call last):
  File "/home/airflow/.local/lib/python3.7/site-packages/airflow/operators/python.py", line 175, in execute
    return_value = self.execute_callable()
  File "/home/airflow/.local/lib/python3.7/site-packages/airflow/operators/python.py", line 192, in execute_callable
    return self.python_callable(*self.op_args, **self.op_kwargs)
  File "/opt/airflow/dags/dag2.py", line 21, in _calculate_optimal_prices
    with open("/sql/insert.sql", "w") as file:
FileNotFoundError: [Errno 2] No such file or directory: '/sql/insert.sql'
[2023-02-09T20:44:19.339+0000] {taskinstance.py:1323} INFO - Marking task as FAILED. dag_id=my_second_dagV6, task_id=calculate_optimal_prices, execution_date=20230129T000000, start_date=20230209T204418, end_date=20230209T204419
[2023-02-09T20:44:19.394+0000] {standard_task_runner.py:105} ERROR - Failed to execute job 43 for task calculate_optimal_prices ([Errno 2] No such file or directory: '/sql/insert.sql'; 20107)
[2023-02-09T20:44:19.457+0000] {local_task_job.py:208} INFO - Task exited with return code 1
[2023-02-09T20:44:19.561+0000] {taskinstance.py:2578} INFO - 0 downstream tasks scheduled from follow-on schedule check
