[2023-01-28T10:06:46.879+0000] {taskinstance.py:1083} INFO - Dependencies all met for <TaskInstance: my_second_dagV5.insert_task scheduled__2023-01-15T00:00:00+00:00 [queued]>
[2023-01-28T10:06:46.891+0000] {taskinstance.py:1083} INFO - Dependencies all met for <TaskInstance: my_second_dagV5.insert_task scheduled__2023-01-15T00:00:00+00:00 [queued]>
[2023-01-28T10:06:46.891+0000] {taskinstance.py:1279} INFO - 
--------------------------------------------------------------------------------
[2023-01-28T10:06:46.891+0000] {taskinstance.py:1280} INFO - Starting attempt 1 of 1
[2023-01-28T10:06:46.891+0000] {taskinstance.py:1281} INFO - 
--------------------------------------------------------------------------------
[2023-01-28T10:06:46.937+0000] {taskinstance.py:1300} INFO - Executing <Task(PostgresOperator): insert_task> on 2023-01-15 00:00:00+00:00
[2023-01-28T10:06:46.942+0000] {standard_task_runner.py:55} INFO - Started process 11042 to run task
[2023-01-28T10:06:46.946+0000] {standard_task_runner.py:82} INFO - Running: ['***', 'tasks', 'run', 'my_second_dagV5', 'insert_task', 'scheduled__2023-01-15T00:00:00+00:00', '--job-id', '46', '--raw', '--subdir', 'DAGS_FOLDER/dag2.py', '--cfg-path', '/tmp/tmpoptn6h2q']
[2023-01-28T10:06:46.950+0000] {standard_task_runner.py:83} INFO - Job 46: Subtask insert_task
[2023-01-28T10:06:47.061+0000] {task_command.py:388} INFO - Running <TaskInstance: my_second_dagV5.insert_task scheduled__2023-01-15T00:00:00+00:00 [running]> on host 9763ece73850
[2023-01-28T10:06:47.255+0000] {taskinstance.py:1509} INFO - Exporting the following env vars:
AIRFLOW_CTX_DAG_OWNER=***
AIRFLOW_CTX_DAG_ID=my_second_dagV5
AIRFLOW_CTX_TASK_ID=insert_task
AIRFLOW_CTX_EXECUTION_DATE=2023-01-15T00:00:00+00:00
AIRFLOW_CTX_TRY_NUMBER=1
AIRFLOW_CTX_DAG_RUN_ID=scheduled__2023-01-15T00:00:00+00:00
[2023-01-28T10:06:47.256+0000] {sql.py:254} INFO - Executing: 
            insert into dag_runs(dt, dag_id) VALUES (%(ds)s, %(dt)s)
        
[2023-01-28T10:06:47.269+0000] {base.py:73} INFO - Using connection ID 'postgres_localhost' for task execution.
[2023-01-28T10:06:47.459+0000] {base.py:73} INFO - Using connection ID 'postgres_localhost' for task execution.
[2023-01-28T10:06:47.469+0000] {sql.py:375} INFO - Running statement: 
            insert into dag_runs(dt, dag_id) VALUES (%(ds)s, %(dt)s)
        , parameters: {'ds': datetime.datetime(2022, 2, 11, 0, 0), 'dt': "{{ ti.xcom_pull(task_ids='calculate_optimal_prices') }}"}
[2023-01-28T10:06:47.470+0000] {taskinstance.py:1768} ERROR - Task failed with exception
Traceback (most recent call last):
  File "/home/airflow/.local/lib/python3.7/site-packages/airflow/providers/common/sql/operators/sql.py", line 266, in execute
    **extra_kwargs,
  File "/home/airflow/.local/lib/python3.7/site-packages/airflow/providers/common/sql/hooks/sql.py", line 349, in run
    self._run_command(cur, sql_statement, parameters)
  File "/home/airflow/.local/lib/python3.7/site-packages/airflow/providers/common/sql/hooks/sql.py", line 378, in _run_command
    cur.execute(sql_statement, parameters)
psycopg2.errors.UniqueViolation: duplicate key value violates unique constraint "dag_runs_pkey"
DETAIL:  Key (dt, dag_id)=(2022-02-11, {{ ti.xcom_pull(task_ids='calculate_optimal_prices') }}) already exists.

[2023-01-28T10:06:47.480+0000] {taskinstance.py:1323} INFO - Marking task as FAILED. dag_id=my_second_dagV5, task_id=insert_task, execution_date=20230115T000000, start_date=20230128T100646, end_date=20230128T100647
[2023-01-28T10:06:47.497+0000] {standard_task_runner.py:105} ERROR - Failed to execute job 46 for task insert_task (duplicate key value violates unique constraint "dag_runs_pkey"
DETAIL:  Key (dt, dag_id)=(2022-02-11, {{ ti.xcom_pull(task_ids='calculate_optimal_prices') }}) already exists.
; 11042)
[2023-01-28T10:06:47.543+0000] {local_task_job.py:208} INFO - Task exited with return code 1
[2023-01-28T10:06:47.620+0000] {taskinstance.py:2578} INFO - 0 downstream tasks scheduled from follow-on schedule check
