[2023-01-27T12:35:21.481+0000] {taskinstance.py:1083} INFO - Dependencies all met for <TaskInstance: my_first_dag.hello scheduled__2023-01-15T00:00:00+00:00 [queued]>
[2023-01-27T12:35:21.579+0000] {taskinstance.py:1083} INFO - Dependencies all met for <TaskInstance: my_first_dag.hello scheduled__2023-01-15T00:00:00+00:00 [queued]>
[2023-01-27T12:35:21.580+0000] {taskinstance.py:1279} INFO - 
--------------------------------------------------------------------------------
[2023-01-27T12:35:21.580+0000] {taskinstance.py:1280} INFO - Starting attempt 1 of 1
[2023-01-27T12:35:21.580+0000] {taskinstance.py:1281} INFO - 
--------------------------------------------------------------------------------
[2023-01-27T12:35:21.608+0000] {taskinstance.py:1300} INFO - Executing <Task(BashOperator): hello> on 2023-01-15 00:00:00+00:00
[2023-01-27T12:35:21.615+0000] {standard_task_runner.py:55} INFO - Started process 14613 to run task
[2023-01-27T12:35:21.618+0000] {standard_task_runner.py:82} INFO - Running: ['***', 'tasks', 'run', 'my_first_dag', 'hello', 'scheduled__2023-01-15T00:00:00+00:00', '--job-id', '5', '--raw', '--subdir', 'DAGS_FOLDER/dag1.py', '--cfg-path', '/tmp/tmpu2kvt9mi']
[2023-01-27T12:35:21.618+0000] {standard_task_runner.py:83} INFO - Job 5: Subtask hello
[2023-01-27T12:35:21.696+0000] {task_command.py:388} INFO - Running <TaskInstance: my_first_dag.hello scheduled__2023-01-15T00:00:00+00:00 [running]> on host e75f8974d7c5
[2023-01-27T12:35:22.131+0000] {taskinstance.py:1509} INFO - Exporting the following env vars:
AIRFLOW_CTX_DAG_OWNER=***
AIRFLOW_CTX_DAG_ID=my_first_dag
AIRFLOW_CTX_TASK_ID=hello
AIRFLOW_CTX_EXECUTION_DATE=2023-01-15T00:00:00+00:00
AIRFLOW_CTX_TRY_NUMBER=1
AIRFLOW_CTX_DAG_RUN_ID=scheduled__2023-01-15T00:00:00+00:00
[2023-01-27T12:35:22.132+0000] {subprocess.py:63} INFO - Tmp dir root location: 
 /tmp
[2023-01-27T12:35:22.133+0000] {subprocess.py:75} INFO - Running command: ['/bin/bash', '-c', 'echo hello']
[2023-01-27T12:35:22.346+0000] {subprocess.py:86} INFO - Output:
[2023-01-27T12:35:22.487+0000] {subprocess.py:93} INFO - hello
[2023-01-27T12:35:22.487+0000] {subprocess.py:97} INFO - Command exited with return code 0
[2023-01-27T12:35:22.538+0000] {taskinstance.py:1323} INFO - Marking task as SUCCESS. dag_id=my_first_dag, task_id=hello, execution_date=20230115T000000, start_date=20230127T123521, end_date=20230127T123522
[2023-01-27T12:35:22.603+0000] {local_task_job.py:208} INFO - Task exited with return code 0
[2023-01-27T12:35:22.622+0000] {taskinstance.py:2578} INFO - 0 downstream tasks scheduled from follow-on schedule check
