[2023-04-27T12:01:20.968+0000] {taskinstance.py:1083} INFO - Dependencies all met for <TaskInstance: my_first_dagV2.calculate_save_optimal_prices scheduled__2023-04-16T00:00:00+00:00 [queued]>
[2023-04-27T12:01:20.978+0000] {taskinstance.py:1083} INFO - Dependencies all met for <TaskInstance: my_first_dagV2.calculate_save_optimal_prices scheduled__2023-04-16T00:00:00+00:00 [queued]>
[2023-04-27T12:01:20.979+0000] {taskinstance.py:1279} INFO - 
--------------------------------------------------------------------------------
[2023-04-27T12:01:20.979+0000] {taskinstance.py:1280} INFO - Starting attempt 1 of 1
[2023-04-27T12:01:20.979+0000] {taskinstance.py:1281} INFO - 
--------------------------------------------------------------------------------
[2023-04-27T12:01:21.023+0000] {taskinstance.py:1300} INFO - Executing <Task(PythonOperator): calculate_save_optimal_prices> on 2023-04-16 00:00:00+00:00
[2023-04-27T12:01:21.029+0000] {standard_task_runner.py:55} INFO - Started process 351 to run task
[2023-04-27T12:01:21.032+0000] {standard_task_runner.py:82} INFO - Running: ['***', 'tasks', 'run', 'my_first_dagV2', 'calculate_save_optimal_prices', 'scheduled__2023-04-16T00:00:00+00:00', '--job-id', '113', '--raw', '--subdir', 'DAGS_FOLDER/dag1.py', '--cfg-path', '/tmp/tmpibm17hhg']
[2023-04-27T12:01:21.033+0000] {standard_task_runner.py:83} INFO - Job 113: Subtask calculate_save_optimal_prices
[2023-04-27T12:01:21.128+0000] {task_command.py:388} INFO - Running <TaskInstance: my_first_dagV2.calculate_save_optimal_prices scheduled__2023-04-16T00:00:00+00:00 [running]> on host 81b61dc43448
[2023-04-27T12:01:21.313+0000] {taskinstance.py:1509} INFO - Exporting the following env vars:
AIRFLOW_CTX_DAG_OWNER=***
AIRFLOW_CTX_DAG_ID=my_first_dagV2
AIRFLOW_CTX_TASK_ID=calculate_save_optimal_prices
AIRFLOW_CTX_EXECUTION_DATE=2023-04-16T00:00:00+00:00
AIRFLOW_CTX_TRY_NUMBER=1
AIRFLOW_CTX_DAG_RUN_ID=scheduled__2023-04-16T00:00:00+00:00
[2023-04-27T12:02:07.027+0000] {logging_mixin.py:137} INFO - a = 77770.8743 ± 182700.7079, доверительный интервал α=5% [-293936.5109 ; 449478.2595]
[2023-04-27T12:02:07.099+0000] {logging_mixin.py:137} INFO - b = -1150802.3270 ± 3843283.4860, доверительный интервал α=5% [-8970021.3718 ; 6668416.7178]
[2023-04-27T12:02:07.290+0000] {logging_mixin.py:137} INFO - a = 138141.9249 ± 93913.6940, доверительный интервал α=5% [-52926.9222 ; 329210.7720]
[2023-04-27T12:02:07.291+0000] {logging_mixin.py:137} INFO - b = -4802243.2522 ± 3419974.1759, доверительный интервал α=5% [-11760233.0299 ; 2155746.5254]
[2023-04-27T12:02:07.403+0000] {logging_mixin.py:137} INFO - a = -641.8169 ± 382.2396, доверительный интервал α=5% [-1419.4892 ; 135.8553]
[2023-04-27T12:02:07.403+0000] {logging_mixin.py:137} INFO - b = 13794.9367 ± 7719.1846, доверительный интервал α=5% [-1909.8625 ; 29499.7358]
[2023-04-27T12:02:10.453+0000] {python.py:177} INFO - Done. Returned value was: 2
[2023-04-27T12:02:10.710+0000] {taskinstance.py:1323} INFO - Marking task as SUCCESS. dag_id=my_first_dagV2, task_id=calculate_save_optimal_prices, execution_date=20230416T000000, start_date=20230427T120120, end_date=20230427T120210
[2023-04-27T12:02:11.285+0000] {local_task_job.py:208} INFO - Task exited with return code 0
[2023-04-27T12:02:11.300+0000] {taskinstance.py:2578} INFO - 1 downstream tasks scheduled from follow-on schedule check
