[2023-01-31T11:40:15.917+0000] {taskinstance.py:1083} INFO - Dependencies all met for <TaskInstance: my_second_dagV6.insert_task manual__2023-01-31T11:33:33.634332+00:00 [queued]>
[2023-01-31T11:40:15.936+0000] {taskinstance.py:1083} INFO - Dependencies all met for <TaskInstance: my_second_dagV6.insert_task manual__2023-01-31T11:33:33.634332+00:00 [queued]>
[2023-01-31T11:40:15.936+0000] {taskinstance.py:1279} INFO - 
--------------------------------------------------------------------------------
[2023-01-31T11:40:15.936+0000] {taskinstance.py:1280} INFO - Starting attempt 5 of 5
[2023-01-31T11:40:15.936+0000] {taskinstance.py:1281} INFO - 
--------------------------------------------------------------------------------
[2023-01-31T11:40:15.960+0000] {taskinstance.py:1300} INFO - Executing <Task(PostgresOperator): insert_task> on 2023-01-31 11:33:33.634332+00:00
[2023-01-31T11:40:15.966+0000] {standard_task_runner.py:55} INFO - Started process 713 to run task
[2023-01-31T11:40:15.969+0000] {standard_task_runner.py:82} INFO - Running: ['***', 'tasks', 'run', 'my_second_dagV6', 'insert_task', 'manual__2023-01-31T11:33:33.634332+00:00', '--job-id', '36', '--raw', '--subdir', 'DAGS_FOLDER/dag2.py', '--cfg-path', '/tmp/tmp517wfs9g']
[2023-01-31T11:40:15.970+0000] {standard_task_runner.py:83} INFO - Job 36: Subtask insert_task
[2023-01-31T11:40:16.090+0000] {task_command.py:388} INFO - Running <TaskInstance: my_second_dagV6.insert_task manual__2023-01-31T11:33:33.634332+00:00 [running]> on host 7630aa9dbd23
[2023-01-31T11:40:16.193+0000] {taskinstance.py:1509} INFO - Exporting the following env vars:
AIRFLOW_CTX_DAG_OWNER=***
AIRFLOW_CTX_DAG_ID=my_second_dagV6
AIRFLOW_CTX_TASK_ID=insert_task
AIRFLOW_CTX_EXECUTION_DATE=2023-01-31T11:33:33.634332+00:00
AIRFLOW_CTX_TRY_NUMBER=5
AIRFLOW_CTX_DAG_RUN_ID=manual__2023-01-31T11:33:33.634332+00:00
[2023-01-31T11:40:16.194+0000] {sql.py:254} INFO - Executing: 
            insert into tutor (tutor_id, name, speciality) VALUES (default, 'Vinok', 'dag_id')
        
[2023-01-31T11:40:16.207+0000] {base.py:73} INFO - Using connection ID 'postgres_localhost' for task execution.
[2023-01-31T11:40:16.453+0000] {base.py:73} INFO - Using connection ID 'postgres_localhost' for task execution.
[2023-01-31T11:40:16.460+0000] {sql.py:375} INFO - Running statement: 
            insert into tutor (tutor_id, name, speciality) VALUES (default, 'Vinok', 'dag_id')
        , parameters: None
[2023-01-31T11:40:16.480+0000] {sql.py:384} INFO - Rows affected: 1
[2023-01-31T11:40:16.491+0000] {taskinstance.py:1323} INFO - Marking task as SUCCESS. dag_id=my_second_dagV6, task_id=insert_task, execution_date=20230131T113333, start_date=20230131T114015, end_date=20230131T114016
[2023-01-31T11:40:16.554+0000] {local_task_job.py:208} INFO - Task exited with return code 0
[2023-01-31T11:40:16.585+0000] {taskinstance.py:2578} INFO - 0 downstream tasks scheduled from follow-on schedule check
