[2023-01-31T11:39:07.511+0000] {taskinstance.py:1083} INFO - Dependencies all met for <TaskInstance: my_second_dagV6.insert_task manual__2023-01-31T11:33:33.634332+00:00 [queued]>
[2023-01-31T11:39:07.520+0000] {taskinstance.py:1083} INFO - Dependencies all met for <TaskInstance: my_second_dagV6.insert_task manual__2023-01-31T11:33:33.634332+00:00 [queued]>
[2023-01-31T11:39:07.520+0000] {taskinstance.py:1279} INFO - 
--------------------------------------------------------------------------------
[2023-01-31T11:39:07.520+0000] {taskinstance.py:1280} INFO - Starting attempt 4 of 4
[2023-01-31T11:39:07.521+0000] {taskinstance.py:1281} INFO - 
--------------------------------------------------------------------------------
[2023-01-31T11:39:07.535+0000] {taskinstance.py:1300} INFO - Executing <Task(PostgresOperator): insert_task> on 2023-01-31 11:33:33.634332+00:00
[2023-01-31T11:39:07.540+0000] {standard_task_runner.py:55} INFO - Started process 627 to run task
[2023-01-31T11:39:07.542+0000] {standard_task_runner.py:82} INFO - Running: ['***', 'tasks', 'run', 'my_second_dagV6', 'insert_task', 'manual__2023-01-31T11:33:33.634332+00:00', '--job-id', '35', '--raw', '--subdir', 'DAGS_FOLDER/dag2.py', '--cfg-path', '/tmp/tmp6v0wk6oq']
[2023-01-31T11:39:07.543+0000] {standard_task_runner.py:83} INFO - Job 35: Subtask insert_task
[2023-01-31T11:39:07.612+0000] {task_command.py:388} INFO - Running <TaskInstance: my_second_dagV6.insert_task manual__2023-01-31T11:33:33.634332+00:00 [running]> on host 7630aa9dbd23
[2023-01-31T11:39:07.681+0000] {taskinstance.py:1509} INFO - Exporting the following env vars:
AIRFLOW_CTX_DAG_OWNER=***
AIRFLOW_CTX_DAG_ID=my_second_dagV6
AIRFLOW_CTX_TASK_ID=insert_task
AIRFLOW_CTX_EXECUTION_DATE=2023-01-31T11:33:33.634332+00:00
AIRFLOW_CTX_TRY_NUMBER=4
AIRFLOW_CTX_DAG_RUN_ID=manual__2023-01-31T11:33:33.634332+00:00
[2023-01-31T11:39:07.681+0000] {sql.py:254} INFO - Executing: 
            insert into tutor (tutor_id, name, speciality) VALUES (default, "Petrov", "dag_id")
        
[2023-01-31T11:39:07.691+0000] {base.py:73} INFO - Using connection ID 'postgres_localhost' for task execution.
[2023-01-31T11:39:07.879+0000] {base.py:73} INFO - Using connection ID 'postgres_localhost' for task execution.
[2023-01-31T11:39:07.883+0000] {sql.py:375} INFO - Running statement: 
            insert into tutor (tutor_id, name, speciality) VALUES (default, "Petrov", "dag_id")
        , parameters: None
[2023-01-31T11:39:07.884+0000] {taskinstance.py:1768} ERROR - Task failed with exception
Traceback (most recent call last):
  File "/home/airflow/.local/lib/python3.7/site-packages/airflow/providers/common/sql/operators/sql.py", line 266, in execute
    **extra_kwargs,
  File "/home/airflow/.local/lib/python3.7/site-packages/airflow/providers/common/sql/hooks/sql.py", line 349, in run
    self._run_command(cur, sql_statement, parameters)
  File "/home/airflow/.local/lib/python3.7/site-packages/airflow/providers/common/sql/hooks/sql.py", line 380, in _run_command
    cur.execute(sql_statement)
psycopg2.errors.UndefinedColumn: column "Petrov" does not exist
LINE 2: ...tor (tutor_id, name, speciality) VALUES (default, "Petrov", ...
                                                             ^

[2023-01-31T11:39:07.892+0000] {taskinstance.py:1323} INFO - Marking task as FAILED. dag_id=my_second_dagV6, task_id=insert_task, execution_date=20230131T113333, start_date=20230131T113907, end_date=20230131T113907
[2023-01-31T11:39:07.908+0000] {standard_task_runner.py:105} ERROR - Failed to execute job 35 for task insert_task (column "Petrov" does not exist
LINE 2: ...tor (tutor_id, name, speciality) VALUES (default, "Petrov", ...
                                                             ^
; 627)
[2023-01-31T11:39:07.918+0000] {local_task_job.py:208} INFO - Task exited with return code 1
[2023-01-31T11:39:07.933+0000] {taskinstance.py:2578} INFO - 0 downstream tasks scheduled from follow-on schedule check
