[2023-01-31T09:06:26.717+0000] {taskinstance.py:1083} INFO - Dependencies all met for <TaskInstance: my_second_dagV5.calculate_optimal_prices manual__2023-01-31T09:06:25.714411+00:00 [queued]>
[2023-01-31T09:06:26.725+0000] {taskinstance.py:1083} INFO - Dependencies all met for <TaskInstance: my_second_dagV5.calculate_optimal_prices manual__2023-01-31T09:06:25.714411+00:00 [queued]>
[2023-01-31T09:06:26.725+0000] {taskinstance.py:1279} INFO - 
--------------------------------------------------------------------------------
[2023-01-31T09:06:26.725+0000] {taskinstance.py:1280} INFO - Starting attempt 1 of 1
[2023-01-31T09:06:26.725+0000] {taskinstance.py:1281} INFO - 
--------------------------------------------------------------------------------
[2023-01-31T09:06:26.736+0000] {taskinstance.py:1300} INFO - Executing <Task(PythonOperator): calculate_optimal_prices> on 2023-01-31 09:06:25.714411+00:00
[2023-01-31T09:06:26.739+0000] {standard_task_runner.py:55} INFO - Started process 1014 to run task
[2023-01-31T09:06:26.741+0000] {standard_task_runner.py:82} INFO - Running: ['***', 'tasks', 'run', 'my_second_dagV5', 'calculate_optimal_prices', 'manual__2023-01-31T09:06:25.714411+00:00', '--job-id', '14', '--raw', '--subdir', 'DAGS_FOLDER/dag2.py', '--cfg-path', '/tmp/tmpquwjegs4']
[2023-01-31T09:06:26.742+0000] {standard_task_runner.py:83} INFO - Job 14: Subtask calculate_optimal_prices
[2023-01-31T09:06:26.818+0000] {task_command.py:388} INFO - Running <TaskInstance: my_second_dagV5.calculate_optimal_prices manual__2023-01-31T09:06:25.714411+00:00 [running]> on host ab5131891604
[2023-01-31T09:06:26.892+0000] {taskinstance.py:1509} INFO - Exporting the following env vars:
AIRFLOW_CTX_DAG_OWNER=***
AIRFLOW_CTX_DAG_ID=my_second_dagV5
AIRFLOW_CTX_TASK_ID=calculate_optimal_prices
AIRFLOW_CTX_EXECUTION_DATE=2023-01-31T09:06:25.714411+00:00
AIRFLOW_CTX_TRY_NUMBER=1
AIRFLOW_CTX_DAG_RUN_ID=manual__2023-01-31T09:06:25.714411+00:00
[2023-01-31T09:06:26.892+0000] {python.py:177} INFO - Done. Returned value was: dag is dag not a dag22
[2023-01-31T09:06:26.911+0000] {taskinstance.py:1323} INFO - Marking task as SUCCESS. dag_id=my_second_dagV5, task_id=calculate_optimal_prices, execution_date=20230131T090625, start_date=20230131T090626, end_date=20230131T090626
[2023-01-31T09:06:26.954+0000] {local_task_job.py:208} INFO - Task exited with return code 0
[2023-01-31T09:06:26.975+0000] {taskinstance.py:2578} INFO - 0 downstream tasks scheduled from follow-on schedule check
