[2023-02-13T10:24:54.301+0000] {taskinstance.py:1083} INFO - Dependencies all met for <TaskInstance: my_first_dagV2.send_optimal_prices scheduled__2023-02-05T00:00:00+00:00 [queued]>
[2023-02-13T10:24:54.311+0000] {taskinstance.py:1083} INFO - Dependencies all met for <TaskInstance: my_first_dagV2.send_optimal_prices scheduled__2023-02-05T00:00:00+00:00 [queued]>
[2023-02-13T10:24:54.311+0000] {taskinstance.py:1279} INFO - 
--------------------------------------------------------------------------------
[2023-02-13T10:24:54.311+0000] {taskinstance.py:1280} INFO - Starting attempt 1 of 1
[2023-02-13T10:24:54.311+0000] {taskinstance.py:1281} INFO - 
--------------------------------------------------------------------------------
[2023-02-13T10:24:54.338+0000] {taskinstance.py:1300} INFO - Executing <Task(PythonOperator): send_optimal_prices> on 2023-02-05 00:00:00+00:00
[2023-02-13T10:24:54.341+0000] {standard_task_runner.py:55} INFO - Started process 40307 to run task
[2023-02-13T10:24:54.344+0000] {standard_task_runner.py:82} INFO - Running: ['***', 'tasks', 'run', 'my_first_dagV2', 'send_optimal_prices', 'scheduled__2023-02-05T00:00:00+00:00', '--job-id', '72', '--raw', '--subdir', 'DAGS_FOLDER/dag1.py', '--cfg-path', '/tmp/tmp5p3_jcq_']
[2023-02-13T10:24:54.344+0000] {standard_task_runner.py:83} INFO - Job 72: Subtask send_optimal_prices
[2023-02-13T10:24:54.427+0000] {task_command.py:388} INFO - Running <TaskInstance: my_first_dagV2.send_optimal_prices scheduled__2023-02-05T00:00:00+00:00 [running]> on host 47e55e08a495
[2023-02-13T10:24:54.536+0000] {taskinstance.py:1509} INFO - Exporting the following env vars:
AIRFLOW_CTX_DAG_OWNER=***
AIRFLOW_CTX_DAG_ID=my_first_dagV2
AIRFLOW_CTX_TASK_ID=send_optimal_prices
AIRFLOW_CTX_EXECUTION_DATE=2023-02-05T00:00:00+00:00
AIRFLOW_CTX_TRY_NUMBER=1
AIRFLOW_CTX_DAG_RUN_ID=scheduled__2023-02-05T00:00:00+00:00
[2023-02-13T10:24:54.536+0000] {python.py:177} INFO - Done. Returned value was: 3
[2023-02-13T10:24:54.558+0000] {taskinstance.py:1323} INFO - Marking task as SUCCESS. dag_id=my_first_dagV2, task_id=send_optimal_prices, execution_date=20230205T000000, start_date=20230213T102454, end_date=20230213T102454
[2023-02-13T10:24:54.604+0000] {local_task_job.py:208} INFO - Task exited with return code 0
[2023-02-13T10:24:54.635+0000] {taskinstance.py:2578} INFO - 0 downstream tasks scheduled from follow-on schedule check
