[2023-01-27T17:53:59.721+0000] {taskinstance.py:1083} INFO - Dependencies all met for <TaskInstance: my_second_dagV2.save_new_data scheduled__2023-01-15T00:00:00+00:00 [queued]>
[2023-01-27T17:53:59.731+0000] {taskinstance.py:1083} INFO - Dependencies all met for <TaskInstance: my_second_dagV2.save_new_data scheduled__2023-01-15T00:00:00+00:00 [queued]>
[2023-01-27T17:53:59.731+0000] {taskinstance.py:1279} INFO - 
--------------------------------------------------------------------------------
[2023-01-27T17:53:59.732+0000] {taskinstance.py:1280} INFO - Starting attempt 1 of 1
[2023-01-27T17:53:59.732+0000] {taskinstance.py:1281} INFO - 
--------------------------------------------------------------------------------
[2023-01-27T17:53:59.746+0000] {taskinstance.py:1300} INFO - Executing <Task(PostgresOperator): save_new_data> on 2023-01-15 00:00:00+00:00
[2023-01-27T17:53:59.751+0000] {standard_task_runner.py:55} INFO - Started process 2746 to run task
[2023-01-27T17:53:59.754+0000] {standard_task_runner.py:82} INFO - Running: ['***', 'tasks', 'run', 'my_second_dagV2', 'save_new_data', 'scheduled__2023-01-15T00:00:00+00:00', '--job-id', '7', '--raw', '--subdir', 'DAGS_FOLDER/dag2.py', '--cfg-path', '/tmp/tmp7brgopu9']
[2023-01-27T17:53:59.755+0000] {standard_task_runner.py:83} INFO - Job 7: Subtask save_new_data
[2023-01-27T17:53:59.829+0000] {task_command.py:388} INFO - Running <TaskInstance: my_second_dagV2.save_new_data scheduled__2023-01-15T00:00:00+00:00 [running]> on host 9763ece73850
[2023-01-27T17:53:59.909+0000] {taskinstance.py:1509} INFO - Exporting the following env vars:
AIRFLOW_CTX_DAG_OWNER=***
AIRFLOW_CTX_DAG_ID=my_second_dagV2
AIRFLOW_CTX_TASK_ID=save_new_data
AIRFLOW_CTX_EXECUTION_DATE=2023-01-15T00:00:00+00:00
AIRFLOW_CTX_TRY_NUMBER=1
AIRFLOW_CTX_DAG_RUN_ID=scheduled__2023-01-15T00:00:00+00:00
[2023-01-27T17:53:59.910+0000] {sql.py:254} INFO - Executing: 
            CREATE TABLE IF NOT EXISTS dag_runs (
                dt date, 
                dag_id character varying,
                PRIMARY KEY (dt, dag_id)
            )
          
[2023-01-27T17:53:59.919+0000] {base.py:73} INFO - Using connection ID 'postgres_localhost' for task execution.
[2023-01-27T17:54:00.210+0000] {base.py:73} INFO - Using connection ID 'postgres_localhost' for task execution.
[2023-01-27T17:54:00.215+0000] {sql.py:375} INFO - Running statement: 
            CREATE TABLE IF NOT EXISTS dag_runs (
                dt date, 
                dag_id character varying,
                PRIMARY KEY (dt, dag_id)
            )
          , parameters: None
[2023-01-27T17:54:00.227+0000] {taskinstance.py:1323} INFO - Marking task as SUCCESS. dag_id=my_second_dagV2, task_id=save_new_data, execution_date=20230115T000000, start_date=20230127T175359, end_date=20230127T175400
[2023-01-27T17:54:00.290+0000] {local_task_job.py:208} INFO - Task exited with return code 0
[2023-01-27T17:54:00.325+0000] {taskinstance.py:2578} INFO - 1 downstream tasks scheduled from follow-on schedule check
