[2023-01-31T09:06:17.362+0000] {taskinstance.py:1083} INFO - Dependencies all met for <TaskInstance: my_second_dagV5.insert_task manual__2023-01-31T09:00:39.512152+00:00 [queued]>
[2023-01-31T09:06:17.373+0000] {taskinstance.py:1083} INFO - Dependencies all met for <TaskInstance: my_second_dagV5.insert_task manual__2023-01-31T09:00:39.512152+00:00 [queued]>
[2023-01-31T09:06:17.373+0000] {taskinstance.py:1279} INFO - 
--------------------------------------------------------------------------------
[2023-01-31T09:06:17.373+0000] {taskinstance.py:1280} INFO - Starting attempt 1 of 1
[2023-01-31T09:06:17.373+0000] {taskinstance.py:1281} INFO - 
--------------------------------------------------------------------------------
[2023-01-31T09:06:17.385+0000] {taskinstance.py:1300} INFO - Executing <Task(PostgresOperator): insert_task> on 2023-01-31 09:00:39.512152+00:00
[2023-01-31T09:06:17.388+0000] {standard_task_runner.py:55} INFO - Started process 997 to run task
[2023-01-31T09:06:17.391+0000] {standard_task_runner.py:82} INFO - Running: ['***', 'tasks', 'run', 'my_second_dagV5', 'insert_task', 'manual__2023-01-31T09:00:39.512152+00:00', '--job-id', '13', '--raw', '--subdir', 'DAGS_FOLDER/dag2.py', '--cfg-path', '/tmp/tmpmes2k7jf']
[2023-01-31T09:06:17.391+0000] {standard_task_runner.py:83} INFO - Job 13: Subtask insert_task
[2023-01-31T09:06:17.477+0000] {task_command.py:388} INFO - Running <TaskInstance: my_second_dagV5.insert_task manual__2023-01-31T09:00:39.512152+00:00 [running]> on host ab5131891604
[2023-01-31T09:06:17.540+0000] {taskinstance.py:1509} INFO - Exporting the following env vars:
AIRFLOW_CTX_DAG_OWNER=***
AIRFLOW_CTX_DAG_ID=my_second_dagV5
AIRFLOW_CTX_TASK_ID=insert_task
AIRFLOW_CTX_EXECUTION_DATE=2023-01-31T09:00:39.512152+00:00
AIRFLOW_CTX_TRY_NUMBER=1
AIRFLOW_CTX_DAG_RUN_ID=manual__2023-01-31T09:00:39.512152+00:00
[2023-01-31T09:06:17.540+0000] {sql.py:254} INFO - Executing: 
            insert into dag_runs(dt, dag_id) VALUES (%(ds)s, %(dag_id)s)
        
[2023-01-31T09:06:17.547+0000] {base.py:73} INFO - Using connection ID 'postgres_localhost' for task execution.
[2023-01-31T09:06:17.718+0000] {base.py:73} INFO - Using connection ID 'postgres_localhost' for task execution.
[2023-01-31T09:06:17.720+0000] {sql.py:375} INFO - Running statement: 
            insert into dag_runs(dt, dag_id) VALUES (%(ds)s, %(dag_id)s)
        , parameters: {'dag_id': "{{ti.xcom_pull('calculate_optimal_prices')}}", 'ds': datetime.datetime(2022, 2, 16, 0, 0)}
[2023-01-31T09:06:17.721+0000] {sql.py:384} INFO - Rows affected: 1
[2023-01-31T09:06:17.730+0000] {taskinstance.py:1323} INFO - Marking task as SUCCESS. dag_id=my_second_dagV5, task_id=insert_task, execution_date=20230131T090039, start_date=20230131T090617, end_date=20230131T090617
[2023-01-31T09:06:17.765+0000] {local_task_job.py:208} INFO - Task exited with return code 0
[2023-01-31T09:06:17.787+0000] {taskinstance.py:2578} INFO - 0 downstream tasks scheduled from follow-on schedule check
