[2023-01-31T11:33:35.705+0000] {taskinstance.py:1083} INFO - Dependencies all met for <TaskInstance: my_second_dagV6.save_new_data scheduled__2023-01-22T00:00:00+00:00 [queued]>
[2023-01-31T11:33:35.735+0000] {taskinstance.py:1083} INFO - Dependencies all met for <TaskInstance: my_second_dagV6.save_new_data scheduled__2023-01-22T00:00:00+00:00 [queued]>
[2023-01-31T11:33:35.735+0000] {taskinstance.py:1279} INFO - 
--------------------------------------------------------------------------------
[2023-01-31T11:33:35.735+0000] {taskinstance.py:1280} INFO - Starting attempt 1 of 1
[2023-01-31T11:33:35.735+0000] {taskinstance.py:1281} INFO - 
--------------------------------------------------------------------------------
[2023-01-31T11:33:35.753+0000] {taskinstance.py:1300} INFO - Executing <Task(PostgresOperator): save_new_data> on 2023-01-22 00:00:00+00:00
[2023-01-31T11:33:35.757+0000] {standard_task_runner.py:55} INFO - Started process 226 to run task
[2023-01-31T11:33:35.760+0000] {standard_task_runner.py:82} INFO - Running: ['***', 'tasks', 'run', 'my_second_dagV6', 'save_new_data', 'scheduled__2023-01-22T00:00:00+00:00', '--job-id', '28', '--raw', '--subdir', 'DAGS_FOLDER/dag2.py', '--cfg-path', '/tmp/tmp2tbkkwh9']
[2023-01-31T11:33:35.762+0000] {standard_task_runner.py:83} INFO - Job 28: Subtask save_new_data
[2023-01-31T11:33:35.856+0000] {task_command.py:388} INFO - Running <TaskInstance: my_second_dagV6.save_new_data scheduled__2023-01-22T00:00:00+00:00 [running]> on host 7630aa9dbd23
[2023-01-31T11:33:35.975+0000] {taskinstance.py:1509} INFO - Exporting the following env vars:
AIRFLOW_CTX_DAG_OWNER=***
AIRFLOW_CTX_DAG_ID=my_second_dagV6
AIRFLOW_CTX_TASK_ID=save_new_data
AIRFLOW_CTX_EXECUTION_DATE=2023-01-22T00:00:00+00:00
AIRFLOW_CTX_TRY_NUMBER=1
AIRFLOW_CTX_DAG_RUN_ID=scheduled__2023-01-22T00:00:00+00:00
[2023-01-31T11:33:35.975+0000] {sql.py:254} INFO - Executing: 
            CREATE TABLE IF NOT EXISTS tutor (
                tutor_id serial primary key, 
                name VARCHAR(20),
                speciality VARCHAR(20)
            )
          
[2023-01-31T11:33:35.992+0000] {base.py:73} INFO - Using connection ID 'postgres_localhost' for task execution.
[2023-01-31T11:33:36.440+0000] {base.py:73} INFO - Using connection ID 'postgres_localhost' for task execution.
[2023-01-31T11:33:36.452+0000] {sql.py:375} INFO - Running statement: 
            CREATE TABLE IF NOT EXISTS tutor (
                tutor_id serial primary key, 
                name VARCHAR(20),
                speciality VARCHAR(20)
            )
          , parameters: None
[2023-01-31T11:33:36.705+0000] {taskinstance.py:1768} ERROR - Task failed with exception
Traceback (most recent call last):
  File "/home/airflow/.local/lib/python3.7/site-packages/airflow/providers/common/sql/operators/sql.py", line 266, in execute
    **extra_kwargs,
  File "/home/airflow/.local/lib/python3.7/site-packages/airflow/providers/common/sql/hooks/sql.py", line 349, in run
    self._run_command(cur, sql_statement, parameters)
  File "/home/airflow/.local/lib/python3.7/site-packages/airflow/providers/common/sql/hooks/sql.py", line 380, in _run_command
    cur.execute(sql_statement)
psycopg2.errors.UniqueViolation: duplicate key value violates unique constraint "pg_type_typname_nsp_index"
DETAIL:  Key (typname, typnamespace)=(tutor_tutor_id_seq, 2200) already exists.

[2023-01-31T11:33:36.723+0000] {taskinstance.py:1323} INFO - Marking task as FAILED. dag_id=my_second_dagV6, task_id=save_new_data, execution_date=20230122T000000, start_date=20230131T113335, end_date=20230131T113336
[2023-01-31T11:33:36.761+0000] {standard_task_runner.py:105} ERROR - Failed to execute job 28 for task save_new_data (duplicate key value violates unique constraint "pg_type_typname_nsp_index"
DETAIL:  Key (typname, typnamespace)=(tutor_tutor_id_seq, 2200) already exists.
; 226)
[2023-01-31T11:33:36.791+0000] {local_task_job.py:208} INFO - Task exited with return code 1
[2023-01-31T11:33:36.832+0000] {taskinstance.py:2578} INFO - 0 downstream tasks scheduled from follow-on schedule check
