[2023-03-27T13:34:36.139+0000] {processor.py:153} INFO - Started process (PID=118) to work on /opt/airflow/dags/dag2.py
[2023-03-27T13:34:36.140+0000] {processor.py:743} INFO - Processing file /opt/airflow/dags/dag2.py for tasks to queue
[2023-03-27T13:34:36.141+0000] {logging_mixin.py:137} INFO - [2023-03-27T13:34:36.141+0000] {dagbag.py:538} INFO - Filling up the DagBag from /opt/airflow/dags/dag2.py
[2023-03-27T13:34:36.552+0000] {processor.py:753} INFO - DAG(s) dict_keys(['my_second_dagV6']) retrieved from /opt/airflow/dags/dag2.py
[2023-03-27T13:34:37.024+0000] {logging_mixin.py:137} INFO - [2023-03-27T13:34:37.024+0000] {dag.py:2690} INFO - Sync 1 DAGs
[2023-03-27T13:34:37.052+0000] {logging_mixin.py:137} INFO - [2023-03-27T13:34:37.052+0000] {dag.py:3441} INFO - Setting next_dagrun for my_second_dagV6 to 2023-03-19T00:00:00+00:00, run_after=2023-03-26T00:00:00+00:00
[2023-03-27T13:34:37.107+0000] {processor.py:175} INFO - Processing /opt/airflow/dags/dag2.py took 0.970 seconds
[2023-03-27T13:35:07.657+0000] {processor.py:153} INFO - Started process (PID=146) to work on /opt/airflow/dags/dag2.py
[2023-03-27T13:35:07.706+0000] {processor.py:743} INFO - Processing file /opt/airflow/dags/dag2.py for tasks to queue
[2023-03-27T13:35:07.768+0000] {logging_mixin.py:137} INFO - [2023-03-27T13:35:07.768+0000] {dagbag.py:538} INFO - Filling up the DagBag from /opt/airflow/dags/dag2.py
[2023-03-27T13:35:08.305+0000] {processor.py:753} INFO - DAG(s) dict_keys(['my_second_dagV6']) retrieved from /opt/airflow/dags/dag2.py
[2023-03-27T13:35:09.204+0000] {logging_mixin.py:137} INFO - [2023-03-27T13:35:09.204+0000] {dag.py:2690} INFO - Sync 1 DAGs
[2023-03-27T13:35:09.255+0000] {logging_mixin.py:137} INFO - [2023-03-27T13:35:09.255+0000] {dag.py:3441} INFO - Setting next_dagrun for my_second_dagV6 to 2023-03-19T00:00:00+00:00, run_after=2023-03-26T00:00:00+00:00
[2023-03-27T13:35:09.412+0000] {processor.py:175} INFO - Processing /opt/airflow/dags/dag2.py took 1.763 seconds
[2023-03-27T13:35:39.721+0000] {processor.py:153} INFO - Started process (PID=174) to work on /opt/airflow/dags/dag2.py
[2023-03-27T13:35:39.795+0000] {processor.py:743} INFO - Processing file /opt/airflow/dags/dag2.py for tasks to queue
[2023-03-27T13:35:39.796+0000] {logging_mixin.py:137} INFO - [2023-03-27T13:35:39.796+0000] {dagbag.py:538} INFO - Filling up the DagBag from /opt/airflow/dags/dag2.py
[2023-03-27T13:35:43.501+0000] {processor.py:753} INFO - DAG(s) dict_keys(['my_second_dagV6']) retrieved from /opt/airflow/dags/dag2.py
[2023-03-27T13:35:44.608+0000] {logging_mixin.py:137} INFO - [2023-03-27T13:35:44.608+0000] {dag.py:2690} INFO - Sync 1 DAGs
[2023-03-27T13:35:45.748+0000] {logging_mixin.py:137} INFO - [2023-03-27T13:35:45.748+0000] {dag.py:3441} INFO - Setting next_dagrun for my_second_dagV6 to 2023-03-19T00:00:00+00:00, run_after=2023-03-26T00:00:00+00:00
[2023-03-27T13:35:45.913+0000] {processor.py:175} INFO - Processing /opt/airflow/dags/dag2.py took 6.195 seconds
[2023-03-27T13:36:16.085+0000] {processor.py:153} INFO - Started process (PID=204) to work on /opt/airflow/dags/dag2.py
[2023-03-27T13:36:16.086+0000] {processor.py:743} INFO - Processing file /opt/airflow/dags/dag2.py for tasks to queue
[2023-03-27T13:36:16.087+0000] {logging_mixin.py:137} INFO - [2023-03-27T13:36:16.087+0000] {dagbag.py:538} INFO - Filling up the DagBag from /opt/airflow/dags/dag2.py
[2023-03-27T13:36:16.133+0000] {processor.py:753} INFO - DAG(s) dict_keys(['my_second_dagV6']) retrieved from /opt/airflow/dags/dag2.py
[2023-03-27T13:36:16.173+0000] {logging_mixin.py:137} INFO - [2023-03-27T13:36:16.173+0000] {dag.py:2690} INFO - Sync 1 DAGs
[2023-03-27T13:36:16.201+0000] {logging_mixin.py:137} INFO - [2023-03-27T13:36:16.200+0000] {dag.py:3441} INFO - Setting next_dagrun for my_second_dagV6 to 2023-03-19T00:00:00+00:00, run_after=2023-03-26T00:00:00+00:00
[2023-03-27T13:36:16.233+0000] {processor.py:175} INFO - Processing /opt/airflow/dags/dag2.py took 0.151 seconds
[2023-03-27T13:36:46.423+0000] {processor.py:153} INFO - Started process (PID=243) to work on /opt/airflow/dags/dag2.py
[2023-03-27T13:36:46.424+0000] {processor.py:743} INFO - Processing file /opt/airflow/dags/dag2.py for tasks to queue
[2023-03-27T13:36:46.424+0000] {logging_mixin.py:137} INFO - [2023-03-27T13:36:46.424+0000] {dagbag.py:538} INFO - Filling up the DagBag from /opt/airflow/dags/dag2.py
[2023-03-27T13:36:46.455+0000] {processor.py:753} INFO - DAG(s) dict_keys(['my_second_dagV6']) retrieved from /opt/airflow/dags/dag2.py
[2023-03-27T13:36:46.483+0000] {logging_mixin.py:137} INFO - [2023-03-27T13:36:46.482+0000] {dag.py:2690} INFO - Sync 1 DAGs
[2023-03-27T13:36:46.508+0000] {logging_mixin.py:137} INFO - [2023-03-27T13:36:46.508+0000] {dag.py:3441} INFO - Setting next_dagrun for my_second_dagV6 to 2023-03-19T00:00:00+00:00, run_after=2023-03-26T00:00:00+00:00
[2023-03-27T13:36:46.530+0000] {processor.py:175} INFO - Processing /opt/airflow/dags/dag2.py took 0.110 seconds
[2023-03-27T13:37:16.739+0000] {processor.py:153} INFO - Started process (PID=269) to work on /opt/airflow/dags/dag2.py
[2023-03-27T13:37:16.742+0000] {processor.py:743} INFO - Processing file /opt/airflow/dags/dag2.py for tasks to queue
[2023-03-27T13:37:16.743+0000] {logging_mixin.py:137} INFO - [2023-03-27T13:37:16.742+0000] {dagbag.py:538} INFO - Filling up the DagBag from /opt/airflow/dags/dag2.py
[2023-03-27T13:37:16.772+0000] {processor.py:753} INFO - DAG(s) dict_keys(['my_second_dagV6']) retrieved from /opt/airflow/dags/dag2.py
[2023-03-27T13:37:16.797+0000] {logging_mixin.py:137} INFO - [2023-03-27T13:37:16.796+0000] {dag.py:2690} INFO - Sync 1 DAGs
[2023-03-27T13:37:16.853+0000] {logging_mixin.py:137} INFO - [2023-03-27T13:37:16.853+0000] {dag.py:3441} INFO - Setting next_dagrun for my_second_dagV6 to 2023-03-19T00:00:00+00:00, run_after=2023-03-26T00:00:00+00:00
[2023-03-27T13:37:16.902+0000] {processor.py:175} INFO - Processing /opt/airflow/dags/dag2.py took 0.166 seconds
[2023-03-27T13:37:47.166+0000] {processor.py:153} INFO - Started process (PID=307) to work on /opt/airflow/dags/dag2.py
[2023-03-27T13:37:47.167+0000] {processor.py:743} INFO - Processing file /opt/airflow/dags/dag2.py for tasks to queue
[2023-03-27T13:37:47.167+0000] {logging_mixin.py:137} INFO - [2023-03-27T13:37:47.167+0000] {dagbag.py:538} INFO - Filling up the DagBag from /opt/airflow/dags/dag2.py
[2023-03-27T13:37:47.201+0000] {processor.py:753} INFO - DAG(s) dict_keys(['my_second_dagV6']) retrieved from /opt/airflow/dags/dag2.py
[2023-03-27T13:37:47.225+0000] {logging_mixin.py:137} INFO - [2023-03-27T13:37:47.225+0000] {dag.py:2690} INFO - Sync 1 DAGs
[2023-03-27T13:37:47.249+0000] {logging_mixin.py:137} INFO - [2023-03-27T13:37:47.249+0000] {dag.py:3441} INFO - Setting next_dagrun for my_second_dagV6 to 2023-03-19T00:00:00+00:00, run_after=2023-03-26T00:00:00+00:00
[2023-03-27T13:37:47.275+0000] {processor.py:175} INFO - Processing /opt/airflow/dags/dag2.py took 0.113 seconds
[2023-03-27T13:38:17.467+0000] {processor.py:153} INFO - Started process (PID=334) to work on /opt/airflow/dags/dag2.py
[2023-03-27T13:38:17.468+0000] {processor.py:743} INFO - Processing file /opt/airflow/dags/dag2.py for tasks to queue
[2023-03-27T13:38:17.468+0000] {logging_mixin.py:137} INFO - [2023-03-27T13:38:17.468+0000] {dagbag.py:538} INFO - Filling up the DagBag from /opt/airflow/dags/dag2.py
[2023-03-27T13:38:17.498+0000] {processor.py:753} INFO - DAG(s) dict_keys(['my_second_dagV6']) retrieved from /opt/airflow/dags/dag2.py
[2023-03-27T13:38:17.521+0000] {logging_mixin.py:137} INFO - [2023-03-27T13:38:17.520+0000] {dag.py:2690} INFO - Sync 1 DAGs
[2023-03-27T13:38:17.587+0000] {logging_mixin.py:137} INFO - [2023-03-27T13:38:17.587+0000] {dag.py:3441} INFO - Setting next_dagrun for my_second_dagV6 to 2023-03-19T00:00:00+00:00, run_after=2023-03-26T00:00:00+00:00
[2023-03-27T13:38:17.621+0000] {processor.py:175} INFO - Processing /opt/airflow/dags/dag2.py took 0.158 seconds
[2023-03-27T13:38:47.846+0000] {processor.py:153} INFO - Started process (PID=372) to work on /opt/airflow/dags/dag2.py
[2023-03-27T13:38:47.846+0000] {processor.py:743} INFO - Processing file /opt/airflow/dags/dag2.py for tasks to queue
[2023-03-27T13:38:47.847+0000] {logging_mixin.py:137} INFO - [2023-03-27T13:38:47.847+0000] {dagbag.py:538} INFO - Filling up the DagBag from /opt/airflow/dags/dag2.py
[2023-03-27T13:38:47.877+0000] {processor.py:753} INFO - DAG(s) dict_keys(['my_second_dagV6']) retrieved from /opt/airflow/dags/dag2.py
[2023-03-27T13:38:47.899+0000] {logging_mixin.py:137} INFO - [2023-03-27T13:38:47.899+0000] {dag.py:2690} INFO - Sync 1 DAGs
[2023-03-27T13:38:47.925+0000] {logging_mixin.py:137} INFO - [2023-03-27T13:38:47.925+0000] {dag.py:3441} INFO - Setting next_dagrun for my_second_dagV6 to 2023-03-19T00:00:00+00:00, run_after=2023-03-26T00:00:00+00:00
[2023-03-27T13:38:47.974+0000] {processor.py:175} INFO - Processing /opt/airflow/dags/dag2.py took 0.132 seconds
[2023-03-27T13:39:18.184+0000] {processor.py:153} INFO - Started process (PID=399) to work on /opt/airflow/dags/dag2.py
[2023-03-27T13:39:18.204+0000] {processor.py:743} INFO - Processing file /opt/airflow/dags/dag2.py for tasks to queue
[2023-03-27T13:39:18.205+0000] {logging_mixin.py:137} INFO - [2023-03-27T13:39:18.205+0000] {dagbag.py:538} INFO - Filling up the DagBag from /opt/airflow/dags/dag2.py
[2023-03-27T13:39:18.237+0000] {processor.py:753} INFO - DAG(s) dict_keys(['my_second_dagV6']) retrieved from /opt/airflow/dags/dag2.py
[2023-03-27T13:39:18.263+0000] {logging_mixin.py:137} INFO - [2023-03-27T13:39:18.263+0000] {dag.py:2690} INFO - Sync 1 DAGs
[2023-03-27T13:39:18.293+0000] {logging_mixin.py:137} INFO - [2023-03-27T13:39:18.293+0000] {dag.py:3441} INFO - Setting next_dagrun for my_second_dagV6 to 2023-03-19T00:00:00+00:00, run_after=2023-03-26T00:00:00+00:00
[2023-03-27T13:39:18.343+0000] {processor.py:175} INFO - Processing /opt/airflow/dags/dag2.py took 0.164 seconds
[2023-03-27T13:39:48.635+0000] {processor.py:153} INFO - Started process (PID=438) to work on /opt/airflow/dags/dag2.py
[2023-03-27T13:39:48.635+0000] {processor.py:743} INFO - Processing file /opt/airflow/dags/dag2.py for tasks to queue
[2023-03-27T13:39:48.636+0000] {logging_mixin.py:137} INFO - [2023-03-27T13:39:48.636+0000] {dagbag.py:538} INFO - Filling up the DagBag from /opt/airflow/dags/dag2.py
[2023-03-27T13:39:48.667+0000] {processor.py:753} INFO - DAG(s) dict_keys(['my_second_dagV6']) retrieved from /opt/airflow/dags/dag2.py
[2023-03-27T13:39:48.690+0000] {logging_mixin.py:137} INFO - [2023-03-27T13:39:48.690+0000] {dag.py:2690} INFO - Sync 1 DAGs
[2023-03-27T13:39:48.715+0000] {logging_mixin.py:137} INFO - [2023-03-27T13:39:48.715+0000] {dag.py:3441} INFO - Setting next_dagrun for my_second_dagV6 to 2023-03-19T00:00:00+00:00, run_after=2023-03-26T00:00:00+00:00
[2023-03-27T13:39:48.739+0000] {processor.py:175} INFO - Processing /opt/airflow/dags/dag2.py took 0.108 seconds
