[2023-03-27T13:34:37.139+0000] {processor.py:153} INFO - Started process (PID=120) to work on /opt/airflow/dags/dag3.py
[2023-03-27T13:34:37.140+0000] {processor.py:743} INFO - Processing file /opt/airflow/dags/dag3.py for tasks to queue
[2023-03-27T13:34:37.140+0000] {logging_mixin.py:137} INFO - [2023-03-27T13:34:37.140+0000] {dagbag.py:538} INFO - Filling up the DagBag from /opt/airflow/dags/dag3.py
[2023-03-27T13:34:37.171+0000] {processor.py:753} INFO - DAG(s) dict_keys(['my_third_dagV1']) retrieved from /opt/airflow/dags/dag3.py
[2023-03-27T13:34:37.195+0000] {logging_mixin.py:137} INFO - [2023-03-27T13:34:37.194+0000] {dag.py:2690} INFO - Sync 1 DAGs
[2023-03-27T13:34:37.218+0000] {logging_mixin.py:137} INFO - [2023-03-27T13:34:37.218+0000] {dag.py:3441} INFO - Setting next_dagrun for my_third_dagV1 to 2023-03-19T00:00:00+00:00, run_after=2023-03-26T00:00:00+00:00
[2023-03-27T13:34:37.302+0000] {processor.py:175} INFO - Processing /opt/airflow/dags/dag3.py took 0.166 seconds
[2023-03-27T13:35:09.432+0000] {processor.py:153} INFO - Started process (PID=148) to work on /opt/airflow/dags/dag3.py
[2023-03-27T13:35:09.461+0000] {processor.py:743} INFO - Processing file /opt/airflow/dags/dag3.py for tasks to queue
[2023-03-27T13:35:09.462+0000] {logging_mixin.py:137} INFO - [2023-03-27T13:35:09.462+0000] {dagbag.py:538} INFO - Filling up the DagBag from /opt/airflow/dags/dag3.py
[2023-03-27T13:35:09.493+0000] {processor.py:753} INFO - DAG(s) dict_keys(['my_third_dagV1']) retrieved from /opt/airflow/dags/dag3.py
[2023-03-27T13:35:09.549+0000] {logging_mixin.py:137} INFO - [2023-03-27T13:35:09.549+0000] {dag.py:2690} INFO - Sync 1 DAGs
[2023-03-27T13:35:09.573+0000] {logging_mixin.py:137} INFO - [2023-03-27T13:35:09.573+0000] {dag.py:3441} INFO - Setting next_dagrun for my_third_dagV1 to 2023-03-19T00:00:00+00:00, run_after=2023-03-26T00:00:00+00:00
[2023-03-27T13:35:09.617+0000] {processor.py:175} INFO - Processing /opt/airflow/dags/dag3.py took 0.188 seconds
[2023-03-27T13:35:45.931+0000] {processor.py:153} INFO - Started process (PID=176) to work on /opt/airflow/dags/dag3.py
[2023-03-27T13:35:45.995+0000] {processor.py:743} INFO - Processing file /opt/airflow/dags/dag3.py for tasks to queue
[2023-03-27T13:35:45.996+0000] {logging_mixin.py:137} INFO - [2023-03-27T13:35:45.996+0000] {dagbag.py:538} INFO - Filling up the DagBag from /opt/airflow/dags/dag3.py
[2023-03-27T13:35:46.186+0000] {processor.py:753} INFO - DAG(s) dict_keys(['my_third_dagV1']) retrieved from /opt/airflow/dags/dag3.py
[2023-03-27T13:35:46.261+0000] {logging_mixin.py:137} INFO - [2023-03-27T13:35:46.261+0000] {dag.py:2690} INFO - Sync 1 DAGs
[2023-03-27T13:35:46.287+0000] {logging_mixin.py:137} INFO - [2023-03-27T13:35:46.287+0000] {dag.py:3441} INFO - Setting next_dagrun for my_third_dagV1 to 2023-03-19T00:00:00+00:00, run_after=2023-03-26T00:00:00+00:00
[2023-03-27T13:35:46.380+0000] {processor.py:175} INFO - Processing /opt/airflow/dags/dag3.py took 0.452 seconds
[2023-03-27T13:36:17.252+0000] {processor.py:153} INFO - Started process (PID=215) to work on /opt/airflow/dags/dag3.py
[2023-03-27T13:36:17.429+0000] {processor.py:743} INFO - Processing file /opt/airflow/dags/dag3.py for tasks to queue
[2023-03-27T13:36:17.430+0000] {logging_mixin.py:137} INFO - [2023-03-27T13:36:17.430+0000] {dagbag.py:538} INFO - Filling up the DagBag from /opt/airflow/dags/dag3.py
[2023-03-27T13:36:17.461+0000] {processor.py:753} INFO - DAG(s) dict_keys(['my_third_dagV1']) retrieved from /opt/airflow/dags/dag3.py
[2023-03-27T13:36:17.492+0000] {logging_mixin.py:137} INFO - [2023-03-27T13:36:17.492+0000] {dag.py:2690} INFO - Sync 1 DAGs
[2023-03-27T13:36:17.518+0000] {logging_mixin.py:137} INFO - [2023-03-27T13:36:17.518+0000] {dag.py:3441} INFO - Setting next_dagrun for my_third_dagV1 to 2023-03-19T00:00:00+00:00, run_after=2023-03-26T00:00:00+00:00
[2023-03-27T13:36:17.537+0000] {processor.py:175} INFO - Processing /opt/airflow/dags/dag3.py took 0.288 seconds
[2023-03-27T13:36:47.554+0000] {processor.py:153} INFO - Started process (PID=245) to work on /opt/airflow/dags/dag3.py
[2023-03-27T13:36:47.554+0000] {processor.py:743} INFO - Processing file /opt/airflow/dags/dag3.py for tasks to queue
[2023-03-27T13:36:47.555+0000] {logging_mixin.py:137} INFO - [2023-03-27T13:36:47.555+0000] {dagbag.py:538} INFO - Filling up the DagBag from /opt/airflow/dags/dag3.py
[2023-03-27T13:36:47.584+0000] {processor.py:753} INFO - DAG(s) dict_keys(['my_third_dagV1']) retrieved from /opt/airflow/dags/dag3.py
[2023-03-27T13:36:47.604+0000] {logging_mixin.py:137} INFO - [2023-03-27T13:36:47.604+0000] {dag.py:2690} INFO - Sync 1 DAGs
[2023-03-27T13:36:47.653+0000] {logging_mixin.py:137} INFO - [2023-03-27T13:36:47.653+0000] {dag.py:3441} INFO - Setting next_dagrun for my_third_dagV1 to 2023-03-19T00:00:00+00:00, run_after=2023-03-26T00:00:00+00:00
[2023-03-27T13:36:47.674+0000] {processor.py:175} INFO - Processing /opt/airflow/dags/dag3.py took 0.124 seconds
[2023-03-27T13:37:17.891+0000] {processor.py:153} INFO - Started process (PID=271) to work on /opt/airflow/dags/dag3.py
[2023-03-27T13:37:17.892+0000] {processor.py:743} INFO - Processing file /opt/airflow/dags/dag3.py for tasks to queue
[2023-03-27T13:37:17.893+0000] {logging_mixin.py:137} INFO - [2023-03-27T13:37:17.893+0000] {dagbag.py:538} INFO - Filling up the DagBag from /opt/airflow/dags/dag3.py
[2023-03-27T13:37:17.939+0000] {processor.py:753} INFO - DAG(s) dict_keys(['my_third_dagV1']) retrieved from /opt/airflow/dags/dag3.py
[2023-03-27T13:37:17.960+0000] {logging_mixin.py:137} INFO - [2023-03-27T13:37:17.960+0000] {dag.py:2690} INFO - Sync 1 DAGs
[2023-03-27T13:37:18.004+0000] {logging_mixin.py:137} INFO - [2023-03-27T13:37:18.004+0000] {dag.py:3441} INFO - Setting next_dagrun for my_third_dagV1 to 2023-03-19T00:00:00+00:00, run_after=2023-03-26T00:00:00+00:00
[2023-03-27T13:37:18.022+0000] {processor.py:175} INFO - Processing /opt/airflow/dags/dag3.py took 0.133 seconds
[2023-03-27T13:37:48.301+0000] {processor.py:153} INFO - Started process (PID=309) to work on /opt/airflow/dags/dag3.py
[2023-03-27T13:37:48.301+0000] {processor.py:743} INFO - Processing file /opt/airflow/dags/dag3.py for tasks to queue
[2023-03-27T13:37:48.302+0000] {logging_mixin.py:137} INFO - [2023-03-27T13:37:48.302+0000] {dagbag.py:538} INFO - Filling up the DagBag from /opt/airflow/dags/dag3.py
[2023-03-27T13:37:48.331+0000] {processor.py:753} INFO - DAG(s) dict_keys(['my_third_dagV1']) retrieved from /opt/airflow/dags/dag3.py
[2023-03-27T13:37:48.352+0000] {logging_mixin.py:137} INFO - [2023-03-27T13:37:48.352+0000] {dag.py:2690} INFO - Sync 1 DAGs
[2023-03-27T13:37:48.375+0000] {logging_mixin.py:137} INFO - [2023-03-27T13:37:48.375+0000] {dag.py:3441} INFO - Setting next_dagrun for my_third_dagV1 to 2023-03-19T00:00:00+00:00, run_after=2023-03-26T00:00:00+00:00
[2023-03-27T13:37:48.392+0000] {processor.py:175} INFO - Processing /opt/airflow/dags/dag3.py took 0.094 seconds
[2023-03-27T13:38:18.644+0000] {processor.py:153} INFO - Started process (PID=336) to work on /opt/airflow/dags/dag3.py
[2023-03-27T13:38:18.645+0000] {processor.py:743} INFO - Processing file /opt/airflow/dags/dag3.py for tasks to queue
[2023-03-27T13:38:18.646+0000] {logging_mixin.py:137} INFO - [2023-03-27T13:38:18.645+0000] {dagbag.py:538} INFO - Filling up the DagBag from /opt/airflow/dags/dag3.py
[2023-03-27T13:38:18.674+0000] {processor.py:753} INFO - DAG(s) dict_keys(['my_third_dagV1']) retrieved from /opt/airflow/dags/dag3.py
[2023-03-27T13:38:18.694+0000] {logging_mixin.py:137} INFO - [2023-03-27T13:38:18.694+0000] {dag.py:2690} INFO - Sync 1 DAGs
[2023-03-27T13:38:18.718+0000] {logging_mixin.py:137} INFO - [2023-03-27T13:38:18.717+0000] {dag.py:3441} INFO - Setting next_dagrun for my_third_dagV1 to 2023-03-19T00:00:00+00:00, run_after=2023-03-26T00:00:00+00:00
[2023-03-27T13:38:18.734+0000] {processor.py:175} INFO - Processing /opt/airflow/dags/dag3.py took 0.092 seconds
[2023-03-27T13:38:49.009+0000] {processor.py:153} INFO - Started process (PID=374) to work on /opt/airflow/dags/dag3.py
[2023-03-27T13:38:49.010+0000] {processor.py:743} INFO - Processing file /opt/airflow/dags/dag3.py for tasks to queue
[2023-03-27T13:38:49.010+0000] {logging_mixin.py:137} INFO - [2023-03-27T13:38:49.010+0000] {dagbag.py:538} INFO - Filling up the DagBag from /opt/airflow/dags/dag3.py
[2023-03-27T13:38:49.044+0000] {processor.py:753} INFO - DAG(s) dict_keys(['my_third_dagV1']) retrieved from /opt/airflow/dags/dag3.py
[2023-03-27T13:38:49.065+0000] {logging_mixin.py:137} INFO - [2023-03-27T13:38:49.065+0000] {dag.py:2690} INFO - Sync 1 DAGs
[2023-03-27T13:38:49.090+0000] {logging_mixin.py:137} INFO - [2023-03-27T13:38:49.090+0000] {dag.py:3441} INFO - Setting next_dagrun for my_third_dagV1 to 2023-03-19T00:00:00+00:00, run_after=2023-03-26T00:00:00+00:00
[2023-03-27T13:38:49.111+0000] {processor.py:175} INFO - Processing /opt/airflow/dags/dag3.py took 0.105 seconds
[2023-03-27T13:39:19.367+0000] {processor.py:153} INFO - Started process (PID=401) to work on /opt/airflow/dags/dag3.py
[2023-03-27T13:39:19.368+0000] {processor.py:743} INFO - Processing file /opt/airflow/dags/dag3.py for tasks to queue
[2023-03-27T13:39:19.368+0000] {logging_mixin.py:137} INFO - [2023-03-27T13:39:19.368+0000] {dagbag.py:538} INFO - Filling up the DagBag from /opt/airflow/dags/dag3.py
[2023-03-27T13:39:19.398+0000] {processor.py:753} INFO - DAG(s) dict_keys(['my_third_dagV1']) retrieved from /opt/airflow/dags/dag3.py
[2023-03-27T13:39:19.420+0000] {logging_mixin.py:137} INFO - [2023-03-27T13:39:19.419+0000] {dag.py:2690} INFO - Sync 1 DAGs
[2023-03-27T13:39:19.445+0000] {logging_mixin.py:137} INFO - [2023-03-27T13:39:19.444+0000] {dag.py:3441} INFO - Setting next_dagrun for my_third_dagV1 to 2023-03-19T00:00:00+00:00, run_after=2023-03-26T00:00:00+00:00
[2023-03-27T13:39:19.461+0000] {processor.py:175} INFO - Processing /opt/airflow/dags/dag3.py took 0.098 seconds
[2023-03-27T13:39:49.769+0000] {processor.py:153} INFO - Started process (PID=440) to work on /opt/airflow/dags/dag3.py
[2023-03-27T13:39:49.770+0000] {processor.py:743} INFO - Processing file /opt/airflow/dags/dag3.py for tasks to queue
[2023-03-27T13:39:49.770+0000] {logging_mixin.py:137} INFO - [2023-03-27T13:39:49.770+0000] {dagbag.py:538} INFO - Filling up the DagBag from /opt/airflow/dags/dag3.py
[2023-03-27T13:39:49.798+0000] {processor.py:753} INFO - DAG(s) dict_keys(['my_third_dagV1']) retrieved from /opt/airflow/dags/dag3.py
[2023-03-27T13:39:49.819+0000] {logging_mixin.py:137} INFO - [2023-03-27T13:39:49.819+0000] {dag.py:2690} INFO - Sync 1 DAGs
[2023-03-27T13:39:49.843+0000] {logging_mixin.py:137} INFO - [2023-03-27T13:39:49.842+0000] {dag.py:3441} INFO - Setting next_dagrun for my_third_dagV1 to 2023-03-19T00:00:00+00:00, run_after=2023-03-26T00:00:00+00:00
[2023-03-27T13:39:49.859+0000] {processor.py:175} INFO - Processing /opt/airflow/dags/dag3.py took 0.092 seconds
