[2023-05-15T10:38:52.258+0000] {taskinstance.py:1083} INFO - Dependencies all met for <TaskInstance: my_third_dagV1.fo manual__2023-05-15T10:38:50.581836+00:00 [queued]>
[2023-05-15T10:38:52.267+0000] {taskinstance.py:1083} INFO - Dependencies all met for <TaskInstance: my_third_dagV1.fo manual__2023-05-15T10:38:50.581836+00:00 [queued]>
[2023-05-15T10:38:52.267+0000] {taskinstance.py:1279} INFO - 
--------------------------------------------------------------------------------
[2023-05-15T10:38:52.267+0000] {taskinstance.py:1280} INFO - Starting attempt 1 of 1
[2023-05-15T10:38:52.267+0000] {taskinstance.py:1281} INFO - 
--------------------------------------------------------------------------------
[2023-05-15T10:38:52.282+0000] {taskinstance.py:1300} INFO - Executing <Task(PythonOperator): fo> on 2023-05-15 10:38:50.581836+00:00
[2023-05-15T10:38:52.288+0000] {standard_task_runner.py:55} INFO - Started process 3637 to run task
[2023-05-15T10:38:52.292+0000] {standard_task_runner.py:82} INFO - Running: ['***', 'tasks', 'run', 'my_third_dagV1', 'fo', 'manual__2023-05-15T10:38:50.581836+00:00', '--job-id', '133', '--raw', '--subdir', 'DAGS_FOLDER/dag3.py', '--cfg-path', '/tmp/tmpkf05rbes']
[2023-05-15T10:38:52.293+0000] {standard_task_runner.py:83} INFO - Job 133: Subtask fo
[2023-05-15T10:38:52.397+0000] {task_command.py:388} INFO - Running <TaskInstance: my_third_dagV1.fo manual__2023-05-15T10:38:50.581836+00:00 [running]> on host 725972ab8e3a
[2023-05-15T10:38:52.484+0000] {taskinstance.py:1509} INFO - Exporting the following env vars:
AIRFLOW_CTX_DAG_OWNER=***
AIRFLOW_CTX_DAG_ID=my_third_dagV1
AIRFLOW_CTX_TASK_ID=fo
AIRFLOW_CTX_EXECUTION_DATE=2023-05-15T10:38:50.581836+00:00
AIRFLOW_CTX_TRY_NUMBER=1
AIRFLOW_CTX_DAG_RUN_ID=manual__2023-05-15T10:38:50.581836+00:00
[2023-05-15T10:39:08.843+0000] {logging_mixin.py:137} INFO - <pyspark.sql.session.SparkSession object at 0x7fe029195b90>
[2023-05-15T10:39:22.989+0000] {taskinstance.py:1768} ERROR - Task failed with exception
Traceback (most recent call last):
  File "/home/airflow/.local/lib/python3.7/site-packages/airflow/operators/python.py", line 175, in execute
    return_value = self.execute_callable()
  File "/home/airflow/.local/lib/python3.7/site-packages/airflow/operators/python.py", line 192, in execute_callable
    return self.python_callable(*self.op_args, **self.op_kwargs)
  File "/opt/airflow/dags/dag3.py", line 75, in foo1
    '''.format(date_start, date_finish), dbConnection))
  File "/home/airflow/.local/lib/python3.7/site-packages/pyspark/sql/session.py", line 892, in createDataFrame
    data, schema, samplingRatio, verifySchema
  File "/home/airflow/.local/lib/python3.7/site-packages/pyspark/sql/pandas/conversion.py", line 436, in createDataFrame
    converted_data = self._convert_from_pandas(data, schema, timezone)
  File "/home/airflow/.local/lib/python3.7/site-packages/pyspark/sql/pandas/conversion.py", line 500, in _convert_from_pandas
    np_records = pdf.to_records(index=False)
  File "/home/airflow/.local/lib/python3.7/site-packages/pandas/core/frame.py", line 2289, in to_records
    return np.rec.fromarrays(arrays, dtype={"names": names, "formats": formats})
  File "/home/airflow/.local/lib/python3.7/site-packages/numpy/core/records.py", line 653, in fromarrays
    descr = sb.dtype(dtype)
ValueError: name already used as a name or title
[2023-05-15T10:39:23.150+0000] {taskinstance.py:1323} INFO - Marking task as FAILED. dag_id=my_third_dagV1, task_id=fo, execution_date=20230515T103850, start_date=20230515T103852, end_date=20230515T103923
[2023-05-15T10:39:23.223+0000] {standard_task_runner.py:105} ERROR - Failed to execute job 133 for task fo (name already used as a name or title; 3637)
[2023-05-15T10:39:23.251+0000] {local_task_job.py:208} INFO - Task exited with return code 1
[2023-05-15T10:39:23.268+0000] {taskinstance.py:2578} INFO - 0 downstream tasks scheduled from follow-on schedule check
