[2023-01-27T17:54:01.182+0000] {taskinstance.py:1083} INFO - Dependencies all met for <TaskInstance: my_second_dagV2.insert_task scheduled__2023-01-15T00:00:00+00:00 [queued]>
[2023-01-27T17:54:01.192+0000] {taskinstance.py:1083} INFO - Dependencies all met for <TaskInstance: my_second_dagV2.insert_task scheduled__2023-01-15T00:00:00+00:00 [queued]>
[2023-01-27T17:54:01.192+0000] {taskinstance.py:1279} INFO - 
--------------------------------------------------------------------------------
[2023-01-27T17:54:01.192+0000] {taskinstance.py:1280} INFO - Starting attempt 1 of 1
[2023-01-27T17:54:01.193+0000] {taskinstance.py:1281} INFO - 
--------------------------------------------------------------------------------
[2023-01-27T17:54:01.206+0000] {taskinstance.py:1300} INFO - Executing <Task(PostgresOperator): insert_task> on 2023-01-15 00:00:00+00:00
[2023-01-27T17:54:01.212+0000] {standard_task_runner.py:55} INFO - Started process 2748 to run task
[2023-01-27T17:54:01.215+0000] {standard_task_runner.py:82} INFO - Running: ['***', 'tasks', 'run', 'my_second_dagV2', 'insert_task', 'scheduled__2023-01-15T00:00:00+00:00', '--job-id', '8', '--raw', '--subdir', 'DAGS_FOLDER/dag2.py', '--cfg-path', '/tmp/tmpiforgb42']
[2023-01-27T17:54:01.215+0000] {standard_task_runner.py:83} INFO - Job 8: Subtask insert_task
[2023-01-27T17:54:01.303+0000] {task_command.py:388} INFO - Running <TaskInstance: my_second_dagV2.insert_task scheduled__2023-01-15T00:00:00+00:00 [running]> on host 9763ece73850
[2023-01-27T17:54:01.420+0000] {taskinstance.py:1509} INFO - Exporting the following env vars:
AIRFLOW_CTX_DAG_OWNER=***
AIRFLOW_CTX_DAG_ID=my_second_dagV2
AIRFLOW_CTX_TASK_ID=insert_task
AIRFLOW_CTX_EXECUTION_DATE=2023-01-15T00:00:00+00:00
AIRFLOW_CTX_TRY_NUMBER=1
AIRFLOW_CTX_DAG_RUN_ID=scheduled__2023-01-15T00:00:00+00:00
[2023-01-27T17:54:01.421+0000] {sql.py:254} INFO - Executing: 
            insert into dag_runs(dt, dag_id) VALUES ('2023-01-15', ' my_second_dagV2')
        
[2023-01-27T17:54:01.446+0000] {base.py:73} INFO - Using connection ID 'postgres_localhost' for task execution.
[2023-01-27T17:54:01.633+0000] {base.py:73} INFO - Using connection ID 'postgres_localhost' for task execution.
[2023-01-27T17:54:01.637+0000] {sql.py:375} INFO - Running statement: 
            insert into dag_runs(dt, dag_id) VALUES ('2023-01-15', ' my_second_dagV2')
        , parameters: None
[2023-01-27T17:54:01.638+0000] {sql.py:384} INFO - Rows affected: 1
[2023-01-27T17:54:01.661+0000] {taskinstance.py:1323} INFO - Marking task as SUCCESS. dag_id=my_second_dagV2, task_id=insert_task, execution_date=20230115T000000, start_date=20230127T175401, end_date=20230127T175401
[2023-01-27T17:54:01.708+0000] {local_task_job.py:208} INFO - Task exited with return code 0
[2023-01-27T17:54:01.731+0000] {taskinstance.py:2578} INFO - 0 downstream tasks scheduled from follow-on schedule check
