[2023-01-28T07:51:35.685+0000] {taskinstance.py:1083} INFO - Dependencies all met for <TaskInstance: my_second_dagV3.calculate_optimal_prices manual__2023-01-28T07:51:34.225844+00:00 [queued]>
[2023-01-28T07:51:35.710+0000] {taskinstance.py:1083} INFO - Dependencies all met for <TaskInstance: my_second_dagV3.calculate_optimal_prices manual__2023-01-28T07:51:34.225844+00:00 [queued]>
[2023-01-28T07:51:35.710+0000] {taskinstance.py:1279} INFO - 
--------------------------------------------------------------------------------
[2023-01-28T07:51:35.710+0000] {taskinstance.py:1280} INFO - Starting attempt 1 of 1
[2023-01-28T07:51:35.710+0000] {taskinstance.py:1281} INFO - 
--------------------------------------------------------------------------------
[2023-01-28T07:51:35.735+0000] {taskinstance.py:1300} INFO - Executing <Task(PythonOperator): calculate_optimal_prices> on 2023-01-28 07:51:34.225844+00:00
[2023-01-28T07:51:35.742+0000] {standard_task_runner.py:55} INFO - Started process 6441 to run task
[2023-01-28T07:51:35.745+0000] {standard_task_runner.py:82} INFO - Running: ['***', 'tasks', 'run', 'my_second_dagV3', 'calculate_optimal_prices', 'manual__2023-01-28T07:51:34.225844+00:00', '--job-id', '23', '--raw', '--subdir', 'DAGS_FOLDER/dag2.py', '--cfg-path', '/tmp/tmppyna25la']
[2023-01-28T07:51:35.746+0000] {standard_task_runner.py:83} INFO - Job 23: Subtask calculate_optimal_prices
[2023-01-28T07:51:35.811+0000] {task_command.py:388} INFO - Running <TaskInstance: my_second_dagV3.calculate_optimal_prices manual__2023-01-28T07:51:34.225844+00:00 [running]> on host 9763ece73850
[2023-01-28T07:51:35.891+0000] {taskinstance.py:1509} INFO - Exporting the following env vars:
AIRFLOW_CTX_DAG_OWNER=***
AIRFLOW_CTX_DAG_ID=my_second_dagV3
AIRFLOW_CTX_TASK_ID=calculate_optimal_prices
AIRFLOW_CTX_EXECUTION_DATE=2023-01-28T07:51:34.225844+00:00
AIRFLOW_CTX_TRY_NUMBER=1
AIRFLOW_CTX_DAG_RUN_ID=manual__2023-01-28T07:51:34.225844+00:00
[2023-01-28T07:51:35.891+0000] {python.py:177} INFO - Done. Returned value was: 4
[2023-01-28T07:51:35.916+0000] {taskinstance.py:1323} INFO - Marking task as SUCCESS. dag_id=my_second_dagV3, task_id=calculate_optimal_prices, execution_date=20230128T075134, start_date=20230128T075135, end_date=20230128T075135
[2023-01-28T07:51:35.961+0000] {local_task_job.py:208} INFO - Task exited with return code 0
[2023-01-28T07:51:35.990+0000] {taskinstance.py:2578} INFO - 0 downstream tasks scheduled from follow-on schedule check
