[2023-05-15T20:42:29.088+0000] {taskinstance.py:1083} INFO - Dependencies all met for <TaskInstance: my_third_dagV2.fo manual__2023-05-15T20:42:28.132779+00:00 [queued]>
[2023-05-15T20:42:29.099+0000] {taskinstance.py:1083} INFO - Dependencies all met for <TaskInstance: my_third_dagV2.fo manual__2023-05-15T20:42:28.132779+00:00 [queued]>
[2023-05-15T20:42:29.099+0000] {taskinstance.py:1279} INFO - 
--------------------------------------------------------------------------------
[2023-05-15T20:42:29.099+0000] {taskinstance.py:1280} INFO - Starting attempt 1 of 1
[2023-05-15T20:42:29.099+0000] {taskinstance.py:1281} INFO - 
--------------------------------------------------------------------------------
[2023-05-15T20:42:29.112+0000] {taskinstance.py:1300} INFO - Executing <Task(PythonOperator): fo> on 2023-05-15 20:42:28.132779+00:00
[2023-05-15T20:42:29.117+0000] {standard_task_runner.py:55} INFO - Started process 10434 to run task
[2023-05-15T20:42:29.120+0000] {standard_task_runner.py:82} INFO - Running: ['***', 'tasks', 'run', 'my_third_dagV2', 'fo', 'manual__2023-05-15T20:42:28.132779+00:00', '--job-id', '138', '--raw', '--subdir', 'DAGS_FOLDER/dag3.py', '--cfg-path', '/tmp/tmp2xm63352']
[2023-05-15T20:42:29.121+0000] {standard_task_runner.py:83} INFO - Job 138: Subtask fo
[2023-05-15T20:42:29.194+0000] {task_command.py:388} INFO - Running <TaskInstance: my_third_dagV2.fo manual__2023-05-15T20:42:28.132779+00:00 [running]> on host 725972ab8e3a
[2023-05-15T20:42:29.287+0000] {taskinstance.py:1509} INFO - Exporting the following env vars:
AIRFLOW_CTX_DAG_OWNER=***
AIRFLOW_CTX_DAG_ID=my_third_dagV2
AIRFLOW_CTX_TASK_ID=fo
AIRFLOW_CTX_EXECUTION_DATE=2023-05-15T20:42:28.132779+00:00
AIRFLOW_CTX_TRY_NUMBER=1
AIRFLOW_CTX_DAG_RUN_ID=manual__2023-05-15T20:42:28.132779+00:00
[2023-05-15T20:42:42.276+0000] {logging_mixin.py:137} INFO - Hello
[2023-05-15T20:42:42.277+0000] {logging_mixin.py:137} INFO - <pyspark.sql.session.SparkSession object at 0x7fe02919dcd0>
[2023-05-15T20:42:42.277+0000] {logging_mixin.py:137} INFO - Bye
[2023-05-15T20:42:42.283+0000] {python.py:177} INFO - Done. Returned value was: 2
[2023-05-15T20:42:42.308+0000] {taskinstance.py:1323} INFO - Marking task as SUCCESS. dag_id=my_third_dagV2, task_id=fo, execution_date=20230515T204228, start_date=20230515T204229, end_date=20230515T204242
[2023-05-15T20:42:42.377+0000] {local_task_job.py:208} INFO - Task exited with return code 0
[2023-05-15T20:42:42.395+0000] {taskinstance.py:2578} INFO - 0 downstream tasks scheduled from follow-on schedule check
