[2023-05-18T14:02:46.537+0000] {taskinstance.py:1083} INFO - Dependencies all met for <TaskInstance: my_first_dagV2.calculate_save_optimal_prices manual__2023-05-18T14:02:42.561848+00:00 [queued]>
[2023-05-18T14:02:46.546+0000] {taskinstance.py:1083} INFO - Dependencies all met for <TaskInstance: my_first_dagV2.calculate_save_optimal_prices manual__2023-05-18T14:02:42.561848+00:00 [queued]>
[2023-05-18T14:02:46.547+0000] {taskinstance.py:1279} INFO - 
--------------------------------------------------------------------------------
[2023-05-18T14:02:46.547+0000] {taskinstance.py:1280} INFO - Starting attempt 1 of 1
[2023-05-18T14:02:46.547+0000] {taskinstance.py:1281} INFO - 
--------------------------------------------------------------------------------
[2023-05-18T14:02:46.597+0000] {taskinstance.py:1300} INFO - Executing <Task(PythonOperator): calculate_save_optimal_prices> on 2023-05-18 14:02:42.561848+00:00
[2023-05-18T14:02:46.611+0000] {standard_task_runner.py:55} INFO - Started process 32829 to run task
[2023-05-18T14:02:46.614+0000] {standard_task_runner.py:82} INFO - Running: ['***', 'tasks', 'run', 'my_first_dagV2', 'calculate_save_optimal_prices', 'manual__2023-05-18T14:02:42.561848+00:00', '--job-id', '187', '--raw', '--subdir', 'DAGS_FOLDER/dag1.py', '--cfg-path', '/tmp/tmpparhqu4r']
[2023-05-18T14:02:46.614+0000] {standard_task_runner.py:83} INFO - Job 187: Subtask calculate_save_optimal_prices
[2023-05-18T14:02:46.730+0000] {task_command.py:388} INFO - Running <TaskInstance: my_first_dagV2.calculate_save_optimal_prices manual__2023-05-18T14:02:42.561848+00:00 [running]> on host 031cfb56e8fb
[2023-05-18T14:02:46.891+0000] {taskinstance.py:1509} INFO - Exporting the following env vars:
AIRFLOW_CTX_DAG_OWNER=***
AIRFLOW_CTX_DAG_ID=my_first_dagV2
AIRFLOW_CTX_TASK_ID=calculate_save_optimal_prices
AIRFLOW_CTX_EXECUTION_DATE=2023-05-18T14:02:42.561848+00:00
AIRFLOW_CTX_TRY_NUMBER=1
AIRFLOW_CTX_DAG_RUN_ID=manual__2023-05-18T14:02:42.561848+00:00
[2023-05-18T14:02:50.398+0000] {logging_mixin.py:137} INFO - a = 103053.8786 ± 55097.8839, доверительный интервал α=5% [-9318.9965 ; 215426.7537]
[2023-05-18T14:02:50.399+0000] {logging_mixin.py:137} INFO - b = -1963587.1200 ± 1162599.8821, доверительный интервал α=5% [-4334725.2123 ; 407550.9723]
[2023-05-18T14:02:50.544+0000] {logging_mixin.py:137} INFO - a = -176.9830 ± 325.0047, доверительный интервал α=5% [-839.8346 ; 485.8685]
[2023-05-18T14:02:50.545+0000] {logging_mixin.py:137} INFO - b = 4371.2685 ± 6563.9852, доверительный интервал α=5% [-9016.0675 ; 17758.6046]
[2023-05-18T14:02:50.722+0000] {logging_mixin.py:137} INFO - a = 12478.0740 ± 6518.6230, доверительный интервал α=5% [-816.7452 ; 25772.8933]
[2023-05-18T14:02:50.723+0000] {logging_mixin.py:137} INFO - b = -359155.4105 ± 209050.9775, доверительный интервал α=5% [-785517.6901 ; 67206.8692]
[2023-05-18T14:02:50.727+0000] {logging_mixin.py:137} INFO - 1.4191806620037823
[2023-05-18T14:02:50.732+0000] {logging_mixin.py:137} INFO -    df_binary     h_vec  optimization       sum
0   0.134383  0.313598      0.315200  0.763181
1   0.075456  0.076533      0.077947  0.229936
2   0.140712  0.141866      0.143486  0.426064
[2023-05-18T14:02:51.021+0000] {python.py:177} INFO - Done. Returned value was: 2
[2023-05-18T14:02:51.042+0000] {taskinstance.py:1323} INFO - Marking task as SUCCESS. dag_id=my_first_dagV2, task_id=calculate_save_optimal_prices, execution_date=20230518T140242, start_date=20230518T140246, end_date=20230518T140251
[2023-05-18T14:02:51.095+0000] {local_task_job.py:208} INFO - Task exited with return code 0
[2023-05-18T14:02:51.114+0000] {taskinstance.py:2578} INFO - 1 downstream tasks scheduled from follow-on schedule check
