[2023-01-31T21:54:11.302+0000] {taskinstance.py:1083} INFO - Dependencies all met for <TaskInstance: my_third_dagV1.fo manual__2023-01-31T21:54:08.332164+00:00 [queued]>
[2023-01-31T21:54:11.310+0000] {taskinstance.py:1083} INFO - Dependencies all met for <TaskInstance: my_third_dagV1.fo manual__2023-01-31T21:54:08.332164+00:00 [queued]>
[2023-01-31T21:54:11.310+0000] {taskinstance.py:1279} INFO - 
--------------------------------------------------------------------------------
[2023-01-31T21:54:11.310+0000] {taskinstance.py:1280} INFO - Starting attempt 1 of 1
[2023-01-31T21:54:11.310+0000] {taskinstance.py:1281} INFO - 
--------------------------------------------------------------------------------
[2023-01-31T21:54:11.331+0000] {taskinstance.py:1300} INFO - Executing <Task(PythonOperator): fo> on 2023-01-31 21:54:08.332164+00:00
[2023-01-31T21:54:11.335+0000] {standard_task_runner.py:55} INFO - Started process 306 to run task
[2023-01-31T21:54:11.337+0000] {standard_task_runner.py:82} INFO - Running: ['***', 'tasks', 'run', 'my_third_dagV1', 'fo', 'manual__2023-01-31T21:54:08.332164+00:00', '--job-id', '3', '--raw', '--subdir', 'DAGS_FOLDER/dag3.py', '--cfg-path', '/tmp/tmp8o4vx9x7']
[2023-01-31T21:54:11.337+0000] {standard_task_runner.py:83} INFO - Job 3: Subtask fo
[2023-01-31T21:54:11.402+0000] {task_command.py:388} INFO - Running <TaskInstance: my_third_dagV1.fo manual__2023-01-31T21:54:08.332164+00:00 [running]> on host 47e55e08a495
[2023-01-31T21:54:11.473+0000] {taskinstance.py:1509} INFO - Exporting the following env vars:
AIRFLOW_CTX_DAG_OWNER=***
AIRFLOW_CTX_DAG_ID=my_third_dagV1
AIRFLOW_CTX_TASK_ID=fo
AIRFLOW_CTX_EXECUTION_DATE=2023-01-31T21:54:08.332164+00:00
AIRFLOW_CTX_TRY_NUMBER=1
AIRFLOW_CTX_DAG_RUN_ID=manual__2023-01-31T21:54:08.332164+00:00
[2023-01-31T21:54:25.017+0000] {font_manager.py:1061} WARNING - Matplotlib is building the font cache; this may take a moment.
[2023-01-31T21:54:25.219+0000] {font_manager.py:1443} INFO - generated new fontManager
[2023-01-31T21:54:32.483+0000] {logging_mixin.py:137} INFO - Empty DataFrame
Columns: []
Index: []
[2023-01-31T21:54:32.484+0000] {logging_mixin.py:137} INFO - Ошибка при работе с PostgreSQL connection to server at "127.0.0.1", port 5432 failed: Connection refused
	Is the server running on that host and accepting TCP/IP connections?
[2023-01-31T21:54:32.485+0000] {taskinstance.py:1768} ERROR - Task failed with exception
Traceback (most recent call last):
  File "/home/airflow/.local/lib/python3.7/site-packages/airflow/operators/python.py", line 175, in execute
    return_value = self.execute_callable()
  File "/home/airflow/.local/lib/python3.7/site-packages/airflow/operators/python.py", line 192, in execute_callable
    return self.python_callable(*self.op_args, **self.op_kwargs)
  File "/opt/airflow/dags/dag3.py", line 51, in foo1
    if connection:
UnboundLocalError: local variable 'connection' referenced before assignment
[2023-01-31T21:54:32.506+0000] {taskinstance.py:1323} INFO - Marking task as FAILED. dag_id=my_third_dagV1, task_id=fo, execution_date=20230131T215408, start_date=20230131T215411, end_date=20230131T215432
[2023-01-31T21:54:32.582+0000] {standard_task_runner.py:105} ERROR - Failed to execute job 3 for task fo (local variable 'connection' referenced before assignment; 306)
[2023-01-31T21:54:32.615+0000] {local_task_job.py:208} INFO - Task exited with return code 1
[2023-01-31T21:54:32.631+0000] {taskinstance.py:2578} INFO - 0 downstream tasks scheduled from follow-on schedule check
