[2023-02-10T09:32:11.482+0000] {taskinstance.py:1083} INFO - Dependencies all met for <TaskInstance: my_first_dag.calculate_optimal_prices manual__2023-02-10T09:15:01.954841+00:00 [queued]>
[2023-02-10T09:32:11.491+0000] {taskinstance.py:1083} INFO - Dependencies all met for <TaskInstance: my_first_dag.calculate_optimal_prices manual__2023-02-10T09:15:01.954841+00:00 [queued]>
[2023-02-10T09:32:11.491+0000] {taskinstance.py:1279} INFO - 
--------------------------------------------------------------------------------
[2023-02-10T09:32:11.491+0000] {taskinstance.py:1280} INFO - Starting attempt 7 of 7
[2023-02-10T09:32:11.491+0000] {taskinstance.py:1281} INFO - 
--------------------------------------------------------------------------------
[2023-02-10T09:32:11.529+0000] {taskinstance.py:1300} INFO - Executing <Task(PythonOperator): calculate_optimal_prices> on 2023-02-10 09:15:01.954841+00:00
[2023-02-10T09:32:11.541+0000] {standard_task_runner.py:55} INFO - Started process 29230 to run task
[2023-02-10T09:32:11.547+0000] {standard_task_runner.py:82} INFO - Running: ['***', 'tasks', 'run', 'my_first_dag', 'calculate_optimal_prices', 'manual__2023-02-10T09:15:01.954841+00:00', '--job-id', '61', '--raw', '--subdir', 'DAGS_FOLDER/dag1.py', '--cfg-path', '/tmp/tmpoavqlgjp']
[2023-02-10T09:32:11.548+0000] {standard_task_runner.py:83} INFO - Job 61: Subtask calculate_optimal_prices
[2023-02-10T09:32:11.648+0000] {task_command.py:388} INFO - Running <TaskInstance: my_first_dag.calculate_optimal_prices manual__2023-02-10T09:15:01.954841+00:00 [running]> on host 47e55e08a495
[2023-02-10T09:32:11.765+0000] {taskinstance.py:1509} INFO - Exporting the following env vars:
AIRFLOW_CTX_DAG_OWNER=***
AIRFLOW_CTX_DAG_ID=my_first_dag
AIRFLOW_CTX_TASK_ID=calculate_optimal_prices
AIRFLOW_CTX_EXECUTION_DATE=2023-02-10T09:15:01.954841+00:00
AIRFLOW_CTX_TRY_NUMBER=7
AIRFLOW_CTX_DAG_RUN_ID=manual__2023-02-10T09:15:01.954841+00:00
[2023-02-10T09:32:14.711+0000] {logging_mixin.py:137} INFO - a = 104126.5008 ± 53599.6971, доверительный интервал α=5% [-5052.5094 ; 213305.5111]
[2023-02-10T09:32:14.712+0000] {logging_mixin.py:137} INFO - b = -1986910.3008 ± 1130139.7939, доверительный интервал α=5% [-4288929.7297 ; 315109.1282]
[2023-02-10T09:32:14.821+0000] {logging_mixin.py:137} INFO - a = 163.5409 ± 110.9425, доверительный интервал α=5% [-62.4415 ; 389.5234]
[2023-02-10T09:32:14.821+0000] {logging_mixin.py:137} INFO - b = -2500.6969 ± 2254.2024, доверительный интервал α=5% [-7092.3568 ; 2090.9631]
[2023-02-10T09:32:14.943+0000] {logging_mixin.py:137} INFO - a = 12586.4627 ± 6325.4469, доверительный интервал α=5% [-298.0509 ; 25470.9763]
[2023-02-10T09:32:14.943+0000] {logging_mixin.py:137} INFO - b = -362717.2361 ± 202708.0127, доверительный интервал α=5% [-775619.9461 ; 50185.4740]
[2023-02-10T09:32:15.088+0000] {python.py:177} INFO - Done. Returned value was: 2
[2023-02-10T09:32:15.124+0000] {taskinstance.py:1323} INFO - Marking task as SUCCESS. dag_id=my_first_dag, task_id=calculate_optimal_prices, execution_date=20230210T091501, start_date=20230210T093211, end_date=20230210T093215
[2023-02-10T09:32:15.178+0000] {local_task_job.py:208} INFO - Task exited with return code 0
[2023-02-10T09:32:15.198+0000] {taskinstance.py:2578} INFO - 2 downstream tasks scheduled from follow-on schedule check
