[2023-02-10T09:17:16.909+0000] {taskinstance.py:1083} INFO - Dependencies all met for <TaskInstance: my_first_dag.calculate_optimal_prices manual__2023-02-10T09:15:01.954841+00:00 [queued]>
[2023-02-10T09:17:16.918+0000] {taskinstance.py:1083} INFO - Dependencies all met for <TaskInstance: my_first_dag.calculate_optimal_prices manual__2023-02-10T09:15:01.954841+00:00 [queued]>
[2023-02-10T09:17:16.918+0000] {taskinstance.py:1279} INFO - 
--------------------------------------------------------------------------------
[2023-02-10T09:17:16.918+0000] {taskinstance.py:1280} INFO - Starting attempt 1 of 1
[2023-02-10T09:17:16.918+0000] {taskinstance.py:1281} INFO - 
--------------------------------------------------------------------------------
[2023-02-10T09:17:16.945+0000] {taskinstance.py:1300} INFO - Executing <Task(PythonOperator): calculate_optimal_prices> on 2023-02-10 09:15:01.954841+00:00
[2023-02-10T09:17:16.949+0000] {standard_task_runner.py:55} INFO - Started process 28342 to run task
[2023-02-10T09:17:16.952+0000] {standard_task_runner.py:82} INFO - Running: ['***', 'tasks', 'run', 'my_first_dag', 'calculate_optimal_prices', 'manual__2023-02-10T09:15:01.954841+00:00', '--job-id', '55', '--raw', '--subdir', 'DAGS_FOLDER/dag1.py', '--cfg-path', '/tmp/tmp1h9c3r3r']
[2023-02-10T09:17:16.952+0000] {standard_task_runner.py:83} INFO - Job 55: Subtask calculate_optimal_prices
[2023-02-10T09:17:17.019+0000] {task_command.py:388} INFO - Running <TaskInstance: my_first_dag.calculate_optimal_prices manual__2023-02-10T09:15:01.954841+00:00 [running]> on host 47e55e08a495
[2023-02-10T09:17:17.101+0000] {taskinstance.py:1509} INFO - Exporting the following env vars:
AIRFLOW_CTX_DAG_OWNER=***
AIRFLOW_CTX_DAG_ID=my_first_dag
AIRFLOW_CTX_TASK_ID=calculate_optimal_prices
AIRFLOW_CTX_EXECUTION_DATE=2023-02-10T09:15:01.954841+00:00
AIRFLOW_CTX_TRY_NUMBER=1
AIRFLOW_CTX_DAG_RUN_ID=manual__2023-02-10T09:15:01.954841+00:00
[2023-02-10T09:17:32.245+0000] {taskinstance.py:1768} ERROR - Task failed with exception
Traceback (most recent call last):
  File "/home/airflow/.local/lib/python3.7/site-packages/airflow/operators/python.py", line 175, in execute
    return_value = self.execute_callable()
  File "/home/airflow/.local/lib/python3.7/site-packages/airflow/operators/python.py", line 192, in execute_callable
    return self.python_callable(*self.op_args, **self.op_kwargs)
  File "/opt/airflow/dags/dag1.py", line 154, in _calculate_optimal_prices
    engine = create_engine("postgresql+psycopg2://airflow:airflow@postgres:5432/abt")
NameError: name 'create_engine' is not defined
[2023-02-10T09:17:32.278+0000] {taskinstance.py:1323} INFO - Marking task as FAILED. dag_id=my_first_dag, task_id=calculate_optimal_prices, execution_date=20230210T091501, start_date=20230210T091716, end_date=20230210T091732
[2023-02-10T09:17:32.301+0000] {standard_task_runner.py:105} ERROR - Failed to execute job 55 for task calculate_optimal_prices (name 'create_engine' is not defined; 28342)
[2023-02-10T09:17:32.342+0000] {local_task_job.py:208} INFO - Task exited with return code 1
[2023-02-10T09:17:32.376+0000] {taskinstance.py:2578} INFO - 0 downstream tasks scheduled from follow-on schedule check
