[2023-05-18T12:56:14.493+0000] {taskinstance.py:1083} INFO - Dependencies all met for <TaskInstance: my_third_dagV5.fo manual__2023-05-18T12:56:13.253584+00:00 [queued]>
[2023-05-18T12:56:14.502+0000] {taskinstance.py:1083} INFO - Dependencies all met for <TaskInstance: my_third_dagV5.fo manual__2023-05-18T12:56:13.253584+00:00 [queued]>
[2023-05-18T12:56:14.502+0000] {taskinstance.py:1279} INFO - 
--------------------------------------------------------------------------------
[2023-05-18T12:56:14.502+0000] {taskinstance.py:1280} INFO - Starting attempt 1 of 1
[2023-05-18T12:56:14.502+0000] {taskinstance.py:1281} INFO - 
--------------------------------------------------------------------------------
[2023-05-18T12:56:14.513+0000] {taskinstance.py:1300} INFO - Executing <Task(PythonOperator): fo> on 2023-05-18 12:56:13.253584+00:00
[2023-05-18T12:56:14.518+0000] {standard_task_runner.py:55} INFO - Started process 27468 to run task
[2023-05-18T12:56:14.521+0000] {standard_task_runner.py:82} INFO - Running: ['***', 'tasks', 'run', 'my_third_dagV5', 'fo', 'manual__2023-05-18T12:56:13.253584+00:00', '--job-id', '179', '--raw', '--subdir', 'DAGS_FOLDER/dag3.py', '--cfg-path', '/tmp/tmpv520o8e1']
[2023-05-18T12:56:14.522+0000] {standard_task_runner.py:83} INFO - Job 179: Subtask fo
[2023-05-18T12:56:14.589+0000] {task_command.py:388} INFO - Running <TaskInstance: my_third_dagV5.fo manual__2023-05-18T12:56:13.253584+00:00 [running]> on host 031cfb56e8fb
[2023-05-18T12:56:14.693+0000] {taskinstance.py:1509} INFO - Exporting the following env vars:
AIRFLOW_CTX_DAG_OWNER=***
AIRFLOW_CTX_DAG_ID=my_third_dagV5
AIRFLOW_CTX_TASK_ID=fo
AIRFLOW_CTX_EXECUTION_DATE=2023-05-18T12:56:13.253584+00:00
AIRFLOW_CTX_TRY_NUMBER=1
AIRFLOW_CTX_DAG_RUN_ID=manual__2023-05-18T12:56:13.253584+00:00
[2023-05-18T12:56:28.878+0000] {warnings.py:110} WARNING - /home/***/.local/lib/python3.7/site-packages/pyspark/context.py:317: FutureWarning: Python 3.7 support is deprecated in Spark 3.4.
  warnings.warn("Python 3.7 support is deprecated in Spark 3.4.", FutureWarning)

[2023-05-18T12:56:30.342+0000] {taskinstance.py:1768} ERROR - Task failed with exception
Traceback (most recent call last):
  File "/home/airflow/.local/lib/python3.7/site-packages/airflow/operators/python.py", line 175, in execute
    return_value = self.execute_callable()
  File "/home/airflow/.local/lib/python3.7/site-packages/airflow/operators/python.py", line 192, in execute_callable
    return self.python_callable(*self.op_args, **self.op_kwargs)
  File "/opt/airflow/dags/dag3.py", line 73, in foo1
    spark.conf.set("spark.executor.cores", "4")
  File "/home/airflow/.local/lib/python3.7/site-packages/pyspark/sql/conf.py", line 47, in set
    self._jconf.set(key, value)
  File "/home/airflow/.local/lib/python3.7/site-packages/py4j/java_gateway.py", line 1323, in __call__
    answer, self.gateway_client, self.target_id, self.name)
  File "/home/airflow/.local/lib/python3.7/site-packages/pyspark/errors/exceptions/captured.py", line 175, in deco
    raise converted from None
pyspark.errors.exceptions.captured.AnalysisException: [CANNOT_MODIFY_CONFIG] Cannot modify the value of the Spark config: "spark.executor.cores".
See also 'https://spark.apache.org/docs/latest/sql-migration-guide.html#ddl-statements'.
[2023-05-18T12:56:30.386+0000] {taskinstance.py:1323} INFO - Marking task as FAILED. dag_id=my_third_dagV5, task_id=fo, execution_date=20230518T125613, start_date=20230518T125614, end_date=20230518T125630
[2023-05-18T12:56:30.440+0000] {standard_task_runner.py:105} ERROR - Failed to execute job 179 for task fo ([CANNOT_MODIFY_CONFIG] Cannot modify the value of the Spark config: "spark.executor.cores".
See also 'https://spark.apache.org/docs/latest/sql-migration-guide.html#ddl-statements'.; 27468)
[2023-05-18T12:56:30.493+0000] {local_task_job.py:208} INFO - Task exited with return code 1
[2023-05-18T12:56:30.534+0000] {taskinstance.py:2578} INFO - 0 downstream tasks scheduled from follow-on schedule check
