[2023-02-09T15:25:59.703+0000] {taskinstance.py:1083} INFO - Dependencies all met for <TaskInstance: my_third_dagV1.fo manual__2023-02-09T15:09:27.365823+00:00 [queued]>
[2023-02-09T15:25:59.712+0000] {taskinstance.py:1083} INFO - Dependencies all met for <TaskInstance: my_third_dagV1.fo manual__2023-02-09T15:09:27.365823+00:00 [queued]>
[2023-02-09T15:25:59.712+0000] {taskinstance.py:1279} INFO - 
--------------------------------------------------------------------------------
[2023-02-09T15:25:59.712+0000] {taskinstance.py:1280} INFO - Starting attempt 11 of 11
[2023-02-09T15:25:59.713+0000] {taskinstance.py:1281} INFO - 
--------------------------------------------------------------------------------
[2023-02-09T15:25:59.770+0000] {taskinstance.py:1300} INFO - Executing <Task(PythonOperator): fo> on 2023-02-09 15:09:27.365823+00:00
[2023-02-09T15:25:59.774+0000] {standard_task_runner.py:55} INFO - Started process 6705 to run task
[2023-02-09T15:25:59.777+0000] {standard_task_runner.py:82} INFO - Running: ['***', 'tasks', 'run', 'my_third_dagV1', 'fo', 'manual__2023-02-09T15:09:27.365823+00:00', '--job-id', '32', '--raw', '--subdir', 'DAGS_FOLDER/dag3.py', '--cfg-path', '/tmp/tmpfw1cft04']
[2023-02-09T15:25:59.778+0000] {standard_task_runner.py:83} INFO - Job 32: Subtask fo
[2023-02-09T15:25:59.846+0000] {task_command.py:388} INFO - Running <TaskInstance: my_third_dagV1.fo manual__2023-02-09T15:09:27.365823+00:00 [running]> on host 47e55e08a495
[2023-02-09T15:25:59.930+0000] {taskinstance.py:1509} INFO - Exporting the following env vars:
AIRFLOW_CTX_DAG_OWNER=***
AIRFLOW_CTX_DAG_ID=my_third_dagV1
AIRFLOW_CTX_TASK_ID=fo
AIRFLOW_CTX_EXECUTION_DATE=2023-02-09T15:09:27.365823+00:00
AIRFLOW_CTX_TRY_NUMBER=11
AIRFLOW_CTX_DAG_RUN_ID=manual__2023-02-09T15:09:27.365823+00:00
[2023-02-09T15:26:04.937+0000] {logging_mixin.py:137} INFO -          ph_id        date  ...  store_location_geo_clust  product_cluster_id
0           14  2022-04-10  ...                       127                5515
1           26  2022-04-12  ...                         9                5515
2           36  2022-04-07  ...                         4                5515
3           64  2022-04-09  ...                         5                5515
4           65  2022-04-14  ...                         5                5515
...        ...         ...  ...                       ...                 ...
46579  1048480  2022-04-12  ...                        41               10528
46580  1047765  2022-04-11  ...                        25                8061
46581  1047767  2022-04-09  ...                        22                8060
46582  1047808  2022-04-07  ...                        21               10529
46583  1047831  2022-04-08  ...                        21                2652

[46584 rows x 9 columns]
[2023-02-09T15:26:04.939+0000] {python.py:177} INFO - Done. Returned value was: 2
[2023-02-09T15:26:05.010+0000] {taskinstance.py:1323} INFO - Marking task as SUCCESS. dag_id=my_third_dagV1, task_id=fo, execution_date=20230209T150927, start_date=20230209T152559, end_date=20230209T152605
[2023-02-09T15:26:05.046+0000] {local_task_job.py:208} INFO - Task exited with return code 0
[2023-02-09T15:26:05.064+0000] {taskinstance.py:2578} INFO - 0 downstream tasks scheduled from follow-on schedule check
