[2023-02-09T15:39:19.805+0000] {taskinstance.py:1083} INFO - Dependencies all met for <TaskInstance: my_third_dagV1.fo manual__2023-02-09T15:09:27.365823+00:00 [queued]>
[2023-02-09T15:39:19.815+0000] {taskinstance.py:1083} INFO - Dependencies all met for <TaskInstance: my_third_dagV1.fo manual__2023-02-09T15:09:27.365823+00:00 [queued]>
[2023-02-09T15:39:19.815+0000] {taskinstance.py:1279} INFO - 
--------------------------------------------------------------------------------
[2023-02-09T15:39:19.815+0000] {taskinstance.py:1280} INFO - Starting attempt 12 of 12
[2023-02-09T15:39:19.815+0000] {taskinstance.py:1281} INFO - 
--------------------------------------------------------------------------------
[2023-02-09T15:39:19.830+0000] {taskinstance.py:1300} INFO - Executing <Task(PythonOperator): fo> on 2023-02-09 15:09:27.365823+00:00
[2023-02-09T15:39:19.833+0000] {standard_task_runner.py:55} INFO - Started process 7505 to run task
[2023-02-09T15:39:19.836+0000] {standard_task_runner.py:82} INFO - Running: ['***', 'tasks', 'run', 'my_third_dagV1', 'fo', 'manual__2023-02-09T15:09:27.365823+00:00', '--job-id', '33', '--raw', '--subdir', 'DAGS_FOLDER/dag3.py', '--cfg-path', '/tmp/tmpboa_uidb']
[2023-02-09T15:39:19.837+0000] {standard_task_runner.py:83} INFO - Job 33: Subtask fo
[2023-02-09T15:39:19.909+0000] {task_command.py:388} INFO - Running <TaskInstance: my_third_dagV1.fo manual__2023-02-09T15:09:27.365823+00:00 [running]> on host 47e55e08a495
[2023-02-09T15:39:20.015+0000] {taskinstance.py:1509} INFO - Exporting the following env vars:
AIRFLOW_CTX_DAG_OWNER=***
AIRFLOW_CTX_DAG_ID=my_third_dagV1
AIRFLOW_CTX_TASK_ID=fo
AIRFLOW_CTX_EXECUTION_DATE=2023-02-09T15:09:27.365823+00:00
AIRFLOW_CTX_TRY_NUMBER=12
AIRFLOW_CTX_DAG_RUN_ID=manual__2023-02-09T15:09:27.365823+00:00
[2023-02-09T15:39:24.444+0000] {logging_mixin.py:137} INFO -          ph_id        date   price  ...  product_id  product_name  category_id
0           14  2022-04-10  1040.0  ...          14        233718           20
1           26  2022-04-12  1040.0  ...          26        233718           20
2           36  2022-04-07  1360.0  ...          36         31996           20
3           64  2022-04-09  1360.0  ...          64         31996           20
4           81  2022-04-07   212.0  ...          81        179553           20
...        ...         ...     ...  ...         ...           ...          ...
40525  1048100  2022-04-13   434.0  ...     1048100        132587          145
40526  1048104  2022-04-12   434.0  ...     1048104        232608          145
40527  1048209  2022-04-09   580.0  ...     1048209         47343          138
40528  1048215  2022-04-09   580.0  ...     1048215         47343          138
40529  1048216  2022-04-13   580.0  ...     1048216         47343          138

[40530 rows x 12 columns]
[2023-02-09T15:39:24.446+0000] {python.py:177} INFO - Done. Returned value was: 2
[2023-02-09T15:39:24.479+0000] {taskinstance.py:1323} INFO - Marking task as SUCCESS. dag_id=my_third_dagV1, task_id=fo, execution_date=20230209T150927, start_date=20230209T153919, end_date=20230209T153924
[2023-02-09T15:39:24.522+0000] {local_task_job.py:208} INFO - Task exited with return code 0
[2023-02-09T15:39:24.538+0000] {taskinstance.py:2578} INFO - 0 downstream tasks scheduled from follow-on schedule check
