[2023-02-09T15:12:22.015+0000] {taskinstance.py:1083} INFO - Dependencies all met for <TaskInstance: my_third_dagV1.fo manual__2023-02-09T15:09:27.365823+00:00 [queued]>
[2023-02-09T15:12:22.024+0000] {taskinstance.py:1083} INFO - Dependencies all met for <TaskInstance: my_third_dagV1.fo manual__2023-02-09T15:09:27.365823+00:00 [queued]>
[2023-02-09T15:12:22.024+0000] {taskinstance.py:1279} INFO - 
--------------------------------------------------------------------------------
[2023-02-09T15:12:22.025+0000] {taskinstance.py:1280} INFO - Starting attempt 2 of 2
[2023-02-09T15:12:22.025+0000] {taskinstance.py:1281} INFO - 
--------------------------------------------------------------------------------
[2023-02-09T15:12:22.055+0000] {taskinstance.py:1300} INFO - Executing <Task(PythonOperator): fo> on 2023-02-09 15:09:27.365823+00:00
[2023-02-09T15:12:22.058+0000] {standard_task_runner.py:55} INFO - Started process 5877 to run task
[2023-02-09T15:12:22.061+0000] {standard_task_runner.py:82} INFO - Running: ['***', 'tasks', 'run', 'my_third_dagV1', 'fo', 'manual__2023-02-09T15:09:27.365823+00:00', '--job-id', '23', '--raw', '--subdir', 'DAGS_FOLDER/dag3.py', '--cfg-path', '/tmp/tmp7bx3ujun']
[2023-02-09T15:12:22.062+0000] {standard_task_runner.py:83} INFO - Job 23: Subtask fo
[2023-02-09T15:12:22.129+0000] {task_command.py:388} INFO - Running <TaskInstance: my_third_dagV1.fo manual__2023-02-09T15:09:27.365823+00:00 [running]> on host 47e55e08a495
[2023-02-09T15:12:22.220+0000] {taskinstance.py:1509} INFO - Exporting the following env vars:
AIRFLOW_CTX_DAG_OWNER=***
AIRFLOW_CTX_DAG_ID=my_third_dagV1
AIRFLOW_CTX_TASK_ID=fo
AIRFLOW_CTX_EXECUTION_DATE=2023-02-09T15:09:27.365823+00:00
AIRFLOW_CTX_TRY_NUMBER=2
AIRFLOW_CTX_DAG_RUN_ID=manual__2023-02-09T15:09:27.365823+00:00
[2023-02-09T15:12:24.896+0000] {taskinstance.py:1768} ERROR - Task failed with exception
Traceback (most recent call last):
  File "/home/airflow/.local/lib/python3.7/site-packages/airflow/operators/python.py", line 175, in execute
    return_value = self.execute_callable()
  File "/home/airflow/.local/lib/python3.7/site-packages/airflow/operators/python.py", line 192, in execute_callable
    return self.python_callable(*self.op_args, **self.op_kwargs)
  File "/opt/airflow/dags/dag3.py", line 53, in foo1
    engine = create_engine("postgresql+psycopg2://airflow:airflow@postgres:5432/abt")
NameError: name 'create_engine' is not defined
[2023-02-09T15:12:24.916+0000] {taskinstance.py:1323} INFO - Marking task as FAILED. dag_id=my_third_dagV1, task_id=fo, execution_date=20230209T150927, start_date=20230209T151222, end_date=20230209T151224
[2023-02-09T15:12:24.928+0000] {standard_task_runner.py:105} ERROR - Failed to execute job 23 for task fo (name 'create_engine' is not defined; 5877)
[2023-02-09T15:12:24.961+0000] {local_task_job.py:208} INFO - Task exited with return code 1
[2023-02-09T15:12:24.978+0000] {taskinstance.py:2578} INFO - 0 downstream tasks scheduled from follow-on schedule check
