[2023-01-27T12:35:23.461+0000] {taskinstance.py:1083} INFO - Dependencies all met for <TaskInstance: my_first_dag.save_new_data manual__2023-01-27T12:35:09.874087+00:00 [queued]>
[2023-01-27T12:35:23.470+0000] {taskinstance.py:1083} INFO - Dependencies all met for <TaskInstance: my_first_dag.save_new_data manual__2023-01-27T12:35:09.874087+00:00 [queued]>
[2023-01-27T12:35:23.471+0000] {taskinstance.py:1279} INFO - 
--------------------------------------------------------------------------------
[2023-01-27T12:35:23.471+0000] {taskinstance.py:1280} INFO - Starting attempt 1 of 1
[2023-01-27T12:35:23.471+0000] {taskinstance.py:1281} INFO - 
--------------------------------------------------------------------------------
[2023-01-27T12:35:23.484+0000] {taskinstance.py:1300} INFO - Executing <Task(PostgresOperator): save_new_data> on 2023-01-27 12:35:09.874087+00:00
[2023-01-27T12:35:23.489+0000] {standard_task_runner.py:55} INFO - Started process 14618 to run task
[2023-01-27T12:35:23.495+0000] {standard_task_runner.py:82} INFO - Running: ['***', 'tasks', 'run', 'my_first_dag', 'save_new_data', 'manual__2023-01-27T12:35:09.874087+00:00', '--job-id', '8', '--raw', '--subdir', 'DAGS_FOLDER/dag1.py', '--cfg-path', '/tmp/tmpkqyoiyav']
[2023-01-27T12:35:23.496+0000] {standard_task_runner.py:83} INFO - Job 8: Subtask save_new_data
[2023-01-27T12:35:23.562+0000] {task_command.py:388} INFO - Running <TaskInstance: my_first_dag.save_new_data manual__2023-01-27T12:35:09.874087+00:00 [running]> on host e75f8974d7c5
[2023-01-27T12:35:23.654+0000] {taskinstance.py:1509} INFO - Exporting the following env vars:
AIRFLOW_CTX_DAG_OWNER=***
AIRFLOW_CTX_DAG_ID=my_first_dag
AIRFLOW_CTX_TASK_ID=save_new_data
AIRFLOW_CTX_EXECUTION_DATE=2023-01-27T12:35:09.874087+00:00
AIRFLOW_CTX_TRY_NUMBER=1
AIRFLOW_CTX_DAG_RUN_ID=manual__2023-01-27T12:35:09.874087+00:00
[2023-01-27T12:35:23.654+0000] {sql.py:254} INFO - Executing: 
            CREATE TABLE IF NOT EXISTS pet (
            pet_id SERIAL PRIMARY KEY,
            name VARCHAR NOT NULL,
            pet_type VARCHAR NOT NULL,
            birth_date DATE NOT NULL,
            OWNER VARCHAR NOT NULL);
          
[2023-01-27T12:35:23.675+0000] {taskinstance.py:1768} ERROR - Task failed with exception
Traceback (most recent call last):
  File "/home/airflow/.local/lib/python3.7/site-packages/airflow/providers/common/sql/operators/sql.py", line 255, in execute
    hook = self.get_db_hook()
  File "/home/airflow/.local/lib/python3.7/site-packages/airflow/providers/common/sql/operators/sql.py", line 179, in get_db_hook
    return self._hook
  File "/home/airflow/.local/lib/python3.7/site-packages/cached_property.py", line 36, in __get__
    value = obj.__dict__[self.func.__name__] = self.func(obj)
  File "/home/airflow/.local/lib/python3.7/site-packages/airflow/providers/common/sql/operators/sql.py", line 141, in _hook
    conn = BaseHook.get_connection(self.conn_id)
  File "/home/airflow/.local/lib/python3.7/site-packages/airflow/hooks/base.py", line 72, in get_connection
    conn = Connection.get_connection_from_secrets(conn_id)
  File "/home/airflow/.local/lib/python3.7/site-packages/airflow/models/connection.py", line 435, in get_connection_from_secrets
    raise AirflowNotFoundException(f"The conn_id `{conn_id}` isn't defined")
airflow.exceptions.AirflowNotFoundException: The conn_id `postgres_default` isn't defined
[2023-01-27T12:35:23.721+0000] {taskinstance.py:1323} INFO - Marking task as FAILED. dag_id=my_first_dag, task_id=save_new_data, execution_date=20230127T123509, start_date=20230127T123523, end_date=20230127T123523
[2023-01-27T12:35:23.753+0000] {standard_task_runner.py:105} ERROR - Failed to execute job 8 for task save_new_data (The conn_id `postgres_default` isn't defined; 14618)
[2023-01-27T12:35:23.785+0000] {local_task_job.py:208} INFO - Task exited with return code 1
[2023-01-27T12:35:23.815+0000] {taskinstance.py:2578} INFO - 0 downstream tasks scheduled from follow-on schedule check
