[2023-02-09T20:44:23.141+0000] {taskinstance.py:1083} INFO - Dependencies all met for <TaskInstance: my_second_dagV6.save_new_data scheduled__2023-01-29T00:00:00+00:00 [queued]>
[2023-02-09T20:44:23.320+0000] {taskinstance.py:1083} INFO - Dependencies all met for <TaskInstance: my_second_dagV6.save_new_data scheduled__2023-01-29T00:00:00+00:00 [queued]>
[2023-02-09T20:44:23.320+0000] {taskinstance.py:1279} INFO - 
--------------------------------------------------------------------------------
[2023-02-09T20:44:23.320+0000] {taskinstance.py:1280} INFO - Starting attempt 1 of 1
[2023-02-09T20:44:23.320+0000] {taskinstance.py:1281} INFO - 
--------------------------------------------------------------------------------
[2023-02-09T20:44:23.375+0000] {taskinstance.py:1300} INFO - Executing <Task(PostgresOperator): save_new_data> on 2023-01-29 00:00:00+00:00
[2023-02-09T20:44:23.379+0000] {standard_task_runner.py:55} INFO - Started process 20108 to run task
[2023-02-09T20:44:23.382+0000] {standard_task_runner.py:82} INFO - Running: ['***', 'tasks', 'run', 'my_second_dagV6', 'save_new_data', 'scheduled__2023-01-29T00:00:00+00:00', '--job-id', '44', '--raw', '--subdir', 'DAGS_FOLDER/dag2.py', '--cfg-path', '/tmp/tmpkv8nnjb4']
[2023-02-09T20:44:23.383+0000] {standard_task_runner.py:83} INFO - Job 44: Subtask save_new_data
[2023-02-09T20:44:23.566+0000] {task_command.py:388} INFO - Running <TaskInstance: my_second_dagV6.save_new_data scheduled__2023-01-29T00:00:00+00:00 [running]> on host 47e55e08a495
[2023-02-09T20:44:23.973+0000] {taskinstance.py:1509} INFO - Exporting the following env vars:
AIRFLOW_CTX_DAG_OWNER=***
AIRFLOW_CTX_DAG_ID=my_second_dagV6
AIRFLOW_CTX_TASK_ID=save_new_data
AIRFLOW_CTX_EXECUTION_DATE=2023-01-29T00:00:00+00:00
AIRFLOW_CTX_TRY_NUMBER=1
AIRFLOW_CTX_DAG_RUN_ID=scheduled__2023-01-29T00:00:00+00:00
[2023-02-09T20:44:23.974+0000] {sql.py:254} INFO - Executing: 
            CREATE TABLE IF NOT EXISTS tutor (
                tutor_id serial primary key, 
                name VARCHAR(20),
                speciality VARCHAR(20)
            )
          
[2023-02-09T20:44:24.073+0000] {base.py:73} INFO - Using connection ID 'postgres_localhost' for task execution.
[2023-02-09T20:44:24.673+0000] {base.py:73} INFO - Using connection ID 'postgres_localhost' for task execution.
[2023-02-09T20:44:24.703+0000] {sql.py:375} INFO - Running statement: 
            CREATE TABLE IF NOT EXISTS tutor (
                tutor_id serial primary key, 
                name VARCHAR(20),
                speciality VARCHAR(20)
            )
          , parameters: None
[2023-02-09T20:44:24.716+0000] {taskinstance.py:1323} INFO - Marking task as SUCCESS. dag_id=my_second_dagV6, task_id=save_new_data, execution_date=20230129T000000, start_date=20230209T204423, end_date=20230209T204424
[2023-02-09T20:44:24.986+0000] {local_task_job.py:208} INFO - Task exited with return code 0
[2023-02-09T20:44:25.068+0000] {taskinstance.py:2578} INFO - 0 downstream tasks scheduled from follow-on schedule check
