[2023-02-10T09:32:16.027+0000] {taskinstance.py:1083} INFO - Dependencies all met for <TaskInstance: my_first_dag.send_optimal_prices manual__2023-02-10T09:15:01.954841+00:00 [queued]>
[2023-02-10T09:32:16.039+0000] {taskinstance.py:1083} INFO - Dependencies all met for <TaskInstance: my_first_dag.send_optimal_prices manual__2023-02-10T09:15:01.954841+00:00 [queued]>
[2023-02-10T09:32:16.039+0000] {taskinstance.py:1279} INFO - 
--------------------------------------------------------------------------------
[2023-02-10T09:32:16.040+0000] {taskinstance.py:1280} INFO - Starting attempt 1 of 1
[2023-02-10T09:32:16.040+0000] {taskinstance.py:1281} INFO - 
--------------------------------------------------------------------------------
[2023-02-10T09:32:16.060+0000] {taskinstance.py:1300} INFO - Executing <Task(PythonOperator): send_optimal_prices> on 2023-02-10 09:15:01.954841+00:00
[2023-02-10T09:32:16.064+0000] {standard_task_runner.py:55} INFO - Started process 29246 to run task
[2023-02-10T09:32:16.067+0000] {standard_task_runner.py:82} INFO - Running: ['***', 'tasks', 'run', 'my_first_dag', 'send_optimal_prices', 'manual__2023-02-10T09:15:01.954841+00:00', '--job-id', '62', '--raw', '--subdir', 'DAGS_FOLDER/dag1.py', '--cfg-path', '/tmp/tmp6jtmoo97']
[2023-02-10T09:32:16.067+0000] {standard_task_runner.py:83} INFO - Job 62: Subtask send_optimal_prices
[2023-02-10T09:32:16.127+0000] {task_command.py:388} INFO - Running <TaskInstance: my_first_dag.send_optimal_prices manual__2023-02-10T09:15:01.954841+00:00 [running]> on host 47e55e08a495
[2023-02-10T09:32:16.224+0000] {taskinstance.py:1509} INFO - Exporting the following env vars:
AIRFLOW_CTX_DAG_OWNER=***
AIRFLOW_CTX_DAG_ID=my_first_dag
AIRFLOW_CTX_TASK_ID=send_optimal_prices
AIRFLOW_CTX_EXECUTION_DATE=2023-02-10T09:15:01.954841+00:00
AIRFLOW_CTX_TRY_NUMBER=1
AIRFLOW_CTX_DAG_RUN_ID=manual__2023-02-10T09:15:01.954841+00:00
[2023-02-10T09:32:16.225+0000] {python.py:177} INFO - Done. Returned value was: 3
[2023-02-10T09:32:16.249+0000] {taskinstance.py:1323} INFO - Marking task as SUCCESS. dag_id=my_first_dag, task_id=send_optimal_prices, execution_date=20230210T091501, start_date=20230210T093216, end_date=20230210T093216
[2023-02-10T09:32:16.279+0000] {local_task_job.py:208} INFO - Task exited with return code 0
[2023-02-10T09:32:16.297+0000] {taskinstance.py:2578} INFO - 0 downstream tasks scheduled from follow-on schedule check
