[2023-01-28T21:39:54.567+0000] {processor.py:153} INFO - Started process (PID=98343) to work on /opt/airflow/dags/dag3.py
[2023-01-28T21:39:54.568+0000] {processor.py:743} INFO - Processing file /opt/airflow/dags/dag3.py for tasks to queue
[2023-01-28T21:39:54.568+0000] {logging_mixin.py:137} INFO - [2023-01-28T21:39:54.568+0000] {dagbag.py:538} INFO - Filling up the DagBag from /opt/airflow/dags/dag3.py
[2023-01-28T21:39:54.602+0000] {processor.py:753} INFO - DAG(s) dict_keys(['my_third_dagV1']) retrieved from /opt/airflow/dags/dag3.py
[2023-01-28T21:39:55.016+0000] {logging_mixin.py:137} INFO - [2023-01-28T21:39:55.016+0000] {manager.py:504} INFO - Created Permission View: can delete on DAG:my_third_dagV1
[2023-01-28T21:39:55.039+0000] {logging_mixin.py:137} INFO - [2023-01-28T21:39:55.039+0000] {manager.py:504} INFO - Created Permission View: can edit on DAG:my_third_dagV1
[2023-01-28T21:39:55.061+0000] {logging_mixin.py:137} INFO - [2023-01-28T21:39:55.060+0000] {manager.py:504} INFO - Created Permission View: can read on DAG:my_third_dagV1
[2023-01-28T21:39:55.061+0000] {logging_mixin.py:137} INFO - [2023-01-28T21:39:55.061+0000] {dag.py:2690} INFO - Sync 1 DAGs
[2023-01-28T21:39:55.077+0000] {logging_mixin.py:137} INFO - [2023-01-28T21:39:55.077+0000] {dag.py:2711} INFO - Creating ORM DAG for my_third_dagV1
[2023-01-28T21:39:55.095+0000] {logging_mixin.py:137} INFO - [2023-01-28T21:39:55.094+0000] {dag.py:3441} INFO - Setting next_dagrun for my_third_dagV1 to 2023-01-15T00:00:00+00:00, run_after=2023-01-22T00:00:00+00:00
[2023-01-28T21:39:55.117+0000] {processor.py:175} INFO - Processing /opt/airflow/dags/dag3.py took 0.553 seconds
[2023-01-28T21:40:25.597+0000] {processor.py:153} INFO - Started process (PID=98431) to work on /opt/airflow/dags/dag3.py
[2023-01-28T21:40:25.598+0000] {processor.py:743} INFO - Processing file /opt/airflow/dags/dag3.py for tasks to queue
[2023-01-28T21:40:25.598+0000] {logging_mixin.py:137} INFO - [2023-01-28T21:40:25.598+0000] {dagbag.py:538} INFO - Filling up the DagBag from /opt/airflow/dags/dag3.py
[2023-01-28T21:40:25.630+0000] {processor.py:753} INFO - DAG(s) dict_keys(['my_third_dagV1']) retrieved from /opt/airflow/dags/dag3.py
[2023-01-28T21:40:25.652+0000] {logging_mixin.py:137} INFO - [2023-01-28T21:40:25.652+0000] {dag.py:2690} INFO - Sync 1 DAGs
[2023-01-28T21:40:25.679+0000] {logging_mixin.py:137} INFO - [2023-01-28T21:40:25.679+0000] {dag.py:3441} INFO - Setting next_dagrun for my_third_dagV1 to 2023-01-22T00:00:00+00:00, run_after=2023-01-29T00:00:00+00:00
[2023-01-28T21:40:25.700+0000] {processor.py:175} INFO - Processing /opt/airflow/dags/dag3.py took 0.107 seconds
[2023-01-28T21:40:56.496+0000] {processor.py:153} INFO - Started process (PID=98516) to work on /opt/airflow/dags/dag3.py
[2023-01-28T21:40:56.517+0000] {processor.py:743} INFO - Processing file /opt/airflow/dags/dag3.py for tasks to queue
[2023-01-28T21:40:56.518+0000] {logging_mixin.py:137} INFO - [2023-01-28T21:40:56.518+0000] {dagbag.py:538} INFO - Filling up the DagBag from /opt/airflow/dags/dag3.py
[2023-01-28T21:40:56.549+0000] {processor.py:753} INFO - DAG(s) dict_keys(['my_third_dagV1']) retrieved from /opt/airflow/dags/dag3.py
[2023-01-28T21:40:56.571+0000] {logging_mixin.py:137} INFO - [2023-01-28T21:40:56.571+0000] {dag.py:2690} INFO - Sync 1 DAGs
[2023-01-28T21:40:56.598+0000] {logging_mixin.py:137} INFO - [2023-01-28T21:40:56.598+0000] {dag.py:3441} INFO - Setting next_dagrun for my_third_dagV1 to 2023-01-22T00:00:00+00:00, run_after=2023-01-29T00:00:00+00:00
[2023-01-28T21:40:56.637+0000] {processor.py:175} INFO - Processing /opt/airflow/dags/dag3.py took 0.148 seconds
[2023-01-28T21:41:27.368+0000] {processor.py:153} INFO - Started process (PID=98587) to work on /opt/airflow/dags/dag3.py
[2023-01-28T21:41:27.369+0000] {processor.py:743} INFO - Processing file /opt/airflow/dags/dag3.py for tasks to queue
[2023-01-28T21:41:27.370+0000] {logging_mixin.py:137} INFO - [2023-01-28T21:41:27.370+0000] {dagbag.py:538} INFO - Filling up the DagBag from /opt/airflow/dags/dag3.py
[2023-01-28T21:41:27.398+0000] {processor.py:753} INFO - DAG(s) dict_keys(['my_third_dagV1']) retrieved from /opt/airflow/dags/dag3.py
[2023-01-28T21:41:27.423+0000] {logging_mixin.py:137} INFO - [2023-01-28T21:41:27.423+0000] {dag.py:2690} INFO - Sync 1 DAGs
[2023-01-28T21:41:27.446+0000] {logging_mixin.py:137} INFO - [2023-01-28T21:41:27.446+0000] {dag.py:3441} INFO - Setting next_dagrun for my_third_dagV1 to 2023-01-22T00:00:00+00:00, run_after=2023-01-29T00:00:00+00:00
[2023-01-28T21:41:27.470+0000] {processor.py:175} INFO - Processing /opt/airflow/dags/dag3.py took 0.104 seconds
[2023-01-28T21:41:57.885+0000] {processor.py:153} INFO - Started process (PID=98671) to work on /opt/airflow/dags/dag3.py
[2023-01-28T21:41:57.934+0000] {processor.py:743} INFO - Processing file /opt/airflow/dags/dag3.py for tasks to queue
[2023-01-28T21:41:57.935+0000] {logging_mixin.py:137} INFO - [2023-01-28T21:41:57.935+0000] {dagbag.py:538} INFO - Filling up the DagBag from /opt/airflow/dags/dag3.py
[2023-01-28T21:41:58.010+0000] {processor.py:753} INFO - DAG(s) dict_keys(['my_third_dagV1']) retrieved from /opt/airflow/dags/dag3.py
[2023-01-28T21:41:58.095+0000] {logging_mixin.py:137} INFO - [2023-01-28T21:41:58.095+0000] {dag.py:2690} INFO - Sync 1 DAGs
[2023-01-28T21:41:58.147+0000] {logging_mixin.py:137} INFO - [2023-01-28T21:41:58.146+0000] {dag.py:3441} INFO - Setting next_dagrun for my_third_dagV1 to 2023-01-22T00:00:00+00:00, run_after=2023-01-29T00:00:00+00:00
[2023-01-28T21:41:58.193+0000] {processor.py:175} INFO - Processing /opt/airflow/dags/dag3.py took 0.313 seconds
[2023-01-28T21:42:28.650+0000] {processor.py:153} INFO - Started process (PID=98741) to work on /opt/airflow/dags/dag3.py
[2023-01-28T21:42:28.651+0000] {processor.py:743} INFO - Processing file /opt/airflow/dags/dag3.py for tasks to queue
[2023-01-28T21:42:28.652+0000] {logging_mixin.py:137} INFO - [2023-01-28T21:42:28.652+0000] {dagbag.py:538} INFO - Filling up the DagBag from /opt/airflow/dags/dag3.py
[2023-01-28T21:42:28.685+0000] {processor.py:753} INFO - DAG(s) dict_keys(['my_third_dagV1']) retrieved from /opt/airflow/dags/dag3.py
[2023-01-28T21:42:28.706+0000] {logging_mixin.py:137} INFO - [2023-01-28T21:42:28.706+0000] {dag.py:2690} INFO - Sync 1 DAGs
[2023-01-28T21:42:28.730+0000] {logging_mixin.py:137} INFO - [2023-01-28T21:42:28.730+0000] {dag.py:3441} INFO - Setting next_dagrun for my_third_dagV1 to 2023-01-22T00:00:00+00:00, run_after=2023-01-29T00:00:00+00:00
[2023-01-28T21:42:28.753+0000] {processor.py:175} INFO - Processing /opt/airflow/dags/dag3.py took 0.108 seconds
[2023-01-28T21:42:58.778+0000] {processor.py:153} INFO - Started process (PID=98825) to work on /opt/airflow/dags/dag3.py
[2023-01-28T21:42:58.779+0000] {processor.py:743} INFO - Processing file /opt/airflow/dags/dag3.py for tasks to queue
[2023-01-28T21:42:58.780+0000] {logging_mixin.py:137} INFO - [2023-01-28T21:42:58.779+0000] {dagbag.py:538} INFO - Filling up the DagBag from /opt/airflow/dags/dag3.py
[2023-01-28T21:42:58.810+0000] {processor.py:753} INFO - DAG(s) dict_keys(['my_third_dagV1']) retrieved from /opt/airflow/dags/dag3.py
[2023-01-28T21:42:58.832+0000] {logging_mixin.py:137} INFO - [2023-01-28T21:42:58.832+0000] {dag.py:2690} INFO - Sync 1 DAGs
[2023-01-28T21:42:58.859+0000] {logging_mixin.py:137} INFO - [2023-01-28T21:42:58.859+0000] {dag.py:3441} INFO - Setting next_dagrun for my_third_dagV1 to 2023-01-22T00:00:00+00:00, run_after=2023-01-29T00:00:00+00:00
[2023-01-28T21:42:58.894+0000] {processor.py:175} INFO - Processing /opt/airflow/dags/dag3.py took 0.118 seconds
[2023-01-28T21:43:29.505+0000] {processor.py:153} INFO - Started process (PID=98896) to work on /opt/airflow/dags/dag3.py
[2023-01-28T21:43:29.506+0000] {processor.py:743} INFO - Processing file /opt/airflow/dags/dag3.py for tasks to queue
[2023-01-28T21:43:29.507+0000] {logging_mixin.py:137} INFO - [2023-01-28T21:43:29.507+0000] {dagbag.py:538} INFO - Filling up the DagBag from /opt/airflow/dags/dag3.py
[2023-01-28T21:43:29.537+0000] {processor.py:753} INFO - DAG(s) dict_keys(['my_third_dagV1']) retrieved from /opt/airflow/dags/dag3.py
[2023-01-28T21:43:29.562+0000] {logging_mixin.py:137} INFO - [2023-01-28T21:43:29.562+0000] {dag.py:2690} INFO - Sync 1 DAGs
[2023-01-28T21:43:29.586+0000] {logging_mixin.py:137} INFO - [2023-01-28T21:43:29.586+0000] {dag.py:3441} INFO - Setting next_dagrun for my_third_dagV1 to 2023-01-22T00:00:00+00:00, run_after=2023-01-29T00:00:00+00:00
[2023-01-28T21:43:29.604+0000] {processor.py:175} INFO - Processing /opt/airflow/dags/dag3.py took 0.103 seconds
[2023-01-28T21:43:59.978+0000] {processor.py:153} INFO - Started process (PID=98980) to work on /opt/airflow/dags/dag3.py
[2023-01-28T21:43:59.979+0000] {processor.py:743} INFO - Processing file /opt/airflow/dags/dag3.py for tasks to queue
[2023-01-28T21:43:59.980+0000] {logging_mixin.py:137} INFO - [2023-01-28T21:43:59.980+0000] {dagbag.py:538} INFO - Filling up the DagBag from /opt/airflow/dags/dag3.py
[2023-01-28T21:44:00.011+0000] {processor.py:753} INFO - DAG(s) dict_keys(['my_third_dagV1']) retrieved from /opt/airflow/dags/dag3.py
[2023-01-28T21:44:00.033+0000] {logging_mixin.py:137} INFO - [2023-01-28T21:44:00.033+0000] {dag.py:2690} INFO - Sync 1 DAGs
[2023-01-28T21:44:00.057+0000] {logging_mixin.py:137} INFO - [2023-01-28T21:44:00.057+0000] {dag.py:3441} INFO - Setting next_dagrun for my_third_dagV1 to 2023-01-22T00:00:00+00:00, run_after=2023-01-29T00:00:00+00:00
[2023-01-28T21:44:00.074+0000] {processor.py:175} INFO - Processing /opt/airflow/dags/dag3.py took 0.100 seconds
[2023-01-28T21:44:30.376+0000] {processor.py:153} INFO - Started process (PID=99050) to work on /opt/airflow/dags/dag3.py
[2023-01-28T21:44:30.402+0000] {processor.py:743} INFO - Processing file /opt/airflow/dags/dag3.py for tasks to queue
[2023-01-28T21:44:30.403+0000] {logging_mixin.py:137} INFO - [2023-01-28T21:44:30.402+0000] {dagbag.py:538} INFO - Filling up the DagBag from /opt/airflow/dags/dag3.py
[2023-01-28T21:44:30.438+0000] {processor.py:753} INFO - DAG(s) dict_keys(['my_third_dagV1']) retrieved from /opt/airflow/dags/dag3.py
[2023-01-28T21:44:30.459+0000] {logging_mixin.py:137} INFO - [2023-01-28T21:44:30.459+0000] {dag.py:2690} INFO - Sync 1 DAGs
[2023-01-28T21:44:30.483+0000] {logging_mixin.py:137} INFO - [2023-01-28T21:44:30.483+0000] {dag.py:3441} INFO - Setting next_dagrun for my_third_dagV1 to 2023-01-22T00:00:00+00:00, run_after=2023-01-29T00:00:00+00:00
[2023-01-28T21:44:30.505+0000] {processor.py:175} INFO - Processing /opt/airflow/dags/dag3.py took 0.132 seconds
[2023-01-28T21:45:00.610+0000] {processor.py:153} INFO - Started process (PID=99134) to work on /opt/airflow/dags/dag3.py
[2023-01-28T21:45:00.612+0000] {processor.py:743} INFO - Processing file /opt/airflow/dags/dag3.py for tasks to queue
[2023-01-28T21:45:00.612+0000] {logging_mixin.py:137} INFO - [2023-01-28T21:45:00.612+0000] {dagbag.py:538} INFO - Filling up the DagBag from /opt/airflow/dags/dag3.py
[2023-01-28T21:45:00.649+0000] {processor.py:753} INFO - DAG(s) dict_keys(['my_third_dagV1']) retrieved from /opt/airflow/dags/dag3.py
[2023-01-28T21:45:00.686+0000] {logging_mixin.py:137} INFO - [2023-01-28T21:45:00.686+0000] {dag.py:2690} INFO - Sync 1 DAGs
[2023-01-28T21:45:00.724+0000] {logging_mixin.py:137} INFO - [2023-01-28T21:45:00.723+0000] {dag.py:3441} INFO - Setting next_dagrun for my_third_dagV1 to 2023-01-22T00:00:00+00:00, run_after=2023-01-29T00:00:00+00:00
[2023-01-28T21:45:00.751+0000] {processor.py:175} INFO - Processing /opt/airflow/dags/dag3.py took 0.146 seconds
[2023-01-28T21:45:31.206+0000] {processor.py:153} INFO - Started process (PID=99204) to work on /opt/airflow/dags/dag3.py
[2023-01-28T21:45:31.207+0000] {processor.py:743} INFO - Processing file /opt/airflow/dags/dag3.py for tasks to queue
[2023-01-28T21:45:31.208+0000] {logging_mixin.py:137} INFO - [2023-01-28T21:45:31.208+0000] {dagbag.py:538} INFO - Filling up the DagBag from /opt/airflow/dags/dag3.py
[2023-01-28T21:45:31.246+0000] {processor.py:753} INFO - DAG(s) dict_keys(['my_third_dagV1']) retrieved from /opt/airflow/dags/dag3.py
[2023-01-28T21:45:31.268+0000] {logging_mixin.py:137} INFO - [2023-01-28T21:45:31.268+0000] {dag.py:2690} INFO - Sync 1 DAGs
[2023-01-28T21:45:31.293+0000] {logging_mixin.py:137} INFO - [2023-01-28T21:45:31.293+0000] {dag.py:3441} INFO - Setting next_dagrun for my_third_dagV1 to 2023-01-22T00:00:00+00:00, run_after=2023-01-29T00:00:00+00:00
[2023-01-28T21:45:31.350+0000] {processor.py:175} INFO - Processing /opt/airflow/dags/dag3.py took 0.147 seconds
[2023-01-28T21:46:01.445+0000] {processor.py:153} INFO - Started process (PID=99288) to work on /opt/airflow/dags/dag3.py
[2023-01-28T21:46:01.446+0000] {processor.py:743} INFO - Processing file /opt/airflow/dags/dag3.py for tasks to queue
[2023-01-28T21:46:01.447+0000] {logging_mixin.py:137} INFO - [2023-01-28T21:46:01.447+0000] {dagbag.py:538} INFO - Filling up the DagBag from /opt/airflow/dags/dag3.py
[2023-01-28T21:46:01.475+0000] {processor.py:753} INFO - DAG(s) dict_keys(['my_third_dagV1']) retrieved from /opt/airflow/dags/dag3.py
[2023-01-28T21:46:01.496+0000] {logging_mixin.py:137} INFO - [2023-01-28T21:46:01.496+0000] {dag.py:2690} INFO - Sync 1 DAGs
[2023-01-28T21:46:01.519+0000] {logging_mixin.py:137} INFO - [2023-01-28T21:46:01.519+0000] {dag.py:3441} INFO - Setting next_dagrun for my_third_dagV1 to 2023-01-22T00:00:00+00:00, run_after=2023-01-29T00:00:00+00:00
[2023-01-28T21:46:01.539+0000] {processor.py:175} INFO - Processing /opt/airflow/dags/dag3.py took 0.096 seconds
[2023-01-28T21:46:31.596+0000] {processor.py:153} INFO - Started process (PID=99358) to work on /opt/airflow/dags/dag3.py
[2023-01-28T21:46:31.632+0000] {processor.py:743} INFO - Processing file /opt/airflow/dags/dag3.py for tasks to queue
[2023-01-28T21:46:31.633+0000] {logging_mixin.py:137} INFO - [2023-01-28T21:46:31.633+0000] {dagbag.py:538} INFO - Filling up the DagBag from /opt/airflow/dags/dag3.py
[2023-01-28T21:46:31.662+0000] {processor.py:753} INFO - DAG(s) dict_keys(['my_third_dagV1']) retrieved from /opt/airflow/dags/dag3.py
[2023-01-28T21:46:31.683+0000] {logging_mixin.py:137} INFO - [2023-01-28T21:46:31.683+0000] {dag.py:2690} INFO - Sync 1 DAGs
[2023-01-28T21:46:31.707+0000] {logging_mixin.py:137} INFO - [2023-01-28T21:46:31.707+0000] {dag.py:3441} INFO - Setting next_dagrun for my_third_dagV1 to 2023-01-22T00:00:00+00:00, run_after=2023-01-29T00:00:00+00:00
[2023-01-28T21:46:31.723+0000] {processor.py:175} INFO - Processing /opt/airflow/dags/dag3.py took 0.131 seconds
[2023-01-28T21:47:02.611+0000] {processor.py:153} INFO - Started process (PID=99442) to work on /opt/airflow/dags/dag3.py
[2023-01-28T21:47:02.612+0000] {processor.py:743} INFO - Processing file /opt/airflow/dags/dag3.py for tasks to queue
[2023-01-28T21:47:02.612+0000] {logging_mixin.py:137} INFO - [2023-01-28T21:47:02.612+0000] {dagbag.py:538} INFO - Filling up the DagBag from /opt/airflow/dags/dag3.py
[2023-01-28T21:47:02.641+0000] {processor.py:753} INFO - DAG(s) dict_keys(['my_third_dagV1']) retrieved from /opt/airflow/dags/dag3.py
[2023-01-28T21:47:02.669+0000] {logging_mixin.py:137} INFO - [2023-01-28T21:47:02.669+0000] {dag.py:2690} INFO - Sync 1 DAGs
[2023-01-28T21:47:02.695+0000] {logging_mixin.py:137} INFO - [2023-01-28T21:47:02.695+0000] {dag.py:3441} INFO - Setting next_dagrun for my_third_dagV1 to 2023-01-22T00:00:00+00:00, run_after=2023-01-29T00:00:00+00:00
[2023-01-28T21:47:02.727+0000] {processor.py:175} INFO - Processing /opt/airflow/dags/dag3.py took 0.119 seconds
[2023-01-28T21:47:33.211+0000] {processor.py:153} INFO - Started process (PID=99521) to work on /opt/airflow/dags/dag3.py
[2023-01-28T21:47:33.212+0000] {processor.py:743} INFO - Processing file /opt/airflow/dags/dag3.py for tasks to queue
[2023-01-28T21:47:33.212+0000] {logging_mixin.py:137} INFO - [2023-01-28T21:47:33.212+0000] {dagbag.py:538} INFO - Filling up the DagBag from /opt/airflow/dags/dag3.py
[2023-01-28T21:47:33.241+0000] {processor.py:753} INFO - DAG(s) dict_keys(['my_third_dagV1']) retrieved from /opt/airflow/dags/dag3.py
[2023-01-28T21:47:33.262+0000] {logging_mixin.py:137} INFO - [2023-01-28T21:47:33.262+0000] {dag.py:2690} INFO - Sync 1 DAGs
[2023-01-28T21:47:33.286+0000] {logging_mixin.py:137} INFO - [2023-01-28T21:47:33.286+0000] {dag.py:3441} INFO - Setting next_dagrun for my_third_dagV1 to 2023-01-22T00:00:00+00:00, run_after=2023-01-29T00:00:00+00:00
[2023-01-28T21:47:33.303+0000] {processor.py:175} INFO - Processing /opt/airflow/dags/dag3.py took 0.095 seconds
[2023-01-28T21:48:03.963+0000] {processor.py:153} INFO - Started process (PID=99596) to work on /opt/airflow/dags/dag3.py
[2023-01-28T21:48:03.963+0000] {processor.py:743} INFO - Processing file /opt/airflow/dags/dag3.py for tasks to queue
[2023-01-28T21:48:03.964+0000] {logging_mixin.py:137} INFO - [2023-01-28T21:48:03.964+0000] {dagbag.py:538} INFO - Filling up the DagBag from /opt/airflow/dags/dag3.py
[2023-01-28T21:48:03.994+0000] {processor.py:753} INFO - DAG(s) dict_keys(['my_third_dagV1']) retrieved from /opt/airflow/dags/dag3.py
[2023-01-28T21:48:04.015+0000] {logging_mixin.py:137} INFO - [2023-01-28T21:48:04.015+0000] {dag.py:2690} INFO - Sync 1 DAGs
[2023-01-28T21:48:04.051+0000] {logging_mixin.py:137} INFO - [2023-01-28T21:48:04.051+0000] {dag.py:3441} INFO - Setting next_dagrun for my_third_dagV1 to 2023-01-22T00:00:00+00:00, run_after=2023-01-29T00:00:00+00:00
[2023-01-28T21:48:04.073+0000] {processor.py:175} INFO - Processing /opt/airflow/dags/dag3.py took 0.113 seconds
[2023-01-28T21:48:34.678+0000] {processor.py:153} INFO - Started process (PID=99680) to work on /opt/airflow/dags/dag3.py
[2023-01-28T21:48:34.707+0000] {processor.py:743} INFO - Processing file /opt/airflow/dags/dag3.py for tasks to queue
[2023-01-28T21:48:34.708+0000] {logging_mixin.py:137} INFO - [2023-01-28T21:48:34.708+0000] {dagbag.py:538} INFO - Filling up the DagBag from /opt/airflow/dags/dag3.py
[2023-01-28T21:48:34.738+0000] {processor.py:753} INFO - DAG(s) dict_keys(['my_third_dagV1']) retrieved from /opt/airflow/dags/dag3.py
[2023-01-28T21:48:34.759+0000] {logging_mixin.py:137} INFO - [2023-01-28T21:48:34.759+0000] {dag.py:2690} INFO - Sync 1 DAGs
[2023-01-28T21:48:34.785+0000] {logging_mixin.py:137} INFO - [2023-01-28T21:48:34.785+0000] {dag.py:3441} INFO - Setting next_dagrun for my_third_dagV1 to 2023-01-22T00:00:00+00:00, run_after=2023-01-29T00:00:00+00:00
[2023-01-28T21:48:34.830+0000] {processor.py:175} INFO - Processing /opt/airflow/dags/dag3.py took 0.155 seconds
[2023-01-28T21:49:05.752+0000] {processor.py:153} INFO - Started process (PID=99750) to work on /opt/airflow/dags/dag3.py
[2023-01-28T21:49:05.753+0000] {processor.py:743} INFO - Processing file /opt/airflow/dags/dag3.py for tasks to queue
[2023-01-28T21:49:05.754+0000] {logging_mixin.py:137} INFO - [2023-01-28T21:49:05.753+0000] {dagbag.py:538} INFO - Filling up the DagBag from /opt/airflow/dags/dag3.py
[2023-01-28T21:49:05.782+0000] {processor.py:753} INFO - DAG(s) dict_keys(['my_third_dagV1']) retrieved from /opt/airflow/dags/dag3.py
[2023-01-28T21:49:05.802+0000] {logging_mixin.py:137} INFO - [2023-01-28T21:49:05.802+0000] {dag.py:2690} INFO - Sync 1 DAGs
[2023-01-28T21:49:05.825+0000] {logging_mixin.py:137} INFO - [2023-01-28T21:49:05.825+0000] {dag.py:3441} INFO - Setting next_dagrun for my_third_dagV1 to 2023-01-22T00:00:00+00:00, run_after=2023-01-29T00:00:00+00:00
[2023-01-28T21:49:05.874+0000] {processor.py:175} INFO - Processing /opt/airflow/dags/dag3.py took 0.124 seconds
[2023-01-28T21:49:36.046+0000] {processor.py:153} INFO - Started process (PID=99833) to work on /opt/airflow/dags/dag3.py
[2023-01-28T21:49:36.047+0000] {processor.py:743} INFO - Processing file /opt/airflow/dags/dag3.py for tasks to queue
[2023-01-28T21:49:36.048+0000] {logging_mixin.py:137} INFO - [2023-01-28T21:49:36.048+0000] {dagbag.py:538} INFO - Filling up the DagBag from /opt/airflow/dags/dag3.py
[2023-01-28T21:49:36.084+0000] {processor.py:753} INFO - DAG(s) dict_keys(['my_third_dagV1']) retrieved from /opt/airflow/dags/dag3.py
[2023-01-28T21:49:36.112+0000] {logging_mixin.py:137} INFO - [2023-01-28T21:49:36.111+0000] {dag.py:2690} INFO - Sync 1 DAGs
[2023-01-28T21:49:36.140+0000] {logging_mixin.py:137} INFO - [2023-01-28T21:49:36.140+0000] {dag.py:3441} INFO - Setting next_dagrun for my_third_dagV1 to 2023-01-22T00:00:00+00:00, run_after=2023-01-29T00:00:00+00:00
[2023-01-28T21:49:36.190+0000] {processor.py:175} INFO - Processing /opt/airflow/dags/dag3.py took 0.147 seconds
[2023-01-28T21:50:06.923+0000] {processor.py:153} INFO - Started process (PID=99904) to work on /opt/airflow/dags/dag3.py
[2023-01-28T21:50:06.924+0000] {processor.py:743} INFO - Processing file /opt/airflow/dags/dag3.py for tasks to queue
[2023-01-28T21:50:06.924+0000] {logging_mixin.py:137} INFO - [2023-01-28T21:50:06.924+0000] {dagbag.py:538} INFO - Filling up the DagBag from /opt/airflow/dags/dag3.py
[2023-01-28T21:50:06.964+0000] {processor.py:753} INFO - DAG(s) dict_keys(['my_third_dagV1']) retrieved from /opt/airflow/dags/dag3.py
[2023-01-28T21:50:06.989+0000] {logging_mixin.py:137} INFO - [2023-01-28T21:50:06.989+0000] {dag.py:2690} INFO - Sync 1 DAGs
[2023-01-28T21:50:07.020+0000] {logging_mixin.py:137} INFO - [2023-01-28T21:50:07.019+0000] {dag.py:3441} INFO - Setting next_dagrun for my_third_dagV1 to 2023-01-22T00:00:00+00:00, run_after=2023-01-29T00:00:00+00:00
[2023-01-28T21:50:07.038+0000] {processor.py:175} INFO - Processing /opt/airflow/dags/dag3.py took 0.119 seconds
[2023-01-28T21:50:37.082+0000] {processor.py:153} INFO - Started process (PID=99987) to work on /opt/airflow/dags/dag3.py
[2023-01-28T21:50:37.083+0000] {processor.py:743} INFO - Processing file /opt/airflow/dags/dag3.py for tasks to queue
[2023-01-28T21:50:37.084+0000] {logging_mixin.py:137} INFO - [2023-01-28T21:50:37.084+0000] {dagbag.py:538} INFO - Filling up the DagBag from /opt/airflow/dags/dag3.py
[2023-01-28T21:50:37.120+0000] {processor.py:753} INFO - DAG(s) dict_keys(['my_third_dagV1']) retrieved from /opt/airflow/dags/dag3.py
[2023-01-28T21:50:37.146+0000] {logging_mixin.py:137} INFO - [2023-01-28T21:50:37.146+0000] {dag.py:2690} INFO - Sync 1 DAGs
[2023-01-28T21:50:37.176+0000] {logging_mixin.py:137} INFO - [2023-01-28T21:50:37.176+0000] {dag.py:3441} INFO - Setting next_dagrun for my_third_dagV1 to 2023-01-22T00:00:00+00:00, run_after=2023-01-29T00:00:00+00:00
[2023-01-28T21:50:37.198+0000] {processor.py:175} INFO - Processing /opt/airflow/dags/dag3.py took 0.121 seconds
[2023-01-28T21:51:08.082+0000] {processor.py:153} INFO - Started process (PID=100056) to work on /opt/airflow/dags/dag3.py
[2023-01-28T21:51:08.084+0000] {processor.py:743} INFO - Processing file /opt/airflow/dags/dag3.py for tasks to queue
[2023-01-28T21:51:08.085+0000] {logging_mixin.py:137} INFO - [2023-01-28T21:51:08.085+0000] {dagbag.py:538} INFO - Filling up the DagBag from /opt/airflow/dags/dag3.py
[2023-01-28T21:51:08.124+0000] {processor.py:753} INFO - DAG(s) dict_keys(['my_third_dagV1']) retrieved from /opt/airflow/dags/dag3.py
[2023-01-28T21:51:08.149+0000] {logging_mixin.py:137} INFO - [2023-01-28T21:51:08.148+0000] {dag.py:2690} INFO - Sync 1 DAGs
[2023-01-28T21:51:08.175+0000] {logging_mixin.py:137} INFO - [2023-01-28T21:51:08.175+0000] {dag.py:3441} INFO - Setting next_dagrun for my_third_dagV1 to 2023-01-22T00:00:00+00:00, run_after=2023-01-29T00:00:00+00:00
[2023-01-28T21:51:08.193+0000] {processor.py:175} INFO - Processing /opt/airflow/dags/dag3.py took 0.116 seconds
[2023-01-28T21:51:38.983+0000] {processor.py:153} INFO - Started process (PID=100140) to work on /opt/airflow/dags/dag3.py
[2023-01-28T21:51:38.984+0000] {processor.py:743} INFO - Processing file /opt/airflow/dags/dag3.py for tasks to queue
[2023-01-28T21:51:38.984+0000] {logging_mixin.py:137} INFO - [2023-01-28T21:51:38.984+0000] {dagbag.py:538} INFO - Filling up the DagBag from /opt/airflow/dags/dag3.py
[2023-01-28T21:51:39.014+0000] {processor.py:753} INFO - DAG(s) dict_keys(['my_third_dagV1']) retrieved from /opt/airflow/dags/dag3.py
[2023-01-28T21:51:39.036+0000] {logging_mixin.py:137} INFO - [2023-01-28T21:51:39.036+0000] {dag.py:2690} INFO - Sync 1 DAGs
[2023-01-28T21:51:39.061+0000] {logging_mixin.py:137} INFO - [2023-01-28T21:51:39.060+0000] {dag.py:3441} INFO - Setting next_dagrun for my_third_dagV1 to 2023-01-22T00:00:00+00:00, run_after=2023-01-29T00:00:00+00:00
[2023-01-28T21:51:39.079+0000] {processor.py:175} INFO - Processing /opt/airflow/dags/dag3.py took 0.099 seconds
[2023-01-28T21:52:09.879+0000] {processor.py:153} INFO - Started process (PID=100210) to work on /opt/airflow/dags/dag3.py
[2023-01-28T21:52:09.883+0000] {processor.py:743} INFO - Processing file /opt/airflow/dags/dag3.py for tasks to queue
[2023-01-28T21:52:09.884+0000] {logging_mixin.py:137} INFO - [2023-01-28T21:52:09.883+0000] {dagbag.py:538} INFO - Filling up the DagBag from /opt/airflow/dags/dag3.py
[2023-01-28T21:52:09.923+0000] {processor.py:753} INFO - DAG(s) dict_keys(['my_third_dagV1']) retrieved from /opt/airflow/dags/dag3.py
[2023-01-28T21:52:09.947+0000] {logging_mixin.py:137} INFO - [2023-01-28T21:52:09.947+0000] {dag.py:2690} INFO - Sync 1 DAGs
[2023-01-28T21:52:09.976+0000] {logging_mixin.py:137} INFO - [2023-01-28T21:52:09.976+0000] {dag.py:3441} INFO - Setting next_dagrun for my_third_dagV1 to 2023-01-22T00:00:00+00:00, run_after=2023-01-29T00:00:00+00:00
[2023-01-28T21:52:10.023+0000] {processor.py:175} INFO - Processing /opt/airflow/dags/dag3.py took 0.151 seconds
[2023-01-28T21:52:40.180+0000] {processor.py:153} INFO - Started process (PID=100295) to work on /opt/airflow/dags/dag3.py
[2023-01-28T21:52:40.181+0000] {processor.py:743} INFO - Processing file /opt/airflow/dags/dag3.py for tasks to queue
[2023-01-28T21:52:40.182+0000] {logging_mixin.py:137} INFO - [2023-01-28T21:52:40.182+0000] {dagbag.py:538} INFO - Filling up the DagBag from /opt/airflow/dags/dag3.py
[2023-01-28T21:52:40.218+0000] {processor.py:753} INFO - DAG(s) dict_keys(['my_third_dagV1']) retrieved from /opt/airflow/dags/dag3.py
[2023-01-28T21:52:40.245+0000] {logging_mixin.py:137} INFO - [2023-01-28T21:52:40.245+0000] {dag.py:2690} INFO - Sync 1 DAGs
[2023-01-28T21:52:40.279+0000] {logging_mixin.py:137} INFO - [2023-01-28T21:52:40.279+0000] {dag.py:3441} INFO - Setting next_dagrun for my_third_dagV1 to 2023-01-22T00:00:00+00:00, run_after=2023-01-29T00:00:00+00:00
[2023-01-28T21:52:40.297+0000] {processor.py:175} INFO - Processing /opt/airflow/dags/dag3.py took 0.122 seconds
[2023-01-28T21:53:10.840+0000] {processor.py:153} INFO - Started process (PID=100365) to work on /opt/airflow/dags/dag3.py
[2023-01-28T21:53:10.842+0000] {processor.py:743} INFO - Processing file /opt/airflow/dags/dag3.py for tasks to queue
[2023-01-28T21:53:10.843+0000] {logging_mixin.py:137} INFO - [2023-01-28T21:53:10.842+0000] {dagbag.py:538} INFO - Filling up the DagBag from /opt/airflow/dags/dag3.py
[2023-01-28T21:53:10.876+0000] {processor.py:753} INFO - DAG(s) dict_keys(['my_third_dagV1']) retrieved from /opt/airflow/dags/dag3.py
[2023-01-28T21:53:10.900+0000] {logging_mixin.py:137} INFO - [2023-01-28T21:53:10.900+0000] {dag.py:2690} INFO - Sync 1 DAGs
[2023-01-28T21:53:10.928+0000] {logging_mixin.py:137} INFO - [2023-01-28T21:53:10.928+0000] {dag.py:3441} INFO - Setting next_dagrun for my_third_dagV1 to 2023-01-22T00:00:00+00:00, run_after=2023-01-29T00:00:00+00:00
[2023-01-28T21:53:10.947+0000] {processor.py:175} INFO - Processing /opt/airflow/dags/dag3.py took 0.110 seconds
[2023-01-28T21:53:41.404+0000] {processor.py:153} INFO - Started process (PID=100450) to work on /opt/airflow/dags/dag3.py
[2023-01-28T21:53:41.405+0000] {processor.py:743} INFO - Processing file /opt/airflow/dags/dag3.py for tasks to queue
[2023-01-28T21:53:41.408+0000] {logging_mixin.py:137} INFO - [2023-01-28T21:53:41.408+0000] {dagbag.py:538} INFO - Filling up the DagBag from /opt/airflow/dags/dag3.py
[2023-01-28T21:53:41.444+0000] {processor.py:753} INFO - DAG(s) dict_keys(['my_third_dagV1']) retrieved from /opt/airflow/dags/dag3.py
[2023-01-28T21:53:41.470+0000] {logging_mixin.py:137} INFO - [2023-01-28T21:53:41.469+0000] {dag.py:2690} INFO - Sync 1 DAGs
[2023-01-28T21:53:41.499+0000] {logging_mixin.py:137} INFO - [2023-01-28T21:53:41.498+0000] {dag.py:3441} INFO - Setting next_dagrun for my_third_dagV1 to 2023-01-22T00:00:00+00:00, run_after=2023-01-29T00:00:00+00:00
[2023-01-28T21:53:41.533+0000] {processor.py:175} INFO - Processing /opt/airflow/dags/dag3.py took 0.133 seconds
[2023-01-28T21:54:11.903+0000] {processor.py:153} INFO - Started process (PID=100521) to work on /opt/airflow/dags/dag3.py
[2023-01-28T21:54:11.903+0000] {processor.py:743} INFO - Processing file /opt/airflow/dags/dag3.py for tasks to queue
[2023-01-28T21:54:11.904+0000] {logging_mixin.py:137} INFO - [2023-01-28T21:54:11.904+0000] {dagbag.py:538} INFO - Filling up the DagBag from /opt/airflow/dags/dag3.py
[2023-01-28T21:54:11.934+0000] {processor.py:753} INFO - DAG(s) dict_keys(['my_third_dagV1']) retrieved from /opt/airflow/dags/dag3.py
[2023-01-28T21:54:11.954+0000] {logging_mixin.py:137} INFO - [2023-01-28T21:54:11.954+0000] {dag.py:2690} INFO - Sync 1 DAGs
[2023-01-28T21:54:11.979+0000] {logging_mixin.py:137} INFO - [2023-01-28T21:54:11.979+0000] {dag.py:3441} INFO - Setting next_dagrun for my_third_dagV1 to 2023-01-22T00:00:00+00:00, run_after=2023-01-29T00:00:00+00:00
[2023-01-28T21:54:11.999+0000] {processor.py:175} INFO - Processing /opt/airflow/dags/dag3.py took 0.100 seconds
[2023-01-28T21:54:42.162+0000] {processor.py:153} INFO - Started process (PID=100605) to work on /opt/airflow/dags/dag3.py
[2023-01-28T21:54:42.163+0000] {processor.py:743} INFO - Processing file /opt/airflow/dags/dag3.py for tasks to queue
[2023-01-28T21:54:42.165+0000] {logging_mixin.py:137} INFO - [2023-01-28T21:54:42.164+0000] {dagbag.py:538} INFO - Filling up the DagBag from /opt/airflow/dags/dag3.py
[2023-01-28T21:54:42.199+0000] {processor.py:753} INFO - DAG(s) dict_keys(['my_third_dagV1']) retrieved from /opt/airflow/dags/dag3.py
[2023-01-28T21:54:42.225+0000] {logging_mixin.py:137} INFO - [2023-01-28T21:54:42.225+0000] {dag.py:2690} INFO - Sync 1 DAGs
[2023-01-28T21:54:42.252+0000] {logging_mixin.py:137} INFO - [2023-01-28T21:54:42.252+0000] {dag.py:3441} INFO - Setting next_dagrun for my_third_dagV1 to 2023-01-22T00:00:00+00:00, run_after=2023-01-29T00:00:00+00:00
[2023-01-28T21:54:42.279+0000] {processor.py:175} INFO - Processing /opt/airflow/dags/dag3.py took 0.121 seconds
[2023-01-28T21:55:12.940+0000] {processor.py:153} INFO - Started process (PID=100674) to work on /opt/airflow/dags/dag3.py
[2023-01-28T21:55:12.965+0000] {processor.py:743} INFO - Processing file /opt/airflow/dags/dag3.py for tasks to queue
[2023-01-28T21:55:12.966+0000] {logging_mixin.py:137} INFO - [2023-01-28T21:55:12.966+0000] {dagbag.py:538} INFO - Filling up the DagBag from /opt/airflow/dags/dag3.py
[2023-01-28T21:55:13.009+0000] {processor.py:753} INFO - DAG(s) dict_keys(['my_third_dagV1']) retrieved from /opt/airflow/dags/dag3.py
[2023-01-28T21:55:13.029+0000] {logging_mixin.py:137} INFO - [2023-01-28T21:55:13.029+0000] {dag.py:2690} INFO - Sync 1 DAGs
[2023-01-28T21:55:13.054+0000] {logging_mixin.py:137} INFO - [2023-01-28T21:55:13.054+0000] {dag.py:3441} INFO - Setting next_dagrun for my_third_dagV1 to 2023-01-22T00:00:00+00:00, run_after=2023-01-29T00:00:00+00:00
[2023-01-28T21:55:13.089+0000] {processor.py:175} INFO - Processing /opt/airflow/dags/dag3.py took 0.155 seconds
[2023-01-28T21:55:43.159+0000] {processor.py:153} INFO - Started process (PID=100758) to work on /opt/airflow/dags/dag3.py
[2023-01-28T21:55:43.161+0000] {processor.py:743} INFO - Processing file /opt/airflow/dags/dag3.py for tasks to queue
[2023-01-28T21:55:43.161+0000] {logging_mixin.py:137} INFO - [2023-01-28T21:55:43.161+0000] {dagbag.py:538} INFO - Filling up the DagBag from /opt/airflow/dags/dag3.py
[2023-01-28T21:55:43.197+0000] {processor.py:753} INFO - DAG(s) dict_keys(['my_third_dagV1']) retrieved from /opt/airflow/dags/dag3.py
[2023-01-28T21:55:43.222+0000] {logging_mixin.py:137} INFO - [2023-01-28T21:55:43.222+0000] {dag.py:2690} INFO - Sync 1 DAGs
[2023-01-28T21:55:43.252+0000] {logging_mixin.py:137} INFO - [2023-01-28T21:55:43.252+0000] {dag.py:3441} INFO - Setting next_dagrun for my_third_dagV1 to 2023-01-22T00:00:00+00:00, run_after=2023-01-29T00:00:00+00:00
[2023-01-28T21:55:43.271+0000] {processor.py:175} INFO - Processing /opt/airflow/dags/dag3.py took 0.115 seconds
[2023-01-28T21:56:13.359+0000] {processor.py:153} INFO - Started process (PID=100828) to work on /opt/airflow/dags/dag3.py
[2023-01-28T21:56:13.359+0000] {processor.py:743} INFO - Processing file /opt/airflow/dags/dag3.py for tasks to queue
[2023-01-28T21:56:13.360+0000] {logging_mixin.py:137} INFO - [2023-01-28T21:56:13.360+0000] {dagbag.py:538} INFO - Filling up the DagBag from /opt/airflow/dags/dag3.py
[2023-01-28T21:56:13.389+0000] {processor.py:753} INFO - DAG(s) dict_keys(['my_third_dagV1']) retrieved from /opt/airflow/dags/dag3.py
[2023-01-28T21:56:13.411+0000] {logging_mixin.py:137} INFO - [2023-01-28T21:56:13.411+0000] {dag.py:2690} INFO - Sync 1 DAGs
[2023-01-28T21:56:13.435+0000] {logging_mixin.py:137} INFO - [2023-01-28T21:56:13.435+0000] {dag.py:3441} INFO - Setting next_dagrun for my_third_dagV1 to 2023-01-22T00:00:00+00:00, run_after=2023-01-29T00:00:00+00:00
[2023-01-28T21:56:13.475+0000] {processor.py:175} INFO - Processing /opt/airflow/dags/dag3.py took 0.119 seconds
[2023-01-28T21:56:43.779+0000] {processor.py:153} INFO - Started process (PID=100913) to work on /opt/airflow/dags/dag3.py
[2023-01-28T21:56:43.803+0000] {processor.py:743} INFO - Processing file /opt/airflow/dags/dag3.py for tasks to queue
[2023-01-28T21:56:43.804+0000] {logging_mixin.py:137} INFO - [2023-01-28T21:56:43.803+0000] {dagbag.py:538} INFO - Filling up the DagBag from /opt/airflow/dags/dag3.py
[2023-01-28T21:56:43.839+0000] {processor.py:753} INFO - DAG(s) dict_keys(['my_third_dagV1']) retrieved from /opt/airflow/dags/dag3.py
[2023-01-28T21:56:43.862+0000] {logging_mixin.py:137} INFO - [2023-01-28T21:56:43.861+0000] {dag.py:2690} INFO - Sync 1 DAGs
[2023-01-28T21:56:43.891+0000] {logging_mixin.py:137} INFO - [2023-01-28T21:56:43.891+0000] {dag.py:3441} INFO - Setting next_dagrun for my_third_dagV1 to 2023-01-22T00:00:00+00:00, run_after=2023-01-29T00:00:00+00:00
[2023-01-28T21:56:43.912+0000] {processor.py:175} INFO - Processing /opt/airflow/dags/dag3.py took 0.136 seconds
[2023-01-28T21:57:14.354+0000] {processor.py:153} INFO - Started process (PID=100983) to work on /opt/airflow/dags/dag3.py
[2023-01-28T21:57:14.355+0000] {processor.py:743} INFO - Processing file /opt/airflow/dags/dag3.py for tasks to queue
[2023-01-28T21:57:14.356+0000] {logging_mixin.py:137} INFO - [2023-01-28T21:57:14.356+0000] {dagbag.py:538} INFO - Filling up the DagBag from /opt/airflow/dags/dag3.py
[2023-01-28T21:57:14.392+0000] {processor.py:753} INFO - DAG(s) dict_keys(['my_third_dagV1']) retrieved from /opt/airflow/dags/dag3.py
[2023-01-28T21:57:14.419+0000] {logging_mixin.py:137} INFO - [2023-01-28T21:57:14.419+0000] {dag.py:2690} INFO - Sync 1 DAGs
[2023-01-28T21:57:14.448+0000] {logging_mixin.py:137} INFO - [2023-01-28T21:57:14.448+0000] {dag.py:3441} INFO - Setting next_dagrun for my_third_dagV1 to 2023-01-22T00:00:00+00:00, run_after=2023-01-29T00:00:00+00:00
[2023-01-28T21:57:14.500+0000] {processor.py:175} INFO - Processing /opt/airflow/dags/dag3.py took 0.149 seconds
