[2023-02-09T15:48:49.409+0000] {taskinstance.py:1083} INFO - Dependencies all met for <TaskInstance: my_third_dagV1.fo manual__2023-02-09T15:43:48.723603+00:00 [queued]>
[2023-02-09T15:48:49.418+0000] {taskinstance.py:1083} INFO - Dependencies all met for <TaskInstance: my_third_dagV1.fo manual__2023-02-09T15:43:48.723603+00:00 [queued]>
[2023-02-09T15:48:49.418+0000] {taskinstance.py:1279} INFO - 
--------------------------------------------------------------------------------
[2023-02-09T15:48:49.418+0000] {taskinstance.py:1280} INFO - Starting attempt 4 of 4
[2023-02-09T15:48:49.418+0000] {taskinstance.py:1281} INFO - 
--------------------------------------------------------------------------------
[2023-02-09T15:48:49.431+0000] {taskinstance.py:1300} INFO - Executing <Task(PythonOperator): fo> on 2023-02-09 15:43:48.723603+00:00
[2023-02-09T15:48:49.435+0000] {standard_task_runner.py:55} INFO - Started process 8073 to run task
[2023-02-09T15:48:49.438+0000] {standard_task_runner.py:82} INFO - Running: ['***', 'tasks', 'run', 'my_third_dagV1', 'fo', 'manual__2023-02-09T15:43:48.723603+00:00', '--job-id', '37', '--raw', '--subdir', 'DAGS_FOLDER/dag3.py', '--cfg-path', '/tmp/tmpx95k9jji']
[2023-02-09T15:48:49.439+0000] {standard_task_runner.py:83} INFO - Job 37: Subtask fo
[2023-02-09T15:48:49.523+0000] {task_command.py:388} INFO - Running <TaskInstance: my_third_dagV1.fo manual__2023-02-09T15:43:48.723603+00:00 [running]> on host 47e55e08a495
[2023-02-09T15:48:49.603+0000] {taskinstance.py:1509} INFO - Exporting the following env vars:
AIRFLOW_CTX_DAG_OWNER=***
AIRFLOW_CTX_DAG_ID=my_third_dagV1
AIRFLOW_CTX_TASK_ID=fo
AIRFLOW_CTX_EXECUTION_DATE=2023-02-09T15:43:48.723603+00:00
AIRFLOW_CTX_TRY_NUMBER=4
AIRFLOW_CTX_DAG_RUN_ID=manual__2023-02-09T15:43:48.723603+00:00
[2023-02-09T15:48:52.960+0000] {warnings.py:110} WARNING - /opt/***/dags/dag3.py:102: SettingWithCopyWarning: 
A value is trying to be set on a copy of a slice from a DataFrame.
Try using .loc[row_indexer,col_indexer] = value instead

See the caveats in the documentation: https://pandas.pydata.org/pandas-docs/stable/user_guide/indexing.html#returning-a-view-versus-a-copy
  df_binary['product_name'] = pd.Series([product_name]*df_binary.shape[0])

[2023-02-09T15:48:52.962+0000] {warnings.py:110} WARNING - /home/***/.local/lib/python3.7/site-packages/pandas/util/_decorators.py:311: SettingWithCopyWarning: 
A value is trying to be set on a copy of a slice from a DataFrame

See the caveats in the documentation: https://pandas.pydata.org/pandas-docs/stable/user_guide/indexing.html#returning-a-view-versus-a-copy
  return func(*args, **kwargs)

[2023-02-09T15:48:52.963+0000] {logging_mixin.py:137} INFO - 0.10140537322855869
[2023-02-09T15:48:52.963+0000] {logging_mixin.py:137} INFO - y = 103053.879*x-1963587.1
[2023-02-09T15:48:53.082+0000] {warnings.py:110} WARNING - /opt/***/dags/dag3.py:102: SettingWithCopyWarning: 
A value is trying to be set on a copy of a slice from a DataFrame.
Try using .loc[row_indexer,col_indexer] = value instead

See the caveats in the documentation: https://pandas.pydata.org/pandas-docs/stable/user_guide/indexing.html#returning-a-view-versus-a-copy
  df_binary['product_name'] = pd.Series([product_name]*df_binary.shape[0])

[2023-02-09T15:48:53.083+0000] {warnings.py:110} WARNING - /home/***/.local/lib/python3.7/site-packages/pandas/util/_decorators.py:311: SettingWithCopyWarning: 
A value is trying to be set on a copy of a slice from a DataFrame

See the caveats in the documentation: https://pandas.pydata.org/pandas-docs/stable/user_guide/indexing.html#returning-a-view-versus-a-copy
  return func(*args, **kwargs)

[2023-02-09T15:48:53.084+0000] {logging_mixin.py:137} INFO - 0.009475179328822136
[2023-02-09T15:48:53.084+0000] {logging_mixin.py:137} INFO - y = -176.983*x+4371.3
[2023-02-09T15:48:53.190+0000] {warnings.py:110} WARNING - /opt/***/dags/dag3.py:102: SettingWithCopyWarning: 
A value is trying to be set on a copy of a slice from a DataFrame.
Try using .loc[row_indexer,col_indexer] = value instead

See the caveats in the documentation: https://pandas.pydata.org/pandas-docs/stable/user_guide/indexing.html#returning-a-view-versus-a-copy
  df_binary['product_name'] = pd.Series([product_name]*df_binary.shape[0])

[2023-02-09T15:48:53.191+0000] {warnings.py:110} WARNING - /home/***/.local/lib/python3.7/site-packages/pandas/util/_decorators.py:311: SettingWithCopyWarning: 
A value is trying to be set on a copy of a slice from a DataFrame

See the caveats in the documentation: https://pandas.pydata.org/pandas-docs/stable/user_guide/indexing.html#returning-a-view-versus-a-copy
  return func(*args, **kwargs)

[2023-02-09T15:48:53.192+0000] {logging_mixin.py:137} INFO - 0.10570651623273508
[2023-02-09T15:48:53.192+0000] {logging_mixin.py:137} INFO - y = 12478.074*x-359155.4
[2023-02-09T15:48:53.303+0000] {warnings.py:110} WARNING - /opt/***/dags/dag3.py:102: SettingWithCopyWarning: 
A value is trying to be set on a copy of a slice from a DataFrame.
Try using .loc[row_indexer,col_indexer] = value instead

See the caveats in the documentation: https://pandas.pydata.org/pandas-docs/stable/user_guide/indexing.html#returning-a-view-versus-a-copy
  df_binary['product_name'] = pd.Series([product_name]*df_binary.shape[0])

[2023-02-09T15:48:53.304+0000] {warnings.py:110} WARNING - /home/***/.local/lib/python3.7/site-packages/pandas/util/_decorators.py:311: SettingWithCopyWarning: 
A value is trying to be set on a copy of a slice from a DataFrame

See the caveats in the documentation: https://pandas.pydata.org/pandas-docs/stable/user_guide/indexing.html#returning-a-view-versus-a-copy
  return func(*args, **kwargs)

[2023-02-09T15:48:53.305+0000] {logging_mixin.py:137} INFO - 0.10598232600630919
[2023-02-09T15:48:53.305+0000] {logging_mixin.py:137} INFO - y = -39778.149*x+1464341.3
[2023-02-09T15:48:53.396+0000] {warnings.py:110} WARNING - /opt/***/dags/dag3.py:102: SettingWithCopyWarning: 
A value is trying to be set on a copy of a slice from a DataFrame.
Try using .loc[row_indexer,col_indexer] = value instead

See the caveats in the documentation: https://pandas.pydata.org/pandas-docs/stable/user_guide/indexing.html#returning-a-view-versus-a-copy
  df_binary['product_name'] = pd.Series([product_name]*df_binary.shape[0])

[2023-02-09T15:48:53.397+0000] {warnings.py:110} WARNING - /home/***/.local/lib/python3.7/site-packages/pandas/util/_decorators.py:311: SettingWithCopyWarning: 
A value is trying to be set on a copy of a slice from a DataFrame

See the caveats in the documentation: https://pandas.pydata.org/pandas-docs/stable/user_guide/indexing.html#returning-a-view-versus-a-copy
  return func(*args, **kwargs)

[2023-02-09T15:48:53.398+0000] {logging_mixin.py:137} INFO - 0.2712506655868596
[2023-02-09T15:48:53.398+0000] {logging_mixin.py:137} INFO - y = -336.744*x+31864.6
[2023-02-09T15:48:53.401+0000] {logging_mixin.py:137} INFO - a = -336.7444 ± 99.1341, доверительный интервал α=5% [-538.9298 ; -134.5590]
[2023-02-09T15:48:53.402+0000] {logging_mixin.py:137} INFO - b = 31864.5658 ± 8911.0925, доверительный интервал α=5% [13690.2729 ; 50038.8587]
[2023-02-09T15:48:54.196+0000] {legend.py:1218} WARNING - No artists with labels found to put in legend.  Note that artists whose label start with an underscore are ignored when legend() is called with no argument.
[2023-02-09T15:48:54.198+0000] {logging_mixin.py:137} INFO - [26.330125201335644 26.330125201335644 26.330125201335644
 26.330125201335644 26.330125201335644 26.330125201335644
 26.330125201335644 26.330125201335644 26.330125201335644
 26.330125201335644 26.330125201335644 26.330125201335644
 26.330125201335644 26.330125201335644 26.330125201335644
 26.330125201335644 26.330125201335644 26.330125201335644
 26.330125201335644 26.330125201335644 26.330125201335644
 26.330125201335644 26.330125201335644 26.330125201335644
 26.330125201335644 26.330125201335644 52.4606479692767 26.330125201335644
 26.330125201335644 26.330125201335644]
[2023-02-09T15:48:54.207+0000] {python.py:177} INFO - Done. Returned value was: 2
[2023-02-09T15:48:54.233+0000] {taskinstance.py:1323} INFO - Marking task as SUCCESS. dag_id=my_third_dagV1, task_id=fo, execution_date=20230209T154348, start_date=20230209T154849, end_date=20230209T154854
[2023-02-09T15:48:54.299+0000] {local_task_job.py:208} INFO - Task exited with return code 0
[2023-02-09T15:48:54.319+0000] {taskinstance.py:2578} INFO - 0 downstream tasks scheduled from follow-on schedule check
