[2023-02-09T15:47:44.440+0000] {taskinstance.py:1083} INFO - Dependencies all met for <TaskInstance: my_third_dagV1.fo manual__2023-02-09T15:43:48.723603+00:00 [queued]>
[2023-02-09T15:47:44.450+0000] {taskinstance.py:1083} INFO - Dependencies all met for <TaskInstance: my_third_dagV1.fo manual__2023-02-09T15:43:48.723603+00:00 [queued]>
[2023-02-09T15:47:44.450+0000] {taskinstance.py:1279} INFO - 
--------------------------------------------------------------------------------
[2023-02-09T15:47:44.450+0000] {taskinstance.py:1280} INFO - Starting attempt 3 of 3
[2023-02-09T15:47:44.450+0000] {taskinstance.py:1281} INFO - 
--------------------------------------------------------------------------------
[2023-02-09T15:47:44.481+0000] {taskinstance.py:1300} INFO - Executing <Task(PythonOperator): fo> on 2023-02-09 15:43:48.723603+00:00
[2023-02-09T15:47:44.485+0000] {standard_task_runner.py:55} INFO - Started process 8007 to run task
[2023-02-09T15:47:44.488+0000] {standard_task_runner.py:82} INFO - Running: ['***', 'tasks', 'run', 'my_third_dagV1', 'fo', 'manual__2023-02-09T15:43:48.723603+00:00', '--job-id', '36', '--raw', '--subdir', 'DAGS_FOLDER/dag3.py', '--cfg-path', '/tmp/tmpzroe_2r1']
[2023-02-09T15:47:44.488+0000] {standard_task_runner.py:83} INFO - Job 36: Subtask fo
[2023-02-09T15:47:44.568+0000] {task_command.py:388} INFO - Running <TaskInstance: my_third_dagV1.fo manual__2023-02-09T15:43:48.723603+00:00 [running]> on host 47e55e08a495
[2023-02-09T15:47:44.630+0000] {taskinstance.py:1509} INFO - Exporting the following env vars:
AIRFLOW_CTX_DAG_OWNER=***
AIRFLOW_CTX_DAG_ID=my_third_dagV1
AIRFLOW_CTX_TASK_ID=fo
AIRFLOW_CTX_EXECUTION_DATE=2023-02-09T15:43:48.723603+00:00
AIRFLOW_CTX_TRY_NUMBER=3
AIRFLOW_CTX_DAG_RUN_ID=manual__2023-02-09T15:43:48.723603+00:00
[2023-02-09T15:47:46.397+0000] {warnings.py:110} WARNING - /opt/***/dags/dag3.py:102: SettingWithCopyWarning: 
A value is trying to be set on a copy of a slice from a DataFrame.
Try using .loc[row_indexer,col_indexer] = value instead

See the caveats in the documentation: https://pandas.pydata.org/pandas-docs/stable/user_guide/indexing.html#returning-a-view-versus-a-copy
  df_binary['product_name'] = pd.Series([product_name]*df_binary.shape[0])

[2023-02-09T15:47:46.399+0000] {warnings.py:110} WARNING - /home/***/.local/lib/python3.7/site-packages/pandas/util/_decorators.py:311: SettingWithCopyWarning: 
A value is trying to be set on a copy of a slice from a DataFrame

See the caveats in the documentation: https://pandas.pydata.org/pandas-docs/stable/user_guide/indexing.html#returning-a-view-versus-a-copy
  return func(*args, **kwargs)

[2023-02-09T15:47:46.400+0000] {logging_mixin.py:137} INFO - 0.29162113894992303
[2023-02-09T15:47:46.400+0000] {logging_mixin.py:137} INFO - y = 387744.259*x-7904533.3
[2023-02-09T15:47:46.459+0000] {warnings.py:110} WARNING - /opt/***/dags/dag3.py:102: SettingWithCopyWarning: 
A value is trying to be set on a copy of a slice from a DataFrame.
Try using .loc[row_indexer,col_indexer] = value instead

See the caveats in the documentation: https://pandas.pydata.org/pandas-docs/stable/user_guide/indexing.html#returning-a-view-versus-a-copy
  df_binary['product_name'] = pd.Series([product_name]*df_binary.shape[0])

[2023-02-09T15:47:46.461+0000] {warnings.py:110} WARNING - /home/***/.local/lib/python3.7/site-packages/pandas/util/_decorators.py:311: SettingWithCopyWarning: 
A value is trying to be set on a copy of a slice from a DataFrame

See the caveats in the documentation: https://pandas.pydata.org/pandas-docs/stable/user_guide/indexing.html#returning-a-view-versus-a-copy
  return func(*args, **kwargs)

[2023-02-09T15:47:46.464+0000] {logging_mixin.py:137} INFO - 0.27299386567977424
[2023-02-09T15:47:46.464+0000] {logging_mixin.py:137} INFO - y = 16319.088*x-559617.0
[2023-02-09T15:47:46.491+0000] {warnings.py:110} WARNING - /opt/***/dags/dag3.py:102: SettingWithCopyWarning: 
A value is trying to be set on a copy of a slice from a DataFrame.
Try using .loc[row_indexer,col_indexer] = value instead

See the caveats in the documentation: https://pandas.pydata.org/pandas-docs/stable/user_guide/indexing.html#returning-a-view-versus-a-copy
  df_binary['product_name'] = pd.Series([product_name]*df_binary.shape[0])

[2023-02-09T15:47:46.493+0000] {warnings.py:110} WARNING - /home/***/.local/lib/python3.7/site-packages/pandas/util/_decorators.py:311: SettingWithCopyWarning: 
A value is trying to be set on a copy of a slice from a DataFrame

See the caveats in the documentation: https://pandas.pydata.org/pandas-docs/stable/user_guide/indexing.html#returning-a-view-versus-a-copy
  return func(*args, **kwargs)

[2023-02-09T15:47:46.493+0000] {logging_mixin.py:137} INFO - 0.1166306090551199
[2023-02-09T15:47:46.493+0000] {logging_mixin.py:137} INFO - y = 11358.557*x-323971.5
[2023-02-09T15:47:46.519+0000] {warnings.py:110} WARNING - /opt/***/dags/dag3.py:102: SettingWithCopyWarning: 
A value is trying to be set on a copy of a slice from a DataFrame.
Try using .loc[row_indexer,col_indexer] = value instead

See the caveats in the documentation: https://pandas.pydata.org/pandas-docs/stable/user_guide/indexing.html#returning-a-view-versus-a-copy
  df_binary['product_name'] = pd.Series([product_name]*df_binary.shape[0])

[2023-02-09T15:47:46.521+0000] {warnings.py:110} WARNING - /home/***/.local/lib/python3.7/site-packages/pandas/util/_decorators.py:311: SettingWithCopyWarning: 
A value is trying to be set on a copy of a slice from a DataFrame

See the caveats in the documentation: https://pandas.pydata.org/pandas-docs/stable/user_guide/indexing.html#returning-a-view-versus-a-copy
  return func(*args, **kwargs)

[2023-02-09T15:47:46.521+0000] {logging_mixin.py:137} INFO - 0.03863081917027933
[2023-02-09T15:47:46.522+0000] {logging_mixin.py:137} INFO - y = -628.666*x+13347.7
[2023-02-09T15:47:46.592+0000] {warnings.py:110} WARNING - /opt/***/dags/dag3.py:102: SettingWithCopyWarning: 
A value is trying to be set on a copy of a slice from a DataFrame.
Try using .loc[row_indexer,col_indexer] = value instead

See the caveats in the documentation: https://pandas.pydata.org/pandas-docs/stable/user_guide/indexing.html#returning-a-view-versus-a-copy
  df_binary['product_name'] = pd.Series([product_name]*df_binary.shape[0])

[2023-02-09T15:47:46.594+0000] {warnings.py:110} WARNING - /home/***/.local/lib/python3.7/site-packages/pandas/util/_decorators.py:311: SettingWithCopyWarning: 
A value is trying to be set on a copy of a slice from a DataFrame

See the caveats in the documentation: https://pandas.pydata.org/pandas-docs/stable/user_guide/indexing.html#returning-a-view-versus-a-copy
  return func(*args, **kwargs)

[2023-02-09T15:47:46.595+0000] {logging_mixin.py:137} INFO - 0.007449335166620719
[2023-02-09T15:47:46.595+0000] {logging_mixin.py:137} INFO - y = -16.081*x+2294.3
[2023-02-09T15:47:46.598+0000] {logging_mixin.py:137} INFO - a = -16.0812 ± 83.0138, доверительный интервал α=5% [-229.4749 ; 197.3125]
[2023-02-09T15:47:46.598+0000] {logging_mixin.py:137} INFO - b = 2294.2666 ± 7718.3821, доверительный интервал α=5% [-17546.4662 ; 22134.9994]
[2023-02-09T15:47:47.447+0000] {legend.py:1218} WARNING - No artists with labels found to put in legend.  Note that artists whose label start with an underscore are ignored when legend() is called with no argument.
[2023-02-09T15:47:47.448+0000] {logging_mixin.py:137} INFO - [-27.36827455170319 -27.36827455170319 -17.138630778338868
 -7.896085876087769 -7.896085876087769 26.21873453980105
 11.690298779123365]
[2023-02-09T15:47:47.450+0000] {python.py:177} INFO - Done. Returned value was: 2
[2023-02-09T15:47:47.481+0000] {taskinstance.py:1323} INFO - Marking task as SUCCESS. dag_id=my_third_dagV1, task_id=fo, execution_date=20230209T154348, start_date=20230209T154744, end_date=20230209T154747
[2023-02-09T15:47:47.551+0000] {local_task_job.py:208} INFO - Task exited with return code 0
[2023-02-09T15:47:47.568+0000] {taskinstance.py:2578} INFO - 0 downstream tasks scheduled from follow-on schedule check
