[2023-02-13T10:24:29.354+0000] {taskinstance.py:1083} INFO - Dependencies all met for <TaskInstance: my_first_dagV2.calculate_save_optimal_prices scheduled__2023-02-05T00:00:00+00:00 [queued]>
[2023-02-13T10:24:29.364+0000] {taskinstance.py:1083} INFO - Dependencies all met for <TaskInstance: my_first_dagV2.calculate_save_optimal_prices scheduled__2023-02-05T00:00:00+00:00 [queued]>
[2023-02-13T10:24:29.364+0000] {taskinstance.py:1279} INFO - 
--------------------------------------------------------------------------------
[2023-02-13T10:24:29.364+0000] {taskinstance.py:1280} INFO - Starting attempt 1 of 1
[2023-02-13T10:24:29.364+0000] {taskinstance.py:1281} INFO - 
--------------------------------------------------------------------------------
[2023-02-13T10:24:29.439+0000] {taskinstance.py:1300} INFO - Executing <Task(PythonOperator): calculate_save_optimal_prices> on 2023-02-05 00:00:00+00:00
[2023-02-13T10:24:29.447+0000] {standard_task_runner.py:55} INFO - Started process 40280 to run task
[2023-02-13T10:24:29.466+0000] {standard_task_runner.py:82} INFO - Running: ['***', 'tasks', 'run', 'my_first_dagV2', 'calculate_save_optimal_prices', 'scheduled__2023-02-05T00:00:00+00:00', '--job-id', '71', '--raw', '--subdir', 'DAGS_FOLDER/dag1.py', '--cfg-path', '/tmp/tmpmje6d806']
[2023-02-13T10:24:29.467+0000] {standard_task_runner.py:83} INFO - Job 71: Subtask calculate_save_optimal_prices
[2023-02-13T10:24:29.881+0000] {task_command.py:388} INFO - Running <TaskInstance: my_first_dagV2.calculate_save_optimal_prices scheduled__2023-02-05T00:00:00+00:00 [running]> on host 47e55e08a495
[2023-02-13T10:24:30.202+0000] {taskinstance.py:1509} INFO - Exporting the following env vars:
AIRFLOW_CTX_DAG_OWNER=***
AIRFLOW_CTX_DAG_ID=my_first_dagV2
AIRFLOW_CTX_TASK_ID=calculate_save_optimal_prices
AIRFLOW_CTX_EXECUTION_DATE=2023-02-05T00:00:00+00:00
AIRFLOW_CTX_TRY_NUMBER=1
AIRFLOW_CTX_DAG_RUN_ID=scheduled__2023-02-05T00:00:00+00:00
[2023-02-13T10:24:47.842+0000] {logging_mixin.py:137} INFO - a = 103983.0644 ± 53248.2887, доверительный интервал α=5% [-4351.3935 ; 212317.5222]
[2023-02-13T10:24:47.992+0000] {logging_mixin.py:137} INFO - b = -1974013.5525 ± 1123835.9107, доверительный интервал α=5% [-4260474.9046 ; 312447.7997]
[2023-02-13T10:24:48.093+0000] {logging_mixin.py:137} INFO - a = 162.9009 ± 109.5429, доверительный интервал α=5% [-59.9658 ; 385.7677]
[2023-02-13T10:24:48.093+0000] {logging_mixin.py:137} INFO - b = -2494.7212 ± 2226.1185, доверительный интервал α=5% [-7023.7933 ; 2034.3509]
[2023-02-13T10:24:48.260+0000] {logging_mixin.py:137} INFO - a = -37453.8927 ± 19724.0436, доверительный интервал α=5% [-77582.7612 ; 2674.9758]
[2023-02-13T10:24:48.260+0000] {logging_mixin.py:137} INFO - b = 1378381.7009 ± 703907.9350, доверительный интервал α=5% [-53729.7609 ; 2810493.1627]
[2023-02-13T10:24:48.674+0000] {python.py:177} INFO - Done. Returned value was: 2
[2023-02-13T10:24:50.137+0000] {taskinstance.py:1323} INFO - Marking task as SUCCESS. dag_id=my_first_dagV2, task_id=calculate_save_optimal_prices, execution_date=20230205T000000, start_date=20230213T102429, end_date=20230213T102450
[2023-02-13T10:24:51.095+0000] {local_task_job.py:208} INFO - Task exited with return code 0
[2023-02-13T10:24:51.117+0000] {taskinstance.py:2578} INFO - 1 downstream tasks scheduled from follow-on schedule check
