[2023-02-09T20:46:32.795+0000] {taskinstance.py:1083} INFO - Dependencies all met for <TaskInstance: my_second_dagV6.insert_task manual__2023-02-09T20:43:59.366928+00:00 [queued]>
[2023-02-09T20:46:32.813+0000] {taskinstance.py:1083} INFO - Dependencies all met for <TaskInstance: my_second_dagV6.insert_task manual__2023-02-09T20:43:59.366928+00:00 [queued]>
[2023-02-09T20:46:32.813+0000] {taskinstance.py:1279} INFO - 
--------------------------------------------------------------------------------
[2023-02-09T20:46:32.813+0000] {taskinstance.py:1280} INFO - Starting attempt 1 of 1
[2023-02-09T20:46:32.813+0000] {taskinstance.py:1281} INFO - 
--------------------------------------------------------------------------------
[2023-02-09T20:46:32.825+0000] {taskinstance.py:1300} INFO - Executing <Task(PostgresOperator): insert_task> on 2023-02-09 20:43:59.366928+00:00
[2023-02-09T20:46:32.829+0000] {standard_task_runner.py:55} INFO - Started process 20248 to run task
[2023-02-09T20:46:32.832+0000] {standard_task_runner.py:82} INFO - Running: ['***', 'tasks', 'run', 'my_second_dagV6', 'insert_task', 'manual__2023-02-09T20:43:59.366928+00:00', '--job-id', '47', '--raw', '--subdir', 'DAGS_FOLDER/dag2.py', '--cfg-path', '/tmp/tmphfcm4aoi']
[2023-02-09T20:46:32.832+0000] {standard_task_runner.py:83} INFO - Job 47: Subtask insert_task
[2023-02-09T20:46:32.925+0000] {task_command.py:388} INFO - Running <TaskInstance: my_second_dagV6.insert_task manual__2023-02-09T20:43:59.366928+00:00 [running]> on host 47e55e08a495
[2023-02-09T20:46:33.007+0000] {taskinstance.py:1509} INFO - Exporting the following env vars:
AIRFLOW_CTX_DAG_OWNER=***
AIRFLOW_CTX_DAG_ID=my_second_dagV6
AIRFLOW_CTX_TASK_ID=insert_task
AIRFLOW_CTX_EXECUTION_DATE=2023-02-09T20:43:59.366928+00:00
AIRFLOW_CTX_TRY_NUMBER=1
AIRFLOW_CTX_DAG_RUN_ID=manual__2023-02-09T20:43:59.366928+00:00
[2023-02-09T20:46:33.007+0000] {sql.py:254} INFO - Executing: 
            insert into tutor (tutor_id, name, speciality) VALUES (default, 'Vinok', 'dag_id')
        
[2023-02-09T20:46:33.014+0000] {base.py:73} INFO - Using connection ID 'postgres_localhost' for task execution.
[2023-02-09T20:46:33.213+0000] {base.py:73} INFO - Using connection ID 'postgres_localhost' for task execution.
[2023-02-09T20:46:33.216+0000] {sql.py:375} INFO - Running statement: 
            insert into tutor (tutor_id, name, speciality) VALUES (default, 'Vinok', 'dag_id')
        , parameters: None
[2023-02-09T20:46:33.217+0000] {sql.py:384} INFO - Rows affected: 1
[2023-02-09T20:46:33.227+0000] {taskinstance.py:1323} INFO - Marking task as SUCCESS. dag_id=my_second_dagV6, task_id=insert_task, execution_date=20230209T204359, start_date=20230209T204632, end_date=20230209T204633
[2023-02-09T20:46:33.287+0000] {local_task_job.py:208} INFO - Task exited with return code 0
[2023-02-09T20:46:33.310+0000] {taskinstance.py:2578} INFO - 0 downstream tasks scheduled from follow-on schedule check
