[2023-01-28T07:44:27.962+0000] {taskinstance.py:1083} INFO - Dependencies all met for <TaskInstance: my_second_dagV3.insert_task scheduled__2023-01-15T00:00:00+00:00 [queued]>
[2023-01-28T07:44:27.971+0000] {taskinstance.py:1083} INFO - Dependencies all met for <TaskInstance: my_second_dagV3.insert_task scheduled__2023-01-15T00:00:00+00:00 [queued]>
[2023-01-28T07:44:27.971+0000] {taskinstance.py:1279} INFO - 
--------------------------------------------------------------------------------
[2023-01-28T07:44:27.971+0000] {taskinstance.py:1280} INFO - Starting attempt 1 of 1
[2023-01-28T07:44:27.971+0000] {taskinstance.py:1281} INFO - 
--------------------------------------------------------------------------------
[2023-01-28T07:44:27.987+0000] {taskinstance.py:1300} INFO - Executing <Task(PostgresOperator): insert_task> on 2023-01-15 00:00:00+00:00
[2023-01-28T07:44:27.992+0000] {standard_task_runner.py:55} INFO - Started process 5932 to run task
[2023-01-28T07:44:27.995+0000] {standard_task_runner.py:82} INFO - Running: ['***', 'tasks', 'run', 'my_second_dagV3', 'insert_task', 'scheduled__2023-01-15T00:00:00+00:00', '--job-id', '22', '--raw', '--subdir', 'DAGS_FOLDER/dag2.py', '--cfg-path', '/tmp/tmp1vyamdio']
[2023-01-28T07:44:27.996+0000] {standard_task_runner.py:83} INFO - Job 22: Subtask insert_task
[2023-01-28T07:44:28.056+0000] {task_command.py:388} INFO - Running <TaskInstance: my_second_dagV3.insert_task scheduled__2023-01-15T00:00:00+00:00 [running]> on host 9763ece73850
[2023-01-28T07:44:28.120+0000] {taskinstance.py:1509} INFO - Exporting the following env vars:
AIRFLOW_CTX_DAG_OWNER=***
AIRFLOW_CTX_DAG_ID=my_second_dagV3
AIRFLOW_CTX_TASK_ID=insert_task
AIRFLOW_CTX_EXECUTION_DATE=2023-01-15T00:00:00+00:00
AIRFLOW_CTX_TRY_NUMBER=1
AIRFLOW_CTX_DAG_RUN_ID=scheduled__2023-01-15T00:00:00+00:00
[2023-01-28T07:44:28.121+0000] {sql.py:254} INFO - Executing: 
            insert into dag_runs(dt, dag_id) VALUES ('{ ds }', ' dag is dag not a dag')
        
[2023-01-28T07:44:28.129+0000] {base.py:73} INFO - Using connection ID 'postgres_localhost' for task execution.
[2023-01-28T07:44:28.306+0000] {base.py:73} INFO - Using connection ID 'postgres_localhost' for task execution.
[2023-01-28T07:44:28.310+0000] {sql.py:375} INFO - Running statement: 
            insert into dag_runs(dt, dag_id) VALUES ('{ ds }', ' dag is dag not a dag')
        , parameters: None
[2023-01-28T07:44:28.311+0000] {taskinstance.py:1768} ERROR - Task failed with exception
Traceback (most recent call last):
  File "/home/airflow/.local/lib/python3.7/site-packages/airflow/providers/common/sql/operators/sql.py", line 266, in execute
    **extra_kwargs,
  File "/home/airflow/.local/lib/python3.7/site-packages/airflow/providers/common/sql/hooks/sql.py", line 349, in run
    self._run_command(cur, sql_statement, parameters)
  File "/home/airflow/.local/lib/python3.7/site-packages/airflow/providers/common/sql/hooks/sql.py", line 380, in _run_command
    cur.execute(sql_statement)
psycopg2.errors.InvalidDatetimeFormat: invalid input syntax for type date: "{ ds }"
LINE 2: ...         insert into dag_runs(dt, dag_id) VALUES ('{ ds }', ...
                                                             ^

[2023-01-28T07:44:28.327+0000] {taskinstance.py:1323} INFO - Marking task as FAILED. dag_id=my_second_dagV3, task_id=insert_task, execution_date=20230115T000000, start_date=20230128T074427, end_date=20230128T074428
[2023-01-28T07:44:28.337+0000] {standard_task_runner.py:105} ERROR - Failed to execute job 22 for task insert_task (invalid input syntax for type date: "{ ds }"
LINE 2: ...         insert into dag_runs(dt, dag_id) VALUES ('{ ds }', ...
                                                             ^
; 5932)
[2023-01-28T07:44:28.370+0000] {local_task_job.py:208} INFO - Task exited with return code 1
[2023-01-28T07:44:28.388+0000] {taskinstance.py:2578} INFO - 0 downstream tasks scheduled from follow-on schedule check
