[2023-01-27T12:35:21.487+0000] {taskinstance.py:1083} INFO - Dependencies all met for <TaskInstance: my_first_dag.get_new_data manual__2023-01-27T12:35:09.874087+00:00 [queued]>
[2023-01-27T12:35:21.577+0000] {taskinstance.py:1083} INFO - Dependencies all met for <TaskInstance: my_first_dag.get_new_data manual__2023-01-27T12:35:09.874087+00:00 [queued]>
[2023-01-27T12:35:21.577+0000] {taskinstance.py:1279} INFO - 
--------------------------------------------------------------------------------
[2023-01-27T12:35:21.578+0000] {taskinstance.py:1280} INFO - Starting attempt 1 of 1
[2023-01-27T12:35:21.578+0000] {taskinstance.py:1281} INFO - 
--------------------------------------------------------------------------------
[2023-01-27T12:35:21.610+0000] {taskinstance.py:1300} INFO - Executing <Task(PythonOperator): get_new_data> on 2023-01-27 12:35:09.874087+00:00
[2023-01-27T12:35:21.616+0000] {standard_task_runner.py:55} INFO - Started process 14614 to run task
[2023-01-27T12:35:21.619+0000] {standard_task_runner.py:82} INFO - Running: ['***', 'tasks', 'run', 'my_first_dag', 'get_new_data', 'manual__2023-01-27T12:35:09.874087+00:00', '--job-id', '6', '--raw', '--subdir', 'DAGS_FOLDER/dag1.py', '--cfg-path', '/tmp/tmputyls_zh']
[2023-01-27T12:35:21.619+0000] {standard_task_runner.py:83} INFO - Job 6: Subtask get_new_data
[2023-01-27T12:35:21.706+0000] {task_command.py:388} INFO - Running <TaskInstance: my_first_dag.get_new_data manual__2023-01-27T12:35:09.874087+00:00 [running]> on host e75f8974d7c5
[2023-01-27T12:35:22.140+0000] {taskinstance.py:1509} INFO - Exporting the following env vars:
AIRFLOW_CTX_DAG_OWNER=***
AIRFLOW_CTX_DAG_ID=my_first_dag
AIRFLOW_CTX_TASK_ID=get_new_data
AIRFLOW_CTX_EXECUTION_DATE=2023-01-27T12:35:09.874087+00:00
AIRFLOW_CTX_TRY_NUMBER=1
AIRFLOW_CTX_DAG_RUN_ID=manual__2023-01-27T12:35:09.874087+00:00
[2023-01-27T12:35:22.141+0000] {python.py:177} INFO - Done. Returned value was: 2
[2023-01-27T12:35:22.354+0000] {taskinstance.py:1323} INFO - Marking task as SUCCESS. dag_id=my_first_dag, task_id=get_new_data, execution_date=20230127T123509, start_date=20230127T123521, end_date=20230127T123522
[2023-01-27T12:35:22.449+0000] {local_task_job.py:208} INFO - Task exited with return code 0
[2023-01-27T12:35:22.503+0000] {taskinstance.py:2578} INFO - 1 downstream tasks scheduled from follow-on schedule check
