[2023-05-16T12:54:36.436+0000] {taskinstance.py:1083} INFO - Dependencies all met for <TaskInstance: my_third_dagV4.fo manual__2023-05-16T12:53:02.975877+00:00 [queued]>
[2023-05-16T12:54:36.480+0000] {taskinstance.py:1083} INFO - Dependencies all met for <TaskInstance: my_third_dagV4.fo manual__2023-05-16T12:53:02.975877+00:00 [queued]>
[2023-05-16T12:54:36.480+0000] {taskinstance.py:1279} INFO - 
--------------------------------------------------------------------------------
[2023-05-16T12:54:36.480+0000] {taskinstance.py:1280} INFO - Starting attempt 2 of 2
[2023-05-16T12:54:36.480+0000] {taskinstance.py:1281} INFO - 
--------------------------------------------------------------------------------
[2023-05-16T12:54:36.539+0000] {taskinstance.py:1300} INFO - Executing <Task(PythonOperator): fo> on 2023-05-16 12:53:02.975877+00:00
[2023-05-16T12:54:36.551+0000] {standard_task_runner.py:55} INFO - Started process 12550 to run task
[2023-05-16T12:54:36.555+0000] {standard_task_runner.py:82} INFO - Running: ['***', 'tasks', 'run', 'my_third_dagV4', 'fo', 'manual__2023-05-16T12:53:02.975877+00:00', '--job-id', '147', '--raw', '--subdir', 'DAGS_FOLDER/dag3.py', '--cfg-path', '/tmp/tmp0mexicg8']
[2023-05-16T12:54:36.556+0000] {standard_task_runner.py:83} INFO - Job 147: Subtask fo
[2023-05-16T12:54:36.749+0000] {task_command.py:388} INFO - Running <TaskInstance: my_third_dagV4.fo manual__2023-05-16T12:53:02.975877+00:00 [running]> on host d1c47018cb38
[2023-05-16T12:54:36.828+0000] {taskinstance.py:1509} INFO - Exporting the following env vars:
AIRFLOW_CTX_DAG_OWNER=***
AIRFLOW_CTX_DAG_ID=my_third_dagV4
AIRFLOW_CTX_TASK_ID=fo
AIRFLOW_CTX_EXECUTION_DATE=2023-05-16T12:53:02.975877+00:00
AIRFLOW_CTX_TRY_NUMBER=2
AIRFLOW_CTX_DAG_RUN_ID=manual__2023-05-16T12:53:02.975877+00:00
[2023-05-16T12:54:55.929+0000] {logging_mixin.py:137} INFO - Hello
[2023-05-16T12:54:55.930+0000] {logging_mixin.py:137} INFO - <pyspark.sql.session.SparkSession object at 0x7fcf2a4f2f90>
[2023-05-16T12:54:55.930+0000] {logging_mixin.py:137} INFO - Bye
[2023-05-16T12:54:56.882+0000] {taskinstance.py:1768} ERROR - Task failed with exception
Traceback (most recent call last):
  File "/home/airflow/.local/lib/python3.7/site-packages/airflow/operators/python.py", line 175, in execute
    return_value = self.execute_callable()
  File "/home/airflow/.local/lib/python3.7/site-packages/airflow/operators/python.py", line 192, in execute_callable
    return self.python_callable(*self.op_args, **self.op_kwargs)
  File "/opt/airflow/dags/dag3.py", line 87, in foo1
    '''.format(date_start, date_finish)) \
NameError: name 'date_start' is not defined
[2023-05-16T12:54:56.890+0000] {taskinstance.py:1323} INFO - Marking task as FAILED. dag_id=my_third_dagV4, task_id=fo, execution_date=20230516T125302, start_date=20230516T125436, end_date=20230516T125456
[2023-05-16T12:54:56.927+0000] {standard_task_runner.py:105} ERROR - Failed to execute job 147 for task fo (name 'date_start' is not defined; 12550)
[2023-05-16T12:54:56.981+0000] {local_task_job.py:208} INFO - Task exited with return code 1
[2023-05-16T12:54:56.994+0000] {taskinstance.py:2578} INFO - 0 downstream tasks scheduled from follow-on schedule check
