[2023-01-27T17:31:05.473+0000] {taskinstance.py:1083} INFO - Dependencies all met for <TaskInstance: my_second_dag.save_new_data manual__2023-01-27T17:31:04.280210+00:00 [queued]>
[2023-01-27T17:31:05.481+0000] {taskinstance.py:1083} INFO - Dependencies all met for <TaskInstance: my_second_dag.save_new_data manual__2023-01-27T17:31:04.280210+00:00 [queued]>
[2023-01-27T17:31:05.481+0000] {taskinstance.py:1279} INFO - 
--------------------------------------------------------------------------------
[2023-01-27T17:31:05.481+0000] {taskinstance.py:1280} INFO - Starting attempt 1 of 1
[2023-01-27T17:31:05.482+0000] {taskinstance.py:1281} INFO - 
--------------------------------------------------------------------------------
[2023-01-27T17:31:05.495+0000] {taskinstance.py:1300} INFO - Executing <Task(PostgresOperator): save_new_data> on 2023-01-27 17:31:04.280210+00:00
[2023-01-27T17:31:05.500+0000] {standard_task_runner.py:55} INFO - Started process 1125 to run task
[2023-01-27T17:31:05.503+0000] {standard_task_runner.py:82} INFO - Running: ['***', 'tasks', 'run', 'my_second_dag', 'save_new_data', 'manual__2023-01-27T17:31:04.280210+00:00', '--job-id', '6', '--raw', '--subdir', 'DAGS_FOLDER/dag2.py', '--cfg-path', '/tmp/tmp1rlg0q6b']
[2023-01-27T17:31:05.504+0000] {standard_task_runner.py:83} INFO - Job 6: Subtask save_new_data
[2023-01-27T17:31:05.595+0000] {task_command.py:388} INFO - Running <TaskInstance: my_second_dag.save_new_data manual__2023-01-27T17:31:04.280210+00:00 [running]> on host 9763ece73850
[2023-01-27T17:31:05.697+0000] {taskinstance.py:1509} INFO - Exporting the following env vars:
AIRFLOW_CTX_DAG_OWNER=***
AIRFLOW_CTX_DAG_ID=my_second_dag
AIRFLOW_CTX_TASK_ID=save_new_data
AIRFLOW_CTX_EXECUTION_DATE=2023-01-27T17:31:04.280210+00:00
AIRFLOW_CTX_TRY_NUMBER=1
AIRFLOW_CTX_DAG_RUN_ID=manual__2023-01-27T17:31:04.280210+00:00
[2023-01-27T17:31:05.698+0000] {sql.py:254} INFO - Executing: 
            CREATE TABLE IF NOT EXISTS dag_runs (
                dt date, 
                dag_id character varying,
                PRIMARY KEY (dt, dag_id)
            )
          
[2023-01-27T17:31:05.710+0000] {base.py:73} INFO - Using connection ID 'postgres_localhost' for task execution.
[2023-01-27T17:31:05.921+0000] {base.py:73} INFO - Using connection ID 'postgres_localhost' for task execution.
[2023-01-27T17:31:05.925+0000] {sql.py:375} INFO - Running statement: 
            CREATE TABLE IF NOT EXISTS dag_runs (
                dt date, 
                dag_id character varying,
                PRIMARY KEY (dt, dag_id)
            )
          , parameters: None
[2023-01-27T17:31:06.213+0000] {taskinstance.py:1323} INFO - Marking task as SUCCESS. dag_id=my_second_dag, task_id=save_new_data, execution_date=20230127T173104, start_date=20230127T173105, end_date=20230127T173106
[2023-01-27T17:31:06.241+0000] {local_task_job.py:208} INFO - Task exited with return code 0
[2023-01-27T17:31:06.258+0000] {taskinstance.py:2578} INFO - 0 downstream tasks scheduled from follow-on schedule check
