[2023-05-15T15:20:19.192+0000] {taskinstance.py:1083} INFO - Dependencies all met for <TaskInstance: my_third_dagV2.fo manual__2023-05-15T10:44:21.070293+00:00 [queued]>
[2023-05-15T15:20:19.256+0000] {taskinstance.py:1083} INFO - Dependencies all met for <TaskInstance: my_third_dagV2.fo manual__2023-05-15T10:44:21.070293+00:00 [queued]>
[2023-05-15T15:20:19.256+0000] {taskinstance.py:1279} INFO - 
--------------------------------------------------------------------------------
[2023-05-15T15:20:19.257+0000] {taskinstance.py:1280} INFO - Starting attempt 2 of 2
[2023-05-15T15:20:19.257+0000] {taskinstance.py:1281} INFO - 
--------------------------------------------------------------------------------
[2023-05-15T15:20:19.332+0000] {taskinstance.py:1300} INFO - Executing <Task(PythonOperator): fo> on 2023-05-15 10:44:21.070293+00:00
[2023-05-15T15:20:19.340+0000] {standard_task_runner.py:55} INFO - Started process 9695 to run task
[2023-05-15T15:20:19.354+0000] {standard_task_runner.py:82} INFO - Running: ['***', 'tasks', 'run', 'my_third_dagV2', 'fo', 'manual__2023-05-15T10:44:21.070293+00:00', '--job-id', '136', '--raw', '--subdir', 'DAGS_FOLDER/dag3.py', '--cfg-path', '/tmp/tmphw2tg68h']
[2023-05-15T15:20:19.360+0000] {standard_task_runner.py:83} INFO - Job 136: Subtask fo
[2023-05-15T15:20:19.601+0000] {task_command.py:388} INFO - Running <TaskInstance: my_third_dagV2.fo manual__2023-05-15T10:44:21.070293+00:00 [running]> on host 725972ab8e3a
[2023-05-15T15:20:19.736+0000] {taskinstance.py:1509} INFO - Exporting the following env vars:
AIRFLOW_CTX_DAG_OWNER=***
AIRFLOW_CTX_DAG_ID=my_third_dagV2
AIRFLOW_CTX_TASK_ID=fo
AIRFLOW_CTX_EXECUTION_DATE=2023-05-15T10:44:21.070293+00:00
AIRFLOW_CTX_TRY_NUMBER=2
AIRFLOW_CTX_DAG_RUN_ID=manual__2023-05-15T10:44:21.070293+00:00
[2023-05-15T15:20:55.131+0000] {logging_mixin.py:137} INFO - <pyspark.sql.session.SparkSession object at 0x7fe029197c50>
[2023-05-15T15:20:55.132+0000] {python.py:177} INFO - Done. Returned value was: 2
[2023-05-15T15:20:55.156+0000] {taskinstance.py:1323} INFO - Marking task as SUCCESS. dag_id=my_third_dagV2, task_id=fo, execution_date=20230515T104421, start_date=20230515T152019, end_date=20230515T152055
[2023-05-15T15:20:55.272+0000] {local_task_job.py:208} INFO - Task exited with return code 0
[2023-05-15T15:20:55.296+0000] {taskinstance.py:2578} INFO - 0 downstream tasks scheduled from follow-on schedule check
