[2023-05-17T14:27:52.030+0000] {taskinstance.py:1083} INFO - Dependencies all met for <TaskInstance: my_third_dagV5.fo manual__2023-05-17T14:27:51.196329+00:00 [queued]>
[2023-05-17T14:27:52.039+0000] {taskinstance.py:1083} INFO - Dependencies all met for <TaskInstance: my_third_dagV5.fo manual__2023-05-17T14:27:51.196329+00:00 [queued]>
[2023-05-17T14:27:52.039+0000] {taskinstance.py:1279} INFO - 
--------------------------------------------------------------------------------
[2023-05-17T14:27:52.039+0000] {taskinstance.py:1280} INFO - Starting attempt 1 of 1
[2023-05-17T14:27:52.039+0000] {taskinstance.py:1281} INFO - 
--------------------------------------------------------------------------------
[2023-05-17T14:27:52.053+0000] {taskinstance.py:1300} INFO - Executing <Task(PythonOperator): fo> on 2023-05-17 14:27:51.196329+00:00
[2023-05-17T14:27:52.081+0000] {standard_task_runner.py:55} INFO - Started process 10757 to run task
[2023-05-17T14:27:52.086+0000] {standard_task_runner.py:82} INFO - Running: ['***', 'tasks', 'run', 'my_third_dagV5', 'fo', 'manual__2023-05-17T14:27:51.196329+00:00', '--job-id', '172', '--raw', '--subdir', 'DAGS_FOLDER/dag3.py', '--cfg-path', '/tmp/tmpp5vv9zru']
[2023-05-17T14:27:52.087+0000] {standard_task_runner.py:83} INFO - Job 172: Subtask fo
[2023-05-17T14:27:52.227+0000] {task_command.py:388} INFO - Running <TaskInstance: my_third_dagV5.fo manual__2023-05-17T14:27:51.196329+00:00 [running]> on host 031cfb56e8fb
[2023-05-17T14:27:52.296+0000] {taskinstance.py:1509} INFO - Exporting the following env vars:
AIRFLOW_CTX_DAG_OWNER=***
AIRFLOW_CTX_DAG_ID=my_third_dagV5
AIRFLOW_CTX_TASK_ID=fo
AIRFLOW_CTX_EXECUTION_DATE=2023-05-17T14:27:51.196329+00:00
AIRFLOW_CTX_TRY_NUMBER=1
AIRFLOW_CTX_DAG_RUN_ID=manual__2023-05-17T14:27:51.196329+00:00
[2023-05-17T14:28:12.085+0000] {warnings.py:110} WARNING - /home/***/.local/lib/python3.7/site-packages/pyspark/context.py:317: FutureWarning: Python 3.7 support is deprecated in Spark 3.4.
  warnings.warn("Python 3.7 support is deprecated in Spark 3.4.", FutureWarning)

[2023-05-17T14:28:12.400+0000] {logging_mixin.py:137} INFO - Hello
[2023-05-17T14:28:12.400+0000] {logging_mixin.py:137} INFO - <pyspark.sql.session.SparkSession object at 0x7fd6b710d1d0>
[2023-05-17T14:28:12.401+0000] {logging_mixin.py:137} INFO - Bye
[2023-05-17T14:28:21.644+0000] {logging_mixin.py:137} INFO - 0
[2023-05-17T14:28:44.052+0000] {logging_mixin.py:137} INFO - <class 'pyspark.sql.dataframe.DataFrame'>
[2023-05-17T14:28:46.549+0000] {logging_mixin.py:137} INFO - 2.4975408619993686
[2023-05-17T14:28:46.625+0000] {logging_mixin.py:137} INFO - 1
[2023-05-17T14:28:49.124+0000] {logging_mixin.py:137} INFO - <class 'pyspark.sql.dataframe.DataFrame'>
[2023-05-17T14:28:49.974+0000] {logging_mixin.py:137} INFO - 0.8504974669995136
[2023-05-17T14:28:49.977+0000] {logging_mixin.py:137} INFO - 2
[2023-05-17T14:28:52.222+0000] {logging_mixin.py:137} INFO - <class 'pyspark.sql.dataframe.DataFrame'>
[2023-05-17T14:28:53.000+0000] {logging_mixin.py:137} INFO - 0.7780967969993071
[2023-05-17T14:28:53.003+0000] {logging_mixin.py:137} INFO - 3
[2023-05-17T14:28:54.837+0000] {logging_mixin.py:137} INFO - <class 'pyspark.sql.dataframe.DataFrame'>
[2023-05-17T14:28:55.837+0000] {logging_mixin.py:137} INFO - 0.9996840330004488
[2023-05-17T14:28:55.840+0000] {logging_mixin.py:137} INFO - 4
[2023-05-17T14:28:58.375+0000] {logging_mixin.py:137} INFO - <class 'pyspark.sql.dataframe.DataFrame'>
[2023-05-17T14:28:59.067+0000] {logging_mixin.py:137} INFO - 0.6919004080009472
[2023-05-17T14:28:59.073+0000] {logging_mixin.py:137} INFO - 69.69311610499972
[2023-05-17T14:28:59.073+0000] {python.py:177} INFO - Done. Returned value was: 2
[2023-05-17T14:28:59.130+0000] {taskinstance.py:1323} INFO - Marking task as SUCCESS. dag_id=my_third_dagV5, task_id=fo, execution_date=20230517T142751, start_date=20230517T142752, end_date=20230517T142859
[2023-05-17T14:28:59.216+0000] {local_task_job.py:208} INFO - Task exited with return code 0
[2023-05-17T14:28:59.255+0000] {taskinstance.py:2578} INFO - 0 downstream tasks scheduled from follow-on schedule check
