[2023-02-01T11:32:56.756+0000] {taskinstance.py:1083} INFO - Dependencies all met for <TaskInstance: my_third_dagV1.fo manual__2023-02-01T11:32:55.271495+00:00 [queued]>
[2023-02-01T11:32:56.765+0000] {taskinstance.py:1083} INFO - Dependencies all met for <TaskInstance: my_third_dagV1.fo manual__2023-02-01T11:32:55.271495+00:00 [queued]>
[2023-02-01T11:32:56.765+0000] {taskinstance.py:1279} INFO - 
--------------------------------------------------------------------------------
[2023-02-01T11:32:56.765+0000] {taskinstance.py:1280} INFO - Starting attempt 1 of 1
[2023-02-01T11:32:56.765+0000] {taskinstance.py:1281} INFO - 
--------------------------------------------------------------------------------
[2023-02-01T11:32:56.787+0000] {taskinstance.py:1300} INFO - Executing <Task(PythonOperator): fo> on 2023-02-01 11:32:55.271495+00:00
[2023-02-01T11:32:56.790+0000] {standard_task_runner.py:55} INFO - Started process 7062 to run task
[2023-02-01T11:32:56.793+0000] {standard_task_runner.py:82} INFO - Running: ['***', 'tasks', 'run', 'my_third_dagV1', 'fo', 'manual__2023-02-01T11:32:55.271495+00:00', '--job-id', '12', '--raw', '--subdir', 'DAGS_FOLDER/dag3.py', '--cfg-path', '/tmp/tmp03g8o6rp']
[2023-02-01T11:32:56.793+0000] {standard_task_runner.py:83} INFO - Job 12: Subtask fo
[2023-02-01T11:32:56.854+0000] {task_command.py:388} INFO - Running <TaskInstance: my_third_dagV1.fo manual__2023-02-01T11:32:55.271495+00:00 [running]> on host 47e55e08a495
[2023-02-01T11:32:56.928+0000] {taskinstance.py:1509} INFO - Exporting the following env vars:
AIRFLOW_CTX_DAG_OWNER=***
AIRFLOW_CTX_DAG_ID=my_third_dagV1
AIRFLOW_CTX_TASK_ID=fo
AIRFLOW_CTX_EXECUTION_DATE=2023-02-01T11:32:55.271495+00:00
AIRFLOW_CTX_TRY_NUMBER=1
AIRFLOW_CTX_DAG_RUN_ID=manual__2023-02-01T11:32:55.271495+00:00
[2023-02-01T11:32:59.202+0000] {logging_mixin.py:137} INFO - Empty DataFrame
Columns: []
Index: []
[2023-02-01T11:32:59.205+0000] {logging_mixin.py:137} INFO - SQL result -  [(2, '100005', 'NULL'), (3, '100023', '100005'), (4, '17', '100005'), (5, '18', '100005'), (6, '20', '100005')] 
[2023-02-01T11:32:59.206+0000] {logging_mixin.py:137} INFO - Соединение с PostgreSQL закрыто
[2023-02-01T11:32:59.206+0000] {python.py:177} INFO - Done. Returned value was: 2
[2023-02-01T11:32:59.237+0000] {taskinstance.py:1323} INFO - Marking task as SUCCESS. dag_id=my_third_dagV1, task_id=fo, execution_date=20230201T113255, start_date=20230201T113256, end_date=20230201T113259
[2023-02-01T11:32:59.308+0000] {local_task_job.py:208} INFO - Task exited with return code 0
[2023-02-01T11:32:59.324+0000] {taskinstance.py:2578} INFO - 0 downstream tasks scheduled from follow-on schedule check
