[2023-02-13T10:24:56.075+0000] {processor.py:153} INFO - Started process (PID=43411) to work on /opt/airflow/dags/dag1.py
[2023-02-13T10:24:56.076+0000] {processor.py:743} INFO - Processing file /opt/airflow/dags/dag1.py for tasks to queue
[2023-02-13T10:24:56.077+0000] {logging_mixin.py:137} INFO - [2023-02-13T10:24:56.077+0000] {dagbag.py:538} INFO - Filling up the DagBag from /opt/airflow/dags/dag1.py
[2023-02-13T10:24:56.187+0000] {processor.py:753} INFO - DAG(s) dict_keys(['my_first_dagV2']) retrieved from /opt/airflow/dags/dag1.py
[2023-02-13T10:24:56.428+0000] {logging_mixin.py:137} INFO - [2023-02-13T10:24:56.428+0000] {dag.py:2690} INFO - Sync 1 DAGs
[2023-02-13T10:24:56.450+0000] {logging_mixin.py:137} INFO - [2023-02-13T10:24:56.450+0000] {dag.py:3441} INFO - Setting next_dagrun for my_first_dagV2 to 2023-02-12T00:00:00+00:00, run_after=2023-02-19T00:00:00+00:00
[2023-02-13T10:24:56.532+0000] {processor.py:175} INFO - Processing /opt/airflow/dags/dag1.py took 0.510 seconds
[2023-02-13T10:25:26.744+0000] {processor.py:153} INFO - Started process (PID=43439) to work on /opt/airflow/dags/dag1.py
[2023-02-13T10:25:26.745+0000] {processor.py:743} INFO - Processing file /opt/airflow/dags/dag1.py for tasks to queue
[2023-02-13T10:25:26.746+0000] {logging_mixin.py:137} INFO - [2023-02-13T10:25:26.746+0000] {dagbag.py:538} INFO - Filling up the DagBag from /opt/airflow/dags/dag1.py
[2023-02-13T10:25:26.786+0000] {processor.py:753} INFO - DAG(s) dict_keys(['my_first_dagV2']) retrieved from /opt/airflow/dags/dag1.py
[2023-02-13T10:25:26.972+0000] {logging_mixin.py:137} INFO - [2023-02-13T10:25:26.972+0000] {dag.py:2690} INFO - Sync 1 DAGs
[2023-02-13T10:25:26.997+0000] {logging_mixin.py:137} INFO - [2023-02-13T10:25:26.997+0000] {dag.py:3441} INFO - Setting next_dagrun for my_first_dagV2 to 2023-02-12T00:00:00+00:00, run_after=2023-02-19T00:00:00+00:00
[2023-02-13T10:25:27.038+0000] {processor.py:175} INFO - Processing /opt/airflow/dags/dag1.py took 0.297 seconds
[2023-02-13T10:25:57.246+0000] {processor.py:153} INFO - Started process (PID=43478) to work on /opt/airflow/dags/dag1.py
[2023-02-13T10:25:57.287+0000] {processor.py:743} INFO - Processing file /opt/airflow/dags/dag1.py for tasks to queue
[2023-02-13T10:25:57.287+0000] {logging_mixin.py:137} INFO - [2023-02-13T10:25:57.287+0000] {dagbag.py:538} INFO - Filling up the DagBag from /opt/airflow/dags/dag1.py
[2023-02-13T10:25:57.460+0000] {processor.py:753} INFO - DAG(s) dict_keys(['my_first_dagV2']) retrieved from /opt/airflow/dags/dag1.py
[2023-02-13T10:25:57.479+0000] {logging_mixin.py:137} INFO - [2023-02-13T10:25:57.479+0000] {dag.py:2690} INFO - Sync 1 DAGs
[2023-02-13T10:25:57.501+0000] {logging_mixin.py:137} INFO - [2023-02-13T10:25:57.501+0000] {dag.py:3441} INFO - Setting next_dagrun for my_first_dagV2 to 2023-02-12T00:00:00+00:00, run_after=2023-02-19T00:00:00+00:00
[2023-02-13T10:25:57.558+0000] {processor.py:175} INFO - Processing /opt/airflow/dags/dag1.py took 0.316 seconds
[2023-02-13T10:26:27.865+0000] {processor.py:153} INFO - Started process (PID=43505) to work on /opt/airflow/dags/dag1.py
[2023-02-13T10:26:27.866+0000] {processor.py:743} INFO - Processing file /opt/airflow/dags/dag1.py for tasks to queue
[2023-02-13T10:26:27.866+0000] {logging_mixin.py:137} INFO - [2023-02-13T10:26:27.866+0000] {dagbag.py:538} INFO - Filling up the DagBag from /opt/airflow/dags/dag1.py
[2023-02-13T10:26:27.908+0000] {processor.py:753} INFO - DAG(s) dict_keys(['my_first_dagV2']) retrieved from /opt/airflow/dags/dag1.py
[2023-02-13T10:26:27.930+0000] {logging_mixin.py:137} INFO - [2023-02-13T10:26:27.930+0000] {dag.py:2690} INFO - Sync 1 DAGs
[2023-02-13T10:26:27.955+0000] {logging_mixin.py:137} INFO - [2023-02-13T10:26:27.955+0000] {dag.py:3441} INFO - Setting next_dagrun for my_first_dagV2 to 2023-02-12T00:00:00+00:00, run_after=2023-02-19T00:00:00+00:00
[2023-02-13T10:26:28.168+0000] {processor.py:175} INFO - Processing /opt/airflow/dags/dag1.py took 0.309 seconds
[2023-02-13T10:26:58.364+0000] {processor.py:153} INFO - Started process (PID=43544) to work on /opt/airflow/dags/dag1.py
[2023-02-13T10:26:58.420+0000] {processor.py:743} INFO - Processing file /opt/airflow/dags/dag1.py for tasks to queue
[2023-02-13T10:26:58.421+0000] {logging_mixin.py:137} INFO - [2023-02-13T10:26:58.421+0000] {dagbag.py:538} INFO - Filling up the DagBag from /opt/airflow/dags/dag1.py
[2023-02-13T10:26:58.463+0000] {processor.py:753} INFO - DAG(s) dict_keys(['my_first_dagV2']) retrieved from /opt/airflow/dags/dag1.py
[2023-02-13T10:26:58.486+0000] {logging_mixin.py:137} INFO - [2023-02-13T10:26:58.486+0000] {dag.py:2690} INFO - Sync 1 DAGs
[2023-02-13T10:26:58.697+0000] {logging_mixin.py:137} INFO - [2023-02-13T10:26:58.697+0000] {dag.py:3441} INFO - Setting next_dagrun for my_first_dagV2 to 2023-02-12T00:00:00+00:00, run_after=2023-02-19T00:00:00+00:00
[2023-02-13T10:26:58.722+0000] {processor.py:175} INFO - Processing /opt/airflow/dags/dag1.py took 0.360 seconds
[2023-02-13T10:27:28.943+0000] {processor.py:153} INFO - Started process (PID=43571) to work on /opt/airflow/dags/dag1.py
[2023-02-13T10:27:28.943+0000] {processor.py:743} INFO - Processing file /opt/airflow/dags/dag1.py for tasks to queue
[2023-02-13T10:27:28.944+0000] {logging_mixin.py:137} INFO - [2023-02-13T10:27:28.944+0000] {dagbag.py:538} INFO - Filling up the DagBag from /opt/airflow/dags/dag1.py
[2023-02-13T10:27:29.000+0000] {processor.py:753} INFO - DAG(s) dict_keys(['my_first_dagV2']) retrieved from /opt/airflow/dags/dag1.py
[2023-02-13T10:27:29.045+0000] {logging_mixin.py:137} INFO - [2023-02-13T10:27:29.045+0000] {dag.py:2690} INFO - Sync 1 DAGs
[2023-02-13T10:27:29.233+0000] {logging_mixin.py:137} INFO - [2023-02-13T10:27:29.233+0000] {dag.py:3441} INFO - Setting next_dagrun for my_first_dagV2 to 2023-02-12T00:00:00+00:00, run_after=2023-02-19T00:00:00+00:00
[2023-02-13T10:27:29.270+0000] {processor.py:175} INFO - Processing /opt/airflow/dags/dag1.py took 0.331 seconds
[2023-02-13T10:27:59.446+0000] {processor.py:153} INFO - Started process (PID=43607) to work on /opt/airflow/dags/dag1.py
[2023-02-13T10:27:59.472+0000] {processor.py:743} INFO - Processing file /opt/airflow/dags/dag1.py for tasks to queue
[2023-02-13T10:27:59.472+0000] {logging_mixin.py:137} INFO - [2023-02-13T10:27:59.472+0000] {dagbag.py:538} INFO - Filling up the DagBag from /opt/airflow/dags/dag1.py
[2023-02-13T10:27:59.511+0000] {processor.py:753} INFO - DAG(s) dict_keys(['my_first_dagV2']) retrieved from /opt/airflow/dags/dag1.py
[2023-02-13T10:27:59.748+0000] {logging_mixin.py:137} INFO - [2023-02-13T10:27:59.748+0000] {dag.py:2690} INFO - Sync 1 DAGs
[2023-02-13T10:27:59.794+0000] {logging_mixin.py:137} INFO - [2023-02-13T10:27:59.794+0000] {dag.py:3441} INFO - Setting next_dagrun for my_first_dagV2 to 2023-02-12T00:00:00+00:00, run_after=2023-02-19T00:00:00+00:00
[2023-02-13T10:27:59.837+0000] {processor.py:175} INFO - Processing /opt/airflow/dags/dag1.py took 0.396 seconds
[2023-02-13T10:28:30.013+0000] {processor.py:153} INFO - Started process (PID=43637) to work on /opt/airflow/dags/dag1.py
[2023-02-13T10:28:30.038+0000] {processor.py:743} INFO - Processing file /opt/airflow/dags/dag1.py for tasks to queue
[2023-02-13T10:28:30.039+0000] {logging_mixin.py:137} INFO - [2023-02-13T10:28:30.039+0000] {dagbag.py:538} INFO - Filling up the DagBag from /opt/airflow/dags/dag1.py
[2023-02-13T10:28:30.093+0000] {processor.py:753} INFO - DAG(s) dict_keys(['my_first_dagV2']) retrieved from /opt/airflow/dags/dag1.py
[2023-02-13T10:28:30.304+0000] {logging_mixin.py:137} INFO - [2023-02-13T10:28:30.304+0000] {dag.py:2690} INFO - Sync 1 DAGs
[2023-02-13T10:28:30.331+0000] {logging_mixin.py:137} INFO - [2023-02-13T10:28:30.331+0000] {dag.py:3441} INFO - Setting next_dagrun for my_first_dagV2 to 2023-02-12T00:00:00+00:00, run_after=2023-02-19T00:00:00+00:00
[2023-02-13T10:28:30.371+0000] {processor.py:175} INFO - Processing /opt/airflow/dags/dag1.py took 0.362 seconds
[2023-02-13T10:29:00.634+0000] {processor.py:153} INFO - Started process (PID=43664) to work on /opt/airflow/dags/dag1.py
[2023-02-13T10:29:00.635+0000] {processor.py:743} INFO - Processing file /opt/airflow/dags/dag1.py for tasks to queue
[2023-02-13T10:29:00.636+0000] {logging_mixin.py:137} INFO - [2023-02-13T10:29:00.636+0000] {dagbag.py:538} INFO - Filling up the DagBag from /opt/airflow/dags/dag1.py
[2023-02-13T10:29:00.829+0000] {processor.py:753} INFO - DAG(s) dict_keys(['my_first_dagV2']) retrieved from /opt/airflow/dags/dag1.py
[2023-02-13T10:29:00.849+0000] {logging_mixin.py:137} INFO - [2023-02-13T10:29:00.849+0000] {dag.py:2690} INFO - Sync 1 DAGs
[2023-02-13T10:29:00.873+0000] {logging_mixin.py:137} INFO - [2023-02-13T10:29:00.873+0000] {dag.py:3441} INFO - Setting next_dagrun for my_first_dagV2 to 2023-02-12T00:00:00+00:00, run_after=2023-02-19T00:00:00+00:00
[2023-02-13T10:29:00.894+0000] {processor.py:175} INFO - Processing /opt/airflow/dags/dag1.py took 0.264 seconds
[2023-02-13T10:29:31.155+0000] {processor.py:153} INFO - Started process (PID=43703) to work on /opt/airflow/dags/dag1.py
[2023-02-13T10:29:31.177+0000] {processor.py:743} INFO - Processing file /opt/airflow/dags/dag1.py for tasks to queue
[2023-02-13T10:29:31.178+0000] {logging_mixin.py:137} INFO - [2023-02-13T10:29:31.178+0000] {dagbag.py:538} INFO - Filling up the DagBag from /opt/airflow/dags/dag1.py
[2023-02-13T10:29:31.216+0000] {processor.py:753} INFO - DAG(s) dict_keys(['my_first_dagV2']) retrieved from /opt/airflow/dags/dag1.py
[2023-02-13T10:29:31.241+0000] {logging_mixin.py:137} INFO - [2023-02-13T10:29:31.241+0000] {dag.py:2690} INFO - Sync 1 DAGs
[2023-02-13T10:29:31.266+0000] {logging_mixin.py:137} INFO - [2023-02-13T10:29:31.266+0000] {dag.py:3441} INFO - Setting next_dagrun for my_first_dagV2 to 2023-02-12T00:00:00+00:00, run_after=2023-02-19T00:00:00+00:00
[2023-02-13T10:29:31.440+0000] {processor.py:175} INFO - Processing /opt/airflow/dags/dag1.py took 0.288 seconds
[2023-02-13T10:30:01.478+0000] {processor.py:153} INFO - Started process (PID=43730) to work on /opt/airflow/dags/dag1.py
[2023-02-13T10:30:01.479+0000] {processor.py:743} INFO - Processing file /opt/airflow/dags/dag1.py for tasks to queue
[2023-02-13T10:30:01.479+0000] {logging_mixin.py:137} INFO - [2023-02-13T10:30:01.479+0000] {dagbag.py:538} INFO - Filling up the DagBag from /opt/airflow/dags/dag1.py
[2023-02-13T10:30:01.518+0000] {processor.py:753} INFO - DAG(s) dict_keys(['my_first_dagV2']) retrieved from /opt/airflow/dags/dag1.py
[2023-02-13T10:30:01.539+0000] {logging_mixin.py:137} INFO - [2023-02-13T10:30:01.539+0000] {dag.py:2690} INFO - Sync 1 DAGs
[2023-02-13T10:30:01.734+0000] {logging_mixin.py:137} INFO - [2023-02-13T10:30:01.734+0000] {dag.py:3441} INFO - Setting next_dagrun for my_first_dagV2 to 2023-02-12T00:00:00+00:00, run_after=2023-02-19T00:00:00+00:00
[2023-02-13T10:30:01.768+0000] {processor.py:175} INFO - Processing /opt/airflow/dags/dag1.py took 0.293 seconds
[2023-02-13T10:30:32.001+0000] {processor.py:153} INFO - Started process (PID=43769) to work on /opt/airflow/dags/dag1.py
[2023-02-13T10:30:32.002+0000] {processor.py:743} INFO - Processing file /opt/airflow/dags/dag1.py for tasks to queue
[2023-02-13T10:30:32.002+0000] {logging_mixin.py:137} INFO - [2023-02-13T10:30:32.002+0000] {dagbag.py:538} INFO - Filling up the DagBag from /opt/airflow/dags/dag1.py
[2023-02-13T10:30:32.041+0000] {processor.py:753} INFO - DAG(s) dict_keys(['my_first_dagV2']) retrieved from /opt/airflow/dags/dag1.py
[2023-02-13T10:30:32.063+0000] {logging_mixin.py:137} INFO - [2023-02-13T10:30:32.063+0000] {dag.py:2690} INFO - Sync 1 DAGs
[2023-02-13T10:30:32.281+0000] {logging_mixin.py:137} INFO - [2023-02-13T10:30:32.280+0000] {dag.py:3441} INFO - Setting next_dagrun for my_first_dagV2 to 2023-02-12T00:00:00+00:00, run_after=2023-02-19T00:00:00+00:00
[2023-02-13T10:30:32.458+0000] {processor.py:175} INFO - Processing /opt/airflow/dags/dag1.py took 0.460 seconds
[2023-02-13T10:31:02.611+0000] {processor.py:153} INFO - Started process (PID=43796) to work on /opt/airflow/dags/dag1.py
[2023-02-13T10:31:02.612+0000] {processor.py:743} INFO - Processing file /opt/airflow/dags/dag1.py for tasks to queue
[2023-02-13T10:31:02.612+0000] {logging_mixin.py:137} INFO - [2023-02-13T10:31:02.612+0000] {dagbag.py:538} INFO - Filling up the DagBag from /opt/airflow/dags/dag1.py
[2023-02-13T10:31:02.650+0000] {processor.py:753} INFO - DAG(s) dict_keys(['my_first_dagV2']) retrieved from /opt/airflow/dags/dag1.py
[2023-02-13T10:31:02.840+0000] {logging_mixin.py:137} INFO - [2023-02-13T10:31:02.840+0000] {dag.py:2690} INFO - Sync 1 DAGs
[2023-02-13T10:31:02.862+0000] {logging_mixin.py:137} INFO - [2023-02-13T10:31:02.862+0000] {dag.py:3441} INFO - Setting next_dagrun for my_first_dagV2 to 2023-02-12T00:00:00+00:00, run_after=2023-02-19T00:00:00+00:00
[2023-02-13T10:31:02.916+0000] {processor.py:175} INFO - Processing /opt/airflow/dags/dag1.py took 0.309 seconds
[2023-02-13T10:31:33.077+0000] {processor.py:153} INFO - Started process (PID=43835) to work on /opt/airflow/dags/dag1.py
[2023-02-13T10:31:33.078+0000] {processor.py:743} INFO - Processing file /opt/airflow/dags/dag1.py for tasks to queue
[2023-02-13T10:31:33.078+0000] {logging_mixin.py:137} INFO - [2023-02-13T10:31:33.078+0000] {dagbag.py:538} INFO - Filling up the DagBag from /opt/airflow/dags/dag1.py
[2023-02-13T10:31:33.118+0000] {processor.py:753} INFO - DAG(s) dict_keys(['my_first_dagV2']) retrieved from /opt/airflow/dags/dag1.py
[2023-02-13T10:31:33.276+0000] {logging_mixin.py:137} INFO - [2023-02-13T10:31:33.276+0000] {dag.py:2690} INFO - Sync 1 DAGs
[2023-02-13T10:31:33.307+0000] {logging_mixin.py:137} INFO - [2023-02-13T10:31:33.307+0000] {dag.py:3441} INFO - Setting next_dagrun for my_first_dagV2 to 2023-02-12T00:00:00+00:00, run_after=2023-02-19T00:00:00+00:00
[2023-02-13T10:31:33.326+0000] {processor.py:175} INFO - Processing /opt/airflow/dags/dag1.py took 0.254 seconds
[2023-02-13T10:32:03.544+0000] {processor.py:153} INFO - Started process (PID=43862) to work on /opt/airflow/dags/dag1.py
[2023-02-13T10:32:03.545+0000] {processor.py:743} INFO - Processing file /opt/airflow/dags/dag1.py for tasks to queue
[2023-02-13T10:32:03.546+0000] {logging_mixin.py:137} INFO - [2023-02-13T10:32:03.546+0000] {dagbag.py:538} INFO - Filling up the DagBag from /opt/airflow/dags/dag1.py
[2023-02-13T10:32:03.776+0000] {processor.py:753} INFO - DAG(s) dict_keys(['my_first_dagV2']) retrieved from /opt/airflow/dags/dag1.py
[2023-02-13T10:32:03.794+0000] {logging_mixin.py:137} INFO - [2023-02-13T10:32:03.794+0000] {dag.py:2690} INFO - Sync 1 DAGs
[2023-02-13T10:32:03.816+0000] {logging_mixin.py:137} INFO - [2023-02-13T10:32:03.816+0000] {dag.py:3441} INFO - Setting next_dagrun for my_first_dagV2 to 2023-02-12T00:00:00+00:00, run_after=2023-02-19T00:00:00+00:00
[2023-02-13T10:32:03.832+0000] {processor.py:175} INFO - Processing /opt/airflow/dags/dag1.py took 0.292 seconds
[2023-02-13T10:32:34.015+0000] {processor.py:153} INFO - Started process (PID=43901) to work on /opt/airflow/dags/dag1.py
[2023-02-13T10:32:34.018+0000] {processor.py:743} INFO - Processing file /opt/airflow/dags/dag1.py for tasks to queue
[2023-02-13T10:32:34.022+0000] {logging_mixin.py:137} INFO - [2023-02-13T10:32:34.021+0000] {dagbag.py:538} INFO - Filling up the DagBag from /opt/airflow/dags/dag1.py
[2023-02-13T10:32:34.226+0000] {processor.py:753} INFO - DAG(s) dict_keys(['my_first_dagV2']) retrieved from /opt/airflow/dags/dag1.py
[2023-02-13T10:32:34.247+0000] {logging_mixin.py:137} INFO - [2023-02-13T10:32:34.247+0000] {dag.py:2690} INFO - Sync 1 DAGs
[2023-02-13T10:32:34.269+0000] {logging_mixin.py:137} INFO - [2023-02-13T10:32:34.268+0000] {dag.py:3441} INFO - Setting next_dagrun for my_first_dagV2 to 2023-02-12T00:00:00+00:00, run_after=2023-02-19T00:00:00+00:00
[2023-02-13T10:32:34.317+0000] {processor.py:175} INFO - Processing /opt/airflow/dags/dag1.py took 0.307 seconds
[2023-02-13T10:33:04.502+0000] {processor.py:153} INFO - Started process (PID=43928) to work on /opt/airflow/dags/dag1.py
[2023-02-13T10:33:04.507+0000] {processor.py:743} INFO - Processing file /opt/airflow/dags/dag1.py for tasks to queue
[2023-02-13T10:33:04.508+0000] {logging_mixin.py:137} INFO - [2023-02-13T10:33:04.507+0000] {dagbag.py:538} INFO - Filling up the DagBag from /opt/airflow/dags/dag1.py
[2023-02-13T10:33:04.547+0000] {processor.py:753} INFO - DAG(s) dict_keys(['my_first_dagV2']) retrieved from /opt/airflow/dags/dag1.py
[2023-02-13T10:33:04.569+0000] {logging_mixin.py:137} INFO - [2023-02-13T10:33:04.569+0000] {dag.py:2690} INFO - Sync 1 DAGs
[2023-02-13T10:33:04.776+0000] {logging_mixin.py:137} INFO - [2023-02-13T10:33:04.776+0000] {dag.py:3441} INFO - Setting next_dagrun for my_first_dagV2 to 2023-02-12T00:00:00+00:00, run_after=2023-02-19T00:00:00+00:00
[2023-02-13T10:33:04.804+0000] {processor.py:175} INFO - Processing /opt/airflow/dags/dag1.py took 0.306 seconds
[2023-02-13T10:33:35.044+0000] {processor.py:153} INFO - Started process (PID=43961) to work on /opt/airflow/dags/dag1.py
[2023-02-13T10:33:35.045+0000] {processor.py:743} INFO - Processing file /opt/airflow/dags/dag1.py for tasks to queue
[2023-02-13T10:33:35.046+0000] {logging_mixin.py:137} INFO - [2023-02-13T10:33:35.046+0000] {dagbag.py:538} INFO - Filling up the DagBag from /opt/airflow/dags/dag1.py
[2023-02-13T10:33:35.091+0000] {processor.py:753} INFO - DAG(s) dict_keys(['my_first_dagV2']) retrieved from /opt/airflow/dags/dag1.py
[2023-02-13T10:33:35.114+0000] {logging_mixin.py:137} INFO - [2023-02-13T10:33:35.114+0000] {dag.py:2690} INFO - Sync 1 DAGs
[2023-02-13T10:33:35.389+0000] {logging_mixin.py:137} INFO - [2023-02-13T10:33:35.389+0000] {dag.py:3441} INFO - Setting next_dagrun for my_first_dagV2 to 2023-02-12T00:00:00+00:00, run_after=2023-02-19T00:00:00+00:00
[2023-02-13T10:33:35.546+0000] {processor.py:175} INFO - Processing /opt/airflow/dags/dag1.py took 0.505 seconds
[2023-02-13T10:34:05.733+0000] {processor.py:153} INFO - Started process (PID=43993) to work on /opt/airflow/dags/dag1.py
[2023-02-13T10:34:05.792+0000] {processor.py:743} INFO - Processing file /opt/airflow/dags/dag1.py for tasks to queue
[2023-02-13T10:34:05.792+0000] {logging_mixin.py:137} INFO - [2023-02-13T10:34:05.792+0000] {dagbag.py:538} INFO - Filling up the DagBag from /opt/airflow/dags/dag1.py
[2023-02-13T10:34:05.833+0000] {processor.py:753} INFO - DAG(s) dict_keys(['my_first_dagV2']) retrieved from /opt/airflow/dags/dag1.py
[2023-02-13T10:34:06.038+0000] {logging_mixin.py:137} INFO - [2023-02-13T10:34:06.038+0000] {dag.py:2690} INFO - Sync 1 DAGs
[2023-02-13T10:34:06.060+0000] {logging_mixin.py:137} INFO - [2023-02-13T10:34:06.059+0000] {dag.py:3441} INFO - Setting next_dagrun for my_first_dagV2 to 2023-02-12T00:00:00+00:00, run_after=2023-02-19T00:00:00+00:00
[2023-02-13T10:34:06.105+0000] {processor.py:175} INFO - Processing /opt/airflow/dags/dag1.py took 0.376 seconds
[2023-02-13T10:34:36.332+0000] {processor.py:153} INFO - Started process (PID=44020) to work on /opt/airflow/dags/dag1.py
[2023-02-13T10:34:36.332+0000] {processor.py:743} INFO - Processing file /opt/airflow/dags/dag1.py for tasks to queue
[2023-02-13T10:34:36.333+0000] {logging_mixin.py:137} INFO - [2023-02-13T10:34:36.333+0000] {dagbag.py:538} INFO - Filling up the DagBag from /opt/airflow/dags/dag1.py
[2023-02-13T10:34:36.379+0000] {processor.py:753} INFO - DAG(s) dict_keys(['my_first_dagV2']) retrieved from /opt/airflow/dags/dag1.py
[2023-02-13T10:34:36.589+0000] {logging_mixin.py:137} INFO - [2023-02-13T10:34:36.589+0000] {dag.py:2690} INFO - Sync 1 DAGs
[2023-02-13T10:34:36.614+0000] {logging_mixin.py:137} INFO - [2023-02-13T10:34:36.613+0000] {dag.py:3441} INFO - Setting next_dagrun for my_first_dagV2 to 2023-02-12T00:00:00+00:00, run_after=2023-02-19T00:00:00+00:00
[2023-02-13T10:34:36.647+0000] {processor.py:175} INFO - Processing /opt/airflow/dags/dag1.py took 0.320 seconds
[2023-02-13T10:35:06.870+0000] {processor.py:153} INFO - Started process (PID=44058) to work on /opt/airflow/dags/dag1.py
[2023-02-13T10:35:06.903+0000] {processor.py:743} INFO - Processing file /opt/airflow/dags/dag1.py for tasks to queue
[2023-02-13T10:35:06.905+0000] {logging_mixin.py:137} INFO - [2023-02-13T10:35:06.905+0000] {dagbag.py:538} INFO - Filling up the DagBag from /opt/airflow/dags/dag1.py
[2023-02-13T10:35:07.081+0000] {processor.py:753} INFO - DAG(s) dict_keys(['my_first_dagV2']) retrieved from /opt/airflow/dags/dag1.py
[2023-02-13T10:35:07.105+0000] {logging_mixin.py:137} INFO - [2023-02-13T10:35:07.105+0000] {dag.py:2690} INFO - Sync 1 DAGs
[2023-02-13T10:35:07.126+0000] {logging_mixin.py:137} INFO - [2023-02-13T10:35:07.126+0000] {dag.py:3441} INFO - Setting next_dagrun for my_first_dagV2 to 2023-02-12T00:00:00+00:00, run_after=2023-02-19T00:00:00+00:00
[2023-02-13T10:35:07.142+0000] {processor.py:175} INFO - Processing /opt/airflow/dags/dag1.py took 0.278 seconds
[2023-02-13T10:35:37.369+0000] {processor.py:153} INFO - Started process (PID=44086) to work on /opt/airflow/dags/dag1.py
[2023-02-13T10:35:37.370+0000] {processor.py:743} INFO - Processing file /opt/airflow/dags/dag1.py for tasks to queue
[2023-02-13T10:35:37.371+0000] {logging_mixin.py:137} INFO - [2023-02-13T10:35:37.370+0000] {dagbag.py:538} INFO - Filling up the DagBag from /opt/airflow/dags/dag1.py
[2023-02-13T10:35:37.574+0000] {processor.py:753} INFO - DAG(s) dict_keys(['my_first_dagV2']) retrieved from /opt/airflow/dags/dag1.py
[2023-02-13T10:35:37.592+0000] {logging_mixin.py:137} INFO - [2023-02-13T10:35:37.592+0000] {dag.py:2690} INFO - Sync 1 DAGs
[2023-02-13T10:35:37.632+0000] {logging_mixin.py:137} INFO - [2023-02-13T10:35:37.632+0000] {dag.py:3441} INFO - Setting next_dagrun for my_first_dagV2 to 2023-02-12T00:00:00+00:00, run_after=2023-02-19T00:00:00+00:00
[2023-02-13T10:35:37.662+0000] {processor.py:175} INFO - Processing /opt/airflow/dags/dag1.py took 0.298 seconds
[2023-02-13T10:36:07.874+0000] {processor.py:153} INFO - Started process (PID=44126) to work on /opt/airflow/dags/dag1.py
[2023-02-13T10:36:07.911+0000] {processor.py:743} INFO - Processing file /opt/airflow/dags/dag1.py for tasks to queue
[2023-02-13T10:36:07.911+0000] {logging_mixin.py:137} INFO - [2023-02-13T10:36:07.911+0000] {dagbag.py:538} INFO - Filling up the DagBag from /opt/airflow/dags/dag1.py
[2023-02-13T10:36:07.950+0000] {processor.py:753} INFO - DAG(s) dict_keys(['my_first_dagV2']) retrieved from /opt/airflow/dags/dag1.py
[2023-02-13T10:36:07.972+0000] {logging_mixin.py:137} INFO - [2023-02-13T10:36:07.972+0000] {dag.py:2690} INFO - Sync 1 DAGs
[2023-02-13T10:36:08.151+0000] {logging_mixin.py:137} INFO - [2023-02-13T10:36:08.151+0000] {dag.py:3441} INFO - Setting next_dagrun for my_first_dagV2 to 2023-02-12T00:00:00+00:00, run_after=2023-02-19T00:00:00+00:00
[2023-02-13T10:36:08.211+0000] {processor.py:175} INFO - Processing /opt/airflow/dags/dag1.py took 0.341 seconds
[2023-02-13T10:36:38.396+0000] {processor.py:153} INFO - Started process (PID=44153) to work on /opt/airflow/dags/dag1.py
[2023-02-13T10:36:38.397+0000] {processor.py:743} INFO - Processing file /opt/airflow/dags/dag1.py for tasks to queue
[2023-02-13T10:36:38.397+0000] {logging_mixin.py:137} INFO - [2023-02-13T10:36:38.397+0000] {dagbag.py:538} INFO - Filling up the DagBag from /opt/airflow/dags/dag1.py
[2023-02-13T10:36:38.436+0000] {processor.py:753} INFO - DAG(s) dict_keys(['my_first_dagV2']) retrieved from /opt/airflow/dags/dag1.py
[2023-02-13T10:36:38.459+0000] {logging_mixin.py:137} INFO - [2023-02-13T10:36:38.458+0000] {dag.py:2690} INFO - Sync 1 DAGs
[2023-02-13T10:36:38.664+0000] {logging_mixin.py:137} INFO - [2023-02-13T10:36:38.663+0000] {dag.py:3441} INFO - Setting next_dagrun for my_first_dagV2 to 2023-02-12T00:00:00+00:00, run_after=2023-02-19T00:00:00+00:00
[2023-02-13T10:36:38.712+0000] {processor.py:175} INFO - Processing /opt/airflow/dags/dag1.py took 0.320 seconds
[2023-02-13T10:37:08.908+0000] {processor.py:153} INFO - Started process (PID=44192) to work on /opt/airflow/dags/dag1.py
[2023-02-13T10:37:08.933+0000] {processor.py:743} INFO - Processing file /opt/airflow/dags/dag1.py for tasks to queue
[2023-02-13T10:37:08.934+0000] {logging_mixin.py:137} INFO - [2023-02-13T10:37:08.934+0000] {dagbag.py:538} INFO - Filling up the DagBag from /opt/airflow/dags/dag1.py
[2023-02-13T10:37:08.977+0000] {processor.py:753} INFO - DAG(s) dict_keys(['my_first_dagV2']) retrieved from /opt/airflow/dags/dag1.py
[2023-02-13T10:37:09.217+0000] {logging_mixin.py:137} INFO - [2023-02-13T10:37:09.217+0000] {dag.py:2690} INFO - Sync 1 DAGs
[2023-02-13T10:37:09.240+0000] {logging_mixin.py:137} INFO - [2023-02-13T10:37:09.240+0000] {dag.py:3441} INFO - Setting next_dagrun for my_first_dagV2 to 2023-02-12T00:00:00+00:00, run_after=2023-02-19T00:00:00+00:00
[2023-02-13T10:37:09.939+0000] {processor.py:175} INFO - Processing /opt/airflow/dags/dag1.py took 1.035 seconds
[2023-02-13T10:37:40.128+0000] {processor.py:153} INFO - Started process (PID=44220) to work on /opt/airflow/dags/dag1.py
[2023-02-13T10:37:40.129+0000] {processor.py:743} INFO - Processing file /opt/airflow/dags/dag1.py for tasks to queue
[2023-02-13T10:37:40.130+0000] {logging_mixin.py:137} INFO - [2023-02-13T10:37:40.130+0000] {dagbag.py:538} INFO - Filling up the DagBag from /opt/airflow/dags/dag1.py
[2023-02-13T10:37:40.173+0000] {processor.py:753} INFO - DAG(s) dict_keys(['my_first_dagV2']) retrieved from /opt/airflow/dags/dag1.py
[2023-02-13T10:37:40.351+0000] {logging_mixin.py:137} INFO - [2023-02-13T10:37:40.351+0000] {dag.py:2690} INFO - Sync 1 DAGs
[2023-02-13T10:37:40.378+0000] {logging_mixin.py:137} INFO - [2023-02-13T10:37:40.378+0000] {dag.py:3441} INFO - Setting next_dagrun for my_first_dagV2 to 2023-02-12T00:00:00+00:00, run_after=2023-02-19T00:00:00+00:00
[2023-02-13T10:37:40.395+0000] {processor.py:175} INFO - Processing /opt/airflow/dags/dag1.py took 0.271 seconds
[2023-02-13T10:38:10.628+0000] {processor.py:153} INFO - Started process (PID=44256) to work on /opt/airflow/dags/dag1.py
[2023-02-13T10:38:10.629+0000] {processor.py:743} INFO - Processing file /opt/airflow/dags/dag1.py for tasks to queue
[2023-02-13T10:38:10.629+0000] {logging_mixin.py:137} INFO - [2023-02-13T10:38:10.629+0000] {dagbag.py:538} INFO - Filling up the DagBag from /opt/airflow/dags/dag1.py
[2023-02-13T10:38:10.835+0000] {processor.py:753} INFO - DAG(s) dict_keys(['my_first_dagV2']) retrieved from /opt/airflow/dags/dag1.py
[2023-02-13T10:38:10.852+0000] {logging_mixin.py:137} INFO - [2023-02-13T10:38:10.852+0000] {dag.py:2690} INFO - Sync 1 DAGs
[2023-02-13T10:38:10.874+0000] {logging_mixin.py:137} INFO - [2023-02-13T10:38:10.874+0000] {dag.py:3441} INFO - Setting next_dagrun for my_first_dagV2 to 2023-02-12T00:00:00+00:00, run_after=2023-02-19T00:00:00+00:00
[2023-02-13T10:38:10.899+0000] {processor.py:175} INFO - Processing /opt/airflow/dags/dag1.py took 0.277 seconds
[2023-02-13T10:38:41.080+0000] {processor.py:153} INFO - Started process (PID=44286) to work on /opt/airflow/dags/dag1.py
[2023-02-13T10:38:41.081+0000] {processor.py:743} INFO - Processing file /opt/airflow/dags/dag1.py for tasks to queue
[2023-02-13T10:38:41.082+0000] {logging_mixin.py:137} INFO - [2023-02-13T10:38:41.082+0000] {dagbag.py:538} INFO - Filling up the DagBag from /opt/airflow/dags/dag1.py
[2023-02-13T10:38:41.293+0000] {processor.py:753} INFO - DAG(s) dict_keys(['my_first_dagV2']) retrieved from /opt/airflow/dags/dag1.py
[2023-02-13T10:38:41.314+0000] {logging_mixin.py:137} INFO - [2023-02-13T10:38:41.314+0000] {dag.py:2690} INFO - Sync 1 DAGs
[2023-02-13T10:38:41.355+0000] {logging_mixin.py:137} INFO - [2023-02-13T10:38:41.355+0000] {dag.py:3441} INFO - Setting next_dagrun for my_first_dagV2 to 2023-02-12T00:00:00+00:00, run_after=2023-02-19T00:00:00+00:00
[2023-02-13T10:38:41.385+0000] {processor.py:175} INFO - Processing /opt/airflow/dags/dag1.py took 0.308 seconds
[2023-02-13T10:39:11.612+0000] {processor.py:153} INFO - Started process (PID=44313) to work on /opt/airflow/dags/dag1.py
[2023-02-13T10:39:11.613+0000] {processor.py:743} INFO - Processing file /opt/airflow/dags/dag1.py for tasks to queue
[2023-02-13T10:39:11.614+0000] {logging_mixin.py:137} INFO - [2023-02-13T10:39:11.614+0000] {dagbag.py:538} INFO - Filling up the DagBag from /opt/airflow/dags/dag1.py
[2023-02-13T10:39:11.652+0000] {processor.py:753} INFO - DAG(s) dict_keys(['my_first_dagV2']) retrieved from /opt/airflow/dags/dag1.py
[2023-02-13T10:39:11.692+0000] {logging_mixin.py:137} INFO - [2023-02-13T10:39:11.692+0000] {dag.py:2690} INFO - Sync 1 DAGs
[2023-02-13T10:39:11.863+0000] {logging_mixin.py:137} INFO - [2023-02-13T10:39:11.863+0000] {dag.py:3441} INFO - Setting next_dagrun for my_first_dagV2 to 2023-02-12T00:00:00+00:00, run_after=2023-02-19T00:00:00+00:00
[2023-02-13T10:39:11.879+0000] {processor.py:175} INFO - Processing /opt/airflow/dags/dag1.py took 0.270 seconds
[2023-02-13T10:39:42.038+0000] {processor.py:153} INFO - Started process (PID=44352) to work on /opt/airflow/dags/dag1.py
[2023-02-13T10:39:42.039+0000] {processor.py:743} INFO - Processing file /opt/airflow/dags/dag1.py for tasks to queue
[2023-02-13T10:39:42.039+0000] {logging_mixin.py:137} INFO - [2023-02-13T10:39:42.039+0000] {dagbag.py:538} INFO - Filling up the DagBag from /opt/airflow/dags/dag1.py
[2023-02-13T10:39:42.084+0000] {processor.py:753} INFO - DAG(s) dict_keys(['my_first_dagV2']) retrieved from /opt/airflow/dags/dag1.py
[2023-02-13T10:39:42.113+0000] {logging_mixin.py:137} INFO - [2023-02-13T10:39:42.112+0000] {dag.py:2690} INFO - Sync 1 DAGs
[2023-02-13T10:39:42.294+0000] {logging_mixin.py:137} INFO - [2023-02-13T10:39:42.285+0000] {dag.py:3441} INFO - Setting next_dagrun for my_first_dagV2 to 2023-02-12T00:00:00+00:00, run_after=2023-02-19T00:00:00+00:00
[2023-02-13T10:39:42.345+0000] {processor.py:175} INFO - Processing /opt/airflow/dags/dag1.py took 0.310 seconds
[2023-02-13T10:40:12.587+0000] {processor.py:153} INFO - Started process (PID=44379) to work on /opt/airflow/dags/dag1.py
[2023-02-13T10:40:12.622+0000] {processor.py:743} INFO - Processing file /opt/airflow/dags/dag1.py for tasks to queue
[2023-02-13T10:40:12.622+0000] {logging_mixin.py:137} INFO - [2023-02-13T10:40:12.622+0000] {dagbag.py:538} INFO - Filling up the DagBag from /opt/airflow/dags/dag1.py
[2023-02-13T10:40:12.664+0000] {processor.py:753} INFO - DAG(s) dict_keys(['my_first_dagV2']) retrieved from /opt/airflow/dags/dag1.py
[2023-02-13T10:40:12.847+0000] {logging_mixin.py:137} INFO - [2023-02-13T10:40:12.847+0000] {dag.py:2690} INFO - Sync 1 DAGs
[2023-02-13T10:40:12.869+0000] {logging_mixin.py:137} INFO - [2023-02-13T10:40:12.869+0000] {dag.py:3441} INFO - Setting next_dagrun for my_first_dagV2 to 2023-02-12T00:00:00+00:00, run_after=2023-02-19T00:00:00+00:00
[2023-02-13T10:40:12.887+0000] {processor.py:175} INFO - Processing /opt/airflow/dags/dag1.py took 0.305 seconds
[2023-02-13T10:40:43.111+0000] {processor.py:153} INFO - Started process (PID=44418) to work on /opt/airflow/dags/dag1.py
[2023-02-13T10:40:43.111+0000] {processor.py:743} INFO - Processing file /opt/airflow/dags/dag1.py for tasks to queue
[2023-02-13T10:40:43.112+0000] {logging_mixin.py:137} INFO - [2023-02-13T10:40:43.112+0000] {dagbag.py:538} INFO - Filling up the DagBag from /opt/airflow/dags/dag1.py
[2023-02-13T10:40:43.150+0000] {processor.py:753} INFO - DAG(s) dict_keys(['my_first_dagV2']) retrieved from /opt/airflow/dags/dag1.py
[2023-02-13T10:40:43.327+0000] {logging_mixin.py:137} INFO - [2023-02-13T10:40:43.327+0000] {dag.py:2690} INFO - Sync 1 DAGs
[2023-02-13T10:40:43.372+0000] {logging_mixin.py:137} INFO - [2023-02-13T10:40:43.372+0000] {dag.py:3441} INFO - Setting next_dagrun for my_first_dagV2 to 2023-02-12T00:00:00+00:00, run_after=2023-02-19T00:00:00+00:00
[2023-02-13T10:40:43.417+0000] {processor.py:175} INFO - Processing /opt/airflow/dags/dag1.py took 0.310 seconds
[2023-02-13T10:41:13.598+0000] {processor.py:153} INFO - Started process (PID=44446) to work on /opt/airflow/dags/dag1.py
[2023-02-13T10:41:13.645+0000] {processor.py:743} INFO - Processing file /opt/airflow/dags/dag1.py for tasks to queue
[2023-02-13T10:41:13.645+0000] {logging_mixin.py:137} INFO - [2023-02-13T10:41:13.645+0000] {dagbag.py:538} INFO - Filling up the DagBag from /opt/airflow/dags/dag1.py
[2023-02-13T10:41:13.893+0000] {processor.py:753} INFO - DAG(s) dict_keys(['my_first_dagV2']) retrieved from /opt/airflow/dags/dag1.py
[2023-02-13T10:41:13.919+0000] {logging_mixin.py:137} INFO - [2023-02-13T10:41:13.919+0000] {dag.py:2690} INFO - Sync 1 DAGs
[2023-02-13T10:41:13.971+0000] {logging_mixin.py:137} INFO - [2023-02-13T10:41:13.971+0000] {dag.py:3441} INFO - Setting next_dagrun for my_first_dagV2 to 2023-02-12T00:00:00+00:00, run_after=2023-02-19T00:00:00+00:00
[2023-02-13T10:41:13.998+0000] {processor.py:175} INFO - Processing /opt/airflow/dags/dag1.py took 0.404 seconds
[2023-02-13T10:41:44.196+0000] {processor.py:153} INFO - Started process (PID=44486) to work on /opt/airflow/dags/dag1.py
[2023-02-13T10:41:44.197+0000] {processor.py:743} INFO - Processing file /opt/airflow/dags/dag1.py for tasks to queue
[2023-02-13T10:41:44.198+0000] {logging_mixin.py:137} INFO - [2023-02-13T10:41:44.198+0000] {dagbag.py:538} INFO - Filling up the DagBag from /opt/airflow/dags/dag1.py
[2023-02-13T10:41:44.459+0000] {processor.py:753} INFO - DAG(s) dict_keys(['my_first_dagV2']) retrieved from /opt/airflow/dags/dag1.py
[2023-02-13T10:41:44.477+0000] {logging_mixin.py:137} INFO - [2023-02-13T10:41:44.476+0000] {dag.py:2690} INFO - Sync 1 DAGs
[2023-02-13T10:41:44.499+0000] {logging_mixin.py:137} INFO - [2023-02-13T10:41:44.499+0000] {dag.py:3441} INFO - Setting next_dagrun for my_first_dagV2 to 2023-02-12T00:00:00+00:00, run_after=2023-02-19T00:00:00+00:00
[2023-02-13T10:41:44.567+0000] {processor.py:175} INFO - Processing /opt/airflow/dags/dag1.py took 0.375 seconds
[2023-02-13T10:42:14.784+0000] {processor.py:153} INFO - Started process (PID=44513) to work on /opt/airflow/dags/dag1.py
[2023-02-13T10:42:14.826+0000] {processor.py:743} INFO - Processing file /opt/airflow/dags/dag1.py for tasks to queue
[2023-02-13T10:42:14.827+0000] {logging_mixin.py:137} INFO - [2023-02-13T10:42:14.826+0000] {dagbag.py:538} INFO - Filling up the DagBag from /opt/airflow/dags/dag1.py
[2023-02-13T10:42:14.865+0000] {processor.py:753} INFO - DAG(s) dict_keys(['my_first_dagV2']) retrieved from /opt/airflow/dags/dag1.py
[2023-02-13T10:42:14.886+0000] {logging_mixin.py:137} INFO - [2023-02-13T10:42:14.886+0000] {dag.py:2690} INFO - Sync 1 DAGs
[2023-02-13T10:42:15.071+0000] {logging_mixin.py:137} INFO - [2023-02-13T10:42:15.071+0000] {dag.py:3441} INFO - Setting next_dagrun for my_first_dagV2 to 2023-02-12T00:00:00+00:00, run_after=2023-02-19T00:00:00+00:00
[2023-02-13T10:42:15.100+0000] {processor.py:175} INFO - Processing /opt/airflow/dags/dag1.py took 0.320 seconds
[2023-02-13T10:42:45.274+0000] {processor.py:153} INFO - Started process (PID=44541) to work on /opt/airflow/dags/dag1.py
[2023-02-13T10:42:45.275+0000] {processor.py:743} INFO - Processing file /opt/airflow/dags/dag1.py for tasks to queue
[2023-02-13T10:42:45.276+0000] {logging_mixin.py:137} INFO - [2023-02-13T10:42:45.276+0000] {dagbag.py:538} INFO - Filling up the DagBag from /opt/airflow/dags/dag1.py
[2023-02-13T10:42:45.317+0000] {processor.py:753} INFO - DAG(s) dict_keys(['my_first_dagV2']) retrieved from /opt/airflow/dags/dag1.py
[2023-02-13T10:42:45.339+0000] {logging_mixin.py:137} INFO - [2023-02-13T10:42:45.339+0000] {dag.py:2690} INFO - Sync 1 DAGs
[2023-02-13T10:42:45.556+0000] {logging_mixin.py:137} INFO - [2023-02-13T10:42:45.556+0000] {dag.py:3441} INFO - Setting next_dagrun for my_first_dagV2 to 2023-02-12T00:00:00+00:00, run_after=2023-02-19T00:00:00+00:00
[2023-02-13T10:42:45.589+0000] {processor.py:175} INFO - Processing /opt/airflow/dags/dag1.py took 0.322 seconds
[2023-02-13T10:43:15.784+0000] {processor.py:153} INFO - Started process (PID=44579) to work on /opt/airflow/dags/dag1.py
[2023-02-13T10:43:15.785+0000] {processor.py:743} INFO - Processing file /opt/airflow/dags/dag1.py for tasks to queue
[2023-02-13T10:43:15.786+0000] {logging_mixin.py:137} INFO - [2023-02-13T10:43:15.786+0000] {dagbag.py:538} INFO - Filling up the DagBag from /opt/airflow/dags/dag1.py
[2023-02-13T10:43:15.827+0000] {processor.py:753} INFO - DAG(s) dict_keys(['my_first_dagV2']) retrieved from /opt/airflow/dags/dag1.py
[2023-02-13T10:43:16.051+0000] {logging_mixin.py:137} INFO - [2023-02-13T10:43:16.051+0000] {dag.py:2690} INFO - Sync 1 DAGs
[2023-02-13T10:43:16.075+0000] {logging_mixin.py:137} INFO - [2023-02-13T10:43:16.075+0000] {dag.py:3441} INFO - Setting next_dagrun for my_first_dagV2 to 2023-02-12T00:00:00+00:00, run_after=2023-02-19T00:00:00+00:00
[2023-02-13T10:43:16.114+0000] {processor.py:175} INFO - Processing /opt/airflow/dags/dag1.py took 0.333 seconds
[2023-02-13T10:43:46.288+0000] {processor.py:153} INFO - Started process (PID=44606) to work on /opt/airflow/dags/dag1.py
[2023-02-13T10:43:46.289+0000] {processor.py:743} INFO - Processing file /opt/airflow/dags/dag1.py for tasks to queue
[2023-02-13T10:43:46.289+0000] {logging_mixin.py:137} INFO - [2023-02-13T10:43:46.289+0000] {dagbag.py:538} INFO - Filling up the DagBag from /opt/airflow/dags/dag1.py
[2023-02-13T10:43:46.333+0000] {processor.py:753} INFO - DAG(s) dict_keys(['my_first_dagV2']) retrieved from /opt/airflow/dags/dag1.py
[2023-02-13T10:43:46.520+0000] {logging_mixin.py:137} INFO - [2023-02-13T10:43:46.520+0000] {dag.py:2690} INFO - Sync 1 DAGs
[2023-02-13T10:43:46.543+0000] {logging_mixin.py:137} INFO - [2023-02-13T10:43:46.543+0000] {dag.py:3441} INFO - Setting next_dagrun for my_first_dagV2 to 2023-02-12T00:00:00+00:00, run_after=2023-02-19T00:00:00+00:00
[2023-02-13T10:43:46.561+0000] {processor.py:175} INFO - Processing /opt/airflow/dags/dag1.py took 0.276 seconds
[2023-02-13T10:44:16.812+0000] {processor.py:153} INFO - Started process (PID=44645) to work on /opt/airflow/dags/dag1.py
[2023-02-13T10:44:16.858+0000] {processor.py:743} INFO - Processing file /opt/airflow/dags/dag1.py for tasks to queue
[2023-02-13T10:44:16.859+0000] {logging_mixin.py:137} INFO - [2023-02-13T10:44:16.859+0000] {dagbag.py:538} INFO - Filling up the DagBag from /opt/airflow/dags/dag1.py
[2023-02-13T10:44:17.101+0000] {processor.py:753} INFO - DAG(s) dict_keys(['my_first_dagV2']) retrieved from /opt/airflow/dags/dag1.py
[2023-02-13T10:44:17.129+0000] {logging_mixin.py:137} INFO - [2023-02-13T10:44:17.129+0000] {dag.py:2690} INFO - Sync 1 DAGs
[2023-02-13T10:44:17.152+0000] {logging_mixin.py:137} INFO - [2023-02-13T10:44:17.152+0000] {dag.py:3441} INFO - Setting next_dagrun for my_first_dagV2 to 2023-02-12T00:00:00+00:00, run_after=2023-02-19T00:00:00+00:00
[2023-02-13T10:44:17.187+0000] {processor.py:175} INFO - Processing /opt/airflow/dags/dag1.py took 0.378 seconds
[2023-02-13T10:44:47.378+0000] {processor.py:153} INFO - Started process (PID=44673) to work on /opt/airflow/dags/dag1.py
[2023-02-13T10:44:47.379+0000] {processor.py:743} INFO - Processing file /opt/airflow/dags/dag1.py for tasks to queue
[2023-02-13T10:44:47.379+0000] {logging_mixin.py:137} INFO - [2023-02-13T10:44:47.379+0000] {dagbag.py:538} INFO - Filling up the DagBag from /opt/airflow/dags/dag1.py
[2023-02-13T10:44:47.577+0000] {processor.py:753} INFO - DAG(s) dict_keys(['my_first_dagV2']) retrieved from /opt/airflow/dags/dag1.py
[2023-02-13T10:44:47.601+0000] {logging_mixin.py:137} INFO - [2023-02-13T10:44:47.601+0000] {dag.py:2690} INFO - Sync 1 DAGs
[2023-02-13T10:44:47.637+0000] {logging_mixin.py:137} INFO - [2023-02-13T10:44:47.637+0000] {dag.py:3441} INFO - Setting next_dagrun for my_first_dagV2 to 2023-02-12T00:00:00+00:00, run_after=2023-02-19T00:00:00+00:00
[2023-02-13T10:44:47.670+0000] {processor.py:175} INFO - Processing /opt/airflow/dags/dag1.py took 0.296 seconds
[2023-02-13T10:45:17.850+0000] {processor.py:153} INFO - Started process (PID=44712) to work on /opt/airflow/dags/dag1.py
[2023-02-13T10:45:17.851+0000] {processor.py:743} INFO - Processing file /opt/airflow/dags/dag1.py for tasks to queue
[2023-02-13T10:45:17.851+0000] {logging_mixin.py:137} INFO - [2023-02-13T10:45:17.851+0000] {dagbag.py:538} INFO - Filling up the DagBag from /opt/airflow/dags/dag1.py
[2023-02-13T10:45:17.894+0000] {processor.py:753} INFO - DAG(s) dict_keys(['my_first_dagV2']) retrieved from /opt/airflow/dags/dag1.py
[2023-02-13T10:45:17.918+0000] {logging_mixin.py:137} INFO - [2023-02-13T10:45:17.918+0000] {dag.py:2690} INFO - Sync 1 DAGs
[2023-02-13T10:45:18.106+0000] {logging_mixin.py:137} INFO - [2023-02-13T10:45:18.106+0000] {dag.py:3441} INFO - Setting next_dagrun for my_first_dagV2 to 2023-02-12T00:00:00+00:00, run_after=2023-02-19T00:00:00+00:00
[2023-02-13T10:45:18.158+0000] {processor.py:175} INFO - Processing /opt/airflow/dags/dag1.py took 0.312 seconds
[2023-02-13T10:45:48.338+0000] {processor.py:153} INFO - Started process (PID=44739) to work on /opt/airflow/dags/dag1.py
[2023-02-13T10:45:48.339+0000] {processor.py:743} INFO - Processing file /opt/airflow/dags/dag1.py for tasks to queue
[2023-02-13T10:45:48.340+0000] {logging_mixin.py:137} INFO - [2023-02-13T10:45:48.339+0000] {dagbag.py:538} INFO - Filling up the DagBag from /opt/airflow/dags/dag1.py
[2023-02-13T10:45:48.387+0000] {processor.py:753} INFO - DAG(s) dict_keys(['my_first_dagV2']) retrieved from /opt/airflow/dags/dag1.py
[2023-02-13T10:45:48.412+0000] {logging_mixin.py:137} INFO - [2023-02-13T10:45:48.411+0000] {dag.py:2690} INFO - Sync 1 DAGs
[2023-02-13T10:45:48.609+0000] {logging_mixin.py:137} INFO - [2023-02-13T10:45:48.609+0000] {dag.py:3441} INFO - Setting next_dagrun for my_first_dagV2 to 2023-02-12T00:00:00+00:00, run_after=2023-02-19T00:00:00+00:00
[2023-02-13T10:45:48.626+0000] {processor.py:175} INFO - Processing /opt/airflow/dags/dag1.py took 0.293 seconds
[2023-02-13T10:46:18.838+0000] {processor.py:153} INFO - Started process (PID=44776) to work on /opt/airflow/dags/dag1.py
[2023-02-13T10:46:18.870+0000] {processor.py:743} INFO - Processing file /opt/airflow/dags/dag1.py for tasks to queue
[2023-02-13T10:46:18.870+0000] {logging_mixin.py:137} INFO - [2023-02-13T10:46:18.870+0000] {dagbag.py:538} INFO - Filling up the DagBag from /opt/airflow/dags/dag1.py
[2023-02-13T10:46:18.920+0000] {processor.py:753} INFO - DAG(s) dict_keys(['my_first_dagV2']) retrieved from /opt/airflow/dags/dag1.py
[2023-02-13T10:46:19.136+0000] {logging_mixin.py:137} INFO - [2023-02-13T10:46:19.136+0000] {dag.py:2690} INFO - Sync 1 DAGs
[2023-02-13T10:46:19.181+0000] {logging_mixin.py:137} INFO - [2023-02-13T10:46:19.181+0000] {dag.py:3441} INFO - Setting next_dagrun for my_first_dagV2 to 2023-02-12T00:00:00+00:00, run_after=2023-02-19T00:00:00+00:00
[2023-02-13T10:46:19.206+0000] {processor.py:175} INFO - Processing /opt/airflow/dags/dag1.py took 0.372 seconds
[2023-02-13T10:46:49.471+0000] {processor.py:153} INFO - Started process (PID=44806) to work on /opt/airflow/dags/dag1.py
[2023-02-13T10:46:49.472+0000] {processor.py:743} INFO - Processing file /opt/airflow/dags/dag1.py for tasks to queue
[2023-02-13T10:46:49.472+0000] {logging_mixin.py:137} INFO - [2023-02-13T10:46:49.472+0000] {dagbag.py:538} INFO - Filling up the DagBag from /opt/airflow/dags/dag1.py
[2023-02-13T10:46:49.513+0000] {processor.py:753} INFO - DAG(s) dict_keys(['my_first_dagV2']) retrieved from /opt/airflow/dags/dag1.py
[2023-02-13T10:46:49.741+0000] {logging_mixin.py:137} INFO - [2023-02-13T10:46:49.741+0000] {dag.py:2690} INFO - Sync 1 DAGs
[2023-02-13T10:46:49.762+0000] {logging_mixin.py:137} INFO - [2023-02-13T10:46:49.761+0000] {dag.py:3441} INFO - Setting next_dagrun for my_first_dagV2 to 2023-02-12T00:00:00+00:00, run_after=2023-02-19T00:00:00+00:00
[2023-02-13T10:46:49.794+0000] {processor.py:175} INFO - Processing /opt/airflow/dags/dag1.py took 0.330 seconds
[2023-02-13T10:47:19.955+0000] {processor.py:153} INFO - Started process (PID=44834) to work on /opt/airflow/dags/dag1.py
[2023-02-13T10:47:19.993+0000] {processor.py:743} INFO - Processing file /opt/airflow/dags/dag1.py for tasks to queue
[2023-02-13T10:47:19.993+0000] {logging_mixin.py:137} INFO - [2023-02-13T10:47:19.993+0000] {dagbag.py:538} INFO - Filling up the DagBag from /opt/airflow/dags/dag1.py
[2023-02-13T10:47:20.190+0000] {processor.py:753} INFO - DAG(s) dict_keys(['my_first_dagV2']) retrieved from /opt/airflow/dags/dag1.py
[2023-02-13T10:47:20.210+0000] {logging_mixin.py:137} INFO - [2023-02-13T10:47:20.210+0000] {dag.py:2690} INFO - Sync 1 DAGs
[2023-02-13T10:47:20.240+0000] {logging_mixin.py:137} INFO - [2023-02-13T10:47:20.240+0000] {dag.py:3441} INFO - Setting next_dagrun for my_first_dagV2 to 2023-02-12T00:00:00+00:00, run_after=2023-02-19T00:00:00+00:00
[2023-02-13T10:47:20.270+0000] {processor.py:175} INFO - Processing /opt/airflow/dags/dag1.py took 0.319 seconds
[2023-02-13T10:47:50.467+0000] {processor.py:153} INFO - Started process (PID=44873) to work on /opt/airflow/dags/dag1.py
[2023-02-13T10:47:50.467+0000] {processor.py:743} INFO - Processing file /opt/airflow/dags/dag1.py for tasks to queue
[2023-02-13T10:47:50.468+0000] {logging_mixin.py:137} INFO - [2023-02-13T10:47:50.468+0000] {dagbag.py:538} INFO - Filling up the DagBag from /opt/airflow/dags/dag1.py
[2023-02-13T10:47:50.657+0000] {processor.py:753} INFO - DAG(s) dict_keys(['my_first_dagV2']) retrieved from /opt/airflow/dags/dag1.py
[2023-02-13T10:47:50.686+0000] {logging_mixin.py:137} INFO - [2023-02-13T10:47:50.686+0000] {dag.py:2690} INFO - Sync 1 DAGs
[2023-02-13T10:47:50.708+0000] {logging_mixin.py:137} INFO - [2023-02-13T10:47:50.708+0000] {dag.py:3441} INFO - Setting next_dagrun for my_first_dagV2 to 2023-02-12T00:00:00+00:00, run_after=2023-02-19T00:00:00+00:00
[2023-02-13T10:47:50.740+0000] {processor.py:175} INFO - Processing /opt/airflow/dags/dag1.py took 0.278 seconds
[2023-02-13T10:48:20.964+0000] {processor.py:153} INFO - Started process (PID=44901) to work on /opt/airflow/dags/dag1.py
[2023-02-13T10:48:20.980+0000] {processor.py:743} INFO - Processing file /opt/airflow/dags/dag1.py for tasks to queue
[2023-02-13T10:48:20.981+0000] {logging_mixin.py:137} INFO - [2023-02-13T10:48:20.981+0000] {dagbag.py:538} INFO - Filling up the DagBag from /opt/airflow/dags/dag1.py
[2023-02-13T10:48:21.167+0000] {processor.py:753} INFO - DAG(s) dict_keys(['my_first_dagV2']) retrieved from /opt/airflow/dags/dag1.py
[2023-02-13T10:48:21.183+0000] {logging_mixin.py:137} INFO - [2023-02-13T10:48:21.183+0000] {dag.py:2690} INFO - Sync 1 DAGs
[2023-02-13T10:48:21.206+0000] {logging_mixin.py:137} INFO - [2023-02-13T10:48:21.206+0000] {dag.py:3441} INFO - Setting next_dagrun for my_first_dagV2 to 2023-02-12T00:00:00+00:00, run_after=2023-02-19T00:00:00+00:00
[2023-02-13T10:48:21.253+0000] {processor.py:175} INFO - Processing /opt/airflow/dags/dag1.py took 0.294 seconds
[2023-02-13T10:48:51.509+0000] {processor.py:153} INFO - Started process (PID=44940) to work on /opt/airflow/dags/dag1.py
[2023-02-13T10:48:51.510+0000] {processor.py:743} INFO - Processing file /opt/airflow/dags/dag1.py for tasks to queue
[2023-02-13T10:48:51.510+0000] {logging_mixin.py:137} INFO - [2023-02-13T10:48:51.510+0000] {dagbag.py:538} INFO - Filling up the DagBag from /opt/airflow/dags/dag1.py
[2023-02-13T10:48:51.571+0000] {processor.py:753} INFO - DAG(s) dict_keys(['my_first_dagV2']) retrieved from /opt/airflow/dags/dag1.py
[2023-02-13T10:48:51.592+0000] {logging_mixin.py:137} INFO - [2023-02-13T10:48:51.592+0000] {dag.py:2690} INFO - Sync 1 DAGs
[2023-02-13T10:48:51.746+0000] {logging_mixin.py:137} INFO - [2023-02-13T10:48:51.746+0000] {dag.py:3441} INFO - Setting next_dagrun for my_first_dagV2 to 2023-02-12T00:00:00+00:00, run_after=2023-02-19T00:00:00+00:00
[2023-02-13T10:48:51.763+0000] {processor.py:175} INFO - Processing /opt/airflow/dags/dag1.py took 0.259 seconds
[2023-02-13T10:49:22.044+0000] {processor.py:153} INFO - Started process (PID=44967) to work on /opt/airflow/dags/dag1.py
[2023-02-13T10:49:22.098+0000] {processor.py:743} INFO - Processing file /opt/airflow/dags/dag1.py for tasks to queue
[2023-02-13T10:49:22.098+0000] {logging_mixin.py:137} INFO - [2023-02-13T10:49:22.098+0000] {dagbag.py:538} INFO - Filling up the DagBag from /opt/airflow/dags/dag1.py
[2023-02-13T10:49:22.143+0000] {processor.py:753} INFO - DAG(s) dict_keys(['my_first_dagV2']) retrieved from /opt/airflow/dags/dag1.py
[2023-02-13T10:49:22.324+0000] {logging_mixin.py:137} INFO - [2023-02-13T10:49:22.324+0000] {dag.py:2690} INFO - Sync 1 DAGs
[2023-02-13T10:49:22.346+0000] {logging_mixin.py:137} INFO - [2023-02-13T10:49:22.346+0000] {dag.py:3441} INFO - Setting next_dagrun for my_first_dagV2 to 2023-02-12T00:00:00+00:00, run_after=2023-02-19T00:00:00+00:00
[2023-02-13T10:49:22.382+0000] {processor.py:175} INFO - Processing /opt/airflow/dags/dag1.py took 0.341 seconds
[2023-02-13T10:49:52.616+0000] {processor.py:153} INFO - Started process (PID=45007) to work on /opt/airflow/dags/dag1.py
[2023-02-13T10:49:52.617+0000] {processor.py:743} INFO - Processing file /opt/airflow/dags/dag1.py for tasks to queue
[2023-02-13T10:49:52.617+0000] {logging_mixin.py:137} INFO - [2023-02-13T10:49:52.617+0000] {dagbag.py:538} INFO - Filling up the DagBag from /opt/airflow/dags/dag1.py
[2023-02-13T10:49:52.671+0000] {processor.py:753} INFO - DAG(s) dict_keys(['my_first_dagV2']) retrieved from /opt/airflow/dags/dag1.py
[2023-02-13T10:49:52.868+0000] {logging_mixin.py:137} INFO - [2023-02-13T10:49:52.868+0000] {dag.py:2690} INFO - Sync 1 DAGs
[2023-02-13T10:49:52.892+0000] {logging_mixin.py:137} INFO - [2023-02-13T10:49:52.891+0000] {dag.py:3441} INFO - Setting next_dagrun for my_first_dagV2 to 2023-02-12T00:00:00+00:00, run_after=2023-02-19T00:00:00+00:00
[2023-02-13T10:49:52.913+0000] {processor.py:175} INFO - Processing /opt/airflow/dags/dag1.py took 0.301 seconds
[2023-02-13T10:50:23.166+0000] {processor.py:153} INFO - Started process (PID=45034) to work on /opt/airflow/dags/dag1.py
[2023-02-13T10:50:23.167+0000] {processor.py:743} INFO - Processing file /opt/airflow/dags/dag1.py for tasks to queue
[2023-02-13T10:50:23.168+0000] {logging_mixin.py:137} INFO - [2023-02-13T10:50:23.168+0000] {dagbag.py:538} INFO - Filling up the DagBag from /opt/airflow/dags/dag1.py
[2023-02-13T10:50:23.355+0000] {processor.py:753} INFO - DAG(s) dict_keys(['my_first_dagV2']) retrieved from /opt/airflow/dags/dag1.py
[2023-02-13T10:50:23.402+0000] {logging_mixin.py:137} INFO - [2023-02-13T10:50:23.402+0000] {dag.py:2690} INFO - Sync 1 DAGs
[2023-02-13T10:50:23.425+0000] {logging_mixin.py:137} INFO - [2023-02-13T10:50:23.425+0000] {dag.py:3441} INFO - Setting next_dagrun for my_first_dagV2 to 2023-02-12T00:00:00+00:00, run_after=2023-02-19T00:00:00+00:00
[2023-02-13T10:50:23.487+0000] {processor.py:175} INFO - Processing /opt/airflow/dags/dag1.py took 0.324 seconds
[2023-02-13T10:50:53.683+0000] {processor.py:153} INFO - Started process (PID=45070) to work on /opt/airflow/dags/dag1.py
[2023-02-13T10:50:53.684+0000] {processor.py:743} INFO - Processing file /opt/airflow/dags/dag1.py for tasks to queue
[2023-02-13T10:50:53.684+0000] {logging_mixin.py:137} INFO - [2023-02-13T10:50:53.684+0000] {dagbag.py:538} INFO - Filling up the DagBag from /opt/airflow/dags/dag1.py
[2023-02-13T10:50:53.915+0000] {processor.py:753} INFO - DAG(s) dict_keys(['my_first_dagV2']) retrieved from /opt/airflow/dags/dag1.py
[2023-02-13T10:50:53.932+0000] {logging_mixin.py:137} INFO - [2023-02-13T10:50:53.932+0000] {dag.py:2690} INFO - Sync 1 DAGs
[2023-02-13T10:50:53.967+0000] {logging_mixin.py:137} INFO - [2023-02-13T10:50:53.967+0000] {dag.py:3441} INFO - Setting next_dagrun for my_first_dagV2 to 2023-02-12T00:00:00+00:00, run_after=2023-02-19T00:00:00+00:00
[2023-02-13T10:50:53.981+0000] {processor.py:175} INFO - Processing /opt/airflow/dags/dag1.py took 0.302 seconds
[2023-02-13T10:51:24.131+0000] {processor.py:153} INFO - Started process (PID=45100) to work on /opt/airflow/dags/dag1.py
[2023-02-13T10:51:24.132+0000] {processor.py:743} INFO - Processing file /opt/airflow/dags/dag1.py for tasks to queue
[2023-02-13T10:51:24.133+0000] {logging_mixin.py:137} INFO - [2023-02-13T10:51:24.132+0000] {dagbag.py:538} INFO - Filling up the DagBag from /opt/airflow/dags/dag1.py
[2023-02-13T10:51:24.312+0000] {processor.py:753} INFO - DAG(s) dict_keys(['my_first_dagV2']) retrieved from /opt/airflow/dags/dag1.py
[2023-02-13T10:51:24.355+0000] {logging_mixin.py:137} INFO - [2023-02-13T10:51:24.355+0000] {dag.py:2690} INFO - Sync 1 DAGs
[2023-02-13T10:51:24.392+0000] {logging_mixin.py:137} INFO - [2023-02-13T10:51:24.392+0000] {dag.py:3441} INFO - Setting next_dagrun for my_first_dagV2 to 2023-02-12T00:00:00+00:00, run_after=2023-02-19T00:00:00+00:00
[2023-02-13T10:51:24.418+0000] {processor.py:175} INFO - Processing /opt/airflow/dags/dag1.py took 0.290 seconds
[2023-02-13T10:51:54.583+0000] {processor.py:153} INFO - Started process (PID=45127) to work on /opt/airflow/dags/dag1.py
[2023-02-13T10:51:54.591+0000] {processor.py:743} INFO - Processing file /opt/airflow/dags/dag1.py for tasks to queue
[2023-02-13T10:51:54.592+0000] {logging_mixin.py:137} INFO - [2023-02-13T10:51:54.592+0000] {dagbag.py:538} INFO - Filling up the DagBag from /opt/airflow/dags/dag1.py
[2023-02-13T10:51:54.634+0000] {processor.py:753} INFO - DAG(s) dict_keys(['my_first_dagV2']) retrieved from /opt/airflow/dags/dag1.py
[2023-02-13T10:51:54.657+0000] {logging_mixin.py:137} INFO - [2023-02-13T10:51:54.657+0000] {dag.py:2690} INFO - Sync 1 DAGs
[2023-02-13T10:51:54.840+0000] {logging_mixin.py:137} INFO - [2023-02-13T10:51:54.840+0000] {dag.py:3441} INFO - Setting next_dagrun for my_first_dagV2 to 2023-02-12T00:00:00+00:00, run_after=2023-02-19T00:00:00+00:00
[2023-02-13T10:51:54.875+0000] {processor.py:175} INFO - Processing /opt/airflow/dags/dag1.py took 0.295 seconds
[2023-02-13T10:52:25.063+0000] {processor.py:153} INFO - Started process (PID=45166) to work on /opt/airflow/dags/dag1.py
[2023-02-13T10:52:25.064+0000] {processor.py:743} INFO - Processing file /opt/airflow/dags/dag1.py for tasks to queue
[2023-02-13T10:52:25.064+0000] {logging_mixin.py:137} INFO - [2023-02-13T10:52:25.064+0000] {dagbag.py:538} INFO - Filling up the DagBag from /opt/airflow/dags/dag1.py
[2023-02-13T10:52:25.104+0000] {processor.py:753} INFO - DAG(s) dict_keys(['my_first_dagV2']) retrieved from /opt/airflow/dags/dag1.py
[2023-02-13T10:52:25.285+0000] {logging_mixin.py:137} INFO - [2023-02-13T10:52:25.285+0000] {dag.py:2690} INFO - Sync 1 DAGs
[2023-02-13T10:52:25.311+0000] {logging_mixin.py:137} INFO - [2023-02-13T10:52:25.311+0000] {dag.py:3441} INFO - Setting next_dagrun for my_first_dagV2 to 2023-02-12T00:00:00+00:00, run_after=2023-02-19T00:00:00+00:00
[2023-02-13T10:52:25.331+0000] {processor.py:175} INFO - Processing /opt/airflow/dags/dag1.py took 0.271 seconds
                                                                                                                                                                                                                                                                                                                                                                                                                                                                                                                                                                                                                                                                                                                                                                                                                                                                                                                                                                                                                                       