[2023-02-13T10:24:56.076+0000] {processor.py:153} INFO - Started process (PID=43410) to work on /opt/airflow/dags/dag2.py
[2023-02-13T10:24:56.077+0000] {processor.py:743} INFO - Processing file /opt/airflow/dags/dag2.py for tasks to queue
[2023-02-13T10:24:56.078+0000] {logging_mixin.py:137} INFO - [2023-02-13T10:24:56.078+0000] {dagbag.py:538} INFO - Filling up the DagBag from /opt/airflow/dags/dag2.py
[2023-02-13T10:24:56.185+0000] {processor.py:753} INFO - DAG(s) dict_keys(['my_second_dagV6']) retrieved from /opt/airflow/dags/dag2.py
[2023-02-13T10:24:56.448+0000] {logging_mixin.py:137} INFO - [2023-02-13T10:24:56.448+0000] {dag.py:2690} INFO - Sync 1 DAGs
[2023-02-13T10:24:56.468+0000] {logging_mixin.py:137} INFO - [2023-02-13T10:24:56.468+0000] {dag.py:3441} INFO - Setting next_dagrun for my_second_dagV6 to 2023-02-05T00:00:00+00:00, run_after=2023-02-12T00:00:00+00:00
[2023-02-13T10:24:56.543+0000] {processor.py:175} INFO - Processing /opt/airflow/dags/dag2.py took 0.525 seconds
[2023-02-13T10:25:26.732+0000] {processor.py:153} INFO - Started process (PID=43438) to work on /opt/airflow/dags/dag2.py
[2023-02-13T10:25:26.732+0000] {processor.py:743} INFO - Processing file /opt/airflow/dags/dag2.py for tasks to queue
[2023-02-13T10:25:26.733+0000] {logging_mixin.py:137} INFO - [2023-02-13T10:25:26.733+0000] {dagbag.py:538} INFO - Filling up the DagBag from /opt/airflow/dags/dag2.py
[2023-02-13T10:25:26.765+0000] {processor.py:753} INFO - DAG(s) dict_keys(['my_second_dagV6']) retrieved from /opt/airflow/dags/dag2.py
[2023-02-13T10:25:26.941+0000] {logging_mixin.py:137} INFO - [2023-02-13T10:25:26.941+0000] {dag.py:2690} INFO - Sync 1 DAGs
[2023-02-13T10:25:26.962+0000] {logging_mixin.py:137} INFO - [2023-02-13T10:25:26.962+0000] {dag.py:3441} INFO - Setting next_dagrun for my_second_dagV6 to 2023-02-05T00:00:00+00:00, run_after=2023-02-12T00:00:00+00:00
[2023-02-13T10:25:26.978+0000] {processor.py:175} INFO - Processing /opt/airflow/dags/dag2.py took 0.251 seconds
[2023-02-13T10:25:57.241+0000] {processor.py:153} INFO - Started process (PID=43477) to work on /opt/airflow/dags/dag2.py
[2023-02-13T10:25:57.262+0000] {processor.py:743} INFO - Processing file /opt/airflow/dags/dag2.py for tasks to queue
[2023-02-13T10:25:57.263+0000] {logging_mixin.py:137} INFO - [2023-02-13T10:25:57.263+0000] {dagbag.py:538} INFO - Filling up the DagBag from /opt/airflow/dags/dag2.py
[2023-02-13T10:25:57.445+0000] {processor.py:753} INFO - DAG(s) dict_keys(['my_second_dagV6']) retrieved from /opt/airflow/dags/dag2.py
[2023-02-13T10:25:57.462+0000] {logging_mixin.py:137} INFO - [2023-02-13T10:25:57.462+0000] {dag.py:2690} INFO - Sync 1 DAGs
[2023-02-13T10:25:57.483+0000] {logging_mixin.py:137} INFO - [2023-02-13T10:25:57.483+0000] {dag.py:3441} INFO - Setting next_dagrun for my_second_dagV6 to 2023-02-05T00:00:00+00:00, run_after=2023-02-12T00:00:00+00:00
[2023-02-13T10:25:57.525+0000] {processor.py:175} INFO - Processing /opt/airflow/dags/dag2.py took 0.287 seconds
[2023-02-13T10:26:27.858+0000] {processor.py:153} INFO - Started process (PID=43504) to work on /opt/airflow/dags/dag2.py
[2023-02-13T10:26:27.859+0000] {processor.py:743} INFO - Processing file /opt/airflow/dags/dag2.py for tasks to queue
[2023-02-13T10:26:27.860+0000] {logging_mixin.py:137} INFO - [2023-02-13T10:26:27.860+0000] {dagbag.py:538} INFO - Filling up the DagBag from /opt/airflow/dags/dag2.py
[2023-02-13T10:26:27.897+0000] {processor.py:753} INFO - DAG(s) dict_keys(['my_second_dagV6']) retrieved from /opt/airflow/dags/dag2.py
[2023-02-13T10:26:27.919+0000] {logging_mixin.py:137} INFO - [2023-02-13T10:26:27.919+0000] {dag.py:2690} INFO - Sync 1 DAGs
[2023-02-13T10:26:27.949+0000] {logging_mixin.py:137} INFO - [2023-02-13T10:26:27.949+0000] {dag.py:3441} INFO - Setting next_dagrun for my_second_dagV6 to 2023-02-05T00:00:00+00:00, run_after=2023-02-12T00:00:00+00:00
[2023-02-13T10:26:27.993+0000] {processor.py:175} INFO - Processing /opt/airflow/dags/dag2.py took 0.141 seconds
[2023-02-13T10:26:58.361+0000] {processor.py:153} INFO - Started process (PID=43543) to work on /opt/airflow/dags/dag2.py
[2023-02-13T10:26:58.385+0000] {processor.py:743} INFO - Processing file /opt/airflow/dags/dag2.py for tasks to queue
[2023-02-13T10:26:58.386+0000] {logging_mixin.py:137} INFO - [2023-02-13T10:26:58.386+0000] {dagbag.py:538} INFO - Filling up the DagBag from /opt/airflow/dags/dag2.py
[2023-02-13T10:26:58.416+0000] {processor.py:753} INFO - DAG(s) dict_keys(['my_second_dagV6']) retrieved from /opt/airflow/dags/dag2.py
[2023-02-13T10:26:58.439+0000] {logging_mixin.py:137} INFO - [2023-02-13T10:26:58.439+0000] {dag.py:2690} INFO - Sync 1 DAGs
[2023-02-13T10:26:58.465+0000] {logging_mixin.py:137} INFO - [2023-02-13T10:26:58.464+0000] {dag.py:3441} INFO - Setting next_dagrun for my_second_dagV6 to 2023-02-05T00:00:00+00:00, run_after=2023-02-12T00:00:00+00:00
[2023-02-13T10:26:58.674+0000] {processor.py:175} INFO - Processing /opt/airflow/dags/dag2.py took 0.317 seconds
[2023-02-13T10:27:28.938+0000] {processor.py:153} INFO - Started process (PID=43570) to work on /opt/airflow/dags/dag2.py
[2023-02-13T10:27:28.939+0000] {processor.py:743} INFO - Processing file /opt/airflow/dags/dag2.py for tasks to queue
[2023-02-13T10:27:28.940+0000] {logging_mixin.py:137} INFO - [2023-02-13T10:27:28.940+0000] {dagbag.py:538} INFO - Filling up the DagBag from /opt/airflow/dags/dag2.py
[2023-02-13T10:27:28.977+0000] {processor.py:753} INFO - DAG(s) dict_keys(['my_second_dagV6']) retrieved from /opt/airflow/dags/dag2.py
[2023-02-13T10:27:29.007+0000] {logging_mixin.py:137} INFO - [2023-02-13T10:27:29.006+0000] {dag.py:2690} INFO - Sync 1 DAGs
[2023-02-13T10:27:29.223+0000] {logging_mixin.py:137} INFO - [2023-02-13T10:27:29.223+0000] {dag.py:3441} INFO - Setting next_dagrun for my_second_dagV6 to 2023-02-05T00:00:00+00:00, run_after=2023-02-12T00:00:00+00:00
[2023-02-13T10:27:29.239+0000] {processor.py:175} INFO - Processing /opt/airflow/dags/dag2.py took 0.304 seconds
[2023-02-13T10:27:59.440+0000] {processor.py:153} INFO - Started process (PID=43606) to work on /opt/airflow/dags/dag2.py
[2023-02-13T10:27:59.452+0000] {processor.py:743} INFO - Processing file /opt/airflow/dags/dag2.py for tasks to queue
[2023-02-13T10:27:59.453+0000] {logging_mixin.py:137} INFO - [2023-02-13T10:27:59.453+0000] {dagbag.py:538} INFO - Filling up the DagBag from /opt/airflow/dags/dag2.py
[2023-02-13T10:27:59.505+0000] {processor.py:753} INFO - DAG(s) dict_keys(['my_second_dagV6']) retrieved from /opt/airflow/dags/dag2.py
[2023-02-13T10:27:59.528+0000] {logging_mixin.py:137} INFO - [2023-02-13T10:27:59.528+0000] {dag.py:2690} INFO - Sync 1 DAGs
[2023-02-13T10:27:59.764+0000] {logging_mixin.py:137} INFO - [2023-02-13T10:27:59.764+0000] {dag.py:3441} INFO - Setting next_dagrun for my_second_dagV6 to 2023-02-05T00:00:00+00:00, run_after=2023-02-12T00:00:00+00:00
[2023-02-13T10:27:59.826+0000] {processor.py:175} INFO - Processing /opt/airflow/dags/dag2.py took 0.390 seconds
[2023-02-13T10:28:30.008+0000] {processor.py:153} INFO - Started process (PID=43636) to work on /opt/airflow/dags/dag2.py
[2023-02-13T10:28:30.019+0000] {processor.py:743} INFO - Processing file /opt/airflow/dags/dag2.py for tasks to queue
[2023-02-13T10:28:30.020+0000] {logging_mixin.py:137} INFO - [2023-02-13T10:28:30.020+0000] {dagbag.py:538} INFO - Filling up the DagBag from /opt/airflow/dags/dag2.py
[2023-02-13T10:28:30.093+0000] {processor.py:753} INFO - DAG(s) dict_keys(['my_second_dagV6']) retrieved from /opt/airflow/dags/dag2.py
[2023-02-13T10:28:30.294+0000] {logging_mixin.py:137} INFO - [2023-02-13T10:28:30.294+0000] {dag.py:2690} INFO - Sync 1 DAGs
[2023-02-13T10:28:30.320+0000] {logging_mixin.py:137} INFO - [2023-02-13T10:28:30.320+0000] {dag.py:3441} INFO - Setting next_dagrun for my_second_dagV6 to 2023-02-05T00:00:00+00:00, run_after=2023-02-12T00:00:00+00:00
[2023-02-13T10:28:30.338+0000] {processor.py:175} INFO - Processing /opt/airflow/dags/dag2.py took 0.334 seconds
[2023-02-13T10:29:00.630+0000] {processor.py:153} INFO - Started process (PID=43663) to work on /opt/airflow/dags/dag2.py
[2023-02-13T10:29:00.631+0000] {processor.py:743} INFO - Processing file /opt/airflow/dags/dag2.py for tasks to queue
[2023-02-13T10:29:00.631+0000] {logging_mixin.py:137} INFO - [2023-02-13T10:29:00.631+0000] {dagbag.py:538} INFO - Filling up the DagBag from /opt/airflow/dags/dag2.py
[2023-02-13T10:29:00.663+0000] {processor.py:753} INFO - DAG(s) dict_keys(['my_second_dagV6']) retrieved from /opt/airflow/dags/dag2.py
[2023-02-13T10:29:00.864+0000] {logging_mixin.py:137} INFO - [2023-02-13T10:29:00.864+0000] {dag.py:2690} INFO - Sync 1 DAGs
[2023-02-13T10:29:00.888+0000] {logging_mixin.py:137} INFO - [2023-02-13T10:29:00.887+0000] {dag.py:3441} INFO - Setting next_dagrun for my_second_dagV6 to 2023-02-05T00:00:00+00:00, run_after=2023-02-12T00:00:00+00:00
[2023-02-13T10:29:00.915+0000] {processor.py:175} INFO - Processing /opt/airflow/dags/dag2.py took 0.289 seconds
[2023-02-13T10:29:31.151+0000] {processor.py:153} INFO - Started process (PID=43702) to work on /opt/airflow/dags/dag2.py
[2023-02-13T10:29:31.177+0000] {processor.py:743} INFO - Processing file /opt/airflow/dags/dag2.py for tasks to queue
[2023-02-13T10:29:31.178+0000] {logging_mixin.py:137} INFO - [2023-02-13T10:29:31.178+0000] {dagbag.py:538} INFO - Filling up the DagBag from /opt/airflow/dags/dag2.py
[2023-02-13T10:29:31.209+0000] {processor.py:753} INFO - DAG(s) dict_keys(['my_second_dagV6']) retrieved from /opt/airflow/dags/dag2.py
[2023-02-13T10:29:31.232+0000] {logging_mixin.py:137} INFO - [2023-02-13T10:29:31.231+0000] {dag.py:2690} INFO - Sync 1 DAGs
[2023-02-13T10:29:31.256+0000] {logging_mixin.py:137} INFO - [2023-02-13T10:29:31.256+0000] {dag.py:3441} INFO - Setting next_dagrun for my_second_dagV6 to 2023-02-05T00:00:00+00:00, run_after=2023-02-12T00:00:00+00:00
[2023-02-13T10:29:31.283+0000] {processor.py:175} INFO - Processing /opt/airflow/dags/dag2.py took 0.136 seconds
[2023-02-13T10:30:01.474+0000] {processor.py:153} INFO - Started process (PID=43729) to work on /opt/airflow/dags/dag2.py
[2023-02-13T10:30:01.474+0000] {processor.py:743} INFO - Processing file /opt/airflow/dags/dag2.py for tasks to queue
[2023-02-13T10:30:01.475+0000] {logging_mixin.py:137} INFO - [2023-02-13T10:30:01.475+0000] {dagbag.py:538} INFO - Filling up the DagBag from /opt/airflow/dags/dag2.py
[2023-02-13T10:30:01.507+0000] {processor.py:753} INFO - DAG(s) dict_keys(['my_second_dagV6']) retrieved from /opt/airflow/dags/dag2.py
[2023-02-13T10:30:01.529+0000] {logging_mixin.py:137} INFO - [2023-02-13T10:30:01.529+0000] {dag.py:2690} INFO - Sync 1 DAGs
[2023-02-13T10:30:01.584+0000] {logging_mixin.py:137} INFO - [2023-02-13T10:30:01.583+0000] {dag.py:3441} INFO - Setting next_dagrun for my_second_dagV6 to 2023-02-05T00:00:00+00:00, run_after=2023-02-12T00:00:00+00:00
[2023-02-13T10:30:01.768+0000] {processor.py:175} INFO - Processing /opt/airflow/dags/dag2.py took 0.298 seconds
[2023-02-13T10:30:31.997+0000] {processor.py:153} INFO - Started process (PID=43768) to work on /opt/airflow/dags/dag2.py
[2023-02-13T10:30:31.998+0000] {processor.py:743} INFO - Processing file /opt/airflow/dags/dag2.py for tasks to queue
[2023-02-13T10:30:31.998+0000] {logging_mixin.py:137} INFO - [2023-02-13T10:30:31.998+0000] {dagbag.py:538} INFO - Filling up the DagBag from /opt/airflow/dags/dag2.py
[2023-02-13T10:30:32.030+0000] {processor.py:753} INFO - DAG(s) dict_keys(['my_second_dagV6']) retrieved from /opt/airflow/dags/dag2.py
[2023-02-13T10:30:32.055+0000] {logging_mixin.py:137} INFO - [2023-02-13T10:30:32.055+0000] {dag.py:2690} INFO - Sync 1 DAGs
[2023-02-13T10:30:32.236+0000] {logging_mixin.py:137} INFO - [2023-02-13T10:30:32.236+0000] {dag.py:3441} INFO - Setting next_dagrun for my_second_dagV6 to 2023-02-05T00:00:00+00:00, run_after=2023-02-12T00:00:00+00:00
[2023-02-13T10:30:32.453+0000] {processor.py:175} INFO - Processing /opt/airflow/dags/dag2.py took 0.459 seconds
[2023-02-13T10:31:02.606+0000] {processor.py:153} INFO - Started process (PID=43795) to work on /opt/airflow/dags/dag2.py
[2023-02-13T10:31:02.607+0000] {processor.py:743} INFO - Processing file /opt/airflow/dags/dag2.py for tasks to queue
[2023-02-13T10:31:02.608+0000] {logging_mixin.py:137} INFO - [2023-02-13T10:31:02.608+0000] {dagbag.py:538} INFO - Filling up the DagBag from /opt/airflow/dags/dag2.py
[2023-02-13T10:31:02.639+0000] {processor.py:753} INFO - DAG(s) dict_keys(['my_second_dagV6']) retrieved from /opt/airflow/dags/dag2.py
[2023-02-13T10:31:02.662+0000] {logging_mixin.py:137} INFO - [2023-02-13T10:31:02.662+0000] {dag.py:2690} INFO - Sync 1 DAGs
[2023-02-13T10:31:02.814+0000] {logging_mixin.py:137} INFO - [2023-02-13T10:31:02.814+0000] {dag.py:3441} INFO - Setting next_dagrun for my_second_dagV6 to 2023-02-05T00:00:00+00:00, run_after=2023-02-12T00:00:00+00:00
[2023-02-13T10:31:02.830+0000] {processor.py:175} INFO - Processing /opt/airflow/dags/dag2.py took 0.228 seconds
[2023-02-13T10:31:33.071+0000] {processor.py:153} INFO - Started process (PID=43834) to work on /opt/airflow/dags/dag2.py
[2023-02-13T10:31:33.072+0000] {processor.py:743} INFO - Processing file /opt/airflow/dags/dag2.py for tasks to queue
[2023-02-13T10:31:33.073+0000] {logging_mixin.py:137} INFO - [2023-02-13T10:31:33.072+0000] {dagbag.py:538} INFO - Filling up the DagBag from /opt/airflow/dags/dag2.py
[2023-02-13T10:31:33.105+0000] {processor.py:753} INFO - DAG(s) dict_keys(['my_second_dagV6']) retrieved from /opt/airflow/dags/dag2.py
[2023-02-13T10:31:33.274+0000] {logging_mixin.py:137} INFO - [2023-02-13T10:31:33.273+0000] {dag.py:2690} INFO - Sync 1 DAGs
[2023-02-13T10:31:33.298+0000] {logging_mixin.py:137} INFO - [2023-02-13T10:31:33.298+0000] {dag.py:3441} INFO - Setting next_dagrun for my_second_dagV6 to 2023-02-05T00:00:00+00:00, run_after=2023-02-12T00:00:00+00:00
[2023-02-13T10:31:33.315+0000] {processor.py:175} INFO - Processing /opt/airflow/dags/dag2.py took 0.248 seconds
[2023-02-13T10:32:03.539+0000] {processor.py:153} INFO - Started process (PID=43861) to work on /opt/airflow/dags/dag2.py
[2023-02-13T10:32:03.540+0000] {processor.py:743} INFO - Processing file /opt/airflow/dags/dag2.py for tasks to queue
[2023-02-13T10:32:03.541+0000] {logging_mixin.py:137} INFO - [2023-02-13T10:32:03.541+0000] {dagbag.py:538} INFO - Filling up the DagBag from /opt/airflow/dags/dag2.py
[2023-02-13T10:32:03.573+0000] {processor.py:753} INFO - DAG(s) dict_keys(['my_second_dagV6']) retrieved from /opt/airflow/dags/dag2.py
[2023-02-13T10:32:03.755+0000] {logging_mixin.py:137} INFO - [2023-02-13T10:32:03.755+0000] {dag.py:2690} INFO - Sync 1 DAGs
[2023-02-13T10:32:03.775+0000] {logging_mixin.py:137} INFO - [2023-02-13T10:32:03.775+0000] {dag.py:3441} INFO - Setting next_dagrun for my_second_dagV6 to 2023-02-05T00:00:00+00:00, run_after=2023-02-12T00:00:00+00:00
[2023-02-13T10:32:03.805+0000] {processor.py:175} INFO - Processing /opt/airflow/dags/dag2.py took 0.269 seconds
[2023-02-13T10:32:33.999+0000] {processor.py:153} INFO - Started process (PID=43900) to work on /opt/airflow/dags/dag2.py
[2023-02-13T10:32:33.999+0000] {processor.py:743} INFO - Processing file /opt/airflow/dags/dag2.py for tasks to queue
[2023-02-13T10:32:34.000+0000] {logging_mixin.py:137} INFO - [2023-02-13T10:32:34.000+0000] {dagbag.py:538} INFO - Filling up the DagBag from /opt/airflow/dags/dag2.py
[2023-02-13T10:32:34.205+0000] {processor.py:753} INFO - DAG(s) dict_keys(['my_second_dagV6']) retrieved from /opt/airflow/dags/dag2.py
[2023-02-13T10:32:34.230+0000] {logging_mixin.py:137} INFO - [2023-02-13T10:32:34.230+0000] {dag.py:2690} INFO - Sync 1 DAGs
[2023-02-13T10:32:34.265+0000] {logging_mixin.py:137} INFO - [2023-02-13T10:32:34.265+0000] {dag.py:3441} INFO - Setting next_dagrun for my_second_dagV6 to 2023-02-05T00:00:00+00:00, run_after=2023-02-12T00:00:00+00:00
[2023-02-13T10:32:34.288+0000] {processor.py:175} INFO - Processing /opt/airflow/dags/dag2.py took 0.293 seconds
[2023-02-13T10:33:04.497+0000] {processor.py:153} INFO - Started process (PID=43927) to work on /opt/airflow/dags/dag2.py
[2023-02-13T10:33:04.507+0000] {processor.py:743} INFO - Processing file /opt/airflow/dags/dag2.py for tasks to queue
[2023-02-13T10:33:04.507+0000] {logging_mixin.py:137} INFO - [2023-02-13T10:33:04.507+0000] {dagbag.py:538} INFO - Filling up the DagBag from /opt/airflow/dags/dag2.py
[2023-02-13T10:33:04.540+0000] {processor.py:753} INFO - DAG(s) dict_keys(['my_second_dagV6']) retrieved from /opt/airflow/dags/dag2.py
[2023-02-13T10:33:04.562+0000] {logging_mixin.py:137} INFO - [2023-02-13T10:33:04.562+0000] {dag.py:2690} INFO - Sync 1 DAGs
[2023-02-13T10:33:04.588+0000] {logging_mixin.py:137} INFO - [2023-02-13T10:33:04.588+0000] {dag.py:3441} INFO - Setting next_dagrun for my_second_dagV6 to 2023-02-05T00:00:00+00:00, run_after=2023-02-12T00:00:00+00:00
[2023-02-13T10:33:04.804+0000] {processor.py:175} INFO - Processing /opt/airflow/dags/dag2.py took 0.310 seconds
[2023-02-13T10:33:35.040+0000] {processor.py:153} INFO - Started process (PID=43960) to work on /opt/airflow/dags/dag2.py
[2023-02-13T10:33:35.041+0000] {processor.py:743} INFO - Processing file /opt/airflow/dags/dag2.py for tasks to queue
[2023-02-13T10:33:35.041+0000] {logging_mixin.py:137} INFO - [2023-02-13T10:33:35.041+0000] {dagbag.py:538} INFO - Filling up the DagBag from /opt/airflow/dags/dag2.py
[2023-02-13T10:33:35.073+0000] {processor.py:753} INFO - DAG(s) dict_keys(['my_second_dagV6']) retrieved from /opt/airflow/dags/dag2.py
[2023-02-13T10:33:35.097+0000] {logging_mixin.py:137} INFO - [2023-02-13T10:33:35.097+0000] {dag.py:2690} INFO - Sync 1 DAGs
[2023-02-13T10:33:35.351+0000] {logging_mixin.py:137} INFO - [2023-02-13T10:33:35.351+0000] {dag.py:3441} INFO - Setting next_dagrun for my_second_dagV6 to 2023-02-05T00:00:00+00:00, run_after=2023-02-12T00:00:00+00:00
[2023-02-13T10:33:35.386+0000] {processor.py:175} INFO - Processing /opt/airflow/dags/dag2.py took 0.349 seconds
[2023-02-13T10:34:05.728+0000] {processor.py:153} INFO - Started process (PID=43992) to work on /opt/airflow/dags/dag2.py
[2023-02-13T10:34:05.770+0000] {processor.py:743} INFO - Processing file /opt/airflow/dags/dag2.py for tasks to queue
[2023-02-13T10:34:05.771+0000] {logging_mixin.py:137} INFO - [2023-02-13T10:34:05.771+0000] {dagbag.py:538} INFO - Filling up the DagBag from /opt/airflow/dags/dag2.py
[2023-02-13T10:34:05.810+0000] {processor.py:753} INFO - DAG(s) dict_keys(['my_second_dagV6']) retrieved from /opt/airflow/dags/dag2.py
[2023-02-13T10:34:05.832+0000] {logging_mixin.py:137} INFO - [2023-02-13T10:34:05.832+0000] {dag.py:2690} INFO - Sync 1 DAGs
[2023-02-13T10:34:06.006+0000] {logging_mixin.py:137} INFO - [2023-02-13T10:34:06.006+0000] {dag.py:3441} INFO - Setting next_dagrun for my_second_dagV6 to 2023-02-05T00:00:00+00:00, run_after=2023-02-12T00:00:00+00:00
[2023-02-13T10:34:06.028+0000] {processor.py:175} INFO - Processing /opt/airflow/dags/dag2.py took 0.303 seconds
[2023-02-13T10:34:36.328+0000] {processor.py:153} INFO - Started process (PID=44019) to work on /opt/airflow/dags/dag2.py
[2023-02-13T10:34:36.329+0000] {processor.py:743} INFO - Processing file /opt/airflow/dags/dag2.py for tasks to queue
[2023-02-13T10:34:36.330+0000] {logging_mixin.py:137} INFO - [2023-02-13T10:34:36.330+0000] {dagbag.py:538} INFO - Filling up the DagBag from /opt/airflow/dags/dag2.py
[2023-02-13T10:34:36.371+0000] {processor.py:753} INFO - DAG(s) dict_keys(['my_second_dagV6']) retrieved from /opt/airflow/dags/dag2.py
[2023-02-13T10:34:36.580+0000] {logging_mixin.py:137} INFO - [2023-02-13T10:34:36.580+0000] {dag.py:2690} INFO - Sync 1 DAGs
[2023-02-13T10:34:36.603+0000] {logging_mixin.py:137} INFO - [2023-02-13T10:34:36.602+0000] {dag.py:3441} INFO - Setting next_dagrun for my_second_dagV6 to 2023-02-05T00:00:00+00:00, run_after=2023-02-12T00:00:00+00:00
[2023-02-13T10:34:36.643+0000] {processor.py:175} INFO - Processing /opt/airflow/dags/dag2.py took 0.321 seconds
[2023-02-13T10:35:06.864+0000] {processor.py:153} INFO - Started process (PID=44057) to work on /opt/airflow/dags/dag2.py
[2023-02-13T10:35:06.881+0000] {processor.py:743} INFO - Processing file /opt/airflow/dags/dag2.py for tasks to queue
[2023-02-13T10:35:06.882+0000] {logging_mixin.py:137} INFO - [2023-02-13T10:35:06.882+0000] {dagbag.py:538} INFO - Filling up the DagBag from /opt/airflow/dags/dag2.py
[2023-02-13T10:35:06.919+0000] {processor.py:753} INFO - DAG(s) dict_keys(['my_second_dagV6']) retrieved from /opt/airflow/dags/dag2.py
[2023-02-13T10:35:07.113+0000] {logging_mixin.py:137} INFO - [2023-02-13T10:35:07.112+0000] {dag.py:2690} INFO - Sync 1 DAGs
[2023-02-13T10:35:07.134+0000] {logging_mixin.py:137} INFO - [2023-02-13T10:35:07.134+0000] {dag.py:3441} INFO - Setting next_dagrun for my_second_dagV6 to 2023-02-05T00:00:00+00:00, run_after=2023-02-12T00:00:00+00:00
[2023-02-13T10:35:07.183+0000] {processor.py:175} INFO - Processing /opt/airflow/dags/dag2.py took 0.327 seconds
[2023-02-13T10:35:37.364+0000] {processor.py:153} INFO - Started process (PID=44085) to work on /opt/airflow/dags/dag2.py
[2023-02-13T10:35:37.365+0000] {processor.py:743} INFO - Processing file /opt/airflow/dags/dag2.py for tasks to queue
[2023-02-13T10:35:37.366+0000] {logging_mixin.py:137} INFO - [2023-02-13T10:35:37.366+0000] {dagbag.py:538} INFO - Filling up the DagBag from /opt/airflow/dags/dag2.py
[2023-02-13T10:35:37.570+0000] {processor.py:753} INFO - DAG(s) dict_keys(['my_second_dagV6']) retrieved from /opt/airflow/dags/dag2.py
[2023-02-13T10:35:37.592+0000] {logging_mixin.py:137} INFO - [2023-02-13T10:35:37.592+0000] {dag.py:2690} INFO - Sync 1 DAGs
[2023-02-13T10:35:37.622+0000] {logging_mixin.py:137} INFO - [2023-02-13T10:35:37.622+0000] {dag.py:3441} INFO - Setting next_dagrun for my_second_dagV6 to 2023-02-05T00:00:00+00:00, run_after=2023-02-12T00:00:00+00:00
[2023-02-13T10:35:37.664+0000] {processor.py:175} INFO - Processing /opt/airflow/dags/dag2.py took 0.303 seconds
[2023-02-13T10:36:07.869+0000] {processor.py:153} INFO - Started process (PID=44125) to work on /opt/airflow/dags/dag2.py
[2023-02-13T10:36:07.894+0000] {processor.py:743} INFO - Processing file /opt/airflow/dags/dag2.py for tasks to queue
[2023-02-13T10:36:07.895+0000] {logging_mixin.py:137} INFO - [2023-02-13T10:36:07.895+0000] {dagbag.py:538} INFO - Filling up the DagBag from /opt/airflow/dags/dag2.py
[2023-02-13T10:36:07.927+0000] {processor.py:753} INFO - DAG(s) dict_keys(['my_second_dagV6']) retrieved from /opt/airflow/dags/dag2.py
[2023-02-13T10:36:07.949+0000] {logging_mixin.py:137} INFO - [2023-02-13T10:36:07.949+0000] {dag.py:2690} INFO - Sync 1 DAGs
[2023-02-13T10:36:07.974+0000] {logging_mixin.py:137} INFO - [2023-02-13T10:36:07.974+0000] {dag.py:3441} INFO - Setting next_dagrun for my_second_dagV6 to 2023-02-05T00:00:00+00:00, run_after=2023-02-12T00:00:00+00:00
[2023-02-13T10:36:08.149+0000] {processor.py:175} INFO - Processing /opt/airflow/dags/dag2.py took 0.283 seconds
[2023-02-13T10:36:38.390+0000] {processor.py:153} INFO - Started process (PID=44152) to work on /opt/airflow/dags/dag2.py
[2023-02-13T10:36:38.391+0000] {processor.py:743} INFO - Processing file /opt/airflow/dags/dag2.py for tasks to queue
[2023-02-13T10:36:38.391+0000] {logging_mixin.py:137} INFO - [2023-02-13T10:36:38.391+0000] {dagbag.py:538} INFO - Filling up the DagBag from /opt/airflow/dags/dag2.py
[2023-02-13T10:36:38.424+0000] {processor.py:753} INFO - DAG(s) dict_keys(['my_second_dagV6']) retrieved from /opt/airflow/dags/dag2.py
[2023-02-13T10:36:38.448+0000] {logging_mixin.py:137} INFO - [2023-02-13T10:36:38.448+0000] {dag.py:2690} INFO - Sync 1 DAGs
[2023-02-13T10:36:38.644+0000] {logging_mixin.py:137} INFO - [2023-02-13T10:36:38.644+0000] {dag.py:3441} INFO - Setting next_dagrun for my_second_dagV6 to 2023-02-05T00:00:00+00:00, run_after=2023-02-12T00:00:00+00:00
[2023-02-13T10:36:38.672+0000] {processor.py:175} INFO - Processing /opt/airflow/dags/dag2.py took 0.286 seconds
[2023-02-13T10:37:08.902+0000] {processor.py:153} INFO - Started process (PID=44191) to work on /opt/airflow/dags/dag2.py
[2023-02-13T10:37:08.917+0000] {processor.py:743} INFO - Processing file /opt/airflow/dags/dag2.py for tasks to queue
[2023-02-13T10:37:08.918+0000] {logging_mixin.py:137} INFO - [2023-02-13T10:37:08.918+0000] {dagbag.py:538} INFO - Filling up the DagBag from /opt/airflow/dags/dag2.py
[2023-02-13T10:37:08.951+0000] {processor.py:753} INFO - DAG(s) dict_keys(['my_second_dagV6']) retrieved from /opt/airflow/dags/dag2.py
[2023-02-13T10:37:08.975+0000] {logging_mixin.py:137} INFO - [2023-02-13T10:37:08.975+0000] {dag.py:2690} INFO - Sync 1 DAGs
[2023-02-13T10:37:09.229+0000] {logging_mixin.py:137} INFO - [2023-02-13T10:37:09.229+0000] {dag.py:3441} INFO - Setting next_dagrun for my_second_dagV6 to 2023-02-05T00:00:00+00:00, run_after=2023-02-12T00:00:00+00:00
[2023-02-13T10:37:09.929+0000] {processor.py:175} INFO - Processing /opt/airflow/dags/dag2.py took 1.031 seconds
[2023-02-13T10:37:40.111+0000] {processor.py:153} INFO - Started process (PID=44219) to work on /opt/airflow/dags/dag2.py
[2023-02-13T10:37:40.112+0000] {processor.py:743} INFO - Processing file /opt/airflow/dags/dag2.py for tasks to queue
[2023-02-13T10:37:40.112+0000] {logging_mixin.py:137} INFO - [2023-02-13T10:37:40.112+0000] {dagbag.py:538} INFO - Filling up the DagBag from /opt/airflow/dags/dag2.py
[2023-02-13T10:37:40.145+0000] {processor.py:753} INFO - DAG(s) dict_keys(['my_second_dagV6']) retrieved from /opt/airflow/dags/dag2.py
[2023-02-13T10:37:40.372+0000] {logging_mixin.py:137} INFO - [2023-02-13T10:37:40.372+0000] {dag.py:2690} INFO - Sync 1 DAGs
[2023-02-13T10:37:40.393+0000] {logging_mixin.py:137} INFO - [2023-02-13T10:37:40.393+0000] {dag.py:3441} INFO - Setting next_dagrun for my_second_dagV6 to 2023-02-05T00:00:00+00:00, run_after=2023-02-12T00:00:00+00:00
[2023-02-13T10:37:40.410+0000] {processor.py:175} INFO - Processing /opt/airflow/dags/dag2.py took 0.303 seconds
[2023-02-13T10:38:10.612+0000] {processor.py:153} INFO - Started process (PID=44255) to work on /opt/airflow/dags/dag2.py
[2023-02-13T10:38:10.612+0000] {processor.py:743} INFO - Processing file /opt/airflow/dags/dag2.py for tasks to queue
[2023-02-13T10:38:10.613+0000] {logging_mixin.py:137} INFO - [2023-02-13T10:38:10.613+0000] {dagbag.py:538} INFO - Filling up the DagBag from /opt/airflow/dags/dag2.py
[2023-02-13T10:38:10.648+0000] {processor.py:753} INFO - DAG(s) dict_keys(['my_second_dagV6']) retrieved from /opt/airflow/dags/dag2.py
[2023-02-13T10:38:10.851+0000] {logging_mixin.py:137} INFO - [2023-02-13T10:38:10.851+0000] {dag.py:2690} INFO - Sync 1 DAGs
[2023-02-13T10:38:10.887+0000] {logging_mixin.py:137} INFO - [2023-02-13T10:38:10.886+0000] {dag.py:3441} INFO - Setting next_dagrun for my_second_dagV6 to 2023-02-05T00:00:00+00:00, run_after=2023-02-12T00:00:00+00:00
[2023-02-13T10:38:10.929+0000] {processor.py:175} INFO - Processing /opt/airflow/dags/dag2.py took 0.320 seconds
[2023-02-13T10:38:41.074+0000] {processor.py:153} INFO - Started process (PID=44285) to work on /opt/airflow/dags/dag2.py
[2023-02-13T10:38:41.075+0000] {processor.py:743} INFO - Processing file /opt/airflow/dags/dag2.py for tasks to queue
[2023-02-13T10:38:41.076+0000] {logging_mixin.py:137} INFO - [2023-02-13T10:38:41.076+0000] {dagbag.py:538} INFO - Filling up the DagBag from /opt/airflow/dags/dag2.py
[2023-02-13T10:38:41.275+0000] {processor.py:753} INFO - DAG(s) dict_keys(['my_second_dagV6']) retrieved from /opt/airflow/dags/dag2.py
[2023-02-13T10:38:41.297+0000] {logging_mixin.py:137} INFO - [2023-02-13T10:38:41.296+0000] {dag.py:2690} INFO - Sync 1 DAGs
[2023-02-13T10:38:41.322+0000] {logging_mixin.py:137} INFO - [2023-02-13T10:38:41.322+0000] {dag.py:3441} INFO - Setting next_dagrun for my_second_dagV6 to 2023-02-05T00:00:00+00:00, run_after=2023-02-12T00:00:00+00:00
[2023-02-13T10:38:41.364+0000] {processor.py:175} INFO - Processing /opt/airflow/dags/dag2.py took 0.293 seconds
[2023-02-13T10:39:11.608+0000] {processor.py:153} INFO - Started process (PID=44312) to work on /opt/airflow/dags/dag2.py
[2023-02-13T10:39:11.609+0000] {processor.py:743} INFO - Processing file /opt/airflow/dags/dag2.py for tasks to queue
[2023-02-13T10:39:11.609+0000] {logging_mixin.py:137} INFO - [2023-02-13T10:39:11.609+0000] {dagbag.py:538} INFO - Filling up the DagBag from /opt/airflow/dags/dag2.py
[2023-02-13T10:39:11.641+0000] {processor.py:753} INFO - DAG(s) dict_keys(['my_second_dagV6']) retrieved from /opt/airflow/dags/dag2.py
[2023-02-13T10:39:11.664+0000] {logging_mixin.py:137} INFO - [2023-02-13T10:39:11.664+0000] {dag.py:2690} INFO - Sync 1 DAGs
[2023-02-13T10:39:11.707+0000] {logging_mixin.py:137} INFO - [2023-02-13T10:39:11.706+0000] {dag.py:3441} INFO - Setting next_dagrun for my_second_dagV6 to 2023-02-05T00:00:00+00:00, run_after=2023-02-12T00:00:00+00:00
[2023-02-13T10:39:11.855+0000] {processor.py:175} INFO - Processing /opt/airflow/dags/dag2.py took 0.251 seconds
[2023-02-13T10:39:42.032+0000] {processor.py:153} INFO - Started process (PID=44351) to work on /opt/airflow/dags/dag2.py
[2023-02-13T10:39:42.033+0000] {processor.py:743} INFO - Processing file /opt/airflow/dags/dag2.py for tasks to queue
[2023-02-13T10:39:42.034+0000] {logging_mixin.py:137} INFO - [2023-02-13T10:39:42.033+0000] {dagbag.py:538} INFO - Filling up the DagBag from /opt/airflow/dags/dag2.py
[2023-02-13T10:39:42.065+0000] {processor.py:753} INFO - DAG(s) dict_keys(['my_second_dagV6']) retrieved from /opt/airflow/dags/dag2.py
[2023-02-13T10:39:42.088+0000] {logging_mixin.py:137} INFO - [2023-02-13T10:39:42.088+0000] {dag.py:2690} INFO - Sync 1 DAGs
[2023-02-13T10:39:42.300+0000] {logging_mixin.py:137} INFO - [2023-02-13T10:39:42.300+0000] {dag.py:3441} INFO - Setting next_dagrun for my_second_dagV6 to 2023-02-05T00:00:00+00:00, run_after=2023-02-12T00:00:00+00:00
[2023-02-13T10:39:42.315+0000] {processor.py:175} INFO - Processing /opt/airflow/dags/dag2.py took 0.286 seconds
[2023-02-13T10:40:12.582+0000] {processor.py:153} INFO - Started process (PID=44378) to work on /opt/airflow/dags/dag2.py
[2023-02-13T10:40:12.604+0000] {processor.py:743} INFO - Processing file /opt/airflow/dags/dag2.py for tasks to queue
[2023-02-13T10:40:12.605+0000] {logging_mixin.py:137} INFO - [2023-02-13T10:40:12.604+0000] {dagbag.py:538} INFO - Filling up the DagBag from /opt/airflow/dags/dag2.py
[2023-02-13T10:40:12.635+0000] {processor.py:753} INFO - DAG(s) dict_keys(['my_second_dagV6']) retrieved from /opt/airflow/dags/dag2.py
[2023-02-13T10:40:12.658+0000] {logging_mixin.py:137} INFO - [2023-02-13T10:40:12.658+0000] {dag.py:2690} INFO - Sync 1 DAGs
[2023-02-13T10:40:12.832+0000] {logging_mixin.py:137} INFO - [2023-02-13T10:40:12.832+0000] {dag.py:3441} INFO - Setting next_dagrun for my_second_dagV6 to 2023-02-05T00:00:00+00:00, run_after=2023-02-12T00:00:00+00:00
[2023-02-13T10:40:12.865+0000] {processor.py:175} INFO - Processing /opt/airflow/dags/dag2.py took 0.286 seconds
[2023-02-13T10:40:43.106+0000] {processor.py:153} INFO - Started process (PID=44417) to work on /opt/airflow/dags/dag2.py
[2023-02-13T10:40:43.107+0000] {processor.py:743} INFO - Processing file /opt/airflow/dags/dag2.py for tasks to queue
[2023-02-13T10:40:43.107+0000] {logging_mixin.py:137} INFO - [2023-02-13T10:40:43.107+0000] {dagbag.py:538} INFO - Filling up the DagBag from /opt/airflow/dags/dag2.py
[2023-02-13T10:40:43.138+0000] {processor.py:753} INFO - DAG(s) dict_keys(['my_second_dagV6']) retrieved from /opt/airflow/dags/dag2.py
[2023-02-13T10:40:43.309+0000] {logging_mixin.py:137} INFO - [2023-02-13T10:40:43.309+0000] {dag.py:2690} INFO - Sync 1 DAGs
[2023-02-13T10:40:43.330+0000] {logging_mixin.py:137} INFO - [2023-02-13T10:40:43.329+0000] {dag.py:3441} INFO - Setting next_dagrun for my_second_dagV6 to 2023-02-05T00:00:00+00:00, run_after=2023-02-12T00:00:00+00:00
[2023-02-13T10:40:43.353+0000] {processor.py:175} INFO - Processing /opt/airflow/dags/dag2.py took 0.251 seconds
[2023-02-13T10:41:13.594+0000] {processor.py:153} INFO - Started process (PID=44445) to work on /opt/airflow/dags/dag2.py
[2023-02-13T10:41:13.627+0000] {processor.py:743} INFO - Processing file /opt/airflow/dags/dag2.py for tasks to queue
[2023-02-13T10:41:13.627+0000] {logging_mixin.py:137} INFO - [2023-02-13T10:41:13.627+0000] {dagbag.py:538} INFO - Filling up the DagBag from /opt/airflow/dags/dag2.py
[2023-02-13T10:41:13.659+0000] {processor.py:753} INFO - DAG(s) dict_keys(['my_second_dagV6']) retrieved from /opt/airflow/dags/dag2.py
[2023-02-13T10:41:13.852+0000] {logging_mixin.py:137} INFO - [2023-02-13T10:41:13.852+0000] {dag.py:2690} INFO - Sync 1 DAGs
[2023-02-13T10:41:13.908+0000] {logging_mixin.py:137} INFO - [2023-02-13T10:41:13.908+0000] {dag.py:3441} INFO - Setting next_dagrun for my_second_dagV6 to 2023-02-05T00:00:00+00:00, run_after=2023-02-12T00:00:00+00:00
[2023-02-13T10:41:13.935+0000] {processor.py:175} INFO - Processing /opt/airflow/dags/dag2.py took 0.345 seconds
[2023-02-13T10:41:44.190+0000] {processor.py:153} INFO - Started process (PID=44485) to work on /opt/airflow/dags/dag2.py
[2023-02-13T10:41:44.191+0000] {processor.py:743} INFO - Processing file /opt/airflow/dags/dag2.py for tasks to queue
[2023-02-13T10:41:44.192+0000] {logging_mixin.py:137} INFO - [2023-02-13T10:41:44.191+0000] {dagbag.py:538} INFO - Filling up the DagBag from /opt/airflow/dags/dag2.py
[2023-02-13T10:41:44.425+0000] {processor.py:753} INFO - DAG(s) dict_keys(['my_second_dagV6']) retrieved from /opt/airflow/dags/dag2.py
[2023-02-13T10:41:44.501+0000] {logging_mixin.py:137} INFO - [2023-02-13T10:41:44.500+0000] {dag.py:2690} INFO - Sync 1 DAGs
[2023-02-13T10:41:44.524+0000] {logging_mixin.py:137} INFO - [2023-02-13T10:41:44.524+0000] {dag.py:3441} INFO - Setting next_dagrun for my_second_dagV6 to 2023-02-05T00:00:00+00:00, run_after=2023-02-12T00:00:00+00:00
[2023-02-13T10:41:44.571+0000] {processor.py:175} INFO - Processing /opt/airflow/dags/dag2.py took 0.385 seconds
[2023-02-13T10:42:14.780+0000] {processor.py:153} INFO - Started process (PID=44512) to work on /opt/airflow/dags/dag2.py
[2023-02-13T10:42:14.797+0000] {processor.py:743} INFO - Processing file /opt/airflow/dags/dag2.py for tasks to queue
[2023-02-13T10:42:14.798+0000] {logging_mixin.py:137} INFO - [2023-02-13T10:42:14.798+0000] {dagbag.py:538} INFO - Filling up the DagBag from /opt/airflow/dags/dag2.py
[2023-02-13T10:42:14.829+0000] {processor.py:753} INFO - DAG(s) dict_keys(['my_second_dagV6']) retrieved from /opt/airflow/dags/dag2.py
[2023-02-13T10:42:14.851+0000] {logging_mixin.py:137} INFO - [2023-02-13T10:42:14.851+0000] {dag.py:2690} INFO - Sync 1 DAGs
[2023-02-13T10:42:14.876+0000] {logging_mixin.py:137} INFO - [2023-02-13T10:42:14.875+0000] {dag.py:3441} INFO - Setting next_dagrun for my_second_dagV6 to 2023-02-05T00:00:00+00:00, run_after=2023-02-12T00:00:00+00:00
[2023-02-13T10:42:15.081+0000] {processor.py:175} INFO - Processing /opt/airflow/dags/dag2.py took 0.305 seconds
[2023-02-13T10:42:45.267+0000] {processor.py:153} INFO - Started process (PID=44540) to work on /opt/airflow/dags/dag2.py
[2023-02-13T10:42:45.277+0000] {processor.py:743} INFO - Processing file /opt/airflow/dags/dag2.py for tasks to queue
[2023-02-13T10:42:45.278+0000] {logging_mixin.py:137} INFO - [2023-02-13T10:42:45.277+0000] {dagbag.py:538} INFO - Filling up the DagBag from /opt/airflow/dags/dag2.py
[2023-02-13T10:42:45.312+0000] {processor.py:753} INFO - DAG(s) dict_keys(['my_second_dagV6']) retrieved from /opt/airflow/dags/dag2.py
[2023-02-13T10:42:45.335+0000] {logging_mixin.py:137} INFO - [2023-02-13T10:42:45.335+0000] {dag.py:2690} INFO - Sync 1 DAGs
[2023-02-13T10:42:45.568+0000] {logging_mixin.py:137} INFO - [2023-02-13T10:42:45.568+0000] {dag.py:3441} INFO - Setting next_dagrun for my_second_dagV6 to 2023-02-05T00:00:00+00:00, run_after=2023-02-12T00:00:00+00:00
[2023-02-13T10:42:45.615+0000] {processor.py:175} INFO - Processing /opt/airflow/dags/dag2.py took 0.358 seconds
[2023-02-13T10:43:15.782+0000] {processor.py:153} INFO - Started process (PID=44578) to work on /opt/airflow/dags/dag2.py
[2023-02-13T10:43:15.783+0000] {processor.py:743} INFO - Processing file /opt/airflow/dags/dag2.py for tasks to queue
[2023-02-13T10:43:15.783+0000] {logging_mixin.py:137} INFO - [2023-02-13T10:43:15.783+0000] {dagbag.py:538} INFO - Filling up the DagBag from /opt/airflow/dags/dag2.py
[2023-02-13T10:43:15.818+0000] {processor.py:753} INFO - DAG(s) dict_keys(['my_second_dagV6']) retrieved from /opt/airflow/dags/dag2.py
[2023-02-13T10:43:15.847+0000] {logging_mixin.py:137} INFO - [2023-02-13T10:43:15.847+0000] {dag.py:2690} INFO - Sync 1 DAGs
[2023-02-13T10:43:16.067+0000] {logging_mixin.py:137} INFO - [2023-02-13T10:43:16.066+0000] {dag.py:3441} INFO - Setting next_dagrun for my_second_dagV6 to 2023-02-05T00:00:00+00:00, run_after=2023-02-12T00:00:00+00:00
[2023-02-13T10:43:16.091+0000] {processor.py:175} INFO - Processing /opt/airflow/dags/dag2.py took 0.313 seconds
[2023-02-13T10:43:46.283+0000] {processor.py:153} INFO - Started process (PID=44605) to work on /opt/airflow/dags/dag2.py
[2023-02-13T10:43:46.284+0000] {processor.py:743} INFO - Processing file /opt/airflow/dags/dag2.py for tasks to queue
[2023-02-13T10:43:46.284+0000] {logging_mixin.py:137} INFO - [2023-02-13T10:43:46.284+0000] {dagbag.py:538} INFO - Filling up the DagBag from /opt/airflow/dags/dag2.py
[2023-02-13T10:43:46.317+0000] {processor.py:753} INFO - DAG(s) dict_keys(['my_second_dagV6']) retrieved from /opt/airflow/dags/dag2.py
[2023-02-13T10:43:46.541+0000] {logging_mixin.py:137} INFO - [2023-02-13T10:43:46.541+0000] {dag.py:2690} INFO - Sync 1 DAGs
[2023-02-13T10:43:46.563+0000] {logging_mixin.py:137} INFO - [2023-02-13T10:43:46.562+0000] {dag.py:3441} INFO - Setting next_dagrun for my_second_dagV6 to 2023-02-05T00:00:00+00:00, run_after=2023-02-12T00:00:00+00:00
[2023-02-13T10:43:46.596+0000] {processor.py:175} INFO - Processing /opt/airflow/dags/dag2.py took 0.317 seconds
[2023-02-13T10:44:16.808+0000] {processor.py:153} INFO - Started process (PID=44644) to work on /opt/airflow/dags/dag2.py
[2023-02-13T10:44:16.848+0000] {processor.py:743} INFO - Processing file /opt/airflow/dags/dag2.py for tasks to queue
[2023-02-13T10:44:16.849+0000] {logging_mixin.py:137} INFO - [2023-02-13T10:44:16.849+0000] {dagbag.py:538} INFO - Filling up the DagBag from /opt/airflow/dags/dag2.py
[2023-02-13T10:44:16.883+0000] {processor.py:753} INFO - DAG(s) dict_keys(['my_second_dagV6']) retrieved from /opt/airflow/dags/dag2.py
[2023-02-13T10:44:17.039+0000] {logging_mixin.py:137} INFO - [2023-02-13T10:44:17.039+0000] {dag.py:2690} INFO - Sync 1 DAGs
[2023-02-13T10:44:17.078+0000] {logging_mixin.py:137} INFO - [2023-02-13T10:44:17.077+0000] {dag.py:3441} INFO - Setting next_dagrun for my_second_dagV6 to 2023-02-05T00:00:00+00:00, run_after=2023-02-12T00:00:00+00:00
[2023-02-13T10:44:17.123+0000] {processor.py:175} INFO - Processing /opt/airflow/dags/dag2.py took 0.321 seconds
[2023-02-13T10:44:47.373+0000] {processor.py:153} INFO - Started process (PID=44672) to work on /opt/airflow/dags/dag2.py
[2023-02-13T10:44:47.374+0000] {processor.py:743} INFO - Processing file /opt/airflow/dags/dag2.py for tasks to queue
[2023-02-13T10:44:47.375+0000] {logging_mixin.py:137} INFO - [2023-02-13T10:44:47.375+0000] {dagbag.py:538} INFO - Filling up the DagBag from /opt/airflow/dags/dag2.py
[2023-02-13T10:44:47.587+0000] {processor.py:753} INFO - DAG(s) dict_keys(['my_second_dagV6']) retrieved from /opt/airflow/dags/dag2.py
[2023-02-13T10:44:47.606+0000] {logging_mixin.py:137} INFO - [2023-02-13T10:44:47.605+0000] {dag.py:2690} INFO - Sync 1 DAGs
[2023-02-13T10:44:47.628+0000] {logging_mixin.py:137} INFO - [2023-02-13T10:44:47.627+0000] {dag.py:3441} INFO - Setting next_dagrun for my_second_dagV6 to 2023-02-05T00:00:00+00:00, run_after=2023-02-12T00:00:00+00:00
[2023-02-13T10:44:47.670+0000] {processor.py:175} INFO - Processing /opt/airflow/dags/dag2.py took 0.300 seconds
[2023-02-13T10:45:17.845+0000] {processor.py:153} INFO - Started process (PID=44711) to work on /opt/airflow/dags/dag2.py
[2023-02-13T10:45:17.846+0000] {processor.py:743} INFO - Processing file /opt/airflow/dags/dag2.py for tasks to queue
[2023-02-13T10:45:17.847+0000] {logging_mixin.py:137} INFO - [2023-02-13T10:45:17.847+0000] {dagbag.py:538} INFO - Filling up the DagBag from /opt/airflow/dags/dag2.py
[2023-02-13T10:45:17.882+0000] {processor.py:753} INFO - DAG(s) dict_keys(['my_second_dagV6']) retrieved from /opt/airflow/dags/dag2.py
[2023-02-13T10:45:17.906+0000] {logging_mixin.py:137} INFO - [2023-02-13T10:45:17.906+0000] {dag.py:2690} INFO - Sync 1 DAGs
[2023-02-13T10:45:17.933+0000] {logging_mixin.py:137} INFO - [2023-02-13T10:45:17.933+0000] {dag.py:3441} INFO - Setting next_dagrun for my_second_dagV6 to 2023-02-05T00:00:00+00:00, run_after=2023-02-12T00:00:00+00:00
[2023-02-13T10:45:18.114+0000] {processor.py:175} INFO - Processing /opt/airflow/dags/dag2.py took 0.273 seconds
[2023-02-13T10:45:48.333+0000] {processor.py:153} INFO - Started process (PID=44738) to work on /opt/airflow/dags/dag2.py
[2023-02-13T10:45:48.334+0000] {processor.py:743} INFO - Processing file /opt/airflow/dags/dag2.py for tasks to queue
[2023-02-13T10:45:48.334+0000] {logging_mixin.py:137} INFO - [2023-02-13T10:45:48.334+0000] {dagbag.py:538} INFO - Filling up the DagBag from /opt/airflow/dags/dag2.py
[2023-02-13T10:45:48.367+0000] {processor.py:753} INFO - DAG(s) dict_keys(['my_second_dagV6']) retrieved from /opt/airflow/dags/dag2.py
[2023-02-13T10:45:48.390+0000] {logging_mixin.py:137} INFO - [2023-02-13T10:45:48.390+0000] {dag.py:2690} INFO - Sync 1 DAGs
[2023-02-13T10:45:48.603+0000] {logging_mixin.py:137} INFO - [2023-02-13T10:45:48.603+0000] {dag.py:3441} INFO - Setting next_dagrun for my_second_dagV6 to 2023-02-05T00:00:00+00:00, run_after=2023-02-12T00:00:00+00:00
[2023-02-13T10:45:48.624+0000] {processor.py:175} INFO - Processing /opt/airflow/dags/dag2.py took 0.294 seconds
[2023-02-13T10:46:18.829+0000] {processor.py:153} INFO - Started process (PID=44775) to work on /opt/airflow/dags/dag2.py
[2023-02-13T10:46:18.850+0000] {processor.py:743} INFO - Processing file /opt/airflow/dags/dag2.py for tasks to queue
[2023-02-13T10:46:18.850+0000] {logging_mixin.py:137} INFO - [2023-02-13T10:46:18.850+0000] {dagbag.py:538} INFO - Filling up the DagBag from /opt/airflow/dags/dag2.py
[2023-02-13T10:46:18.885+0000] {processor.py:753} INFO - DAG(s) dict_keys(['my_second_dagV6']) retrieved from /opt/airflow/dags/dag2.py
[2023-02-13T10:46:18.910+0000] {logging_mixin.py:137} INFO - [2023-02-13T10:46:18.909+0000] {dag.py:2690} INFO - Sync 1 DAGs
[2023-02-13T10:46:19.179+0000] {logging_mixin.py:137} INFO - [2023-02-13T10:46:19.179+0000] {dag.py:3441} INFO - Setting next_dagrun for my_second_dagV6 to 2023-02-05T00:00:00+00:00, run_after=2023-02-12T00:00:00+00:00
[2023-02-13T10:46:19.203+0000] {processor.py:175} INFO - Processing /opt/airflow/dags/dag2.py took 0.379 seconds
[2023-02-13T10:46:49.464+0000] {processor.py:153} INFO - Started process (PID=44805) to work on /opt/airflow/dags/dag2.py
[2023-02-13T10:46:49.465+0000] {processor.py:743} INFO - Processing file /opt/airflow/dags/dag2.py for tasks to queue
[2023-02-13T10:46:49.466+0000] {logging_mixin.py:137} INFO - [2023-02-13T10:46:49.466+0000] {dagbag.py:538} INFO - Filling up the DagBag from /opt/airflow/dags/dag2.py
[2023-02-13T10:46:49.512+0000] {processor.py:753} INFO - DAG(s) dict_keys(['my_second_dagV6']) retrieved from /opt/airflow/dags/dag2.py
[2023-02-13T10:46:49.706+0000] {logging_mixin.py:137} INFO - [2023-02-13T10:46:49.706+0000] {dag.py:2690} INFO - Sync 1 DAGs
[2023-02-13T10:46:49.740+0000] {logging_mixin.py:137} INFO - [2023-02-13T10:46:49.740+0000] {dag.py:3441} INFO - Setting next_dagrun for my_second_dagV6 to 2023-02-05T00:00:00+00:00, run_after=2023-02-12T00:00:00+00:00
[2023-02-13T10:46:49.780+0000] {processor.py:175} INFO - Processing /opt/airflow/dags/dag2.py took 0.325 seconds
[2023-02-13T10:47:19.951+0000] {processor.py:153} INFO - Started process (PID=44833) to work on /opt/airflow/dags/dag2.py
[2023-02-13T10:47:19.963+0000] {processor.py:743} INFO - Processing file /opt/airflow/dags/dag2.py for tasks to queue
[2023-02-13T10:47:19.964+0000] {logging_mixin.py:137} INFO - [2023-02-13T10:47:19.964+0000] {dagbag.py:538} INFO - Filling up the DagBag from /opt/airflow/dags/dag2.py
[2023-02-13T10:47:19.997+0000] {processor.py:753} INFO - DAG(s) dict_keys(['my_second_dagV6']) retrieved from /opt/airflow/dags/dag2.py
[2023-02-13T10:47:20.176+0000] {logging_mixin.py:137} INFO - [2023-02-13T10:47:20.176+0000] {dag.py:2690} INFO - Sync 1 DAGs
[2023-02-13T10:47:20.200+0000] {logging_mixin.py:137} INFO - [2023-02-13T10:47:20.199+0000] {dag.py:3441} INFO - Setting next_dagrun for my_second_dagV6 to 2023-02-05T00:00:00+00:00, run_after=2023-02-12T00:00:00+00:00
[2023-02-13T10:47:20.217+0000] {processor.py:175} INFO - Processing /opt/airflow/dags/dag2.py took 0.270 seconds
[2023-02-13T10:47:50.462+0000] {processor.py:153} INFO - Started process (PID=44872) to work on /opt/airflow/dags/dag2.py
[2023-02-13T10:47:50.463+0000] {processor.py:743} INFO - Processing file /opt/airflow/dags/dag2.py for tasks to queue
[2023-02-13T10:47:50.464+0000] {logging_mixin.py:137} INFO - [2023-02-13T10:47:50.463+0000] {dagbag.py:538} INFO - Filling up the DagBag from /opt/airflow/dags/dag2.py
[2023-02-13T10:47:50.647+0000] {processor.py:753} INFO - DAG(s) dict_keys(['my_second_dagV6']) retrieved from /opt/airflow/dags/dag2.py
[2023-02-13T10:47:50.665+0000] {logging_mixin.py:137} INFO - [2023-02-13T10:47:50.664+0000] {dag.py:2690} INFO - Sync 1 DAGs
[2023-02-13T10:47:50.686+0000] {logging_mixin.py:137} INFO - [2023-02-13T10:47:50.686+0000] {dag.py:3441} INFO - Setting next_dagrun for my_second_dagV6 to 2023-02-05T00:00:00+00:00, run_after=2023-02-12T00:00:00+00:00
[2023-02-13T10:47:50.716+0000] {processor.py:175} INFO - Processing /opt/airflow/dags/dag2.py took 0.258 seconds
[2023-02-13T10:48:20.959+0000] {processor.py:153} INFO - Started process (PID=44900) to work on /opt/airflow/dags/dag2.py
[2023-02-13T10:48:20.980+0000] {processor.py:743} INFO - Processing file /opt/airflow/dags/dag2.py for tasks to queue
[2023-02-13T10:48:20.981+0000] {logging_mixin.py:137} INFO - [2023-02-13T10:48:20.981+0000] {dagbag.py:538} INFO - Filling up the DagBag from /opt/airflow/dags/dag2.py
[2023-02-13T10:48:21.013+0000] {processor.py:753} INFO - DAG(s) dict_keys(['my_second_dagV6']) retrieved from /opt/airflow/dags/dag2.py
[2023-02-13T10:48:21.037+0000] {logging_mixin.py:137} INFO - [2023-02-13T10:48:21.037+0000] {dag.py:2690} INFO - Sync 1 DAGs
[2023-02-13T10:48:21.075+0000] {logging_mixin.py:137} INFO - [2023-02-13T10:48:21.074+0000] {dag.py:3441} INFO - Setting next_dagrun for my_second_dagV6 to 2023-02-05T00:00:00+00:00, run_after=2023-02-12T00:00:00+00:00
[2023-02-13T10:48:21.256+0000] {processor.py:175} INFO - Processing /opt/airflow/dags/dag2.py took 0.300 seconds
[2023-02-13T10:48:51.503+0000] {processor.py:153} INFO - Started process (PID=44939) to work on /opt/airflow/dags/dag2.py
[2023-02-13T10:48:51.504+0000] {processor.py:743} INFO - Processing file /opt/airflow/dags/dag2.py for tasks to queue
[2023-02-13T10:48:51.505+0000] {logging_mixin.py:137} INFO - [2023-02-13T10:48:51.505+0000] {dagbag.py:538} INFO - Filling up the DagBag from /opt/airflow/dags/dag2.py
[2023-02-13T10:48:51.537+0000] {processor.py:753} INFO - DAG(s) dict_keys(['my_second_dagV6']) retrieved from /opt/airflow/dags/dag2.py
[2023-02-13T10:48:51.560+0000] {logging_mixin.py:137} INFO - [2023-02-13T10:48:51.560+0000] {dag.py:2690} INFO - Sync 1 DAGs
[2023-02-13T10:48:51.755+0000] {logging_mixin.py:137} INFO - [2023-02-13T10:48:51.755+0000] {dag.py:3441} INFO - Setting next_dagrun for my_second_dagV6 to 2023-02-05T00:00:00+00:00, run_after=2023-02-12T00:00:00+00:00
[2023-02-13T10:48:51.783+0000] {processor.py:175} INFO - Processing /opt/airflow/dags/dag2.py took 0.283 seconds
[2023-02-13T10:49:22.035+0000] {processor.py:153} INFO - Started process (PID=44966) to work on /opt/airflow/dags/dag2.py
[2023-02-13T10:49:22.098+0000] {processor.py:743} INFO - Processing file /opt/airflow/dags/dag2.py for tasks to queue
[2023-02-13T10:49:22.098+0000] {logging_mixin.py:137} INFO - [2023-02-13T10:49:22.098+0000] {dagbag.py:538} INFO - Filling up the DagBag from /opt/airflow/dags/dag2.py
[2023-02-13T10:49:22.133+0000] {processor.py:753} INFO - DAG(s) dict_keys(['my_second_dagV6']) retrieved from /opt/airflow/dags/dag2.py
[2023-02-13T10:49:22.156+0000] {logging_mixin.py:137} INFO - [2023-02-13T10:49:22.156+0000] {dag.py:2690} INFO - Sync 1 DAGs
[2023-02-13T10:49:22.321+0000] {logging_mixin.py:137} INFO - [2023-02-13T10:49:22.321+0000] {dag.py:3441} INFO - Setting next_dagrun for my_second_dagV6 to 2023-02-05T00:00:00+00:00, run_after=2023-02-12T00:00:00+00:00
[2023-02-13T10:49:22.338+0000] {processor.py:175} INFO - Processing /opt/airflow/dags/dag2.py took 0.316 seconds
[2023-02-13T10:49:52.611+0000] {processor.py:153} INFO - Started process (PID=45006) to work on /opt/airflow/dags/dag2.py
[2023-02-13T10:49:52.612+0000] {processor.py:743} INFO - Processing file /opt/airflow/dags/dag2.py for tasks to queue
[2023-02-13T10:49:52.613+0000] {logging_mixin.py:137} INFO - [2023-02-13T10:49:52.613+0000] {dagbag.py:538} INFO - Filling up the DagBag from /opt/airflow/dags/dag2.py
[2023-02-13T10:49:52.650+0000] {processor.py:753} INFO - DAG(s) dict_keys(['my_second_dagV6']) retrieved from /opt/airflow/dags/dag2.py
[2023-02-13T10:49:52.881+0000] {logging_mixin.py:137} INFO - [2023-02-13T10:49:52.881+0000] {dag.py:2690} INFO - Sync 1 DAGs
[2023-02-13T10:49:52.936+0000] {logging_mixin.py:137} INFO - [2023-02-13T10:49:52.936+0000] {dag.py:3441} INFO - Setting next_dagrun for my_second_dagV6 to 2023-02-05T00:00:00+00:00, run_after=2023-02-12T00:00:00+00:00
[2023-02-13T10:49:52.994+0000] {processor.py:175} INFO - Processing /opt/airflow/dags/dag2.py took 0.387 seconds
[2023-02-13T10:50:23.162+0000] {processor.py:153} INFO - Started process (PID=45033) to work on /opt/airflow/dags/dag2.py
[2023-02-13T10:50:23.163+0000] {processor.py:743} INFO - Processing file /opt/airflow/dags/dag2.py for tasks to queue
[2023-02-13T10:50:23.164+0000] {logging_mixin.py:137} INFO - [2023-02-13T10:50:23.163+0000] {dagbag.py:538} INFO - Filling up the DagBag from /opt/airflow/dags/dag2.py
[2023-02-13T10:50:23.348+0000] {processor.py:753} INFO - DAG(s) dict_keys(['my_second_dagV6']) retrieved from /opt/airflow/dags/dag2.py
[2023-02-13T10:50:23.373+0000] {logging_mixin.py:137} INFO - [2023-02-13T10:50:23.373+0000] {dag.py:2690} INFO - Sync 1 DAGs
[2023-02-13T10:50:23.395+0000] {logging_mixin.py:137} INFO - [2023-02-13T10:50:23.395+0000] {dag.py:3441} INFO - Setting next_dagrun for my_second_dagV6 to 2023-02-05T00:00:00+00:00, run_after=2023-02-12T00:00:00+00:00
[2023-02-13T10:50:23.487+0000] {processor.py:175} INFO - Processing /opt/airflow/dags/dag2.py took 0.328 seconds
[2023-02-13T10:50:53.678+0000] {processor.py:153} INFO - Started process (PID=45069) to work on /opt/airflow/dags/dag2.py
[2023-02-13T10:50:53.679+0000] {processor.py:743} INFO - Processing file /opt/airflow/dags/dag2.py for tasks to queue
[2023-02-13T10:50:53.680+0000] {logging_mixin.py:137} INFO - [2023-02-13T10:50:53.680+0000] {dagbag.py:538} INFO - Filling up the DagBag from /opt/airflow/dags/dag2.py
[2023-02-13T10:50:53.908+0000] {processor.py:753} INFO - DAG(s) dict_keys(['my_second_dagV6']) retrieved from /opt/airflow/dags/dag2.py
[2023-02-13T10:50:53.926+0000] {logging_mixin.py:137} INFO - [2023-02-13T10:50:53.926+0000] {dag.py:2690} INFO - Sync 1 DAGs
[2023-02-13T10:50:53.970+0000] {logging_mixin.py:137} INFO - [2023-02-13T10:50:53.970+0000] {dag.py:3441} INFO - Setting next_dagrun for my_second_dagV6 to 2023-02-05T00:00:00+00:00, run_after=2023-02-12T00:00:00+00:00
[2023-02-13T10:50:53.985+0000] {processor.py:175} INFO - Processing /opt/airflow/dags/dag2.py took 0.310 seconds
[2023-02-13T10:51:24.127+0000] {processor.py:153} INFO - Started process (PID=45099) to work on /opt/airflow/dags/dag2.py
[2023-02-13T10:51:24.128+0000] {processor.py:743} INFO - Processing file /opt/airflow/dags/dag2.py for tasks to queue
[2023-02-13T10:51:24.128+0000] {logging_mixin.py:137} INFO - [2023-02-13T10:51:24.128+0000] {dagbag.py:538} INFO - Filling up the DagBag from /opt/airflow/dags/dag2.py
[2023-02-13T10:51:24.314+0000] {processor.py:753} INFO - DAG(s) dict_keys(['my_second_dagV6']) retrieved from /opt/airflow/dags/dag2.py
[2023-02-13T10:51:24.333+0000] {logging_mixin.py:137} INFO - [2023-02-13T10:51:24.332+0000] {dag.py:2690} INFO - Sync 1 DAGs
[2023-02-13T10:51:24.355+0000] {logging_mixin.py:137} INFO - [2023-02-13T10:51:24.355+0000] {dag.py:3441} INFO - Setting next_dagrun for my_second_dagV6 to 2023-02-05T00:00:00+00:00, run_after=2023-02-12T00:00:00+00:00
[2023-02-13T10:51:24.374+0000] {processor.py:175} INFO - Processing /opt/airflow/dags/dag2.py took 0.250 seconds
[2023-02-13T10:51:54.582+0000] {processor.py:153} INFO - Started process (PID=45126) to work on /opt/airflow/dags/dag2.py
[2023-02-13T10:51:54.586+0000] {processor.py:743} INFO - Processing file /opt/airflow/dags/dag2.py for tasks to queue
[2023-02-13T10:51:54.587+0000] {logging_mixin.py:137} INFO - [2023-02-13T10:51:54.586+0000] {dagbag.py:538} INFO - Filling up the DagBag from /opt/airflow/dags/dag2.py
[2023-02-13T10:51:54.619+0000] {processor.py:753} INFO - DAG(s) dict_keys(['my_second_dagV6']) retrieved from /opt/airflow/dags/dag2.py
[2023-02-13T10:51:54.642+0000] {logging_mixin.py:137} INFO - [2023-02-13T10:51:54.642+0000] {dag.py:2690} INFO - Sync 1 DAGs
[2023-02-13T10:51:54.840+0000] {logging_mixin.py:137} INFO - [2023-02-13T10:51:54.840+0000] {dag.py:3441} INFO - Setting next_dagrun for my_second_dagV6 to 2023-02-05T00:00:00+00:00, run_after=2023-02-12T00:00:00+00:00
[2023-02-13T10:51:54.857+0000] {processor.py:175} INFO - Processing /opt/airflow/dags/dag2.py took 0.279 seconds
[2023-02-13T10:52:25.059+0000] {processor.py:153} INFO - Started process (PID=45165) to work on /opt/airflow/dags/dag2.py
[2023-02-13T10:52:25.059+0000] {processor.py:743} INFO - Processing file /opt/airflow/dags/dag2.py for tasks to queue
[2023-02-13T10:52:25.060+0000] {logging_mixin.py:137} INFO - [2023-02-13T10:52:25.060+0000] {dagbag.py:538} INFO - Filling up the DagBag from /opt/airflow/dags/dag2.py
[2023-02-13T10:52:25.091+0000] {processor.py:753} INFO - DAG(s) dict_keys(['my_second_dagV6']) retrieved from /opt/airflow/dags/dag2.py
[2023-02-13T10:52:25.113+0000] {logging_mixin.py:137} INFO - [2023-02-13T10:52:25.112+0000] {dag.py:2690} INFO - Sync 1 DAGs
[2023-02-13T10:52:25.321+0000] {logging_mixin.py:137} INFO - [2023-02-13T10:52:25.321+0000] {dag.py:3441} INFO - Setting next_dagrun for my_second_dagV6 to 2023-02-05T00:00:00+00:00, run_after=2023-02-12T00:00:00+00:00
[2023-02-13T10:52:25.342+0000] {processor.py:175} INFO - Processing /opt/airflow/dags/dag2.py took 0.286 seconds
                                                                                                                                                                                                                                                                                                                                                                                                                                                                                                                                                                                                                                                                                                                                                                                                                                                                                                                                                                                                                                         