[2023-01-30T14:11:12.597+0000] {taskinstance.py:1083} INFO - Dependencies all met for <TaskInstance: my_third_dagV1.fo manual__2023-01-30T14:11:11.036859+00:00 [queued]>
[2023-01-30T14:11:12.606+0000] {taskinstance.py:1083} INFO - Dependencies all met for <TaskInstance: my_third_dagV1.fo manual__2023-01-30T14:11:11.036859+00:00 [queued]>
[2023-01-30T14:11:12.606+0000] {taskinstance.py:1279} INFO - 
--------------------------------------------------------------------------------
[2023-01-30T14:11:12.606+0000] {taskinstance.py:1280} INFO - Starting attempt 1 of 1
[2023-01-30T14:11:12.606+0000] {taskinstance.py:1281} INFO - 
--------------------------------------------------------------------------------
[2023-01-30T14:11:12.639+0000] {taskinstance.py:1300} INFO - Executing <Task(PythonOperator): fo> on 2023-01-30 14:11:11.036859+00:00
[2023-01-30T14:11:12.643+0000] {standard_task_runner.py:55} INFO - Started process 574 to run task
[2023-01-30T14:11:12.646+0000] {standard_task_runner.py:82} INFO - Running: ['***', 'tasks', 'run', 'my_third_dagV1', 'fo', 'manual__2023-01-30T14:11:11.036859+00:00', '--job-id', '4', '--raw', '--subdir', 'DAGS_FOLDER/dag3.py', '--cfg-path', '/tmp/tmpbc_ymdn4']
[2023-01-30T14:11:12.647+0000] {standard_task_runner.py:83} INFO - Job 4: Subtask fo
[2023-01-30T14:11:12.705+0000] {task_command.py:388} INFO - Running <TaskInstance: my_third_dagV1.fo manual__2023-01-30T14:11:11.036859+00:00 [running]> on host 7b03a031af5e
[2023-01-30T14:11:12.781+0000] {taskinstance.py:1509} INFO - Exporting the following env vars:
AIRFLOW_CTX_DAG_OWNER=***
AIRFLOW_CTX_DAG_ID=my_third_dagV1
AIRFLOW_CTX_TASK_ID=fo
AIRFLOW_CTX_EXECUTION_DATE=2023-01-30T14:11:11.036859+00:00
AIRFLOW_CTX_TRY_NUMBER=1
AIRFLOW_CTX_DAG_RUN_ID=manual__2023-01-30T14:11:11.036859+00:00
[2023-01-30T14:11:13.571+0000] {logging_mixin.py:137} INFO - Empty DataFrame
Columns: []
Index: []
[2023-01-30T14:11:13.571+0000] {python.py:177} INFO - Done. Returned value was: 2
[2023-01-30T14:11:13.824+0000] {taskinstance.py:1323} INFO - Marking task as SUCCESS. dag_id=my_third_dagV1, task_id=fo, execution_date=20230130T141111, start_date=20230130T141112, end_date=20230130T141113
[2023-01-30T14:11:13.883+0000] {local_task_job.py:208} INFO - Task exited with return code 0
[2023-01-30T14:11:13.907+0000] {taskinstance.py:2578} INFO - 0 downstream tasks scheduled from follow-on schedule check
