[2023-02-10T09:15:06.777+0000] {taskinstance.py:1083} INFO - Dependencies all met for <TaskInstance: my_first_dag.hello scheduled__2023-01-29T00:00:00+00:00 [queued]>
[2023-02-10T09:15:06.789+0000] {taskinstance.py:1083} INFO - Dependencies all met for <TaskInstance: my_first_dag.hello scheduled__2023-01-29T00:00:00+00:00 [queued]>
[2023-02-10T09:15:06.789+0000] {taskinstance.py:1279} INFO - 
--------------------------------------------------------------------------------
[2023-02-10T09:15:06.789+0000] {taskinstance.py:1280} INFO - Starting attempt 1 of 1
[2023-02-10T09:15:06.789+0000] {taskinstance.py:1281} INFO - 
--------------------------------------------------------------------------------
[2023-02-10T09:15:06.818+0000] {taskinstance.py:1300} INFO - Executing <Task(BashOperator): hello> on 2023-01-29 00:00:00+00:00
[2023-02-10T09:15:06.821+0000] {standard_task_runner.py:55} INFO - Started process 28211 to run task
[2023-02-10T09:15:06.824+0000] {standard_task_runner.py:82} INFO - Running: ['***', 'tasks', 'run', 'my_first_dag', 'hello', 'scheduled__2023-01-29T00:00:00+00:00', '--job-id', '49', '--raw', '--subdir', 'DAGS_FOLDER/dag1.py', '--cfg-path', '/tmp/tmp1h7x5r38']
[2023-02-10T09:15:06.825+0000] {standard_task_runner.py:83} INFO - Job 49: Subtask hello
[2023-02-10T09:15:06.911+0000] {task_command.py:388} INFO - Running <TaskInstance: my_first_dag.hello scheduled__2023-01-29T00:00:00+00:00 [running]> on host 47e55e08a495
[2023-02-10T09:15:07.038+0000] {taskinstance.py:1509} INFO - Exporting the following env vars:
AIRFLOW_CTX_DAG_OWNER=***
AIRFLOW_CTX_DAG_ID=my_first_dag
AIRFLOW_CTX_TASK_ID=hello
AIRFLOW_CTX_EXECUTION_DATE=2023-01-29T00:00:00+00:00
AIRFLOW_CTX_TRY_NUMBER=1
AIRFLOW_CTX_DAG_RUN_ID=scheduled__2023-01-29T00:00:00+00:00
[2023-02-10T09:15:07.146+0000] {subprocess.py:63} INFO - Tmp dir root location: 
 /tmp
[2023-02-10T09:15:07.147+0000] {subprocess.py:75} INFO - Running command: ['/bin/bash', '-c', 'echo hello']
[2023-02-10T09:15:07.201+0000] {subprocess.py:86} INFO - Output:
[2023-02-10T09:15:07.240+0000] {subprocess.py:93} INFO - hello
[2023-02-10T09:15:07.240+0000] {subprocess.py:97} INFO - Command exited with return code 0
[2023-02-10T09:15:07.270+0000] {taskinstance.py:1323} INFO - Marking task as SUCCESS. dag_id=my_first_dag, task_id=hello, execution_date=20230129T000000, start_date=20230210T091506, end_date=20230210T091507
[2023-02-10T09:15:07.326+0000] {local_task_job.py:208} INFO - Task exited with return code 0
[2023-02-10T09:15:07.351+0000] {taskinstance.py:2578} INFO - 0 downstream tasks scheduled from follow-on schedule check
