[2023-01-31T09:08:10.817+0000] {taskinstance.py:1083} INFO - Dependencies all met for <TaskInstance: my_second_dagV5.insert_task manual__2023-01-31T09:06:25.714411+00:00 [queued]>
[2023-01-31T09:08:10.825+0000] {taskinstance.py:1083} INFO - Dependencies all met for <TaskInstance: my_second_dagV5.insert_task manual__2023-01-31T09:06:25.714411+00:00 [queued]>
[2023-01-31T09:08:10.825+0000] {taskinstance.py:1279} INFO - 
--------------------------------------------------------------------------------
[2023-01-31T09:08:10.826+0000] {taskinstance.py:1280} INFO - Starting attempt 3 of 3
[2023-01-31T09:08:10.826+0000] {taskinstance.py:1281} INFO - 
--------------------------------------------------------------------------------
[2023-01-31T09:08:10.837+0000] {taskinstance.py:1300} INFO - Executing <Task(PostgresOperator): insert_task> on 2023-01-31 09:06:25.714411+00:00
[2023-01-31T09:08:10.840+0000] {standard_task_runner.py:55} INFO - Started process 1149 to run task
[2023-01-31T09:08:10.843+0000] {standard_task_runner.py:82} INFO - Running: ['***', 'tasks', 'run', 'my_second_dagV5', 'insert_task', 'manual__2023-01-31T09:06:25.714411+00:00', '--job-id', '18', '--raw', '--subdir', 'DAGS_FOLDER/dag2.py', '--cfg-path', '/tmp/tmpffdi29dr']
[2023-01-31T09:08:10.843+0000] {standard_task_runner.py:83} INFO - Job 18: Subtask insert_task
[2023-01-31T09:08:10.905+0000] {task_command.py:388} INFO - Running <TaskInstance: my_second_dagV5.insert_task manual__2023-01-31T09:06:25.714411+00:00 [running]> on host ab5131891604
[2023-01-31T09:08:10.976+0000] {taskinstance.py:1509} INFO - Exporting the following env vars:
AIRFLOW_CTX_DAG_OWNER=***
AIRFLOW_CTX_DAG_ID=my_second_dagV5
AIRFLOW_CTX_TASK_ID=insert_task
AIRFLOW_CTX_EXECUTION_DATE=2023-01-31T09:06:25.714411+00:00
AIRFLOW_CTX_TRY_NUMBER=3
AIRFLOW_CTX_DAG_RUN_ID=manual__2023-01-31T09:06:25.714411+00:00
[2023-01-31T09:08:10.976+0000] {sql.py:254} INFO - Executing: 
            insert into dag_runs(dt, dag_id) VALUES (%(ds)s, "dag is dag not a dag22")
        
[2023-01-31T09:08:10.984+0000] {base.py:73} INFO - Using connection ID 'postgres_localhost' for task execution.
[2023-01-31T09:08:11.171+0000] {base.py:73} INFO - Using connection ID 'postgres_localhost' for task execution.
[2023-01-31T09:08:11.174+0000] {sql.py:375} INFO - Running statement: 
            insert into dag_runs(dt, dag_id) VALUES (%(ds)s, "dag is dag not a dag22")
        , parameters: {'ds': datetime.datetime(2022, 2, 16, 0, 0)}
[2023-01-31T09:08:11.175+0000] {taskinstance.py:1768} ERROR - Task failed with exception
Traceback (most recent call last):
  File "/home/airflow/.local/lib/python3.7/site-packages/airflow/providers/common/sql/operators/sql.py", line 266, in execute
    **extra_kwargs,
  File "/home/airflow/.local/lib/python3.7/site-packages/airflow/providers/common/sql/hooks/sql.py", line 349, in run
    self._run_command(cur, sql_statement, parameters)
  File "/home/airflow/.local/lib/python3.7/site-packages/airflow/providers/common/sql/hooks/sql.py", line 378, in _run_command
    cur.execute(sql_statement, parameters)
psycopg2.errors.UndefinedColumn: column "dag is dag not a dag22" does not exist
LINE 2: ...dag_id) VALUES ('2022-02-16T00:00:00'::timestamp, "dag is da...
                                                             ^

[2023-01-31T09:08:11.181+0000] {taskinstance.py:1323} INFO - Marking task as FAILED. dag_id=my_second_dagV5, task_id=insert_task, execution_date=20230131T090625, start_date=20230131T090810, end_date=20230131T090811
[2023-01-31T09:08:11.192+0000] {standard_task_runner.py:105} ERROR - Failed to execute job 18 for task insert_task (column "dag is dag not a dag22" does not exist
LINE 2: ...dag_id) VALUES ('2022-02-16T00:00:00'::timestamp, "dag is da...
                                                             ^
; 1149)
[2023-01-31T09:08:11.220+0000] {local_task_job.py:208} INFO - Task exited with return code 1
[2023-01-31T09:08:11.240+0000] {taskinstance.py:2578} INFO - 0 downstream tasks scheduled from follow-on schedule check
