[2023-01-31T09:12:25.279+0000] {taskinstance.py:1083} INFO - Dependencies all met for <TaskInstance: my_second_dagV5.insert_task manual__2023-01-31T09:06:25.714411+00:00 [queued]>
[2023-01-31T09:12:25.292+0000] {taskinstance.py:1083} INFO - Dependencies all met for <TaskInstance: my_second_dagV5.insert_task manual__2023-01-31T09:06:25.714411+00:00 [queued]>
[2023-01-31T09:12:25.292+0000] {taskinstance.py:1279} INFO - 
--------------------------------------------------------------------------------
[2023-01-31T09:12:25.292+0000] {taskinstance.py:1280} INFO - Starting attempt 6 of 6
[2023-01-31T09:12:25.292+0000] {taskinstance.py:1281} INFO - 
--------------------------------------------------------------------------------
[2023-01-31T09:12:25.311+0000] {taskinstance.py:1300} INFO - Executing <Task(PostgresOperator): insert_task> on 2023-01-31 09:06:25.714411+00:00
[2023-01-31T09:12:25.314+0000] {standard_task_runner.py:55} INFO - Started process 1449 to run task
[2023-01-31T09:12:25.316+0000] {standard_task_runner.py:82} INFO - Running: ['***', 'tasks', 'run', 'my_second_dagV5', 'insert_task', 'manual__2023-01-31T09:06:25.714411+00:00', '--job-id', '21', '--raw', '--subdir', 'DAGS_FOLDER/dag2.py', '--cfg-path', '/tmp/tmpdg4bttp8']
[2023-01-31T09:12:25.317+0000] {standard_task_runner.py:83} INFO - Job 21: Subtask insert_task
[2023-01-31T09:12:25.379+0000] {task_command.py:388} INFO - Running <TaskInstance: my_second_dagV5.insert_task manual__2023-01-31T09:06:25.714411+00:00 [running]> on host ab5131891604
[2023-01-31T09:12:25.459+0000] {taskinstance.py:1509} INFO - Exporting the following env vars:
AIRFLOW_CTX_DAG_OWNER=***
AIRFLOW_CTX_DAG_ID=my_second_dagV5
AIRFLOW_CTX_TASK_ID=insert_task
AIRFLOW_CTX_EXECUTION_DATE=2023-01-31T09:06:25.714411+00:00
AIRFLOW_CTX_TRY_NUMBER=6
AIRFLOW_CTX_DAG_RUN_ID=manual__2023-01-31T09:06:25.714411+00:00
[2023-01-31T09:12:25.459+0000] {sql.py:254} INFO - Executing: 
            insert into dag_runs(dt, dag_id) VALUES (%(ds)s, "dag_id")
        
[2023-01-31T09:12:25.469+0000] {base.py:73} INFO - Using connection ID 'postgres_localhost' for task execution.
[2023-01-31T09:12:25.653+0000] {base.py:73} INFO - Using connection ID 'postgres_localhost' for task execution.
[2023-01-31T09:12:25.656+0000] {sql.py:375} INFO - Running statement: 
            insert into dag_runs(dt, dag_id) VALUES (%(ds)s, "dag_id")
        , parameters: {'ds': datetime.datetime(2022, 2, 16, 0, 0)}
[2023-01-31T09:12:25.657+0000] {taskinstance.py:1768} ERROR - Task failed with exception
Traceback (most recent call last):
  File "/home/airflow/.local/lib/python3.7/site-packages/airflow/providers/common/sql/operators/sql.py", line 266, in execute
    **extra_kwargs,
  File "/home/airflow/.local/lib/python3.7/site-packages/airflow/providers/common/sql/hooks/sql.py", line 349, in run
    self._run_command(cur, sql_statement, parameters)
  File "/home/airflow/.local/lib/python3.7/site-packages/airflow/providers/common/sql/hooks/sql.py", line 378, in _run_command
    cur.execute(sql_statement, parameters)
psycopg2.errors.UndefinedColumn: column "dag_id" does not exist
LINE 2: ... dag_id) VALUES ('2022-02-16T00:00:00'::timestamp, "dag_id")
                                                              ^
HINT:  There is a column named "dag_id" in table "dag_runs", but it cannot be referenced from this part of the query.

[2023-01-31T09:12:25.669+0000] {taskinstance.py:1323} INFO - Marking task as FAILED. dag_id=my_second_dagV5, task_id=insert_task, execution_date=20230131T090625, start_date=20230131T091225, end_date=20230131T091225
[2023-01-31T09:12:25.776+0000] {standard_task_runner.py:105} ERROR - Failed to execute job 21 for task insert_task (column "dag_id" does not exist
LINE 2: ... dag_id) VALUES ('2022-02-16T00:00:00'::timestamp, "dag_id")
                                                              ^
HINT:  There is a column named "dag_id" in table "dag_runs", but it cannot be referenced from this part of the query.
; 1449)
[2023-01-31T09:12:25.833+0000] {local_task_job.py:208} INFO - Task exited with return code 1
[2023-01-31T09:12:25.850+0000] {taskinstance.py:2578} INFO - 0 downstream tasks scheduled from follow-on schedule check
