[2023-01-29T07:38:42.136+0000] {taskinstance.py:1083} INFO - Dependencies all met for <TaskInstance: my_second_dagV5.insert_task scheduled__2023-01-22T00:00:00+00:00 [queued]>
[2023-01-29T07:38:42.149+0000] {taskinstance.py:1083} INFO - Dependencies all met for <TaskInstance: my_second_dagV5.insert_task scheduled__2023-01-22T00:00:00+00:00 [queued]>
[2023-01-29T07:38:42.149+0000] {taskinstance.py:1279} INFO - 
--------------------------------------------------------------------------------
[2023-01-29T07:38:42.149+0000] {taskinstance.py:1280} INFO - Starting attempt 1 of 1
[2023-01-29T07:38:42.149+0000] {taskinstance.py:1281} INFO - 
--------------------------------------------------------------------------------
[2023-01-29T07:38:42.189+0000] {taskinstance.py:1300} INFO - Executing <Task(PostgresOperator): insert_task> on 2023-01-22 00:00:00+00:00
[2023-01-29T07:38:42.197+0000] {standard_task_runner.py:55} INFO - Started process 48104 to run task
[2023-01-29T07:38:42.201+0000] {standard_task_runner.py:82} INFO - Running: ['***', 'tasks', 'run', 'my_second_dagV5', 'insert_task', 'scheduled__2023-01-22T00:00:00+00:00', '--job-id', '64', '--raw', '--subdir', 'DAGS_FOLDER/dag2.py', '--cfg-path', '/tmp/tmpzsco7l5t']
[2023-01-29T07:38:42.201+0000] {standard_task_runner.py:83} INFO - Job 64: Subtask insert_task
[2023-01-29T07:38:42.283+0000] {task_command.py:388} INFO - Running <TaskInstance: my_second_dagV5.insert_task scheduled__2023-01-22T00:00:00+00:00 [running]> on host 9763ece73850
[2023-01-29T07:38:42.866+0000] {taskinstance.py:1509} INFO - Exporting the following env vars:
AIRFLOW_CTX_DAG_OWNER=***
AIRFLOW_CTX_DAG_ID=my_second_dagV5
AIRFLOW_CTX_TASK_ID=insert_task
AIRFLOW_CTX_EXECUTION_DATE=2023-01-22T00:00:00+00:00
AIRFLOW_CTX_TRY_NUMBER=1
AIRFLOW_CTX_DAG_RUN_ID=scheduled__2023-01-22T00:00:00+00:00
[2023-01-29T07:38:42.867+0000] {sql.py:254} INFO - Executing: 
            insert into dag_runs(dt, dag_id) VALUES (%(ds)s, %(dag_id)s)
        
[2023-01-29T07:38:42.875+0000] {base.py:73} INFO - Using connection ID 'postgres_localhost' for task execution.
[2023-01-29T07:38:43.106+0000] {base.py:73} INFO - Using connection ID 'postgres_localhost' for task execution.
[2023-01-29T07:38:43.111+0000] {sql.py:375} INFO - Running statement: 
            insert into dag_runs(dt, dag_id) VALUES (%(ds)s, %(dag_id)s)
        , parameters: {'dag_id': "{{ti.xcom_pull('calculate_optimal_prices')}}", 'ds': datetime.datetime(2022, 2, 15, 0, 0)}
[2023-01-29T07:38:43.114+0000] {taskinstance.py:1768} ERROR - Task failed with exception
Traceback (most recent call last):
  File "/home/airflow/.local/lib/python3.7/site-packages/airflow/providers/common/sql/operators/sql.py", line 266, in execute
    **extra_kwargs,
  File "/home/airflow/.local/lib/python3.7/site-packages/airflow/providers/common/sql/hooks/sql.py", line 349, in run
    self._run_command(cur, sql_statement, parameters)
  File "/home/airflow/.local/lib/python3.7/site-packages/airflow/providers/common/sql/hooks/sql.py", line 378, in _run_command
    cur.execute(sql_statement, parameters)
psycopg2.errors.UniqueViolation: duplicate key value violates unique constraint "dag_runs_pkey"
DETAIL:  Key (dt, dag_id)=(2022-02-15, {{ti.xcom_pull('calculate_optimal_prices')}}) already exists.

[2023-01-29T07:38:43.202+0000] {taskinstance.py:1323} INFO - Marking task as FAILED. dag_id=my_second_dagV5, task_id=insert_task, execution_date=20230122T000000, start_date=20230129T073842, end_date=20230129T073843
[2023-01-29T07:38:43.224+0000] {standard_task_runner.py:105} ERROR - Failed to execute job 64 for task insert_task (duplicate key value violates unique constraint "dag_runs_pkey"
DETAIL:  Key (dt, dag_id)=(2022-02-15, {{ti.xcom_pull('calculate_optimal_prices')}}) already exists.
; 48104)
[2023-01-29T07:38:43.267+0000] {local_task_job.py:208} INFO - Task exited with return code 1
[2023-01-29T07:38:43.292+0000] {taskinstance.py:2578} INFO - 0 downstream tasks scheduled from follow-on schedule check
[2023-01-31T09:00:44.194+0000] {taskinstance.py:1083} INFO - Dependencies all met for <TaskInstance: my_second_dagV5.insert_task scheduled__2023-01-22T00:00:00+00:00 [queued]>
[2023-01-31T09:00:44.209+0000] {taskinstance.py:1083} INFO - Dependencies all met for <TaskInstance: my_second_dagV5.insert_task scheduled__2023-01-22T00:00:00+00:00 [queued]>
[2023-01-31T09:00:44.209+0000] {taskinstance.py:1279} INFO - 
--------------------------------------------------------------------------------
[2023-01-31T09:00:44.209+0000] {taskinstance.py:1280} INFO - Starting attempt 1 of 1
[2023-01-31T09:00:44.209+0000] {taskinstance.py:1281} INFO - 
--------------------------------------------------------------------------------
[2023-01-31T09:00:44.221+0000] {taskinstance.py:1300} INFO - Executing <Task(PostgresOperator): insert_task> on 2023-01-22 00:00:00+00:00
[2023-01-31T09:00:44.224+0000] {standard_task_runner.py:55} INFO - Started process 600 to run task
[2023-01-31T09:00:44.226+0000] {standard_task_runner.py:82} INFO - Running: ['***', 'tasks', 'run', 'my_second_dagV5', 'insert_task', 'scheduled__2023-01-22T00:00:00+00:00', '--job-id', '11', '--raw', '--subdir', 'DAGS_FOLDER/dag2.py', '--cfg-path', '/tmp/tmpkh7mx7zf']
[2023-01-31T09:00:44.227+0000] {standard_task_runner.py:83} INFO - Job 11: Subtask insert_task
[2023-01-31T09:00:44.312+0000] {task_command.py:388} INFO - Running <TaskInstance: my_second_dagV5.insert_task scheduled__2023-01-22T00:00:00+00:00 [running]> on host ab5131891604
[2023-01-31T09:00:44.369+0000] {taskinstance.py:1509} INFO - Exporting the following env vars:
AIRFLOW_CTX_DAG_OWNER=***
AIRFLOW_CTX_DAG_ID=my_second_dagV5
AIRFLOW_CTX_TASK_ID=insert_task
AIRFLOW_CTX_EXECUTION_DATE=2023-01-22T00:00:00+00:00
AIRFLOW_CTX_TRY_NUMBER=1
AIRFLOW_CTX_DAG_RUN_ID=scheduled__2023-01-22T00:00:00+00:00
[2023-01-31T09:00:44.369+0000] {sql.py:254} INFO - Executing: 
            insert into dag_runs(dt, dag_id) VALUES (%(ds)s, %(dag_id)s)
        
[2023-01-31T09:00:44.376+0000] {base.py:73} INFO - Using connection ID 'postgres_localhost' for task execution.
[2023-01-31T09:00:44.545+0000] {base.py:73} INFO - Using connection ID 'postgres_localhost' for task execution.
[2023-01-31T09:00:44.548+0000] {sql.py:375} INFO - Running statement: 
            insert into dag_runs(dt, dag_id) VALUES (%(ds)s, %(dag_id)s)
        , parameters: {'dag_id': "{{ti.xcom_pull('calculate_optimal_prices')}}", 'ds': datetime.datetime(2022, 2, 15, 0, 0)}
[2023-01-31T09:00:44.549+0000] {sql.py:384} INFO - Rows affected: 1
[2023-01-31T09:00:44.557+0000] {taskinstance.py:1323} INFO - Marking task as SUCCESS. dag_id=my_second_dagV5, task_id=insert_task, execution_date=20230122T000000, start_date=20230131T090044, end_date=20230131T090044
[2023-01-31T09:00:44.603+0000] {local_task_job.py:208} INFO - Task exited with return code 0
[2023-01-31T09:00:44.622+0000] {taskinstance.py:2578} INFO - 0 downstream tasks scheduled from follow-on schedule check
