[2023-05-18T14:02:52.456+0000] {taskinstance.py:1083} INFO - Dependencies all met for <TaskInstance: my_first_dagV2.send_optimal_prices manual__2023-05-18T14:02:42.561848+00:00 [queued]>
[2023-05-18T14:02:52.475+0000] {taskinstance.py:1083} INFO - Dependencies all met for <TaskInstance: my_first_dagV2.send_optimal_prices manual__2023-05-18T14:02:42.561848+00:00 [queued]>
[2023-05-18T14:02:52.476+0000] {taskinstance.py:1279} INFO - 
--------------------------------------------------------------------------------
[2023-05-18T14:02:52.476+0000] {taskinstance.py:1280} INFO - Starting attempt 1 of 1
[2023-05-18T14:02:52.476+0000] {taskinstance.py:1281} INFO - 
--------------------------------------------------------------------------------
[2023-05-18T14:02:52.492+0000] {taskinstance.py:1300} INFO - Executing <Task(PythonOperator): send_optimal_prices> on 2023-05-18 14:02:42.561848+00:00
[2023-05-18T14:02:52.497+0000] {standard_task_runner.py:55} INFO - Started process 32837 to run task
[2023-05-18T14:02:52.505+0000] {standard_task_runner.py:82} INFO - Running: ['***', 'tasks', 'run', 'my_first_dagV2', 'send_optimal_prices', 'manual__2023-05-18T14:02:42.561848+00:00', '--job-id', '188', '--raw', '--subdir', 'DAGS_FOLDER/dag1.py', '--cfg-path', '/tmp/tmpk7l3x5op']
[2023-05-18T14:02:52.506+0000] {standard_task_runner.py:83} INFO - Job 188: Subtask send_optimal_prices
[2023-05-18T14:02:52.618+0000] {task_command.py:388} INFO - Running <TaskInstance: my_first_dagV2.send_optimal_prices manual__2023-05-18T14:02:42.561848+00:00 [running]> on host 031cfb56e8fb
[2023-05-18T14:02:52.697+0000] {taskinstance.py:1509} INFO - Exporting the following env vars:
AIRFLOW_CTX_DAG_OWNER=***
AIRFLOW_CTX_DAG_ID=my_first_dagV2
AIRFLOW_CTX_TASK_ID=send_optimal_prices
AIRFLOW_CTX_EXECUTION_DATE=2023-05-18T14:02:42.561848+00:00
AIRFLOW_CTX_TRY_NUMBER=1
AIRFLOW_CTX_DAG_RUN_ID=manual__2023-05-18T14:02:42.561848+00:00
[2023-05-18T14:02:52.698+0000] {python.py:177} INFO - Done. Returned value was: 3
[2023-05-18T14:02:52.763+0000] {taskinstance.py:1323} INFO - Marking task as SUCCESS. dag_id=my_first_dagV2, task_id=send_optimal_prices, execution_date=20230518T140242, start_date=20230518T140252, end_date=20230518T140252
[2023-05-18T14:02:52.842+0000] {local_task_job.py:208} INFO - Task exited with return code 0
[2023-05-18T14:02:52.861+0000] {taskinstance.py:2578} INFO - 0 downstream tasks scheduled from follow-on schedule check
