[2023-05-17T13:41:56.794+0000] {taskinstance.py:1083} INFO - Dependencies all met for <TaskInstance: my_third_dagV5.fo manual__2023-05-17T13:41:55.850556+00:00 [queued]>
[2023-05-17T13:41:56.803+0000] {taskinstance.py:1083} INFO - Dependencies all met for <TaskInstance: my_third_dagV5.fo manual__2023-05-17T13:41:55.850556+00:00 [queued]>
[2023-05-17T13:41:56.803+0000] {taskinstance.py:1279} INFO - 
--------------------------------------------------------------------------------
[2023-05-17T13:41:56.803+0000] {taskinstance.py:1280} INFO - Starting attempt 1 of 1
[2023-05-17T13:41:56.803+0000] {taskinstance.py:1281} INFO - 
--------------------------------------------------------------------------------
[2023-05-17T13:41:56.815+0000] {taskinstance.py:1300} INFO - Executing <Task(PythonOperator): fo> on 2023-05-17 13:41:55.850556+00:00
[2023-05-17T13:41:56.838+0000] {standard_task_runner.py:55} INFO - Started process 5734 to run task
[2023-05-17T13:41:56.841+0000] {standard_task_runner.py:82} INFO - Running: ['***', 'tasks', 'run', 'my_third_dagV5', 'fo', 'manual__2023-05-17T13:41:55.850556+00:00', '--job-id', '165', '--raw', '--subdir', 'DAGS_FOLDER/dag3.py', '--cfg-path', '/tmp/tmpqw9c8nqj']
[2023-05-17T13:41:56.842+0000] {standard_task_runner.py:83} INFO - Job 165: Subtask fo
[2023-05-17T13:41:56.912+0000] {task_command.py:388} INFO - Running <TaskInstance: my_third_dagV5.fo manual__2023-05-17T13:41:55.850556+00:00 [running]> on host 031cfb56e8fb
[2023-05-17T13:41:56.986+0000] {taskinstance.py:1509} INFO - Exporting the following env vars:
AIRFLOW_CTX_DAG_OWNER=***
AIRFLOW_CTX_DAG_ID=my_third_dagV5
AIRFLOW_CTX_TASK_ID=fo
AIRFLOW_CTX_EXECUTION_DATE=2023-05-17T13:41:55.850556+00:00
AIRFLOW_CTX_TRY_NUMBER=1
AIRFLOW_CTX_DAG_RUN_ID=manual__2023-05-17T13:41:55.850556+00:00
[2023-05-17T13:42:12.931+0000] {warnings.py:110} WARNING - /home/***/.local/lib/python3.7/site-packages/pyspark/context.py:317: FutureWarning: Python 3.7 support is deprecated in Spark 3.4.
  warnings.warn("Python 3.7 support is deprecated in Spark 3.4.", FutureWarning)

[2023-05-17T13:42:13.187+0000] {logging_mixin.py:137} INFO - Hello
[2023-05-17T13:42:13.187+0000] {logging_mixin.py:137} INFO - <pyspark.sql.session.SparkSession object at 0x7fd6b7114910>
[2023-05-17T13:42:13.187+0000] {logging_mixin.py:137} INFO - Bye
[2023-05-17T13:42:18.821+0000] {logging_mixin.py:137} INFO - 0
[2023-05-17T13:42:23.774+0000] {taskinstance.py:1768} ERROR - Task failed with exception
Traceback (most recent call last):
  File "/home/airflow/.local/lib/python3.7/site-packages/airflow/operators/python.py", line 175, in execute
    return_value = self.execute_callable()
  File "/home/airflow/.local/lib/python3.7/site-packages/airflow/operators/python.py", line 192, in execute_callable
    return self.python_callable(*self.op_args, **self.op_kwargs)
  File "/opt/airflow/dags/dag3.py", line 280, in foo1
    optimization_reinforced_learning(df_binary, h_vec)
  File "/opt/airflow/dags/dag3.py", line 178, in optimization_reinforced_learning
    print(typeof(df_binary))
NameError: name 'typeof' is not defined
[2023-05-17T13:42:23.854+0000] {taskinstance.py:1323} INFO - Marking task as FAILED. dag_id=my_third_dagV5, task_id=fo, execution_date=20230517T134155, start_date=20230517T134156, end_date=20230517T134223
[2023-05-17T13:42:24.134+0000] {standard_task_runner.py:105} ERROR - Failed to execute job 165 for task fo (name 'typeof' is not defined; 5734)
[2023-05-17T13:42:24.183+0000] {local_task_job.py:208} INFO - Task exited with return code 1
[2023-05-17T13:42:24.212+0000] {taskinstance.py:2578} INFO - 0 downstream tasks scheduled from follow-on schedule check
