[2023-05-16T12:54:36.510+0000] {taskinstance.py:1083} INFO - Dependencies all met for <TaskInstance: my_third_dagV4.fo manual__2023-05-16T12:54:35.558175+00:00 [queued]>
[2023-05-16T12:54:36.558+0000] {taskinstance.py:1083} INFO - Dependencies all met for <TaskInstance: my_third_dagV4.fo manual__2023-05-16T12:54:35.558175+00:00 [queued]>
[2023-05-16T12:54:36.558+0000] {taskinstance.py:1279} INFO - 
--------------------------------------------------------------------------------
[2023-05-16T12:54:36.558+0000] {taskinstance.py:1280} INFO - Starting attempt 1 of 1
[2023-05-16T12:54:36.558+0000] {taskinstance.py:1281} INFO - 
--------------------------------------------------------------------------------
[2023-05-16T12:54:36.585+0000] {taskinstance.py:1300} INFO - Executing <Task(PythonOperator): fo> on 2023-05-16 12:54:35.558175+00:00
[2023-05-16T12:54:36.592+0000] {standard_task_runner.py:55} INFO - Started process 12551 to run task
[2023-05-16T12:54:36.599+0000] {standard_task_runner.py:82} INFO - Running: ['***', 'tasks', 'run', 'my_third_dagV4', 'fo', 'manual__2023-05-16T12:54:35.558175+00:00', '--job-id', '148', '--raw', '--subdir', 'DAGS_FOLDER/dag3.py', '--cfg-path', '/tmp/tmpio7nm8hp']
[2023-05-16T12:54:36.600+0000] {standard_task_runner.py:83} INFO - Job 148: Subtask fo
[2023-05-16T12:54:36.737+0000] {task_command.py:388} INFO - Running <TaskInstance: my_third_dagV4.fo manual__2023-05-16T12:54:35.558175+00:00 [running]> on host d1c47018cb38
[2023-05-16T12:54:36.844+0000] {taskinstance.py:1509} INFO - Exporting the following env vars:
AIRFLOW_CTX_DAG_OWNER=***
AIRFLOW_CTX_DAG_ID=my_third_dagV4
AIRFLOW_CTX_TASK_ID=fo
AIRFLOW_CTX_EXECUTION_DATE=2023-05-16T12:54:35.558175+00:00
AIRFLOW_CTX_TRY_NUMBER=1
AIRFLOW_CTX_DAG_RUN_ID=manual__2023-05-16T12:54:35.558175+00:00
[2023-05-16T12:54:55.570+0000] {logging_mixin.py:137} INFO - Hello
[2023-05-16T12:54:55.570+0000] {logging_mixin.py:137} INFO - <pyspark.sql.session.SparkSession object at 0x7fcf2a4f2e10>
[2023-05-16T12:54:55.570+0000] {logging_mixin.py:137} INFO - Bye
[2023-05-16T12:54:56.383+0000] {taskinstance.py:1768} ERROR - Task failed with exception
Traceback (most recent call last):
  File "/home/airflow/.local/lib/python3.7/site-packages/airflow/operators/python.py", line 175, in execute
    return_value = self.execute_callable()
  File "/home/airflow/.local/lib/python3.7/site-packages/airflow/operators/python.py", line 192, in execute_callable
    return self.python_callable(*self.op_args, **self.op_kwargs)
  File "/opt/airflow/dags/dag3.py", line 87, in foo1
    '''.format(date_start, date_finish)) \
NameError: name 'date_start' is not defined
[2023-05-16T12:54:56.393+0000] {taskinstance.py:1323} INFO - Marking task as FAILED. dag_id=my_third_dagV4, task_id=fo, execution_date=20230516T125435, start_date=20230516T125436, end_date=20230516T125456
[2023-05-16T12:54:56.409+0000] {standard_task_runner.py:105} ERROR - Failed to execute job 148 for task fo (name 'date_start' is not defined; 12551)
[2023-05-16T12:54:56.493+0000] {local_task_job.py:208} INFO - Task exited with return code 1
[2023-05-16T12:54:56.507+0000] {taskinstance.py:2578} INFO - 0 downstream tasks scheduled from follow-on schedule check
