[2023-01-27T12:35:33.830+0000] {taskinstance.py:1083} INFO - Dependencies all met for <TaskInstance: my_first_dag.get_new_data scheduled__2023-01-15T00:00:00+00:00 [queued]>
[2023-01-27T12:35:33.987+0000] {taskinstance.py:1083} INFO - Dependencies all met for <TaskInstance: my_first_dag.get_new_data scheduled__2023-01-15T00:00:00+00:00 [queued]>
[2023-01-27T12:35:33.987+0000] {taskinstance.py:1279} INFO - 
--------------------------------------------------------------------------------
[2023-01-27T12:35:33.987+0000] {taskinstance.py:1280} INFO - Starting attempt 1 of 1
[2023-01-27T12:35:33.987+0000] {taskinstance.py:1281} INFO - 
--------------------------------------------------------------------------------
[2023-01-27T12:35:34.067+0000] {taskinstance.py:1300} INFO - Executing <Task(PythonOperator): get_new_data> on 2023-01-15 00:00:00+00:00
[2023-01-27T12:35:34.071+0000] {standard_task_runner.py:55} INFO - Started process 14634 to run task
[2023-01-27T12:35:34.074+0000] {standard_task_runner.py:82} INFO - Running: ['***', 'tasks', 'run', 'my_first_dag', 'get_new_data', 'scheduled__2023-01-15T00:00:00+00:00', '--job-id', '9', '--raw', '--subdir', 'DAGS_FOLDER/dag1.py', '--cfg-path', '/tmp/tmp03w960mx']
[2023-01-27T12:35:34.075+0000] {standard_task_runner.py:83} INFO - Job 9: Subtask get_new_data
[2023-01-27T12:35:34.232+0000] {task_command.py:388} INFO - Running <TaskInstance: my_first_dag.get_new_data scheduled__2023-01-15T00:00:00+00:00 [running]> on host e75f8974d7c5
[2023-01-27T12:35:34.536+0000] {taskinstance.py:1509} INFO - Exporting the following env vars:
AIRFLOW_CTX_DAG_OWNER=***
AIRFLOW_CTX_DAG_ID=my_first_dag
AIRFLOW_CTX_TASK_ID=get_new_data
AIRFLOW_CTX_EXECUTION_DATE=2023-01-15T00:00:00+00:00
AIRFLOW_CTX_TRY_NUMBER=1
AIRFLOW_CTX_DAG_RUN_ID=scheduled__2023-01-15T00:00:00+00:00
[2023-01-27T12:35:34.537+0000] {python.py:177} INFO - Done. Returned value was: 2
[2023-01-27T12:35:34.649+0000] {taskinstance.py:1323} INFO - Marking task as SUCCESS. dag_id=my_first_dag, task_id=get_new_data, execution_date=20230115T000000, start_date=20230127T123533, end_date=20230127T123534
[2023-01-27T12:35:34.764+0000] {local_task_job.py:208} INFO - Task exited with return code 0
[2023-01-27T12:35:34.890+0000] {taskinstance.py:2578} INFO - 1 downstream tasks scheduled from follow-on schedule check
