[2023-01-31T09:26:24.757+0000] {taskinstance.py:1083} INFO - Dependencies all met for <TaskInstance: my_third_dagV1.fo manual__2023-01-31T09:26:23.672010+00:00 [queued]>
[2023-01-31T09:26:24.769+0000] {taskinstance.py:1083} INFO - Dependencies all met for <TaskInstance: my_third_dagV1.fo manual__2023-01-31T09:26:23.672010+00:00 [queued]>
[2023-01-31T09:26:24.770+0000] {taskinstance.py:1279} INFO - 
--------------------------------------------------------------------------------
[2023-01-31T09:26:24.770+0000] {taskinstance.py:1280} INFO - Starting attempt 1 of 1
[2023-01-31T09:26:24.770+0000] {taskinstance.py:1281} INFO - 
--------------------------------------------------------------------------------
[2023-01-31T09:26:24.787+0000] {taskinstance.py:1300} INFO - Executing <Task(PythonOperator): fo> on 2023-01-31 09:26:23.672010+00:00
[2023-01-31T09:26:24.798+0000] {standard_task_runner.py:82} INFO - Running: ['***', 'tasks', 'run', 'my_third_dagV1', 'fo', 'manual__2023-01-31T09:26:23.672010+00:00', '--job-id', '22', '--raw', '--subdir', 'DAGS_FOLDER/dag3.py', '--cfg-path', '/tmp/tmprqd8_0lb']
[2023-01-31T09:26:24.794+0000] {standard_task_runner.py:55} INFO - Started process 2457 to run task
[2023-01-31T09:26:24.800+0000] {standard_task_runner.py:83} INFO - Job 22: Subtask fo
[2023-01-31T09:26:24.941+0000] {task_command.py:388} INFO - Running <TaskInstance: my_third_dagV1.fo manual__2023-01-31T09:26:23.672010+00:00 [running]> on host ab5131891604
[2023-01-31T09:26:25.066+0000] {taskinstance.py:1509} INFO - Exporting the following env vars:
AIRFLOW_CTX_DAG_OWNER=***
AIRFLOW_CTX_DAG_ID=my_third_dagV1
AIRFLOW_CTX_TASK_ID=fo
AIRFLOW_CTX_EXECUTION_DATE=2023-01-31T09:26:23.672010+00:00
AIRFLOW_CTX_TRY_NUMBER=1
AIRFLOW_CTX_DAG_RUN_ID=manual__2023-01-31T09:26:23.672010+00:00
[2023-01-31T09:26:29.767+0000] {taskinstance.py:1768} ERROR - Task failed with exception
Traceback (most recent call last):
  File "/home/airflow/.local/lib/python3.7/site-packages/airflow/operators/python.py", line 175, in execute
    return_value = self.execute_callable()
  File "/home/airflow/.local/lib/python3.7/site-packages/airflow/operators/python.py", line 192, in execute_callable
    return self.python_callable(*self.op_args, **self.op_kwargs)
  File "/opt/airflow/dags/dag3.py", line 21, in foo1
    import matplotlib.pyplot as plt
ModuleNotFoundError: No module named 'matplotlib'
[2023-01-31T09:26:29.812+0000] {taskinstance.py:1323} INFO - Marking task as FAILED. dag_id=my_third_dagV1, task_id=fo, execution_date=20230131T092623, start_date=20230131T092624, end_date=20230131T092629
[2023-01-31T09:26:29.833+0000] {standard_task_runner.py:105} ERROR - Failed to execute job 22 for task fo (No module named 'matplotlib'; 2457)
[2023-01-31T09:26:29.865+0000] {local_task_job.py:208} INFO - Task exited with return code 1
[2023-01-31T09:26:29.935+0000] {taskinstance.py:2578} INFO - 0 downstream tasks scheduled from follow-on schedule check
