[2023-01-27T12:35:21.481+0000] {taskinstance.py:1083} INFO - Dependencies all met for <TaskInstance: my_first_dag.hello manual__2023-01-27T12:35:09.874087+00:00 [queued]>
[2023-01-27T12:35:21.577+0000] {taskinstance.py:1083} INFO - Dependencies all met for <TaskInstance: my_first_dag.hello manual__2023-01-27T12:35:09.874087+00:00 [queued]>
[2023-01-27T12:35:21.577+0000] {taskinstance.py:1279} INFO - 
--------------------------------------------------------------------------------
[2023-01-27T12:35:21.578+0000] {taskinstance.py:1280} INFO - Starting attempt 1 of 1
[2023-01-27T12:35:21.578+0000] {taskinstance.py:1281} INFO - 
--------------------------------------------------------------------------------
[2023-01-27T12:35:21.599+0000] {taskinstance.py:1300} INFO - Executing <Task(BashOperator): hello> on 2023-01-27 12:35:09.874087+00:00
[2023-01-27T12:35:21.603+0000] {standard_task_runner.py:55} INFO - Started process 14612 to run task
[2023-01-27T12:35:21.607+0000] {standard_task_runner.py:82} INFO - Running: ['***', 'tasks', 'run', 'my_first_dag', 'hello', 'manual__2023-01-27T12:35:09.874087+00:00', '--job-id', '7', '--raw', '--subdir', 'DAGS_FOLDER/dag1.py', '--cfg-path', '/tmp/tmpj97vpv2d']
[2023-01-27T12:35:21.608+0000] {standard_task_runner.py:83} INFO - Job 7: Subtask hello
[2023-01-27T12:35:21.681+0000] {task_command.py:388} INFO - Running <TaskInstance: my_first_dag.hello manual__2023-01-27T12:35:09.874087+00:00 [running]> on host e75f8974d7c5
[2023-01-27T12:35:22.137+0000] {taskinstance.py:1509} INFO - Exporting the following env vars:
AIRFLOW_CTX_DAG_OWNER=***
AIRFLOW_CTX_DAG_ID=my_first_dag
AIRFLOW_CTX_TASK_ID=hello
AIRFLOW_CTX_EXECUTION_DATE=2023-01-27T12:35:09.874087+00:00
AIRFLOW_CTX_TRY_NUMBER=1
AIRFLOW_CTX_DAG_RUN_ID=manual__2023-01-27T12:35:09.874087+00:00
[2023-01-27T12:35:22.139+0000] {subprocess.py:63} INFO - Tmp dir root location: 
 /tmp
[2023-01-27T12:35:22.147+0000] {subprocess.py:75} INFO - Running command: ['/bin/bash', '-c', 'echo hello']
[2023-01-27T12:35:22.346+0000] {subprocess.py:86} INFO - Output:
[2023-01-27T12:35:22.487+0000] {subprocess.py:93} INFO - hello
[2023-01-27T12:35:22.487+0000] {subprocess.py:97} INFO - Command exited with return code 0
[2023-01-27T12:35:22.555+0000] {taskinstance.py:1323} INFO - Marking task as SUCCESS. dag_id=my_first_dag, task_id=hello, execution_date=20230127T123509, start_date=20230127T123521, end_date=20230127T123522
[2023-01-27T12:35:22.592+0000] {local_task_job.py:208} INFO - Task exited with return code 0
[2023-01-27T12:35:22.610+0000] {taskinstance.py:2578} INFO - 0 downstream tasks scheduled from follow-on schedule check
