[2023-05-16T14:03:29.241+0000] {taskinstance.py:1083} INFO - Dependencies all met for <TaskInstance: my_third_dagV4.fo manual__2023-05-16T14:03:27.530210+00:00 [queued]>
[2023-05-16T14:03:29.250+0000] {taskinstance.py:1083} INFO - Dependencies all met for <TaskInstance: my_third_dagV4.fo manual__2023-05-16T14:03:27.530210+00:00 [queued]>
[2023-05-16T14:03:29.250+0000] {taskinstance.py:1279} INFO - 
--------------------------------------------------------------------------------
[2023-05-16T14:03:29.250+0000] {taskinstance.py:1280} INFO - Starting attempt 1 of 1
[2023-05-16T14:03:29.251+0000] {taskinstance.py:1281} INFO - 
--------------------------------------------------------------------------------
[2023-05-16T14:03:29.264+0000] {taskinstance.py:1300} INFO - Executing <Task(PythonOperator): fo> on 2023-05-16 14:03:27.530210+00:00
[2023-05-16T14:03:29.270+0000] {standard_task_runner.py:55} INFO - Started process 17598 to run task
[2023-05-16T14:03:29.276+0000] {standard_task_runner.py:82} INFO - Running: ['***', 'tasks', 'run', 'my_third_dagV4', 'fo', 'manual__2023-05-16T14:03:27.530210+00:00', '--job-id', '152', '--raw', '--subdir', 'DAGS_FOLDER/dag3.py', '--cfg-path', '/tmp/tmppky7te_e']
[2023-05-16T14:03:29.277+0000] {standard_task_runner.py:83} INFO - Job 152: Subtask fo
[2023-05-16T14:03:29.435+0000] {task_command.py:388} INFO - Running <TaskInstance: my_third_dagV4.fo manual__2023-05-16T14:03:27.530210+00:00 [running]> on host d1c47018cb38
[2023-05-16T14:03:29.517+0000] {taskinstance.py:1509} INFO - Exporting the following env vars:
AIRFLOW_CTX_DAG_OWNER=***
AIRFLOW_CTX_DAG_ID=my_third_dagV4
AIRFLOW_CTX_TASK_ID=fo
AIRFLOW_CTX_EXECUTION_DATE=2023-05-16T14:03:27.530210+00:00
AIRFLOW_CTX_TRY_NUMBER=1
AIRFLOW_CTX_DAG_RUN_ID=manual__2023-05-16T14:03:27.530210+00:00
[2023-05-16T14:03:46.712+0000] {logging_mixin.py:137} INFO - Hello
[2023-05-16T14:03:46.713+0000] {logging_mixin.py:137} INFO - <pyspark.sql.session.SparkSession object at 0x7fcf2a4f3110>
[2023-05-16T14:03:46.713+0000] {logging_mixin.py:137} INFO - Bye
[2023-05-16T14:04:04.387+0000] {logging_mixin.py:137} INFO - +-----+----------+-------+--------------+---------+-----------------+----------+------------------------+------------------+------------+
|ph_id|      date|  price|sales_qty_base|sales_qty|store_location_id|product_id|store_location_geo_clust|product_cluster_id|product_name|
+-----+----------+-------+--------------+---------+-----------------+----------+------------------------+------------------+------------+
|  424|2022-04-05| 2690.0|           1.0|        1|              225|       424|                      21|              2571|      260564|
|  188|2022-03-25| 1360.0|          0.25|        1|             5602|       188|                      43|              5515|       31996|
|  200|2022-04-01| 1040.0|           1.0|        1|              140|       200|                      92|              5515|      233718|
|  232|2022-03-20|  212.0|           1.0|        1|              228|       232|                      22|              5513|      179553|
|  238|2022-03-13| 1040.0|           0.2|        1|            12301|       238|                      25|              5515|      233718|
|  239|2022-03-19|  212.0|           2.0|        2|            12403|       239|                      25|              5513|      179553|
|  242|2022-03-14|  212.0|           1.0|        1|               29|       242|                      21|              5513|      179553|
|  265|2022-04-06|  920.0|           2.0|        2|             3003|       265|                      87|              5515|      233718|
|  272|2022-04-02| 1040.0|           0.2|        1|             4502|       272|                      16|              5515|      233718|
|  296|2022-04-06| 1360.0|           1.0|        1|              129|       296|                      13|              5515|       31996|
|  311|2022-03-29| 6990.0|           1.0|        1|               38|       311|                      46|              2517|     8800109|
|  314|2022-03-24| 6990.0|           1.0|        1|              145|       314|                      93|              2497|     8700124|
|  334|2022-03-18|13500.0|           1.0|        1|              124|       334|                       5|              2516|     8800202|
|  358|2022-03-19| 2990.0|           1.0|        1|            21301|       358|                      77|              2518|     8800110|
|  365|2022-04-11| 4390.0|           1.0|        1|              147|       365|                      36|              8719|     8700126|
| 1132|2022-03-17| 6498.0|           1.0|        1|            21804|      1132|                     120|              7135|       78354|
| 1154|2022-04-11|   51.0|           2.0|        2|               22|      1154|                       6|              2717|        5413|
| 1210|2022-03-16|  123.0|           1.0|        1|              158|      1210|                      59|              2716|      105508|
| 1234|2022-03-24|   54.0|           1.0|        1|               55|      1234|                      55|              2717|        5413|
| 2187|2022-04-02|  474.0|           1.0|        1|              146|      2187|                      33|             10530|     8600659|
+-----+----------+-------+--------------+---------+-----------------+----------+------------------------+------------------+------------+
only showing top 20 rows
[2023-05-16T14:04:04.387+0000] {python.py:177} INFO - Done. Returned value was: 2
[2023-05-16T14:04:04.476+0000] {taskinstance.py:1323} INFO - Marking task as SUCCESS. dag_id=my_third_dagV4, task_id=fo, execution_date=20230516T140327, start_date=20230516T140329, end_date=20230516T140404
[2023-05-16T14:04:04.531+0000] {local_task_job.py:208} INFO - Task exited with return code 0
[2023-05-16T14:04:04.565+0000] {taskinstance.py:2578} INFO - 0 downstream tasks scheduled from follow-on schedule check
