[2023-02-09T20:46:31.581+0000] {taskinstance.py:1083} INFO - Dependencies all met for <TaskInstance: my_second_dagV6.calculate_optimal_prices manual__2023-02-09T20:43:59.366928+00:00 [queued]>
[2023-02-09T20:46:31.592+0000] {taskinstance.py:1083} INFO - Dependencies all met for <TaskInstance: my_second_dagV6.calculate_optimal_prices manual__2023-02-09T20:43:59.366928+00:00 [queued]>
[2023-02-09T20:46:31.592+0000] {taskinstance.py:1279} INFO - 
--------------------------------------------------------------------------------
[2023-02-09T20:46:31.592+0000] {taskinstance.py:1280} INFO - Starting attempt 3 of 3
[2023-02-09T20:46:31.592+0000] {taskinstance.py:1281} INFO - 
--------------------------------------------------------------------------------
[2023-02-09T20:46:31.607+0000] {taskinstance.py:1300} INFO - Executing <Task(PythonOperator): calculate_optimal_prices> on 2023-02-09 20:43:59.366928+00:00
[2023-02-09T20:46:31.611+0000] {standard_task_runner.py:55} INFO - Started process 20246 to run task
[2023-02-09T20:46:31.615+0000] {standard_task_runner.py:82} INFO - Running: ['***', 'tasks', 'run', 'my_second_dagV6', 'calculate_optimal_prices', 'manual__2023-02-09T20:43:59.366928+00:00', '--job-id', '46', '--raw', '--subdir', 'DAGS_FOLDER/dag2.py', '--cfg-path', '/tmp/tmpn7hyz60r']
[2023-02-09T20:46:31.616+0000] {standard_task_runner.py:83} INFO - Job 46: Subtask calculate_optimal_prices
[2023-02-09T20:46:31.694+0000] {task_command.py:388} INFO - Running <TaskInstance: my_second_dagV6.calculate_optimal_prices manual__2023-02-09T20:43:59.366928+00:00 [running]> on host 47e55e08a495
[2023-02-09T20:46:31.768+0000] {taskinstance.py:1509} INFO - Exporting the following env vars:
AIRFLOW_CTX_DAG_OWNER=***
AIRFLOW_CTX_DAG_ID=my_second_dagV6
AIRFLOW_CTX_TASK_ID=calculate_optimal_prices
AIRFLOW_CTX_EXECUTION_DATE=2023-02-09T20:43:59.366928+00:00
AIRFLOW_CTX_TRY_NUMBER=3
AIRFLOW_CTX_DAG_RUN_ID=manual__2023-02-09T20:43:59.366928+00:00
[2023-02-09T20:46:31.768+0000] {python.py:177} INFO - Done. Returned value was: dag is dag not a dag22
[2023-02-09T20:46:31.801+0000] {taskinstance.py:1323} INFO - Marking task as SUCCESS. dag_id=my_second_dagV6, task_id=calculate_optimal_prices, execution_date=20230209T204359, start_date=20230209T204631, end_date=20230209T204631
[2023-02-09T20:46:31.827+0000] {local_task_job.py:208} INFO - Task exited with return code 0
[2023-02-09T20:46:31.850+0000] {taskinstance.py:2578} INFO - 1 downstream tasks scheduled from follow-on schedule check
